#
# There is insufficient memory for the Java Runtime Environment to continue.
# Native memory allocation (malloc) failed to allocate 986736 bytes. Error detail: Chunk::new
# Possible reasons:
#   The system is out of physical RAM or swap space
#   This process is running with CompressedOops enabled, and the Java Heap may be blocking the growth of the native heap
# Possible solutions:
#   Reduce memory load on the system
#   Increase physical memory or swap space
#   Check if swap backing store is full
#   Decrease Java heap size (-Xmx/-Xms)
#   Decrease number of Java threads
#   Decrease Java thread stack sizes (-Xss)
#   Set larger code cache with -XX:ReservedCodeCacheSize=
#   JVM is running with Unscaled Compressed Oops mode in which the Java heap is
#     placed in the first 4GB address space. The Java Heap base address is the
#     maximum limit for the native heap growth. Please use -XX:HeapBaseMinAddress
#     to set the Java Heap base and to place the Java Heap above 4GB virtual address.
# This output file may be truncated or incomplete.
#
#  Out of Memory Error (arena.cpp:168), pid=24892, tid=21788
#
# JRE version: OpenJDK Runtime Environment Temurin-21.0.8+9 (21.0.8+9) (build 21.0.8+9-LTS)
# Java VM: OpenJDK 64-Bit Server VM Temurin-21.0.8+9 (21.0.8+9-LTS, mixed mode, sharing, tiered, compressed oops, compressed class ptrs, parallel gc, windows-amd64)
# No core dump will be written. Minidumps are not enabled by default on client versions of Windows
#

---------------  S U M M A R Y ------------

Command Line: --add-modules=ALL-SYSTEM --add-opens=java.base/java.util=ALL-UNNAMED --add-opens=java.base/java.lang=ALL-UNNAMED --add-opens=java.base/sun.nio.fs=ALL-UNNAMED -Declipse.application=org.eclipse.jdt.ls.core.id1 -Dosgi.bundles.defaultStartLevel=4 -Declipse.product=org.eclipse.jdt.ls.core.product -Djava.import.generatesMetadataFilesAtProjectRoot=false -DDetectVMInstallationsJob.disabled=true -Dfile.encoding=utf8 -XX:+UseParallelGC -XX:GCTimeRatio=4 -XX:AdaptiveSizePolicyWeight=90 -Dsun.zip.disableMemoryMapping=true -Xmx2G -Xms100m -Xlog:disable -javaagent:c:\Users\Denis\.cursor\extensions\redhat.java-1.44.0-win32-x64\lombok\lombok-1.18.39-4050.jar -XX:+HeapDumpOnOutOfMemoryError -XX:HeapDumpPath=c:\Users\Denis\AppData\Roaming\Cursor\User\workspaceStorage\eac8c8f2a15cc92b421c1f9780fee2c9\redhat.java -Daether.dependencyCollector.impl=bf c:\Users\Denis\.cursor\extensions\redhat.java-1.44.0-win32-x64\server\plugins\org.eclipse.equinox.launcher_1.7.0.v20250519-0528.jar -configuration c:\Users\Denis\AppData\Roaming\Cursor\User\globalStorage\redhat.java\1.44.0\config_win -data c:\Users\Denis\AppData\Roaming\Cursor\User\workspaceStorage\eac8c8f2a15cc92b421c1f9780fee2c9\redhat.java\jdt_ws --pipe=\\.\pipe\lsp-f9529d463a65115452e52af70d999475-sock

Host: 12th Gen Intel(R) Core(TM) i7-1255U, 12 cores, 15G,  Windows 11 , 64 bit Build 26100 (10.0.26100.5074)
Time: Mon Sep  1 23:37:57 2025 South Africa Standard Time elapsed time: 43.403183 seconds (0d 0h 0m 43s)

---------------  T H R E A D  ---------------

Current thread (0x00000277471da090):  JavaThread "C2 CompilerThread1" daemon [_thread_in_native, id=21788, stack(0x0000007988000000,0x0000007988100000) (1024K)]


Current CompileTask:
C2:43403 18729       4       org.eclipse.jdt.internal.compiler.parser.Scanner::internalScanIdentifierOrKeyword (5041 bytes)

Stack: [0x0000007988000000,0x0000007988100000]
Native frames: (J=compiled Java code, j=interpreted, Vv=VM code, C=native code)
V  [jvm.dll+0x6d2449]
V  [jvm.dll+0x8ae341]
V  [jvm.dll+0x8b08be]
V  [jvm.dll+0x8b0fa3]
V  [jvm.dll+0x280c96]
V  [jvm.dll+0xc581d]
V  [jvm.dll+0xc5d53]
V  [jvm.dll+0x3b9162]
V  [jvm.dll+0x385315]
V  [jvm.dll+0x38477a]
V  [jvm.dll+0x248ed0]
V  [jvm.dll+0x2484af]
V  [jvm.dll+0x1c89ee]
V  [jvm.dll+0x257d4d]
V  [jvm.dll+0x2562ea]
V  [jvm.dll+0x3f2d16]
V  [jvm.dll+0x857e6b]
V  [jvm.dll+0x6d0b0d]
C  [ucrtbase.dll+0x37b0]
C  [KERNEL32.DLL+0x2e8d7]
C  [ntdll.dll+0x8d9c]


---------------  P R O C E S S  ---------------

Threads class SMR info:
_java_thread_list=0x0000027748a1daf0, length=82, elements={
0x0000027763133190, 0x00000277631ddab0, 0x00000277631de8c0, 0x0000027779bb8600,
0x000002777af346a0, 0x000002777af33980, 0x000002777af34010, 0x000002777af38840,
0x000002777af39e40, 0x000002777af32c60, 0x000002777af34d30, 0x000002777af332f0,
0x000002777af353c0, 0x000002777af325d0, 0x0000027745560570, 0x000002774555f850,
0x000002774555f1c0, 0x000002774555eb30, 0x0000027745561290, 0x000002774555e4a0,
0x000002774555fee0, 0x00000277454ac960, 0x00000277454aaf20, 0x00000277454ab5b0,
0x00000277454ac2d0, 0x00000277454abc40, 0x00000277454aa200, 0x00000277454aa890,
0x00000277454af0c0, 0x00000277454afde0, 0x00000277454ad680, 0x00000277454b0470,
0x00000277454aea30, 0x00000277454acff0, 0x00000277454add10, 0x00000277454b0b00,
0x00000277454af750, 0x00000277454b1190, 0x00000277454b1820, 0x00000277454ae3a0,
0x0000027748615510, 0x0000027748614160, 0x00000277486147f0, 0x0000027748614e80,
0x0000027747e0dc60, 0x0000027747e0c8b0, 0x0000027747e0cf40, 0x0000027747e0a7e0,
0x0000027747e0e2f0, 0x0000027747e0d5d0, 0x0000027747e0ae70, 0x0000027747e0e980,
0x0000027747e0b500, 0x0000027747e0f010, 0x0000027747e0bb90, 0x0000027747e0f6a0,
0x0000027747e0c220, 0x0000027747e0fd30, 0x0000027747e11e00, 0x0000027747e103c0,
0x0000027747e10a50, 0x0000027747e110e0, 0x0000027747e11770, 0x0000027753f076a0,
0x0000027753f090e0, 0x0000027753f0b840, 0x0000027753f083c0, 0x0000027753f0d280,
0x0000027753f0dfa0, 0x0000027753f0c560, 0x0000027753f0d910, 0x0000027753f0e630,
0x0000027753f0cbf0, 0x0000027753f0bed0, 0x0000027745560c00, 0x00000277466d3c10,
0x00000277466d6a00, 0x00000277466d4930, 0x00000277466d9160, 0x00000277471da090,
0x000002774905b3d0, 0x0000027748615ba0
}

Java Threads: ( => current thread )
  0x0000027763133190 JavaThread "main"                              [_thread_blocked, id=37368, stack(0x0000007987300000,0x0000007987400000) (1024K)]
  0x00000277631ddab0 JavaThread "Reference Handler"          daemon [_thread_blocked, id=29028, stack(0x0000007987700000,0x0000007987800000) (1024K)]
  0x00000277631de8c0 JavaThread "Finalizer"                  daemon [_thread_blocked, id=10084, stack(0x0000007987800000,0x0000007987900000) (1024K)]
  0x0000027779bb8600 JavaThread "Signal Dispatcher"          daemon [_thread_blocked, id=36544, stack(0x0000007987900000,0x0000007987a00000) (1024K)]
  0x000002777af346a0 JavaThread "Attach Listener"            daemon [_thread_blocked, id=37776, stack(0x0000007987a00000,0x0000007987b00000) (1024K)]
  0x000002777af33980 JavaThread "Service Thread"             daemon [_thread_blocked, id=15712, stack(0x0000007987b00000,0x0000007987c00000) (1024K)]
  0x000002777af34010 JavaThread "Monitor Deflation Thread"   daemon [_thread_blocked, id=35024, stack(0x0000007987c00000,0x0000007987d00000) (1024K)]
  0x000002777af38840 JavaThread "C2 CompilerThread0"         daemon [_thread_in_native, id=7088, stack(0x0000007987d00000,0x0000007987e00000) (1024K)]
  0x000002777af39e40 JavaThread "C1 CompilerThread0"         daemon [_thread_in_vm, id=30084, stack(0x0000007987e00000,0x0000007987f00000) (1024K)]
  0x000002777af32c60 JavaThread "Common-Cleaner"             daemon [_thread_blocked, id=36488, stack(0x0000007987f00000,0x0000007988000000) (1024K)]
  0x000002777af34d30 JavaThread "Notification Thread"        daemon [_thread_blocked, id=37444, stack(0x0000007988100000,0x0000007988200000) (1024K)]
  0x000002777af332f0 JavaThread "Active Thread: Equinox Container: 6e06339b-b8a5-46fa-a0bf-9041f3fb46d1"        [_thread_blocked, id=36696, stack(0x0000007988900000,0x0000007988a00000) (1024K)]
  0x000002777af353c0 JavaThread "Refresh Thread: Equinox Container: 6e06339b-b8a5-46fa-a0bf-9041f3fb46d1" daemon [_thread_blocked, id=30520, stack(0x0000007988b00000,0x0000007988c00000) (1024K)]
  0x000002777af325d0 JavaThread "Framework Event Dispatcher: Equinox Container: 6e06339b-b8a5-46fa-a0bf-9041f3fb46d1" daemon [_thread_blocked, id=31548, stack(0x0000007988c00000,0x0000007988d00000) (1024K)]
  0x0000027745560570 JavaThread "Start Level: Equinox Container: 6e06339b-b8a5-46fa-a0bf-9041f3fb46d1" daemon [_thread_blocked, id=37736, stack(0x0000007988200000,0x0000007988300000) (1024K)]
  0x000002774555f850 JavaThread "Bundle File Closer"         daemon [_thread_blocked, id=27028, stack(0x0000007989000000,0x0000007989100000) (1024K)]
  0x000002774555f1c0 JavaThread "SCR Component Actor"        daemon [_thread_blocked, id=35488, stack(0x0000007989100000,0x0000007989200000) (1024K)]
  0x000002774555eb30 JavaThread "Worker-JM"                         [_thread_blocked, id=27148, stack(0x0000007988d00000,0x0000007988e00000) (1024K)]
  0x0000027745561290 JavaThread "JNA Cleaner"                daemon [_thread_blocked, id=23676, stack(0x0000007989300000,0x0000007989400000) (1024K)]
  0x000002774555e4a0 JavaThread "Worker-0: Building"                [_thread_in_Java, id=9624, stack(0x0000007989400000,0x0000007989500000) (1024K)]
  0x000002774555fee0 JavaThread "Worker-1"                          [_thread_blocked, id=16564, stack(0x0000007989500000,0x0000007989600000) (1024K)]
  0x00000277454ac960 JavaThread "Worker-2"                          [_thread_blocked, id=9496, stack(0x0000007989600000,0x0000007989700000) (1024K)]
  0x00000277454aaf20 JavaThread "Java indexing"              daemon [_thread_blocked, id=18192, stack(0x0000007989700000,0x0000007989800000) (1024K)]
  0x00000277454ab5b0 JavaThread "Worker-3"                          [_thread_blocked, id=27876, stack(0x0000007989b00000,0x0000007989c00000) (1024K)]
  0x00000277454ac2d0 JavaThread "Worker-4: Initialize workspace"        [_thread_in_native, id=21820, stack(0x0000007989c00000,0x0000007989d00000) (1024K)]
  0x00000277454abc40 JavaThread "Thread-2"                   daemon [_thread_in_native, id=10432, stack(0x0000007989d00000,0x0000007989e00000) (1024K)]
  0x00000277454aa200 JavaThread "Thread-3"                   daemon [_thread_in_native, id=24068, stack(0x0000007989e00000,0x0000007989f00000) (1024K)]
  0x00000277454aa890 JavaThread "Thread-4"                   daemon [_thread_in_native, id=32888, stack(0x0000007989f00000,0x000000798a000000) (1024K)]
  0x00000277454af0c0 JavaThread "Thread-5"                   daemon [_thread_in_native, id=3892, stack(0x000000798a000000,0x000000798a100000) (1024K)]
  0x00000277454afde0 JavaThread "Thread-6"                   daemon [_thread_in_native, id=24232, stack(0x000000798a100000,0x000000798a200000) (1024K)]
  0x00000277454ad680 JavaThread "Thread-7"                   daemon [_thread_in_native, id=16888, stack(0x000000798a200000,0x000000798a300000) (1024K)]
  0x00000277454b0470 JavaThread "Thread-8"                   daemon [_thread_in_native, id=26696, stack(0x000000798a300000,0x000000798a400000) (1024K)]
  0x00000277454aea30 JavaThread "Thread-9"                   daemon [_thread_in_native, id=35108, stack(0x000000798a400000,0x000000798a500000) (1024K)]
  0x00000277454acff0 JavaThread "Thread-10"                  daemon [_thread_in_native, id=19860, stack(0x000000798a500000,0x000000798a600000) (1024K)]
  0x00000277454add10 JavaThread "Thread-11"                  daemon [_thread_in_native, id=34788, stack(0x000000798a600000,0x000000798a700000) (1024K)]
  0x00000277454b0b00 JavaThread "Thread-12"                  daemon [_thread_in_native, id=34920, stack(0x000000798a700000,0x000000798a800000) (1024K)]
  0x00000277454af750 JavaThread "Thread-13"                  daemon [_thread_in_native, id=15056, stack(0x000000798a800000,0x000000798a900000) (1024K)]
  0x00000277454b1190 JavaThread "Thread-14"                  daemon [_thread_in_native, id=35988, stack(0x000000798a900000,0x000000798aa00000) (1024K)]
  0x00000277454b1820 JavaThread "pool-2-thread-1"                   [_thread_blocked, id=34520, stack(0x000000798aa00000,0x000000798ab00000) (1024K)]
  0x00000277454ae3a0 JavaThread "WorkspaceEventsHandler"            [_thread_blocked, id=32508, stack(0x000000798ab00000,0x000000798ac00000) (1024K)]
  0x0000027748615510 JavaThread "pool-1-thread-1"                   [_thread_in_Java, id=27004, stack(0x000000798ac00000,0x000000798ad00000) (1024K)]
  0x0000027748614160 JavaThread "Worker-5"                          [_thread_blocked, id=18340, stack(0x000000798ad00000,0x000000798ae00000) (1024K)]
  0x00000277486147f0 JavaThread "LocalFile Deleter"          daemon [_thread_blocked, id=36360, stack(0x000000798ae00000,0x000000798af00000) (1024K)]
  0x0000027748614e80 JavaThread "LocalFile Deleter"          daemon [_thread_blocked, id=24252, stack(0x000000798af00000,0x000000798b000000) (1024K)]
  0x0000027747e0dc60 JavaThread "LocalFile Deleter"          daemon [_thread_blocked, id=32652, stack(0x000000798b000000,0x000000798b100000) (1024K)]
  0x0000027747e0c8b0 JavaThread "LocalFile Deleter"          daemon [_thread_blocked, id=28664, stack(0x000000798b100000,0x000000798b200000) (1024K)]
  0x0000027747e0cf40 JavaThread "LocalFile Deleter"          daemon [_thread_blocked, id=3756, stack(0x000000798b200000,0x000000798b300000) (1024K)]
  0x0000027747e0a7e0 JavaThread "LocalFile Deleter"          daemon [_thread_blocked, id=29856, stack(0x000000798b300000,0x000000798b400000) (1024K)]
  0x0000027747e0e2f0 JavaThread "LocalFile Deleter"          daemon [_thread_blocked, id=30876, stack(0x000000798b400000,0x000000798b500000) (1024K)]
  0x0000027747e0d5d0 JavaThread "LocalFile Deleter"          daemon [_thread_blocked, id=30648, stack(0x000000798b500000,0x000000798b600000) (1024K)]
  0x0000027747e0ae70 JavaThread "LocalFile Deleter"          daemon [_thread_blocked, id=23104, stack(0x000000798b600000,0x000000798b700000) (1024K)]
  0x0000027747e0e980 JavaThread "LocalFile Deleter"          daemon [_thread_blocked, id=27868, stack(0x000000798b700000,0x000000798b800000) (1024K)]
  0x0000027747e0b500 JavaThread "LocalFile Deleter"          daemon [_thread_blocked, id=35904, stack(0x000000798b800000,0x000000798b900000) (1024K)]
  0x0000027747e0f010 JavaThread "LocalFile Deleter"          daemon [_thread_blocked, id=12696, stack(0x000000798b900000,0x000000798ba00000) (1024K)]
  0x0000027747e0bb90 JavaThread "Compiler Source File Reader" daemon [_thread_blocked, id=11156, stack(0x000000798ba00000,0x000000798bb00000) (1024K)]
  0x0000027747e0f6a0 JavaThread "Compiler Source File Reader" daemon [_thread_blocked, id=29420, stack(0x000000798bb00000,0x000000798bc00000) (1024K)]
  0x0000027747e0c220 JavaThread "Compiler Source File Reader" daemon [_thread_blocked, id=33776, stack(0x000000798bc00000,0x000000798bd00000) (1024K)]
  0x0000027747e0fd30 JavaThread "Compiler Source File Reader" daemon [_thread_blocked, id=33656, stack(0x000000798bd00000,0x000000798be00000) (1024K)]
  0x0000027747e11e00 JavaThread "Compiler Source File Reader" daemon [_thread_blocked, id=20932, stack(0x000000798be00000,0x000000798bf00000) (1024K)]
  0x0000027747e103c0 JavaThread "Compiler Source File Reader" daemon [_thread_blocked, id=4552, stack(0x000000798bf00000,0x000000798c000000) (1024K)]
  0x0000027747e10a50 JavaThread "Compiler Source File Reader" daemon [_thread_blocked, id=22656, stack(0x000000798c000000,0x000000798c100000) (1024K)]
  0x0000027747e110e0 JavaThread "Compiler Source File Reader" daemon [_thread_blocked, id=32128, stack(0x000000798c100000,0x000000798c200000) (1024K)]
  0x0000027747e11770 JavaThread "Compiler Source File Reader" daemon [_thread_blocked, id=30740, stack(0x000000798c200000,0x000000798c300000) (1024K)]
  0x0000027753f076a0 JavaThread "Compiler Source File Reader" daemon [_thread_blocked, id=37860, stack(0x000000798c300000,0x000000798c400000) (1024K)]
  0x0000027753f090e0 JavaThread "Compiler Processing Task"   daemon [_thread_blocked, id=8572, stack(0x0000007989200000,0x0000007989300000) (1024K)]
  0x0000027753f0b840 JavaThread "Compiler Class File Writer" daemon [_thread_blocked, id=36760, stack(0x000000798c400000,0x000000798c500000) (1024K)]
  0x0000027753f083c0 JavaThread "Compiler Class File Writer" daemon [_thread_blocked, id=23804, stack(0x000000798c500000,0x000000798c600000) (1024K)]
  0x0000027753f0d280 JavaThread "Compiler Class File Writer" daemon [_thread_blocked, id=27292, stack(0x000000798c600000,0x000000798c700000) (1024K)]
  0x0000027753f0dfa0 JavaThread "Compiler Class File Writer" daemon [_thread_blocked, id=34104, stack(0x000000798c700000,0x000000798c800000) (1024K)]
  0x0000027753f0c560 JavaThread "Compiler Class File Writer" daemon [_thread_blocked, id=34552, stack(0x000000798c800000,0x000000798c900000) (1024K)]
  0x0000027753f0d910 JavaThread "Compiler Class File Writer" daemon [_thread_blocked, id=21944, stack(0x000000798c900000,0x000000798ca00000) (1024K)]
  0x0000027753f0e630 JavaThread "Compiler Class File Writer" daemon [_thread_blocked, id=3080, stack(0x000000798ca00000,0x000000798cb00000) (1024K)]
  0x0000027753f0cbf0 JavaThread "Compiler Class File Writer" daemon [_thread_blocked, id=35396, stack(0x000000798cb00000,0x000000798cc00000) (1024K)]
  0x0000027753f0bed0 JavaThread "Compiler Class File Writer" daemon [_thread_blocked, id=15724, stack(0x000000798cc00000,0x000000798cd00000) (1024K)]
  0x0000027745560c00 JavaThread "Compiler Class File Writer" daemon [_thread_blocked, id=35424, stack(0x000000798cd00000,0x000000798ce00000) (1024K)]
  0x00000277466d3c10 JavaThread "ForkJoinPool.commonPool-worker-1" daemon [_thread_blocked, id=15464, stack(0x000000798ce00000,0x000000798cf00000) (1024K)]
  0x00000277466d6a00 JavaThread "ForkJoinPool.commonPool-worker-2" daemon [_thread_blocked, id=12980, stack(0x000000798cf00000,0x000000798d000000) (1024K)]
  0x00000277466d4930 JavaThread "ForkJoinPool.commonPool-worker-3" daemon [_thread_blocked, id=18580, stack(0x000000798d000000,0x000000798d100000) (1024K)]
  0x00000277466d9160 JavaThread "ForkJoinPool.commonPool-worker-4" daemon [_thread_blocked, id=16860, stack(0x000000798d100000,0x000000798d200000) (1024K)]
=>0x00000277471da090 JavaThread "C2 CompilerThread1"         daemon [_thread_in_native, id=21788, stack(0x0000007988000000,0x0000007988100000) (1024K)]
  0x000002774905b3d0 JavaThread "C2 CompilerThread2"         daemon [_thread_in_native, id=3484, stack(0x0000007989800000,0x0000007989900000) (1024K)]
  0x0000027748615ba0 JavaThread "SCR Component Registry"     daemon [_thread_blocked, id=37232, stack(0x000000798d200000,0x000000798d300000) (1024K)]
Total: 82

Other Threads:
  0x00000277631c6fe0 VMThread "VM Thread"                           [id=28364, stack(0x0000007987600000,0x0000007987700000) (1024K)]
  0x0000027779a9ba00 WatcherThread "VM Periodic Task Thread"        [id=34872, stack(0x0000007987500000,0x0000007987600000) (1024K)]
  0x0000027763143ed0 WorkerThread "GC Thread#0"                     [id=36732, stack(0x0000007987400000,0x0000007987500000) (1024K)]
  0x000002774544e6e0 WorkerThread "GC Thread#1"                     [id=33312, stack(0x0000007988300000,0x0000007988400000) (1024K)]
  0x000002774544ea80 WorkerThread "GC Thread#2"                     [id=37316, stack(0x0000007988400000,0x0000007988500000) (1024K)]
  0x0000027745592c40 WorkerThread "GC Thread#3"                     [id=36728, stack(0x0000007988500000,0x0000007988600000) (1024K)]
  0x0000027745592fe0 WorkerThread "GC Thread#4"                     [id=37580, stack(0x0000007988600000,0x0000007988700000) (1024K)]
  0x00000277458f55f0 WorkerThread "GC Thread#5"                     [id=31984, stack(0x0000007988700000,0x0000007988800000) (1024K)]
  0x00000277458f5990 WorkerThread "GC Thread#6"                     [id=32316, stack(0x0000007988800000,0x0000007988900000) (1024K)]
  0x00000277457b20f0 WorkerThread "GC Thread#7"                     [id=23024, stack(0x0000007988a00000,0x0000007988b00000) (1024K)]
  0x0000027745ab8ec0 WorkerThread "GC Thread#8"                     [id=26476, stack(0x0000007988e00000,0x0000007988f00000) (1024K)]
  0x0000027745ab79e0 WorkerThread "GC Thread#9"                     [id=36884, stack(0x0000007988f00000,0x0000007989000000) (1024K)]
Total: 12

Threads with active compile tasks:
C2 CompilerThread0  43465 18769   !   4       org.eclipse.jdt.internal.core.ClassFile::existsUsingJarTypeCache (165 bytes)
C1 CompilerThread0  43465 18789       3       sun.util.calendar.BaseCalendar::getFixedDate (324 bytes)
C2 CompilerThread1  43465 18729       4       org.eclipse.jdt.internal.compiler.parser.Scanner::internalScanIdentifierOrKeyword (5041 bytes)
C2 CompilerThread2  43465 18717  s    4       org.eclipse.jdt.internal.core.JavaModelManager::putInfos (192 bytes)
Total: 4

VM state: not at safepoint (normal execution)

VM Mutex/Monitor currently owned by a thread:  ([mutex/lock_event])
[0x00007ffaac2a3fd8] MethodCompileQueue_lock - owner thread: 0x0000000000000000

Heap address: 0x0000000080000000, size: 2048 MB, Compressed Oops mode: 32-bit

CDS archive(s) mapped at: [0x0000027700000000-0x0000027700ba0000-0x0000027700ba0000), size 12189696, SharedBaseAddress: 0x0000027700000000, ArchiveRelocationMode: 1.
Compressed class space mapped at: 0x0000027701000000-0x0000027741000000, reserved size: 1073741824
Narrow klass base: 0x0000027700000000, Narrow klass shift: 0, Narrow klass range: 0x100000000

GC Precious Log:
 CardTable entry size: 512
 CPUs: 12 total, 12 available
 Memory: 16108M
 Large Page Support: Disabled
 NUMA Support: Disabled
 Compressed Oops: Enabled (32-bit)
 Alignments: Space 512K, Generation 512K, Heap 2M
 Heap Min Capacity: 100M
 Heap Initial Capacity: 100M
 Heap Max Capacity: 2G
 Pre-touch: Disabled
 Parallel Workers: 10

Heap:
 PSYoungGen      total 5632K, used 1536K [0x00000000d5580000, 0x00000000d5c00000, 0x0000000100000000)
  eden space 5120K, 21% used [0x00000000d5580000,0x00000000d5691970,0x00000000d5a80000)
  from space 512K, 86% used [0x00000000d5b00000,0x00000000d5b6e900,0x00000000d5b80000)
  to   space 512K, 0% used [0x00000000d5b80000,0x00000000d5b80000,0x00000000d5c00000)
 ParOldGen       total 827904K, used 297903K [0x0000000080000000, 0x00000000b2880000, 0x00000000d5580000)
  object space 827904K, 35% used [0x0000000080000000,0x00000000922ebec0,0x00000000b2880000)
 Metaspace       used 72064K, committed 73664K, reserved 1179648K
  class space    used 7210K, committed 7936K, reserved 1048576K

Card table byte_map: [0x0000027762ad0000,0x0000027762ee0000] _byte_map_base: 0x00000277626d0000

Marking Bits: (ParMarkBitMap*) 0x00007ffaac2aa340
 Begin Bits: [0x00000277755c0000, 0x00000277775c0000)
 End Bits:   [0x00000277775c0000, 0x00000277795c0000)

Polling page: 0x0000027760f80000

Metaspace:

Usage:
  Non-class:     63.33 MB used.
      Class:      7.04 MB used.
       Both:     70.38 MB used.

Virtual space:
  Non-class space:      128.00 MB reserved,      64.19 MB ( 50%) committed,  2 nodes.
      Class space:        1.00 GB reserved,       7.75 MB ( <1%) committed,  1 nodes.
             Both:        1.12 GB reserved,      71.94 MB (  6%) committed. 

Chunk freelists:
   Non-Class:  15.12 MB
       Class:  8.22 MB
        Both:  23.35 MB

MaxMetaspaceSize: unlimited
CompressedClassSpaceSize: 1.00 GB
Initial GC threshold: 21.00 MB
Current GC threshold: 117.50 MB
CDS: on
 - commit_granule_bytes: 65536.
 - commit_granule_words: 8192.
 - virtual_space_node_default_size: 8388608.
 - enlarge_chunks_in_place: 1.
 - use_allocation_guard: 0.


Internal statistics:

num_allocs_failed_limit: 9.
num_arena_births: 1476.
num_arena_deaths: 20.
num_vsnodes_births: 3.
num_vsnodes_deaths: 0.
num_space_committed: 1151.
num_space_uncommitted: 0.
num_chunks_returned_to_freelist: 32.
num_chunks_taken_from_freelist: 5136.
num_chunk_merges: 11.
num_chunk_splits: 3044.
num_chunks_enlarged: 1596.
num_inconsistent_stats: 0.

CodeHeap 'non-profiled nmethods': size=120000Kb used=14015Kb max_used=14015Kb free=105984Kb
 bounds [0x000002776dde0000, 0x000002776eb90000, 0x0000027775310000]
CodeHeap 'profiled nmethods': size=120000Kb used=39293Kb max_used=41484Kb free=80706Kb
 bounds [0x0000027766310000, 0x0000027768ba0000, 0x000002776d840000]
CodeHeap 'non-nmethods': size=5760Kb used=1458Kb max_used=1537Kb free=4302Kb
 bounds [0x000002776d840000, 0x000002776dab0000, 0x000002776dde0000]
CodeCache: size=245760Kb, used=54766Kb, max_used=57036Kb, free=190992Kb
 total_blobs=17127, nmethods=16351, adapters=678, full_count=0
Compilation: enabled, stopped_count=0, restarted_count=0

Compilation events (20 events):
Event: 41.359 Thread 0x000002777af39e40 nmethod 18730 0x0000027766f07e90 code [0x0000027766f08280, 0x0000027766f0a298]
Event: 41.359 Thread 0x000002777af39e40 18731       3       org.eclipse.core.internal.preferences.PreferencesService::getRegistryKey (26 bytes)
Event: 41.360 Thread 0x000002777af38840 nmethod 18732 0x000002776eb89a90 code [0x000002776eb89c40, 0x000002776eb89e70]
Event: 41.360 Thread 0x000002777af38840 18735       4       com.google.gson.stream.JsonReader::nextQuotedValue (294 bytes)
Event: 41.360 Thread 0x000002777af39e40 nmethod 18731 0x000002776758cf10 code [0x000002776758d300, 0x000002776758f138]
Event: 41.364 Thread 0x000002777af39e40 18736       3       org.eclipse.jdt.core.JavaConventions::validateCompilationUnitName (157 bytes)
Event: 41.365 Thread 0x000002777af39e40 nmethod 18736 0x000002776753da10 code [0x000002776753ddc0, 0x000002776753f008]
Event: 41.369 Thread 0x000002777af39e40 18739       3       org.eclipse.core.internal.content.ContentTypeCatalog::findFirstContentTypeFor (64 bytes)
Event: 41.371 Thread 0x000002777af39e40 nmethod 18739 0x00000277664fe590 code [0x00000277664fe7c0, 0x00000277664feea0]
Event: 41.371 Thread 0x000002777af39e40 18740   !   3       org.codehaus.plexus.DefaultPlexusContainer::locate (162 bytes)
Event: 41.373 Thread 0x000002777af39e40 nmethod 18740 0x00000277672ec110 code [0x00000277672ec460, 0x00000277672ed840]
Event: 41.382 Thread 0x000002777af39e40 18743   !   3       sun.nio.ch.PendingFuture::prepareForWait (43 bytes)
Event: 41.382 Thread 0x000002777af39e40 nmethod 18743 0x00000277664fdb10 code [0x00000277664fdd00, 0x00000277664fe340]
Event: 41.390 Thread 0x000002777af39e40 18745       3       org.eclipse.jdt.internal.core.NamedMember::getTypeQualifiedName (271 bytes)
Event: 41.392 Thread 0x000002777af39e40 nmethod 18745 0x00000277670e8f10 code [0x00000277670e9340, 0x00000277670eb1e0]
Event: 41.392 Thread 0x000002777af39e40 18746       3       org.eclipse.jdt.internal.core.JavaModelOperation::getCurrentOperationStack (31 bytes)
Event: 41.394 Thread 0x000002777af39e40 nmethod 18746 0x0000027766ff1390 code [0x0000027766ff15c0, 0x0000027766ff1ee8]
Event: 41.395 Thread 0x000002777af39e40 18748       3       org.eclipse.jdt.internal.core.JavaElementDelta::changed (22 bytes)
Event: 41.395 Thread 0x000002777af39e40 nmethod 18748 0x000002776749cb90 code [0x000002776749cd80, 0x000002776749d208]
Event: 41.398 Thread 0x000002777af39e40 18749       3       org.eclipse.jdt.internal.core.JavaElementDelta::getAncestors (60 bytes)

GC Heap History (20 events):
Event: 41.167 GC heap before
{Heap before GC invocations=1134 (full 4):
 PSYoungGen      total 6144K, used 5728K [0x00000000d5580000, 0x00000000d5d00000, 0x0000000100000000)
  eden space 5120K, 100% used [0x00000000d5580000,0x00000000d5a80000,0x00000000d5a80000)
  from space 1024K, 59% used [0x00000000d5b00000,0x00000000d5b98000,0x00000000d5c00000)
  to   space 1024K, 0% used [0x00000000d5c00000,0x00000000d5c00000,0x00000000d5d00000)
 ParOldGen       total 827904K, used 293912K [0x0000000080000000, 0x00000000b2880000, 0x00000000d5580000)
  object space 827904K, 35% used [0x0000000080000000,0x0000000091f063b8,0x00000000b2880000)
 Metaspace       used 71922K, committed 73472K, reserved 1179648K
  class space    used 7204K, committed 7936K, reserved 1048576K
}
Event: 41.169 GC heap after
{Heap after GC invocations=1134 (full 4):
 PSYoungGen      total 6144K, used 700K [0x00000000d5580000, 0x00000000d5d00000, 0x0000000100000000)
  eden space 5120K, 0% used [0x00000000d5580000,0x00000000d5580000,0x00000000d5a80000)
  from space 1024K, 68% used [0x00000000d5c00000,0x00000000d5caf258,0x00000000d5d00000)
  to   space 1024K, 0% used [0x00000000d5b00000,0x00000000d5b00000,0x00000000d5c00000)
 ParOldGen       total 827904K, used 294360K [0x0000000080000000, 0x00000000b2880000, 0x00000000d5580000)
  object space 827904K, 35% used [0x0000000080000000,0x0000000091f763d8,0x00000000b2880000)
 Metaspace       used 71922K, committed 73472K, reserved 1179648K
  class space    used 7204K, committed 7936K, reserved 1048576K
}
Event: 41.178 GC heap before
{Heap before GC invocations=1135 (full 4):
 PSYoungGen      total 6144K, used 5820K [0x00000000d5580000, 0x00000000d5d00000, 0x0000000100000000)
  eden space 5120K, 100% used [0x00000000d5580000,0x00000000d5a80000,0x00000000d5a80000)
  from space 1024K, 68% used [0x00000000d5c00000,0x00000000d5caf258,0x00000000d5d00000)
  to   space 1024K, 0% used [0x00000000d5b00000,0x00000000d5b00000,0x00000000d5c00000)
 ParOldGen       total 827904K, used 294364K [0x0000000080000000, 0x00000000b2880000, 0x00000000d5580000)
  object space 827904K, 35% used [0x0000000080000000,0x0000000091f77018,0x00000000b2880000)
 Metaspace       used 71936K, committed 73472K, reserved 1179648K
  class space    used 7205K, committed 7936K, reserved 1048576K
}
Event: 41.180 GC heap after
{Heap after GC invocations=1135 (full 4):
 PSYoungGen      total 6144K, used 923K [0x00000000d5580000, 0x00000000d5c80000, 0x0000000100000000)
  eden space 5120K, 0% used [0x00000000d5580000,0x00000000d5580000,0x00000000d5a80000)
  from space 1024K, 90% used [0x00000000d5b00000,0x00000000d5be6d58,0x00000000d5c00000)
  to   space 512K, 0% used [0x00000000d5c00000,0x00000000d5c00000,0x00000000d5c80000)
 ParOldGen       total 827904K, used 294660K [0x0000000080000000, 0x00000000b2880000, 0x00000000d5580000)
  object space 827904K, 35% used [0x0000000080000000,0x0000000091fc1018,0x00000000b2880000)
 Metaspace       used 71936K, committed 73472K, reserved 1179648K
  class space    used 7205K, committed 7936K, reserved 1048576K
}
Event: 41.189 GC heap before
{Heap before GC invocations=1136 (full 4):
 PSYoungGen      total 6144K, used 6043K [0x00000000d5580000, 0x00000000d5c80000, 0x0000000100000000)
  eden space 5120K, 100% used [0x00000000d5580000,0x00000000d5a80000,0x00000000d5a80000)
  from space 1024K, 90% used [0x00000000d5b00000,0x00000000d5be6d58,0x00000000d5c00000)
  to   space 512K, 0% used [0x00000000d5c00000,0x00000000d5c00000,0x00000000d5c80000)
 ParOldGen       total 827904K, used 294660K [0x0000000080000000, 0x00000000b2880000, 0x00000000d5580000)
  object space 827904K, 35% used [0x0000000080000000,0x0000000091fc1018,0x00000000b2880000)
 Metaspace       used 71946K, committed 73536K, reserved 1179648K
  class space    used 7205K, committed 7936K, reserved 1048576K
}
Event: 41.192 GC heap after
{Heap after GC invocations=1136 (full 4):
 PSYoungGen      total 5632K, used 448K [0x00000000d5580000, 0x00000000d5c80000, 0x0000000100000000)
  eden space 5120K, 0% used [0x00000000d5580000,0x00000000d5580000,0x00000000d5a80000)
  from space 512K, 87% used [0x00000000d5c00000,0x00000000d5c70020,0x00000000d5c80000)
  to   space 1024K, 0% used [0x00000000d5a80000,0x00000000d5a80000,0x00000000d5b80000)
 ParOldGen       total 827904K, used 295431K [0x0000000080000000, 0x00000000b2880000, 0x00000000d5580000)
  object space 827904K, 35% used [0x0000000080000000,0x0000000092081d70,0x00000000b2880000)
 Metaspace       used 71946K, committed 73536K, reserved 1179648K
  class space    used 7205K, committed 7936K, reserved 1048576K
}
Event: 41.209 GC heap before
{Heap before GC invocations=1137 (full 4):
 PSYoungGen      total 5632K, used 5224K [0x00000000d5580000, 0x00000000d5c80000, 0x0000000100000000)
  eden space 5120K, 93% used [0x00000000d5580000,0x00000000d5a2a320,0x00000000d5a80000)
  from space 512K, 87% used [0x00000000d5c00000,0x00000000d5c70020,0x00000000d5c80000)
  to   space 1024K, 0% used [0x00000000d5a80000,0x00000000d5a80000,0x00000000d5b80000)
 ParOldGen       total 827904K, used 295431K [0x0000000080000000, 0x00000000b2880000, 0x00000000d5580000)
  object space 827904K, 35% used [0x0000000080000000,0x0000000092081d70,0x00000000b2880000)
 Metaspace       used 71959K, committed 73536K, reserved 1179648K
  class space    used 7206K, committed 7936K, reserved 1048576K
}
Event: 41.210 GC heap after
{Heap after GC invocations=1137 (full 4):
 PSYoungGen      total 6144K, used 832K [0x00000000d5580000, 0x00000000d5c80000, 0x0000000100000000)
  eden space 5120K, 0% used [0x00000000d5580000,0x00000000d5580000,0x00000000d5a80000)
  from space 1024K, 81% used [0x00000000d5a80000,0x00000000d5b50020,0x00000000d5b80000)
  to   space 1024K, 0% used [0x00000000d5b80000,0x00000000d5b80000,0x00000000d5c80000)
 ParOldGen       total 827904K, used 295742K [0x0000000080000000, 0x00000000b2880000, 0x00000000d5580000)
  object space 827904K, 35% used [0x0000000080000000,0x00000000920cf8d8,0x00000000b2880000)
 Metaspace       used 71959K, committed 73536K, reserved 1179648K
  class space    used 7206K, committed 7936K, reserved 1048576K
}
Event: 41.222 GC heap before
{Heap before GC invocations=1138 (full 4):
 PSYoungGen      total 6144K, used 5952K [0x00000000d5580000, 0x00000000d5c80000, 0x0000000100000000)
  eden space 5120K, 100% used [0x00000000d5580000,0x00000000d5a80000,0x00000000d5a80000)
  from space 1024K, 81% used [0x00000000d5a80000,0x00000000d5b50020,0x00000000d5b80000)
  to   space 1024K, 0% used [0x00000000d5b80000,0x00000000d5b80000,0x00000000d5c80000)
 ParOldGen       total 827904K, used 295742K [0x0000000080000000, 0x00000000b2880000, 0x00000000d5580000)
  object space 827904K, 35% used [0x0000000080000000,0x00000000920cf8d8,0x00000000b2880000)
 Metaspace       used 71963K, committed 73536K, reserved 1179648K
  class space    used 7206K, committed 7936K, reserved 1048576K
}
Event: 41.223 GC heap after
{Heap after GC invocations=1138 (full 4):
 PSYoungGen      total 6144K, used 671K [0x00000000d5580000, 0x00000000d5c80000, 0x0000000100000000)
  eden space 5120K, 0% used [0x00000000d5580000,0x00000000d5580000,0x00000000d5a80000)
  from space 1024K, 65% used [0x00000000d5b80000,0x00000000d5c27e50,0x00000000d5c80000)
  to   space 1024K, 0% used [0x00000000d5a80000,0x00000000d5a80000,0x00000000d5b80000)
 ParOldGen       total 827904K, used 296422K [0x0000000080000000, 0x00000000b2880000, 0x00000000d5580000)
  object space 827904K, 35% used [0x0000000080000000,0x0000000092179918,0x00000000b2880000)
 Metaspace       used 71963K, committed 73536K, reserved 1179648K
  class space    used 7206K, committed 7936K, reserved 1048576K
}
Event: 41.248 GC heap before
{Heap before GC invocations=1139 (full 4):
 PSYoungGen      total 6144K, used 5791K [0x00000000d5580000, 0x00000000d5c80000, 0x0000000100000000)
  eden space 5120K, 100% used [0x00000000d5580000,0x00000000d5a80000,0x00000000d5a80000)
  from space 1024K, 65% used [0x00000000d5b80000,0x00000000d5c27e50,0x00000000d5c80000)
  to   space 1024K, 0% used [0x00000000d5a80000,0x00000000d5a80000,0x00000000d5b80000)
 ParOldGen       total 827904K, used 296422K [0x0000000080000000, 0x00000000b2880000, 0x00000000d5580000)
  object space 827904K, 35% used [0x0000000080000000,0x0000000092179918,0x00000000b2880000)
 Metaspace       used 71966K, committed 73536K, reserved 1179648K
  class space    used 7206K, committed 7936K, reserved 1048576K
}
Event: 41.249 GC heap after
{Heap after GC invocations=1139 (full 4):
 PSYoungGen      total 6144K, used 608K [0x00000000d5580000, 0x00000000d5c80000, 0x0000000100000000)
  eden space 5120K, 0% used [0x00000000d5580000,0x00000000d5580000,0x00000000d5a80000)
  from space 1024K, 59% used [0x00000000d5a80000,0x00000000d5b18000,0x00000000d5b80000)
  to   space 1024K, 0% used [0x00000000d5b80000,0x00000000d5b80000,0x00000000d5c80000)
 ParOldGen       total 827904K, used 296972K [0x0000000080000000, 0x00000000b2880000, 0x00000000d5580000)
  object space 827904K, 35% used [0x0000000080000000,0x00000000922030e8,0x00000000b2880000)
 Metaspace       used 71966K, committed 73536K, reserved 1179648K
  class space    used 7206K, committed 7936K, reserved 1048576K
}
Event: 41.317 GC heap before
{Heap before GC invocations=1140 (full 4):
 PSYoungGen      total 6144K, used 5728K [0x00000000d5580000, 0x00000000d5c80000, 0x0000000100000000)
  eden space 5120K, 100% used [0x00000000d5580000,0x00000000d5a80000,0x00000000d5a80000)
  from space 1024K, 59% used [0x00000000d5a80000,0x00000000d5b18000,0x00000000d5b80000)
  to   space 1024K, 0% used [0x00000000d5b80000,0x00000000d5b80000,0x00000000d5c80000)
 ParOldGen       total 827904K, used 296972K [0x0000000080000000, 0x00000000b2880000, 0x00000000d5580000)
  object space 827904K, 35% used [0x0000000080000000,0x00000000922030e8,0x00000000b2880000)
 Metaspace       used 71988K, committed 73536K, reserved 1179648K
  class space    used 7206K, committed 7936K, reserved 1048576K
}
Event: 41.319 GC heap after
{Heap after GC invocations=1140 (full 4):
 PSYoungGen      total 6144K, used 563K [0x00000000d5580000, 0x00000000d5c80000, 0x0000000100000000)
  eden space 5120K, 0% used [0x00000000d5580000,0x00000000d5580000,0x00000000d5a80000)
  from space 1024K, 54% used [0x00000000d5b80000,0x00000000d5c0cc30,0x00000000d5c80000)
  to   space 1024K, 0% used [0x00000000d5a80000,0x00000000d5a80000,0x00000000d5b80000)
 ParOldGen       total 827904K, used 297433K [0x0000000080000000, 0x00000000b2880000, 0x00000000d5580000)
  object space 827904K, 35% used [0x0000000080000000,0x0000000092276508,0x00000000b2880000)
 Metaspace       used 71988K, committed 73536K, reserved 1179648K
  class space    used 7206K, committed 7936K, reserved 1048576K
}
Event: 41.342 GC heap before
{Heap before GC invocations=1141 (full 4):
 PSYoungGen      total 6144K, used 5683K [0x00000000d5580000, 0x00000000d5c80000, 0x0000000100000000)
  eden space 5120K, 100% used [0x00000000d5580000,0x00000000d5a80000,0x00000000d5a80000)
  from space 1024K, 54% used [0x00000000d5b80000,0x00000000d5c0cc30,0x00000000d5c80000)
  to   space 1024K, 0% used [0x00000000d5a80000,0x00000000d5a80000,0x00000000d5b80000)
 ParOldGen       total 827904K, used 297433K [0x0000000080000000, 0x00000000b2880000, 0x00000000d5580000)
  object space 827904K, 35% used [0x0000000080000000,0x0000000092276508,0x00000000b2880000)
 Metaspace       used 71997K, committed 73600K, reserved 1179648K
  class space    used 7206K, committed 7936K, reserved 1048576K
}
Event: 41.344 GC heap after
{Heap after GC invocations=1141 (full 4):
 PSYoungGen      total 6144K, used 288K [0x00000000d5580000, 0x00000000d5c00000, 0x0000000100000000)
  eden space 5120K, 0% used [0x00000000d5580000,0x00000000d5580000,0x00000000d5a80000)
  from space 1024K, 28% used [0x00000000d5a80000,0x00000000d5ac8000,0x00000000d5b80000)
  to   space 512K, 0% used [0x00000000d5b80000,0x00000000d5b80000,0x00000000d5c00000)
 ParOldGen       total 827904K, used 297671K [0x0000000080000000, 0x00000000b2880000, 0x00000000d5580000)
  object space 827904K, 35% used [0x0000000080000000,0x00000000922b1ec0,0x00000000b2880000)
 Metaspace       used 71997K, committed 73600K, reserved 1179648K
  class space    used 7206K, committed 7936K, reserved 1048576K
}
Event: 41.374 GC heap before
{Heap before GC invocations=1142 (full 4):
 PSYoungGen      total 6144K, used 5408K [0x00000000d5580000, 0x00000000d5c00000, 0x0000000100000000)
  eden space 5120K, 100% used [0x00000000d5580000,0x00000000d5a80000,0x00000000d5a80000)
  from space 1024K, 28% used [0x00000000d5a80000,0x00000000d5ac8000,0x00000000d5b80000)
  to   space 512K, 0% used [0x00000000d5b80000,0x00000000d5b80000,0x00000000d5c00000)
 ParOldGen       total 827904K, used 297671K [0x0000000080000000, 0x00000000b2880000, 0x00000000d5580000)
  object space 827904K, 35% used [0x0000000080000000,0x00000000922b1ec0,0x00000000b2880000)
 Metaspace       used 72009K, committed 73600K, reserved 1179648K
  class space    used 7206K, committed 7936K, reserved 1048576K
}
Event: 41.376 GC heap after
{Heap after GC invocations=1142 (full 4):
 PSYoungGen      total 5632K, used 288K [0x00000000d5580000, 0x00000000d5c00000, 0x0000000100000000)
  eden space 5120K, 0% used [0x00000000d5580000,0x00000000d5580000,0x00000000d5a80000)
  from space 512K, 56% used [0x00000000d5b80000,0x00000000d5bc8000,0x00000000d5c00000)
  to   space 512K, 0% used [0x00000000d5b00000,0x00000000d5b00000,0x00000000d5b80000)
 ParOldGen       total 827904K, used 297727K [0x0000000080000000, 0x00000000b2880000, 0x00000000d5580000)
  object space 827904K, 35% used [0x0000000080000000,0x00000000922bfec0,0x00000000b2880000)
 Metaspace       used 72009K, committed 73600K, reserved 1179648K
  class space    used 7206K, committed 7936K, reserved 1048576K
}
Event: 41.401 GC heap before
{Heap before GC invocations=1143 (full 4):
 PSYoungGen      total 5632K, used 5408K [0x00000000d5580000, 0x00000000d5c00000, 0x0000000100000000)
  eden space 5120K, 100% used [0x00000000d5580000,0x00000000d5a80000,0x00000000d5a80000)
  from space 512K, 56% used [0x00000000d5b80000,0x00000000d5bc8000,0x00000000d5c00000)
  to   space 512K, 0% used [0x00000000d5b00000,0x00000000d5b00000,0x00000000d5b80000)
 ParOldGen       total 827904K, used 297727K [0x0000000080000000, 0x00000000b2880000, 0x00000000d5580000)
  object space 827904K, 35% used [0x0000000080000000,0x00000000922bfec0,0x00000000b2880000)
 Metaspace       used 72015K, committed 73600K, reserved 1179648K
  class space    used 7206K, committed 7936K, reserved 1048576K
}
Event: 41.402 GC heap after
{Heap after GC invocations=1143 (full 4):
 PSYoungGen      total 5632K, used 352K [0x00000000d5580000, 0x00000000d5c00000, 0x0000000100000000)
  eden space 5120K, 0% used [0x00000000d5580000,0x00000000d5580000,0x00000000d5a80000)
  from space 512K, 68% used [0x00000000d5b00000,0x00000000d5b58000,0x00000000d5b80000)
  to   space 512K, 0% used [0x00000000d5b80000,0x00000000d5b80000,0x00000000d5c00000)
 ParOldGen       total 827904K, used 297783K [0x0000000080000000, 0x00000000b2880000, 0x00000000d5580000)
  object space 827904K, 35% used [0x0000000080000000,0x00000000922cdec0,0x00000000b2880000)
 Metaspace       used 72015K, committed 73600K, reserved 1179648K
  class space    used 7206K, committed 7936K, reserved 1048576K
}

Dll operation events (10 events):
Event: 0.018 Loaded shared library c:\Users\Denis\.cursor\extensions\redhat.java-1.44.0-win32-x64\jre\21.0.8-win32-x86_64\bin\java.dll
Event: 0.130 Loaded shared library c:\Users\Denis\.cursor\extensions\redhat.java-1.44.0-win32-x64\jre\21.0.8-win32-x86_64\bin\zip.dll
Event: 0.149 Loaded shared library C:\Users\Denis\.cursor\extensions\redhat.java-1.44.0-win32-x64\jre\21.0.8-win32-x86_64\bin\instrument.dll
Event: 0.154 Loaded shared library C:\Users\Denis\.cursor\extensions\redhat.java-1.44.0-win32-x64\jre\21.0.8-win32-x86_64\bin\net.dll
Event: 0.158 Loaded shared library C:\Users\Denis\.cursor\extensions\redhat.java-1.44.0-win32-x64\jre\21.0.8-win32-x86_64\bin\nio.dll
Event: 0.162 Loaded shared library C:\Users\Denis\.cursor\extensions\redhat.java-1.44.0-win32-x64\jre\21.0.8-win32-x86_64\bin\zip.dll
Event: 0.181 Loaded shared library C:\Users\Denis\.cursor\extensions\redhat.java-1.44.0-win32-x64\jre\21.0.8-win32-x86_64\bin\jimage.dll
Event: 0.265 Loaded shared library c:\Users\Denis\.cursor\extensions\redhat.java-1.44.0-win32-x64\jre\21.0.8-win32-x86_64\bin\verify.dll
Event: 2.047 Loaded shared library C:\Users\Denis\AppData\Roaming\Cursor\User\globalStorage\redhat.java\1.44.0\config_win\org.eclipse.equinox.launcher\org.eclipse.equinox.launcher.win32.win32.x86_64_1.2.1400.v20250730-1736\eclipse_11913.dll
Event: 4.885 Loaded shared library C:\Users\Denis\AppData\Local\Temp\jna-65917399\jna3306494596037964362.dll

Deoptimization events (20 events):
Event: 41.258 Thread 0x00000277454aaf20 DEOPT PACKING pc=0x000002776eaeb794 sp=0x00000079897ff190
Event: 41.258 Thread 0x00000277454aaf20 DEOPT UNPACKING pc=0x000002776d893aa2 sp=0x00000079897ff038 mode 2
Event: 41.258 Thread 0x00000277454aaf20 Uncommon trap: trap_request=0xffffff45 fr.pc=0x000002776eae40c4 relative=0x0000000000000124
Event: 41.258 Thread 0x00000277454aaf20 Uncommon trap: reason=unstable_if action=reinterpret pc=0x000002776eae40c4 method=org.eclipse.jdt.internal.core.index.EntryResult.<init>([CLjava/lang/Object;)V @ 10 c2
Event: 41.258 Thread 0x00000277454aaf20 DEOPT PACKING pc=0x000002776eae40c4 sp=0x00000079897ff020
Event: 41.258 Thread 0x00000277454aaf20 DEOPT UNPACKING pc=0x000002776d893aa2 sp=0x00000079897fefc0 mode 2
Event: 41.260 Thread 0x00000277454aaf20 Uncommon trap: trap_request=0xffffff45 fr.pc=0x000002776de8cf74 relative=0x00000000000006f4
Event: 41.260 Thread 0x00000277454aaf20 Uncommon trap: reason=unstable_if action=reinterpret pc=0x000002776de8cf74 method=org.eclipse.jdt.internal.core.index.DiskIndex.readStreamChars(Ljava/io/InputStream;)[C @ 1 c2
Event: 41.260 Thread 0x00000277454aaf20 DEOPT PACKING pc=0x000002776de8cf74 sp=0x00000079897fece0
Event: 41.260 Thread 0x00000277454aaf20 DEOPT UNPACKING pc=0x000002776d893aa2 sp=0x00000079897fec48 mode 2
Event: 41.260 Thread 0x00000277454aaf20 Uncommon trap: trap_request=0xffffff45 fr.pc=0x000002776eae388c relative=0x000000000000056c
Event: 41.260 Thread 0x00000277454aaf20 Uncommon trap: reason=unstable_if action=reinterpret pc=0x000002776eae388c method=org.eclipse.jdt.internal.core.index.DiskIndex.addQueryResult(Lorg/eclipse/jdt/internal/compiler/util/HashtableOfObject;[CLjava/lang/Object;Lorg/eclipse/jdt/internal/core/ind
Event: 41.260 Thread 0x00000277454aaf20 DEOPT PACKING pc=0x000002776eae388c sp=0x00000079897ff0b0
Event: 41.260 Thread 0x00000277454aaf20 DEOPT UNPACKING pc=0x000002776d893aa2 sp=0x00000079897ff030 mode 2
Event: 41.261 Thread 0x00000277454aaf20 Uncommon trap: trap_request=0xffffff45 fr.pc=0x000002776eae77cc relative=0x0000000000000dec
Event: 41.261 Thread 0x00000277454aaf20 Uncommon trap: reason=unstable_if action=reinterpret pc=0x000002776eae77cc method=org.eclipse.jdt.internal.core.index.DiskIndex.addQueryResult(Lorg/eclipse/jdt/internal/compiler/util/HashtableOfObject;[CLjava/lang/Object;Lorg/eclipse/jdt/internal/core/ind
Event: 41.261 Thread 0x00000277454aaf20 DEOPT PACKING pc=0x000002776eae77cc sp=0x00000079897ff150
Event: 41.261 Thread 0x00000277454aaf20 DEOPT UNPACKING pc=0x000002776d893aa2 sp=0x00000079897ff038 mode 2
Event: 41.316 Thread 0x0000027748615510 DEOPT PACKING pc=0x0000027767253d4e sp=0x000000798acfdef0
Event: 41.316 Thread 0x0000027748615510 DEOPT UNPACKING pc=0x000002776d894242 sp=0x000000798acfd450 mode 0

Classes loaded (20 events):
Event: 31.662 Loading class sun/util/resources/cldr/TimeZoneNames_en_US
Event: 31.662 Loading class sun/util/resources/cldr/TimeZoneNames_en_US done
Event: 31.663 Loading class sun/util/cldr/CLDRBaseLocaleDataMetaInfo$TZCanonicalIDMapHolder
Event: 31.665 Loading class sun/util/cldr/CLDRBaseLocaleDataMetaInfo$TZCanonicalIDMapHolder done
Event: 31.668 Loading class sun/util/resources/TimeZoneNames
Event: 31.670 Loading class sun/util/resources/TimeZoneNames done
Event: 31.671 Loading class sun/util/resources/TimeZoneNames_en
Event: 31.672 Loading class sun/util/resources/TimeZoneNames_en done
Event: 40.528 Loading class jdk/internal/module/IllegalAccessLogger
Event: 40.528 Loading class jdk/internal/module/IllegalAccessLogger done
Event: 40.662 Loading class java/util/Hashtable$KeySet
Event: 40.663 Loading class java/util/Hashtable$KeySet done
Event: 40.685 Loading class java/util/stream/ReduceOps$5
Event: 40.685 Loading class java/util/stream/ReduceOps$5 done
Event: 40.685 Loading class java/util/stream/ReduceOps$CountingSink$OfRef
Event: 40.686 Loading class java/util/stream/ReduceOps$CountingSink
Event: 40.686 Loading class java/util/stream/ReduceOps$CountingSink done
Event: 40.686 Loading class java/util/stream/ReduceOps$CountingSink$OfRef done
Event: 41.051 Loading class java/lang/invoke/MethodHandleImpl$CountingWrapper$1
Event: 41.051 Loading class java/lang/invoke/MethodHandleImpl$CountingWrapper$1 done

Classes unloaded (10 events):
Event: 5.786 Thread 0x00000277631c6fe0 Unloading class 0x00000277011a7000 'java/lang/invoke/LambdaForm$MH+0x00000277011a7000'
Event: 5.786 Thread 0x00000277631c6fe0 Unloading class 0x00000277011a6c00 'java/lang/invoke/LambdaForm$MH+0x00000277011a6c00'
Event: 5.786 Thread 0x00000277631c6fe0 Unloading class 0x00000277011a6800 'java/lang/invoke/LambdaForm$MH+0x00000277011a6800'
Event: 5.786 Thread 0x00000277631c6fe0 Unloading class 0x00000277011a6400 'java/lang/invoke/LambdaForm$MH+0x00000277011a6400'
Event: 5.786 Thread 0x00000277631c6fe0 Unloading class 0x00000277011a6000 'java/lang/invoke/LambdaForm$BMH+0x00000277011a6000'
Event: 5.786 Thread 0x00000277631c6fe0 Unloading class 0x00000277011a5c00 'java/lang/invoke/LambdaForm$DMH+0x00000277011a5c00'
Event: 5.786 Thread 0x00000277631c6fe0 Unloading class 0x00000277011a4800 'java/lang/invoke/LambdaForm$DMH+0x00000277011a4800'
Event: 39.387 Thread 0x00000277631c6fe0 Unloading class 0x0000027701739400 'java/lang/invoke/LambdaForm$DMH+0x0000027701739400'
Event: 39.387 Thread 0x00000277631c6fe0 Unloading class 0x00000277016d0800 'java/lang/invoke/LambdaForm$DMH+0x00000277016d0800'
Event: 39.387 Thread 0x00000277631c6fe0 Unloading class 0x00000277016d0400 'java/lang/invoke/LambdaForm$DMH+0x00000277016d0400'

Classes redefined (0 events):
No events

Internal exceptions (20 events):
Event: 38.160 Thread 0x00000277454aaf20 Exception <a 'sun/nio/fs/WindowsException'{0x00000000d579cef8}> (0x00000000d579cef8) 
thrown [s\src\hotspot\share\prims\jni.cpp, line 520]
Event: 39.094 Thread 0x00000277454aaf20 Implicit null exception at 0x000002776e457c4c to 0x000002776e458094
Event: 39.095 Thread 0x00000277454aaf20 Implicit null exception at 0x000002776e43a91b to 0x000002776e43acb8
Event: 39.229 Thread 0x00000277454aaf20 Implicit null exception at 0x000002776e51c833 to 0x000002776e51dc60
Event: 39.238 Thread 0x00000277454aaf20 Implicit null exception at 0x000002776e4bd19e to 0x000002776e4bd994
Event: 39.891 Thread 0x00000277454aaf20 Implicit null exception at 0x000002776e9e7f3f to 0x000002776e9e9a4c
Event: 39.933 Thread 0x00000277454aaf20 Exception <a 'sun/nio/fs/WindowsException'{0x00000000d58ac598}> (0x00000000d58ac598) 
thrown [s\src\hotspot\share\prims\jni.cpp, line 520]
Event: 40.614 Thread 0x0000027748615510 Exception <a 'java/lang/IncompatibleClassChangeError'{0x00000000d56ef768}: Found class java.lang.Object, but interface was expected> (0x00000000d56ef768) 
thrown [s\src\hotspot\share\interpreter\linkResolver.cpp, line 840]
Event: 40.620 Thread 0x0000027748615510 Exception <a 'java/lang/IncompatibleClassChangeError'{0x00000000d57b0b60}: Found class java.lang.Object, but interface was expected> (0x00000000d57b0b60) 
thrown [s\src\hotspot\share\interpreter\linkResolver.cpp, line 840]
Event: 40.734 Thread 0x00000277454ac2d0 Exception <a 'sun/nio/fs/WindowsException'{0x00000000d564a308}> (0x00000000d564a308) 
thrown [s\src\hotspot\share\prims\jni.cpp, line 520]
Event: 40.734 Thread 0x00000277454ac2d0 Exception <a 'sun/nio/fs/WindowsException'{0x00000000d564a938}> (0x00000000d564a938) 
thrown [s\src\hotspot\share\prims\jni.cpp, line 520]
Event: 40.736 Thread 0x00000277454ac2d0 Exception <a 'sun/nio/fs/WindowsException'{0x00000000d57113c8}> (0x00000000d57113c8) 
thrown [s\src\hotspot\share\prims\jni.cpp, line 520]
Event: 40.737 Thread 0x00000277454ac2d0 Exception <a 'sun/nio/fs/WindowsException'{0x00000000d57119f8}> (0x00000000d57119f8) 
thrown [s\src\hotspot\share\prims\jni.cpp, line 520]
Event: 40.757 Thread 0x00000277454ac2d0 Exception <a 'java/io/FileNotFoundException'{0x00000000d55dfcb8}> (0x00000000d55dfcb8) 
thrown [s\src\hotspot\share\prims\jni.cpp, line 520]
Event: 40.757 Thread 0x00000277454ac2d0 Exception <a 'java/io/FileNotFoundException'{0x00000000d5662098}> (0x00000000d5662098) 
thrown [s\src\hotspot\share\prims\jni.cpp, line 520]
Event: 40.768 Thread 0x00000277454ac2d0 Exception <a 'sun/nio/fs/WindowsException'{0x00000000d56ebb50}> (0x00000000d56ebb50) 
thrown [s\src\hotspot\share\prims\jni.cpp, line 520]
Event: 40.769 Thread 0x00000277454ac2d0 Exception <a 'sun/nio/fs/WindowsException'{0x00000000d573fd70}> (0x00000000d573fd70) 
thrown [s\src\hotspot\share\prims\jni.cpp, line 520]
Event: 40.801 Thread 0x00000277454ac2d0 Exception <a 'sun/nio/fs/WindowsException'{0x00000000d57fc278}> (0x00000000d57fc278) 
thrown [s\src\hotspot\share\prims\jni.cpp, line 520]
Event: 40.801 Thread 0x00000277454ac2d0 Exception <a 'sun/nio/fs/WindowsException'{0x00000000d5817fb0}> (0x00000000d5817fb0) 
thrown [s\src\hotspot\share\prims\jni.cpp, line 520]
Event: 41.173 Thread 0x00000277466d3c10 Implicit null exception at 0x000002776e50c7da to 0x000002776e50c833

ZGC Phase Switch (0 events):
No events

VM Operations (20 events):
Event: 41.167 Executing VM operation: ParallelGCSystemGC (GCLocker Initiated GC)
Event: 41.169 Executing VM operation: ParallelGCSystemGC (GCLocker Initiated GC) done
Event: 41.178 Executing VM operation: ParallelGCFailedAllocation (Allocation Failure)
Event: 41.180 Executing VM operation: ParallelGCFailedAllocation (Allocation Failure) done
Event: 41.188 Executing VM operation: ParallelGCFailedAllocation (Allocation Failure)
Event: 41.192 Executing VM operation: ParallelGCFailedAllocation (Allocation Failure) done
Event: 41.209 Executing VM operation: ParallelGCFailedAllocation (Allocation Failure)
Event: 41.210 Executing VM operation: ParallelGCFailedAllocation (Allocation Failure) done
Event: 41.222 Executing VM operation: ParallelGCFailedAllocation (Allocation Failure)
Event: 41.223 Executing VM operation: ParallelGCFailedAllocation (Allocation Failure) done
Event: 41.248 Executing VM operation: ParallelGCFailedAllocation (Allocation Failure)
Event: 41.249 Executing VM operation: ParallelGCFailedAllocation (Allocation Failure) done
Event: 41.317 Executing VM operation: ParallelGCFailedAllocation (Allocation Failure)
Event: 41.319 Executing VM operation: ParallelGCFailedAllocation (Allocation Failure) done
Event: 41.342 Executing VM operation: ParallelGCFailedAllocation (Allocation Failure)
Event: 41.344 Executing VM operation: ParallelGCFailedAllocation (Allocation Failure) done
Event: 41.374 Executing VM operation: ParallelGCFailedAllocation (Allocation Failure)
Event: 41.376 Executing VM operation: ParallelGCFailedAllocation (Allocation Failure) done
Event: 41.401 Executing VM operation: ParallelGCFailedAllocation (Allocation Failure)
Event: 41.402 Executing VM operation: ParallelGCFailedAllocation (Allocation Failure) done

Memory protections (0 events):
No events

Nmethod flushes (20 events):
Event: 39.428 Thread 0x00000277631c6fe0 flushing  nmethod 0x000002776772ca10
Event: 39.428 Thread 0x00000277631c6fe0 flushing  nmethod 0x0000027767740d90
Event: 39.428 Thread 0x00000277631c6fe0 flushing osr nmethod 0x0000027767758d10
Event: 39.428 Thread 0x00000277631c6fe0 flushing  nmethod 0x0000027767762290
Event: 39.428 Thread 0x00000277631c6fe0 flushing  nmethod 0x0000027767766310
Event: 39.428 Thread 0x00000277631c6fe0 flushing  nmethod 0x0000027767766a90
Event: 39.428 Thread 0x00000277631c6fe0 flushing osr nmethod 0x0000027767767310
Event: 39.428 Thread 0x00000277631c6fe0 flushing  nmethod 0x000002776776bf90
Event: 39.428 Thread 0x00000277631c6fe0 flushing  nmethod 0x000002776776cb90
Event: 39.428 Thread 0x00000277631c6fe0 flushing  nmethod 0x00000277677b0090
Event: 39.428 Thread 0x00000277631c6fe0 flushing  nmethod 0x00000277677b0890
Event: 39.428 Thread 0x00000277631c6fe0 flushing  nmethod 0x00000277677b4010
Event: 39.428 Thread 0x00000277631c6fe0 flushing  nmethod 0x00000277677b4c90
Event: 39.428 Thread 0x00000277631c6fe0 flushing  nmethod 0x00000277677b6310
Event: 39.428 Thread 0x00000277631c6fe0 flushing osr nmethod 0x00000277677b6990
Event: 39.428 Thread 0x00000277631c6fe0 flushing  nmethod 0x00000277677b8490
Event: 39.428 Thread 0x00000277631c6fe0 flushing  nmethod 0x00000277677be210
Event: 39.428 Thread 0x00000277631c6fe0 flushing  nmethod 0x00000277677cc190
Event: 39.428 Thread 0x00000277631c6fe0 flushing  nmethod 0x00000277677d2990
Event: 39.428 Thread 0x00000277631c6fe0 flushing  nmethod 0x00000277677d3010

Events (20 events):
Event: 23.244 Thread 0x0000027748614160 Thread added: 0x00000277466d3c10
Event: 23.244 Thread 0x0000027748614160 Thread added: 0x00000277466d7090
Event: 23.285 Thread 0x00000277466d4930 Thread exited: 0x00000277466d4930
Event: 23.285 Thread 0x00000277466d3c10 Thread exited: 0x00000277466d3c10
Event: 23.285 Thread 0x00000277466d3580 Thread exited: 0x00000277466d3580
Event: 23.285 Thread 0x00000277466d7090 Thread exited: 0x00000277466d7090
Event: 23.285 Thread 0x00000277466d6a00 Thread exited: 0x00000277466d6a00
Event: 24.305 Thread 0x0000027748615510 Thread added: 0x00000277466d3c10
Event: 24.310 Thread 0x0000027748615510 Thread added: 0x00000277466d6a00
Event: 24.313 Thread 0x0000027748615510 Thread added: 0x00000277466d4930
Event: 27.214 Thread 0x00000277466d3c10 Thread added: 0x00000277466d9160
Event: 30.660 Thread 0x000002774661db80 Thread exited: 0x000002774661db80
Event: 30.874 Thread 0x00000277471da090 Thread exited: 0x00000277471da090
Event: 31.562 Thread 0x000002777af39e40 Thread added: 0x00000277471da090
Event: 31.581 Thread 0x000002777af39e40 Thread added: 0x000002774905b3d0
Event: 32.099 Thread 0x000002774905b3d0 Thread exited: 0x000002774905b3d0
Event: 32.823 Thread 0x00000277471da090 Thread exited: 0x00000277471da090
Event: 38.852 Thread 0x000002777af39e40 Thread added: 0x00000277471da090
Event: 38.852 Thread 0x000002777af39e40 Thread added: 0x000002774905b3d0
Event: 40.793 Thread 0x00000277454ac2d0 Thread added: 0x0000027748615ba0


Dynamic libraries:
0x00007ff794330000 - 0x00007ff79433e000 	c:\Users\Denis\.cursor\extensions\redhat.java-1.44.0-win32-x64\jre\21.0.8-win32-x86_64\bin\java.exe
0x00007ffb8ede0000 - 0x00007ffb8f049000 	C:\WINDOWS\SYSTEM32\ntdll.dll
0x00007ffb8d7e0000 - 0x00007ffb8d8a9000 	C:\WINDOWS\System32\KERNEL32.DLL
0x00007ffb8c010000 - 0x00007ffb8c403000 	C:\WINDOWS\System32\KERNELBASE.dll
0x00007ffb88b30000 - 0x00007ffb88bce000 	C:\WINDOWS\SYSTEM32\apphelp.dll
0x00007ffb8c4a0000 - 0x00007ffb8c5eb000 	C:\WINDOWS\System32\ucrtbase.dll
0x00007ffb72b60000 - 0x00007ffb72b78000 	c:\Users\Denis\.cursor\extensions\redhat.java-1.44.0-win32-x64\jre\21.0.8-win32-x86_64\bin\jli.dll
0x00007ffb67860000 - 0x00007ffb6787e000 	c:\Users\Denis\.cursor\extensions\redhat.java-1.44.0-win32-x64\jre\21.0.8-win32-x86_64\bin\VCRUNTIME140.dll
0x00007ffb8ebd0000 - 0x00007ffb8ed94000 	C:\WINDOWS\System32\USER32.dll
0x00007ffb70320000 - 0x00007ffb705b3000 	C:\WINDOWS\WinSxS\amd64_microsoft.windows.common-controls_6595b64144ccf1df_6.0.26100.5074_none_3e0d6f78e32fd63f\COMCTL32.dll
0x00007ffb8ca00000 - 0x00007ffb8ca27000 	C:\WINDOWS\System32\win32u.dll
0x00007ffb8cbb0000 - 0x00007ffb8cc59000 	C:\WINDOWS\System32\msvcrt.dll
0x00007ffb8d390000 - 0x00007ffb8d3bb000 	C:\WINDOWS\System32\GDI32.dll
0x00007ffb8c5f0000 - 0x00007ffb8c71d000 	C:\WINDOWS\System32\gdi32full.dll
0x00007ffb8c7e0000 - 0x00007ffb8c883000 	C:\WINDOWS\System32\msvcp_win.dll
0x00007ffb8ccc0000 - 0x00007ffb8ccef000 	C:\WINDOWS\System32\IMM32.DLL
0x00007ffb72b50000 - 0x00007ffb72b5c000 	c:\Users\Denis\.cursor\extensions\redhat.java-1.44.0-win32-x64\jre\21.0.8-win32-x86_64\bin\vcruntime140_1.dll
0x00007ffb007a0000 - 0x00007ffb0082d000 	c:\Users\Denis\.cursor\extensions\redhat.java-1.44.0-win32-x64\jre\21.0.8-win32-x86_64\bin\msvcp140.dll
0x00007ffaab5f0000 - 0x00007ffaac387000 	c:\Users\Denis\.cursor\extensions\redhat.java-1.44.0-win32-x64\jre\21.0.8-win32-x86_64\bin\server\jvm.dll
0x00007ffb8e300000 - 0x00007ffb8e3b4000 	C:\WINDOWS\System32\ADVAPI32.dll
0x00007ffb8d520000 - 0x00007ffb8d5c6000 	C:\WINDOWS\System32\sechost.dll
0x00007ffb8e4d0000 - 0x00007ffb8e5e8000 	C:\WINDOWS\System32\RPCRT4.dll
0x00007ffb8e450000 - 0x00007ffb8e4c4000 	C:\WINDOWS\System32\WS2_32.dll
0x00007ffb8bdd0000 - 0x00007ffb8be2e000 	C:\WINDOWS\SYSTEM32\POWRPROF.dll
0x00007ffb80850000 - 0x00007ffb80885000 	C:\WINDOWS\SYSTEM32\WINMM.dll
0x00007ffb78420000 - 0x00007ffb7842b000 	C:\WINDOWS\SYSTEM32\VERSION.dll
0x00007ffb8bdb0000 - 0x00007ffb8bdc4000 	C:\WINDOWS\SYSTEM32\UMPDC.dll
0x00007ffb8ad50000 - 0x00007ffb8ad6b000 	C:\WINDOWS\SYSTEM32\kernel.appcore.dll
0x00007ffb67850000 - 0x00007ffb6785a000 	c:\Users\Denis\.cursor\extensions\redhat.java-1.44.0-win32-x64\jre\21.0.8-win32-x86_64\bin\jimage.dll
0x00007ffb895d0000 - 0x00007ffb89812000 	C:\WINDOWS\SYSTEM32\DBGHELP.DLL
0x00007ffb8e670000 - 0x00007ffb8e9eb000 	C:\WINDOWS\System32\combase.dll
0x00007ffb8e9f0000 - 0x00007ffb8eac7000 	C:\WINDOWS\System32\OLEAUT32.dll
0x00007ffb67a60000 - 0x00007ffb67a9d000 	C:\WINDOWS\SYSTEM32\dbgcore.DLL
0x00007ffb8bf70000 - 0x00007ffb8c009000 	C:\WINDOWS\System32\bcryptPrimitives.dll
0x00007ffb66f50000 - 0x00007ffb66f5f000 	c:\Users\Denis\.cursor\extensions\redhat.java-1.44.0-win32-x64\jre\21.0.8-win32-x86_64\bin\instrument.dll
0x00007ffb66dd0000 - 0x00007ffb66def000 	c:\Users\Denis\.cursor\extensions\redhat.java-1.44.0-win32-x64\jre\21.0.8-win32-x86_64\bin\java.dll
0x00007ffb8dbb0000 - 0x00007ffb8e2fd000 	C:\WINDOWS\System32\SHELL32.dll
0x00007ffb8c890000 - 0x00007ffb8c9fc000 	C:\WINDOWS\System32\wintypes.dll
0x00007ffb89ba0000 - 0x00007ffb8a3f9000 	C:\WINDOWS\SYSTEM32\windows.storage.dll
0x00007ffb8dab0000 - 0x00007ffb8dba0000 	C:\WINDOWS\System32\SHCORE.dll
0x00007ffb8da40000 - 0x00007ffb8daa2000 	C:\WINDOWS\System32\shlwapi.dll
0x00007ffb8be90000 - 0x00007ffb8beb9000 	C:\WINDOWS\SYSTEM32\profapi.dll
0x00007ffb53180000 - 0x00007ffb53198000 	c:\Users\Denis\.cursor\extensions\redhat.java-1.44.0-win32-x64\jre\21.0.8-win32-x86_64\bin\zip.dll
0x00007ffb642d0000 - 0x00007ffb642e0000 	C:\Users\Denis\.cursor\extensions\redhat.java-1.44.0-win32-x64\jre\21.0.8-win32-x86_64\bin\net.dll
0x00007ffb85b30000 - 0x00007ffb85c4f000 	C:\WINDOWS\SYSTEM32\WINHTTP.dll
0x00007ffb8b2d0000 - 0x00007ffb8b33b000 	C:\WINDOWS\system32\mswsock.dll
0x00007ffb52310000 - 0x00007ffb52326000 	C:\Users\Denis\.cursor\extensions\redhat.java-1.44.0-win32-x64\jre\21.0.8-win32-x86_64\bin\nio.dll
0x00007ffb55d20000 - 0x00007ffb55d30000 	c:\Users\Denis\.cursor\extensions\redhat.java-1.44.0-win32-x64\jre\21.0.8-win32-x86_64\bin\verify.dll
0x00007ffb27b50000 - 0x00007ffb27b95000 	C:\Users\Denis\AppData\Roaming\Cursor\User\globalStorage\redhat.java\1.44.0\config_win\org.eclipse.equinox.launcher\org.eclipse.equinox.launcher.win32.win32.x86_64_1.2.1400.v20250730-1736\eclipse_11913.dll
0x00007ffb8d640000 - 0x00007ffb8d7d8000 	C:\WINDOWS\System32\ole32.dll
0x00007ffb8b570000 - 0x00007ffb8b58b000 	C:\WINDOWS\SYSTEM32\CRYPTSP.dll
0x00007ffb8acb0000 - 0x00007ffb8aceb000 	C:\WINDOWS\system32\rsaenh.dll
0x00007ffb8b370000 - 0x00007ffb8b39b000 	C:\WINDOWS\SYSTEM32\USERENV.dll
0x00007ffb8be60000 - 0x00007ffb8be86000 	C:\WINDOWS\SYSTEM32\bcrypt.dll
0x00007ffb8b590000 - 0x00007ffb8b59c000 	C:\WINDOWS\SYSTEM32\CRYPTBASE.dll
0x00007ffb8a7d0000 - 0x00007ffb8a804000 	C:\WINDOWS\SYSTEM32\IPHLPAPI.DLL
0x00007ffb8d190000 - 0x00007ffb8d19a000 	C:\WINDOWS\System32\NSI.dll
0x00007ffb41520000 - 0x00007ffb41569000 	C:\Users\Denis\AppData\Local\Temp\jna-65917399\jna3306494596037964362.dll
0x00007ffb8d1a0000 - 0x00007ffb8d1a8000 	C:\WINDOWS\System32\PSAPI.DLL
0x00007ffb85fd0000 - 0x00007ffb85fee000 	C:\WINDOWS\SYSTEM32\dhcpcsvc6.DLL
0x00007ffb85fa0000 - 0x00007ffb85fc3000 	C:\WINDOWS\SYSTEM32\dhcpcsvc.DLL

JVMTI agents:
c:\Users\Denis\.cursor\extensions\redhat.java-1.44.0-win32-x64\lombok\lombok-1.18.39-4050.jar path:c:\Users\Denis\.cursor\extensions\redhat.java-1.44.0-win32-x64\jre\21.0.8-win32-x86_64\bin\instrument.dll, loaded, initialized, instrumentlib options:none

dbghelp: loaded successfully - version: 4.0.5 - missing functions: none
symbol engine: initialized successfully - sym options: 0x614 - pdb path: .;c:\Users\Denis\.cursor\extensions\redhat.java-1.44.0-win32-x64\jre\21.0.8-win32-x86_64\bin;C:\WINDOWS\SYSTEM32;C:\WINDOWS\WinSxS\amd64_microsoft.windows.common-controls_6595b64144ccf1df_6.0.26100.5074_none_3e0d6f78e32fd63f;c:\Users\Denis\.cursor\extensions\redhat.java-1.44.0-win32-x64\jre\21.0.8-win32-x86_64\bin\server;C:\Users\Denis\AppData\Roaming\Cursor\User\globalStorage\redhat.java\1.44.0\config_win\org.eclipse.equinox.launcher\org.eclipse.equinox.launcher.win32.win32.x86_64_1.2.1400.v20250730-1736;C:\Users\Denis\AppData\Local\Temp\jna-65917399

VM Arguments:
jvm_args: --add-modules=ALL-SYSTEM --add-opens=java.base/java.util=ALL-UNNAMED --add-opens=java.base/java.lang=ALL-UNNAMED --add-opens=java.base/sun.nio.fs=ALL-UNNAMED -Declipse.application=org.eclipse.jdt.ls.core.id1 -Dosgi.bundles.defaultStartLevel=4 -Declipse.product=org.eclipse.jdt.ls.core.product -Djava.import.generatesMetadataFilesAtProjectRoot=false -DDetectVMInstallationsJob.disabled=true -Dfile.encoding=utf8 -XX:+UseParallelGC -XX:GCTimeRatio=4 -XX:AdaptiveSizePolicyWeight=90 -Dsun.zip.disableMemoryMapping=true -Xmx2G -Xms100m -Xlog:disable -javaagent:c:\Users\Denis\.cursor\extensions\redhat.java-1.44.0-win32-x64\lombok\lombok-1.18.39-4050.jar -XX:+HeapDumpOnOutOfMemoryError -XX:HeapDumpPath=c:\Users\Denis\AppData\Roaming\Cursor\User\workspaceStorage\eac8c8f2a15cc92b421c1f9780fee2c9\redhat.java -Daether.dependencyCollector.impl=bf 
java_command: c:\Users\Denis\.cursor\extensions\redhat.java-1.44.0-win32-x64\server\plugins\org.eclipse.equinox.launcher_1.7.0.v20250519-0528.jar -configuration c:\Users\Denis\AppData\Roaming\Cursor\User\globalStorage\redhat.java\1.44.0\config_win -data c:\Users\Denis\AppData\Roaming\Cursor\User\workspaceStorage\eac8c8f2a15cc92b421c1f9780fee2c9\redhat.java\jdt_ws --pipe=\\.\pipe\lsp-f9529d463a65115452e52af70d999475-sock
java_class_path (initial): c:\Users\Denis\.cursor\extensions\redhat.java-1.44.0-win32-x64\server\plugins\org.eclipse.equinox.launcher_1.7.0.v20250519-0528.jar
Launcher Type: SUN_STANDARD

[Global flags]
    uintx AdaptiveSizePolicyWeight                 = 90                                        {product} {command line}
     intx CICompilerCount                          = 4                                         {product} {ergonomic}
    uintx GCTimeRatio                              = 4                                         {product} {command line}
     bool HeapDumpOnOutOfMemoryError               = true                                   {manageable} {command line}
    ccstr HeapDumpPath                             = c:\Users\Denis\AppData\Roaming\Cursor\User\workspaceStorage\eac8c8f2a15cc92b421c1f9780fee2c9\redhat.java         {manageable} {command line}
   size_t InitialHeapSize                          = 104857600                                 {product} {command line}
   size_t MaxHeapSize                              = 2147483648                                {product} {command line}
   size_t MaxNewSize                               = 715653120                                 {product} {ergonomic}
   size_t MinHeapDeltaBytes                        = 524288                                    {product} {ergonomic}
   size_t MinHeapSize                              = 104857600                                 {product} {command line}
   size_t NewSize                                  = 34603008                                  {product} {ergonomic}
    uintx NonNMethodCodeHeapSize                   = 5839372                                {pd product} {ergonomic}
    uintx NonProfiledCodeHeapSize                  = 122909434                              {pd product} {ergonomic}
   size_t OldSize                                  = 70254592                                  {product} {ergonomic}
    uintx ProfiledCodeHeapSize                     = 122909434                              {pd product} {ergonomic}
    uintx ReservedCodeCacheSize                    = 251658240                              {pd product} {ergonomic}
     bool SegmentedCodeCache                       = true                                      {product} {ergonomic}
   size_t SoftMaxHeapSize                          = 2147483648                             {manageable} {ergonomic}
     bool UseCompressedOops                        = true                           {product lp64_product} {ergonomic}
     bool UseLargePagesIndividualAllocation        = false                                  {pd product} {ergonomic}
     bool UseParallelGC                            = true                                      {product} {command line}

Logging:
Log output configuration:
 #0: stdout all=off uptime,level,tags foldmultilines=false
 #1: stderr all=off uptime,level,tags foldmultilines=false

Environment Variables:
JAVA_HOME=C:\Program Files\Java\jdk-21
PATH=C:\Program Files\Common Files\Oracle\Java\javapath;C:\WINDOWS\system32;C:\WINDOWS;C:\WINDOWS\System32\Wbem;C:\WINDOWS\System32\WindowsPowerShell\v1.0\;C:\WINDOWS\System32\OpenSSH\;C:\Program Files\Git\cmd;C:\ProgramData\chocolatey\bin;C:\Program Files\nodejs\;D:\Matlab\runtime\win64;D:\Matlab\bin;C:\Program Files\dotnet\;C:\apache-maven-3.9.9\bin;C:\Program Files\Git LFS;C:\Users\Denis\AppData\Local\Microsoft\WindowsApps;C:\Users\Denis\AppData\Local\Programs\Microsoft VS Code\bin;C:\Users\Denis\AppData\Roaming\npm;C:\Users\Denis\.dotnet\tools;D:\flutter\flutter\bin;C:\src\flutter\bin;C:\Users\Denis\AppData\Local\Programs\Microsoft VS Code Insiders\bin;C:\Users\Denis\AppData\Local\Pub\Cache\bin;C:\Users\Denis\AppData\Local\Pub\Cache\bin;C:\Users\Denis\AppData\Local\Programs\Python\Python38;C:\Users\Denis\AppData\Local\Programs\Python\Python38\Scripts;C:\composer;C:\Program Files\Java\jdk-21\bin;C:\Program Files\Java\jdk-17\bin;;C:\Program Files\Docker\Docker\resources\bin;C:\Users\Denis\.config\herd-lite\bin;C:\Program Files\bin\;C:\WINDOWS\system32;C:\WINDOWS;C:\WINDOWS\System32\Wbem;C:\WINDOWS\System32\WindowsPowerShell\v1.0\;C:\WINDOWS\System32\OpenSSH\;C:\Program Files\Git\cmd;C:\ProgramData\chocolatey\bin;C:\Program Files\nodejs\;C:\Program Files\Docker\Docker\resources\bin;D:\Matlab\runtime\win64;D:\Matlab\bin;C:\Program Files\dotnet\;C:\Program Files\Microsoft SQL Server\150\Tools\Binn\;C:\apache-maven-3.9.9\bin;C:\Program Files\Git LFS;C:\Users\Denis\AppData\Local\Programs\Python\Python310\Scripts\;C:\Users\Denis\AppData\Local\Programs\Python\Python310\;C:\Users\Denis\AppData\Local\Microsoft\WindowsApps;C:\Users\Denis\AppData\Local\Programs\Microsoft VS Code\bin;C:\Users\Denis\AppData\Roaming\npm;C:\Users\Denis\.dotnet\tools;D:\flutter\flutter\bin;C:\src\flutter\bin;C:\;C:\Users\Denis\AppData\Roaming\Composer\vendor\bin;C:\Users\Denis\AppData\Local\Programs\cursor\resources\app\bin
USERNAME=Denis
OS=Windows_NT
PROCESSOR_IDENTIFIER=Intel64 Family 6 Model 154 Stepping 4, GenuineIntel
TMP=C:\Users\Denis\AppData\Local\Temp
TEMP=C:\Users\Denis\AppData\Local\Temp




Periodic native trim disabled

---------------  S Y S T E M  ---------------

OS:
 Windows 11 , 64 bit Build 26100 (10.0.26100.5074)
OS uptime: 0 days 11:37 hours
Hyper-V role detected

CPU: total 12 (initial active 12) (6 cores per cpu, 2 threads per core) family 6 model 154 stepping 4 microcode 0x435, cx8, cmov, fxsr, ht, mmx, 3dnowpref, sse, sse2, sse3, ssse3, sse4.1, sse4.2, popcnt, lzcnt, tsc, tscinvbit, avx, avx2, aes, erms, clmul, bmi1, bmi2, adx, sha, fma, vzeroupper, clflush, clflushopt, clwb, hv, serialize, rdtscp, rdpid, fsrm, f16c, cet_ibt, cet_ss
Processor Information for processor 0
  Max Mhz: 1700, Current Mhz: 1700, Mhz Limit: 1700
Processor Information for processor 1
  Max Mhz: 1700, Current Mhz: 1700, Mhz Limit: 1700
Processor Information for processor 2
  Max Mhz: 1700, Current Mhz: 1700, Mhz Limit: 1700
Processor Information for processor 3
  Max Mhz: 1700, Current Mhz: 1700, Mhz Limit: 1700
Processor Information for processor 4
  Max Mhz: 1200, Current Mhz: 1200, Mhz Limit: 1200
Processor Information for processor 5
  Max Mhz: 1200, Current Mhz: 1200, Mhz Limit: 1200
Processor Information for processor 6
  Max Mhz: 1200, Current Mhz: 1200, Mhz Limit: 1200
Processor Information for processor 7
  Max Mhz: 1200, Current Mhz: 1200, Mhz Limit: 1200
Processor Information for processor 8
  Max Mhz: 1200, Current Mhz: 1200, Mhz Limit: 1200
Processor Information for processor 9
  Max Mhz: 1200, Current Mhz: 1200, Mhz Limit: 1200
Processor Information for processor 10
  Max Mhz: 1200, Current Mhz: 1200, Mhz Limit: 1200
Processor Information for processor 11
  Max Mhz: 1200, Current Mhz: 1200, Mhz Limit: 1200

Memory: 4k page, system-wide physical 16108M (941M free)
TotalPageFile size 32592M (AvailPageFile size 92M)
current process WorkingSet (physical memory assigned to process): 1246M, peak: 1258M
current process commit charge ("private bytes"): 1172M, peak: 1189M

vm_info: OpenJDK 64-Bit Server VM (21.0.8+9-LTS) for windows-amd64 JRE (21.0.8+9-LTS), built on 2025-07-15T00:00:00Z by "admin" with MS VC++ 17.7 (VS2022)

END.
