#
# There is insufficient memory for the Java Runtime Environment to continue.
# Native memory allocation (malloc) failed to allocate 1048576 bytes. Error detail: AllocateHeap
# Possible reasons:
#   The system is out of physical RAM or swap space
#   This process is running with CompressedOops enabled, and the Java Heap may be blocking the growth of the native heap
# Possible solutions:
#   Reduce memory load on the system
#   Increase physical memory or swap space
#   Check if swap backing store is full
#   Decrease Java heap size (-Xmx/-Xms)
#   Decrease number of Java threads
#   Decrease Java thread stack sizes (-Xss)
#   Set larger code cache with -XX:ReservedCodeCacheSize=
#   JVM is running with Unscaled Compressed Oops mode in which the Java heap is
#     placed in the first 4GB address space. The Java Heap base address is the
#     maximum limit for the native heap growth. Please use -XX:HeapBaseMinAddress
#     to set the Java Heap base and to place the Java Heap above 4GB virtual address.
# This output file may be truncated or incomplete.
#
#  Out of Memory Error (allocation.cpp:44), pid=16964, tid=16308
#
# JRE version: OpenJDK Runtime Environment Temurin-21.0.8+9 (21.0.8+9) (build 21.0.8+9-LTS)
# Java VM: OpenJDK 64-Bit Server VM Temurin-21.0.8+9 (21.0.8+9-LTS, mixed mode, sharing, tiered, compressed oops, compressed class ptrs, parallel gc, windows-amd64)
# No core dump will be written. Minidumps are not enabled by default on client versions of Windows
#

---------------  S U M M A R Y ------------

Command Line: --add-modules=ALL-SYSTEM --add-opens=java.base/java.util=ALL-UNNAMED --add-opens=java.base/java.lang=ALL-UNNAMED --add-opens=java.base/sun.nio.fs=ALL-UNNAMED -Declipse.application=org.eclipse.jdt.ls.core.id1 -Dosgi.bundles.defaultStartLevel=4 -Declipse.product=org.eclipse.jdt.ls.core.product -Djava.import.generatesMetadataFilesAtProjectRoot=false -DDetectVMInstallationsJob.disabled=true -Dfile.encoding=utf8 -XX:+UseParallelGC -XX:GCTimeRatio=4 -XX:AdaptiveSizePolicyWeight=90 -Dsun.zip.disableMemoryMapping=true -Xmx2G -Xms100m -Xlog:disable -javaagent:c:\Users\Denis\.cursor\extensions\redhat.java-1.44.0-win32-x64\lombok\lombok-1.18.39-4050.jar -XX:+HeapDumpOnOutOfMemoryError -XX:HeapDumpPath=c:\Users\Denis\AppData\Roaming\Cursor\User\workspaceStorage\eac8c8f2a15cc92b421c1f9780fee2c9\redhat.java -Daether.dependencyCollector.impl=bf c:\Users\Denis\.cursor\extensions\redhat.java-1.44.0-win32-x64\server\plugins\org.eclipse.equinox.launcher_1.7.0.v20250519-0528.jar -configuration c:\Users\Denis\AppData\Roaming\Cursor\User\globalStorage\redhat.java\1.44.0\config_win -data c:\Users\Denis\AppData\Roaming\Cursor\User\workspaceStorage\eac8c8f2a15cc92b421c1f9780fee2c9\redhat.java\jdt_ws --pipe=\\.\pipe\lsp-98417f3c633af17cc64c37b8f3122622-sock

Host: 12th Gen Intel(R) Core(TM) i7-1255U, 12 cores, 15G,  Windows 11 , 64 bit Build 26100 (10.0.26100.4768)
Time: Tue Aug 19 06:42:09 2025 South Africa Standard Time elapsed time: 1516.562228 seconds (0d 0h 25m 16s)

---------------  T H R E A D  ---------------

Current thread (0x000002871a917d90):  JavaThread "Attach Listener" daemon [_thread_in_vm, id=16308, stack(0x000000e691800000,0x000000e691900000) (1024K)]

Stack: [0x000000e691800000,0x000000e691900000]
Native frames: (J=compiled Java code, j=interpreted, Vv=VM code, C=native code)
V  [jvm.dll+0x6d2449]
V  [jvm.dll+0x8ae341]
V  [jvm.dll+0x8b08be]
V  [jvm.dll+0x8b0fa3]
V  [jvm.dll+0x280c96]
V  [jvm.dll+0xc0347]
V  [jvm.dll+0x6d2cf9]
V  [jvm.dll+0x131116]
V  [jvm.dll+0x3f2d16]
V  [jvm.dll+0x857e6b]
V  [jvm.dll+0x6d0b0d]
C  [ucrtbase.dll+0x37b0]
C  [KERNEL32.DLL+0x2e8d7]
C  [ntdll.dll+0x3c34c]


---------------  P R O C E S S  ---------------

Threads class SMR info:
_java_thread_list=0x000002877a77d140, length=56, elements={
0x000002871a874be0, 0x000002871a914400, 0x000002871a81d100, 0x000002871a916ec0,
0x000002871a917d90, 0x000002871a91be50, 0x000002871a91f710, 0x000002871a925010,
0x000002877359aff0, 0x000002877365e110, 0x00000287746760b0, 0x00000287748ec660,
0x0000028774925370, 0x00000287748375e0, 0x00000287749dab70, 0x00000287791112c0,
0x00000287790d26e0, 0x0000028779073a00, 0x0000028779074720, 0x00000287790767f0,
0x000002877c21cbf0, 0x000002877c21b840, 0x000002877c21bed0, 0x000002877c21c560,
0x000002877c21d280, 0x000002877c21ab20, 0x000002877c219e00, 0x000002877c21d910,
0x000002877c21a490, 0x000002877c21ecc0, 0x000002877c220070, 0x000002877c21f350,
0x000002877c220700, 0x000002877c220d90, 0x000002877c221420, 0x000002877c21dfa0,
0x000002877b6c7d90, 0x000002877b6c69e0, 0x000002877b6c8420, 0x000002877b6c4fa0,
0x000002877b6c5630, 0x000002877b1b6530, 0x000002877b1b6bc0, 0x000002877b1b78e0,
0x000002877b1b7250, 0x000002877b1b8600, 0x000002877b1b8c90, 0x000002877b1b5810,
0x000002877b1b5ea0, 0x000002877b1bce30, 0x000002877b1ba6d0, 0x000002877b1bba80,
0x000002877b1bad60, 0x000002877b1bc110, 0x000002877b1bb3f0, 0x000002877aa53ad0
}

Java Threads: ( => current thread )
  0x000002871a874be0 JavaThread "main"                              [_thread_blocked, id=26948, stack(0x000000e691100000,0x000000e691200000) (1024K)]
  0x000002871a914400 JavaThread "Reference Handler"          daemon [_thread_blocked, id=24948, stack(0x000000e691500000,0x000000e691600000) (1024K)]
  0x000002871a81d100 JavaThread "Finalizer"                  daemon [_thread_blocked, id=37240, stack(0x000000e691600000,0x000000e691700000) (1024K)]
  0x000002871a916ec0 JavaThread "Signal Dispatcher"          daemon [_thread_blocked, id=14808, stack(0x000000e691700000,0x000000e691800000) (1024K)]
=>0x000002871a917d90 JavaThread "Attach Listener"            daemon [_thread_in_vm, id=16308, stack(0x000000e691800000,0x000000e691900000) (1024K)]
  0x000002871a91be50 JavaThread "Service Thread"             daemon [_thread_blocked, id=33816, stack(0x000000e691900000,0x000000e691a00000) (1024K)]
  0x000002871a91f710 JavaThread "Monitor Deflation Thread"   daemon [_thread_blocked, id=37848, stack(0x000000e691a00000,0x000000e691b00000) (1024K)]
  0x000002871a925010 JavaThread "C2 CompilerThread0"         daemon [_thread_blocked, id=7300, stack(0x000000e691b00000,0x000000e691c00000) (1024K)]
  0x000002877359aff0 JavaThread "C1 CompilerThread0"         daemon [_thread_blocked, id=13232, stack(0x000000e691c00000,0x000000e691d00000) (1024K)]
  0x000002877365e110 JavaThread "Common-Cleaner"             daemon [_thread_blocked, id=2980, stack(0x000000e691d00000,0x000000e691e00000) (1024K)]
  0x00000287746760b0 JavaThread "Notification Thread"        daemon [_thread_blocked, id=15580, stack(0x000000e691f00000,0x000000e692000000) (1024K)]
  0x00000287748ec660 JavaThread "Active Thread: Equinox Container: d38993a8-3c46-4c7a-bf30-fd154e814c46"        [_thread_blocked, id=28840, stack(0x000000e692500000,0x000000e692600000) (1024K)]
  0x0000028774925370 JavaThread "Refresh Thread: Equinox Container: d38993a8-3c46-4c7a-bf30-fd154e814c46" daemon [_thread_blocked, id=20072, stack(0x000000e692700000,0x000000e692800000) (1024K)]
  0x00000287748375e0 JavaThread "Framework Event Dispatcher: Equinox Container: d38993a8-3c46-4c7a-bf30-fd154e814c46" daemon [_thread_blocked, id=11776, stack(0x000000e692800000,0x000000e692900000) (1024K)]
  0x00000287749dab70 JavaThread "Start Level: Equinox Container: d38993a8-3c46-4c7a-bf30-fd154e814c46" daemon [_thread_blocked, id=24388, stack(0x000000e692900000,0x000000e692a00000) (1024K)]
  0x00000287791112c0 JavaThread "Bundle File Closer"         daemon [_thread_blocked, id=37748, stack(0x000000e692c00000,0x000000e692d00000) (1024K)]
  0x00000287790d26e0 JavaThread "SCR Component Actor"        daemon [_thread_blocked, id=10112, stack(0x000000e692d00000,0x000000e692e00000) (1024K)]
  0x0000028779073a00 JavaThread "Worker-JM"                         [_thread_blocked, id=1516, stack(0x000000e693000000,0x000000e693100000) (1024K)]
  0x0000028779074720 JavaThread "JNA Cleaner"                daemon [_thread_blocked, id=25208, stack(0x000000e693100000,0x000000e693200000) (1024K)]
  0x00000287790767f0 JavaThread "Java indexing"              daemon [_thread_blocked, id=17044, stack(0x000000e693600000,0x000000e693700000) (1024K)]
  0x000002877c21cbf0 JavaThread "Thread-2"                   daemon [_thread_in_native, id=21476, stack(0x000000e693b00000,0x000000e693c00000) (1024K)]
  0x000002877c21b840 JavaThread "Thread-3"                   daemon [_thread_in_native, id=29472, stack(0x000000e693c00000,0x000000e693d00000) (1024K)]
  0x000002877c21bed0 JavaThread "Thread-4"                   daemon [_thread_in_native, id=16832, stack(0x000000e693d00000,0x000000e693e00000) (1024K)]
  0x000002877c21c560 JavaThread "Thread-5"                   daemon [_thread_in_native, id=14352, stack(0x000000e693e00000,0x000000e693f00000) (1024K)]
  0x000002877c21d280 JavaThread "Thread-6"                   daemon [_thread_in_native, id=7444, stack(0x000000e693f00000,0x000000e694000000) (1024K)]
  0x000002877c21ab20 JavaThread "Thread-7"                   daemon [_thread_in_native, id=484, stack(0x000000e694000000,0x000000e694100000) (1024K)]
  0x000002877c219e00 JavaThread "Thread-8"                   daemon [_thread_in_native, id=19100, stack(0x000000e694100000,0x000000e694200000) (1024K)]
  0x000002877c21d910 JavaThread "Thread-9"                   daemon [_thread_in_native, id=7016, stack(0x000000e694200000,0x000000e694300000) (1024K)]
  0x000002877c21a490 JavaThread "Thread-10"                  daemon [_thread_in_native, id=6384, stack(0x000000e694300000,0x000000e694400000) (1024K)]
  0x000002877c21ecc0 JavaThread "Thread-11"                  daemon [_thread_in_native, id=33340, stack(0x000000e694400000,0x000000e694500000) (1024K)]
  0x000002877c220070 JavaThread "Thread-12"                  daemon [_thread_in_native, id=5816, stack(0x000000e694500000,0x000000e694600000) (1024K)]
  0x000002877c21f350 JavaThread "Thread-13"                  daemon [_thread_in_native, id=27832, stack(0x000000e694600000,0x000000e694700000) (1024K)]
  0x000002877c220700 JavaThread "Thread-14"                  daemon [_thread_in_native, id=24156, stack(0x000000e694700000,0x000000e694800000) (1024K)]
  0x000002877c220d90 JavaThread "pool-2-thread-1"                   [_thread_blocked, id=12856, stack(0x000000e694800000,0x000000e694900000) (1024K)]
  0x000002877c221420 JavaThread "WorkspaceEventsHandler"            [_thread_blocked, id=22572, stack(0x000000e692e00000,0x000000e692f00000) (1024K)]
  0x000002877c21dfa0 JavaThread "pool-1-thread-1"                   [_thread_blocked, id=30272, stack(0x000000e694900000,0x000000e694a00000) (1024K)]
  0x000002877b6c7d90 JavaThread "Worker-8"                          [_thread_blocked, id=35600, stack(0x000000e691000000,0x000000e691100000) (1024K)]
  0x000002877b6c69e0 JavaThread "Worker-10"                         [_thread_blocked, id=9028, stack(0x000000e690f00000,0x000000e691000000) (1024K)]
  0x000002877b6c8420 JavaThread "Worker-11"                         [_thread_blocked, id=7144, stack(0x000000e690e00000,0x000000e690f00000) (1024K)]
  0x000002877b6c4fa0 JavaThread "ForkJoinPool.commonPool-worker-12" daemon [_thread_blocked, id=20728, stack(0x000000e692f00000,0x000000e693000000) (1024K)]
  0x000002877b6c5630 JavaThread "ForkJoinPool.commonPool-worker-13" daemon [_thread_blocked, id=17544, stack(0x000000e693200000,0x000000e693300000) (1024K)]
  0x000002877b1b6530 JavaThread "ForkJoinPool.commonPool-worker-14" daemon [_thread_blocked, id=20684, stack(0x000000e693300000,0x000000e693400000) (1024K)]
  0x000002877b1b6bc0 JavaThread "Compiler Source File Reader" daemon [_thread_blocked, id=10032, stack(0x000000e693400000,0x000000e693500000) (1024K)]
  0x000002877b1b78e0 JavaThread "Compiler Processing Task"   daemon [_thread_blocked, id=24628, stack(0x000000e693500000,0x000000e693600000) (1024K)]
  0x000002877b1b7250 JavaThread "Worker-12"                         [_thread_blocked, id=31524, stack(0x000000e693800000,0x000000e693900000) (1024K)]
  0x000002877b1b8600 JavaThread "Compiler Source File Reader" daemon [_thread_blocked, id=2384, stack(0x000000e693900000,0x000000e693a00000) (1024K)]
  0x000002877b1b8c90 JavaThread "Compiler Source File Reader" daemon [_thread_blocked, id=36328, stack(0x000000e693a00000,0x000000e693b00000) (1024K)]
  0x000002877b1b5810 JavaThread "Compiler Source File Reader" daemon [_thread_blocked, id=24020, stack(0x000000e694a00000,0x000000e694b00000) (1024K)]
  0x000002877b1b5ea0 JavaThread "Compiler Source File Reader" daemon [_thread_blocked, id=26016, stack(0x000000e694b00000,0x000000e694c00000) (1024K)]
  0x000002877b1bce30 JavaThread "Compiler Source File Reader" daemon [_thread_blocked, id=17716, stack(0x000000e694c00000,0x000000e694d00000) (1024K)]
  0x000002877b1ba6d0 JavaThread "Compiler Source File Reader" daemon [_thread_blocked, id=18180, stack(0x000000e694d00000,0x000000e694e00000) (1024K)]
  0x000002877b1bba80 JavaThread "Compiler Source File Reader" daemon [_thread_blocked, id=7328, stack(0x000000e694e00000,0x000000e694f00000) (1024K)]
  0x000002877b1bad60 JavaThread "Compiler Source File Reader" daemon [_thread_blocked, id=11232, stack(0x000000e694f00000,0x000000e695000000) (1024K)]
  0x000002877b1bc110 JavaThread "Compiler Source File Reader" daemon [_thread_blocked, id=8684, stack(0x000000e695000000,0x000000e695100000) (1024K)]
  0x000002877b1bb3f0 JavaThread "ForkJoinPool.commonPool-worker-15" daemon [_thread_blocked, id=6644, stack(0x000000e693700000,0x000000e693800000) (1024K)]
  0x000002877aa53ad0 JavaThread "ForkJoinPool.commonPool-worker-16" daemon [_thread_blocked, id=31488, stack(0x000000e695100000,0x000000e695200000) (1024K)]
Total: 56

Other Threads:
  0x000002871a804590 VMThread "VM Thread"                           [id=9724, stack(0x000000e691400000,0x000000e691500000) (1024K)]
  0x000002871a6fca00 WatcherThread "VM Periodic Task Thread"        [id=29796, stack(0x000000e691300000,0x000000e691400000) (1024K)]
  0x000002871a891fa0 WorkerThread "GC Thread#0"                     [id=23324, stack(0x000000e691200000,0x000000e691300000) (1024K)]
  0x0000028774a924c0 WorkerThread "GC Thread#1"                     [id=34360, stack(0x000000e691e00000,0x000000e691f00000) (1024K)]
  0x0000028774cbf4e0 WorkerThread "GC Thread#2"                     [id=29732, stack(0x000000e692000000,0x000000e692100000) (1024K)]
  0x0000028774cbf880 WorkerThread "GC Thread#3"                     [id=32628, stack(0x000000e692100000,0x000000e692200000) (1024K)]
  0x0000028774a92860 WorkerThread "GC Thread#4"                     [id=13380, stack(0x000000e692200000,0x000000e692300000) (1024K)]
  0x0000028774a92c00 WorkerThread "GC Thread#5"                     [id=27460, stack(0x000000e692300000,0x000000e692400000) (1024K)]
  0x0000028774856a50 WorkerThread "GC Thread#6"                     [id=5212, stack(0x000000e692400000,0x000000e692500000) (1024K)]
  0x0000028774924fd0 WorkerThread "GC Thread#7"                     [id=7984, stack(0x000000e692600000,0x000000e692700000) (1024K)]
  0x0000028779049de0 WorkerThread "GC Thread#8"                     [id=11720, stack(0x000000e692a00000,0x000000e692b00000) (1024K)]
  0x000002877450f4b0 WorkerThread "GC Thread#9"                     [id=36604, stack(0x000000e692b00000,0x000000e692c00000) (1024K)]
Total: 12

Threads with active compile tasks:
Total: 0

VM state: not at safepoint (normal execution)

VM Mutex/Monitor currently owned by a thread: None

Heap address: 0x0000000080000000, size: 2048 MB, Compressed Oops mode: 32-bit

CDS archive(s) mapped at: [0x0000028732000000-0x0000028732ba0000-0x0000028732ba0000), size 12189696, SharedBaseAddress: 0x0000028732000000, ArchiveRelocationMode: 1.
Compressed class space mapped at: 0x0000028733000000-0x0000028773000000, reserved size: 1073741824
Narrow klass base: 0x0000028732000000, Narrow klass shift: 0, Narrow klass range: 0x100000000

GC Precious Log:
 CardTable entry size: 512
 CPUs: 12 total, 12 available
 Memory: 16108M
 Large Page Support: Disabled
 NUMA Support: Disabled
 Compressed Oops: Enabled (32-bit)
 Alignments: Space 512K, Generation 512K, Heap 2M
 Heap Min Capacity: 100M
 Heap Initial Capacity: 100M
 Heap Max Capacity: 2G
 Pre-touch: Disabled
 Parallel Workers: 10

Heap:
 PSYoungGen      total 10240K, used 10107K [0x00000000d5580000, 0x00000000d6080000, 0x0000000100000000)
  eden space 9216K, 98% used [0x00000000d5580000,0x00000000d5e66ec8,0x00000000d5e80000)
  from space 1024K, 96% used [0x00000000d5f00000,0x00000000d5ff8020,0x00000000d6000000)
  to   space 512K, 0% used [0x00000000d6000000,0x00000000d6000000,0x00000000d6080000)
 ParOldGen       total 1349120K, used 1348635K [0x0000000080000000, 0x00000000d2580000, 0x00000000d5580000)
  object space 1349120K, 99% used [0x0000000080000000,0x00000000d2506f08,0x00000000d2580000)
 Metaspace       used 84527K, committed 86208K, reserved 1179648K
  class space    used 8422K, committed 9216K, reserved 1048576K

Card table byte_map: [0x000002871a210000,0x000002871a620000] _byte_map_base: 0x0000028719e10000

Marking Bits: (ParMarkBitMap*) 0x00007ffe8b02a340
 Begin Bits: [0x000002872cd10000, 0x000002872ed10000)
 End Bits:   [0x000002872ed10000, 0x0000028730d10000)

Polling page: 0x0000028718880000

Metaspace:

Usage:
  Non-class:     74.32 MB used.
      Class:      8.23 MB used.
       Both:     82.55 MB used.

Virtual space:
  Non-class space:      128.00 MB reserved,      75.19 MB ( 59%) committed,  2 nodes.
      Class space:        1.00 GB reserved,       9.00 MB ( <1%) committed,  1 nodes.
             Both:        1.12 GB reserved,      84.19 MB (  7%) committed. 

Chunk freelists:
   Non-Class:  4.81 MB
       Class:  7.00 MB
        Both:  11.82 MB

MaxMetaspaceSize: unlimited
CompressedClassSpaceSize: 1.00 GB
Initial GC threshold: 21.00 MB
Current GC threshold: 133.38 MB
CDS: on
 - commit_granule_bytes: 65536.
 - commit_granule_words: 8192.
 - virtual_space_node_default_size: 8388608.
 - enlarge_chunks_in_place: 1.
 - use_allocation_guard: 0.


Internal statistics:

num_allocs_failed_limit: 9.
num_arena_births: 1638.
num_arena_deaths: 16.
num_vsnodes_births: 3.
num_vsnodes_deaths: 0.
num_space_committed: 1347.
num_space_uncommitted: 0.
num_chunks_returned_to_freelist: 25.
num_chunks_taken_from_freelist: 5766.
num_chunk_merges: 13.
num_chunk_splits: 3436.
num_chunks_enlarged: 1815.
num_inconsistent_stats: 0.

CodeHeap 'non-profiled nmethods': size=120000Kb used=26757Kb max_used=26757Kb free=93243Kb
 bounds [0x0000028725530000, 0x0000028726f60000, 0x000002872ca60000]
CodeHeap 'profiled nmethods': size=120000Kb used=50972Kb max_used=51053Kb free=69028Kb
 bounds [0x000002871da60000, 0x0000028720c40000, 0x0000028724f90000]
CodeHeap 'non-nmethods': size=5760Kb used=1517Kb max_used=1606Kb free=4242Kb
 bounds [0x0000028724f90000, 0x0000028725200000, 0x0000028725530000]
CodeCache: size=245760Kb, used=79246Kb, max_used=79416Kb, free=166513Kb
 total_blobs=21039, nmethods=20207, adapters=731, full_count=0
Compilation: enabled, stopped_count=0, restarted_count=0

Compilation events (20 events):
Event: 1493.468 Thread 0x000002871a925010 25020       4       org.eclipse.jdt.internal.core.CompilationUnitStructureRequestor::createMethodInfo (456 bytes)
Event: 1493.740 Thread 0x000002871a925010 nmethod 25020 0x0000028726f3e910 code [0x0000028726f3efa0, 0x0000028726f45080]
Event: 1493.740 Thread 0x000002871a925010 25021   !   4       org.eclipse.jdt.internal.compiler.parser.Scanner::getNextChar (140 bytes)
Event: 1493.747 Thread 0x000002871a925010 nmethod 25021 0x0000028726f48310 code [0x0000028726f484e0, 0x0000028726f487a0]
Event: 1493.747 Thread 0x000002871a925010 25022       4       org.eclipse.jdt.internal.core.CompilationUnitStructureRequestor::enterMethod (141 bytes)
Event: 1493.748 Thread 0x000002877359aff0 25025       3       org.eclipse.jdt.internal.compiler.lookup.ParameterizedTypeBinding::initializeForStaticImports (8 bytes)
Event: 1493.748 Thread 0x000002877359aff0 nmethod 25025 0x000002871ec48e10 code [0x000002871ec48fc0, 0x000002871ec49198]
Event: 1493.765 Thread 0x000002877359aff0 25028       3       org.eclipse.jdt.internal.compiler.codegen.CodeStream::ifeq (92 bytes)
Event: 1493.766 Thread 0x000002877359aff0 nmethod 25028 0x000002871ec48590 code [0x000002871ec48780, 0x000002871ec48c48]
Event: 1493.818 Thread 0x000002871a925010 nmethod 25022 0x0000028726f48990 code [0x0000028726f48d80, 0x0000028726f4b238]
Event: 1493.819 Thread 0x000002871a925010 25027       4       org.eclipse.jdt.internal.compiler.ClassFile::generateLineNumberAttribute (315 bytes)
Event: 1493.819 Thread 0x00000287747a7ff0 25026       4       org.eclipse.jdt.internal.compiler.lookup.MethodVerifier::computeSubstituteMethod (351 bytes)
Event: 1493.837 Thread 0x000002871a925010 nmethod 25027 0x0000028726f4c990 code [0x0000028726f4cb80, 0x0000028726f4d1f8]
Event: 1493.837 Thread 0x000002871a925010 25024       4       org.eclipse.jdt.internal.compiler.lookup.ReferenceBinding::isSealed (15 bytes)
Event: 1493.838 Thread 0x000002871a925010 nmethod 25024 0x0000028726f4d610 code [0x0000028726f4d7a0, 0x0000028726f4d850]
Event: 1493.838 Thread 0x000002871a925010 25030   !   4       org.eclipse.jdt.internal.core.SourceType::toStringInfo (270 bytes)
Event: 1493.840 Thread 0x00000287747a7ff0 nmethod 25026 0x0000028726f4d910 code [0x0000028726f4db80, 0x0000028726f4e488]
Event: 1493.840 Thread 0x00000287747a7ff0 25029       4       org.eclipse.jdt.core.dom.SimpleType::isVar (62 bytes)
Event: 1493.852 Thread 0x000002871a925010 nmethod 25030 0x0000028726f4ec10 code [0x0000028726f4ee40, 0x0000028726f4f6d8]
Event: 1493.853 Thread 0x00000287747a7ff0 nmethod 25029 0x0000028726f50010 code [0x0000028726f50260, 0x0000028726f50d30]

GC Heap History (20 events):
Event: 1492.364 GC heap before
{Heap before GC invocations=3447 (full 5):
 PSYoungGen      total 10240K, used 10176K [0x00000000d5580000, 0x00000000d6380000, 0x0000000100000000)
  eden space 9216K, 100% used [0x00000000d5580000,0x00000000d5e80000,0x00000000d5e80000)
  from space 1024K, 93% used [0x00000000d6180000,0x00000000d6270020,0x00000000d6280000)
  to   space 1024K, 0% used [0x00000000d6280000,0x00000000d6280000,0x00000000d6380000)
 ParOldGen       total 1340416K, used 1340192K [0x0000000080000000, 0x00000000d1d00000, 0x00000000d5580000)
  object space 1340416K, 99% used [0x0000000080000000,0x00000000d1cc83a0,0x00000000d1d00000)
 Metaspace       used 84525K, committed 86208K, reserved 1179648K
  class space    used 8422K, committed 9216K, reserved 1048576K
}
Event: 1492.368 GC heap after
{Heap after GC invocations=3447 (full 5):
 PSYoungGen      total 10240K, used 864K [0x00000000d5580000, 0x00000000d6380000, 0x0000000100000000)
  eden space 9216K, 0% used [0x00000000d5580000,0x00000000d5580000,0x00000000d5e80000)
  from space 1024K, 84% used [0x00000000d6280000,0x00000000d6358040,0x00000000d6380000)
  to   space 1024K, 0% used [0x00000000d6180000,0x00000000d6180000,0x00000000d6280000)
 ParOldGen       total 1341440K, used 1341021K [0x0000000080000000, 0x00000000d1e00000, 0x00000000d5580000)
  object space 1341440K, 99% used [0x0000000080000000,0x00000000d1d976a8,0x00000000d1e00000)
 Metaspace       used 84525K, committed 86208K, reserved 1179648K
  class space    used 8422K, committed 9216K, reserved 1048576K
}
Event: 1492.382 GC heap before
{Heap before GC invocations=3448 (full 5):
 PSYoungGen      total 10240K, used 10080K [0x00000000d5580000, 0x00000000d6380000, 0x0000000100000000)
  eden space 9216K, 100% used [0x00000000d5580000,0x00000000d5e80000,0x00000000d5e80000)
  from space 1024K, 84% used [0x00000000d6280000,0x00000000d6358040,0x00000000d6380000)
  to   space 1024K, 0% used [0x00000000d6180000,0x00000000d6180000,0x00000000d6280000)
 ParOldGen       total 1341440K, used 1341021K [0x0000000080000000, 0x00000000d1e00000, 0x00000000d5580000)
  object space 1341440K, 99% used [0x0000000080000000,0x00000000d1d976a8,0x00000000d1e00000)
 Metaspace       used 84525K, committed 86208K, reserved 1179648K
  class space    used 8422K, committed 9216K, reserved 1048576K
}
Event: 1492.387 GC heap after
{Heap after GC invocations=3448 (full 5):
 PSYoungGen      total 10240K, used 896K [0x00000000d5580000, 0x00000000d6300000, 0x0000000100000000)
  eden space 9216K, 0% used [0x00000000d5580000,0x00000000d5580000,0x00000000d5e80000)
  from space 1024K, 87% used [0x00000000d6180000,0x00000000d6260020,0x00000000d6280000)
  to   space 512K, 0% used [0x00000000d6280000,0x00000000d6280000,0x00000000d6300000)
 ParOldGen       total 1341952K, used 1341721K [0x0000000080000000, 0x00000000d1e80000, 0x00000000d5580000)
  object space 1341952K, 99% used [0x0000000080000000,0x00000000d1e466f8,0x00000000d1e80000)
 Metaspace       used 84525K, committed 86208K, reserved 1179648K
  class space    used 8422K, committed 9216K, reserved 1048576K
}
Event: 1492.401 GC heap before
{Heap before GC invocations=3449 (full 5):
 PSYoungGen      total 10240K, used 10112K [0x00000000d5580000, 0x00000000d6300000, 0x0000000100000000)
  eden space 9216K, 100% used [0x00000000d5580000,0x00000000d5e80000,0x00000000d5e80000)
  from space 1024K, 87% used [0x00000000d6180000,0x00000000d6260020,0x00000000d6280000)
  to   space 512K, 0% used [0x00000000d6280000,0x00000000d6280000,0x00000000d6300000)
 ParOldGen       total 1341952K, used 1341721K [0x0000000080000000, 0x00000000d1e80000, 0x00000000d5580000)
  object space 1341952K, 99% used [0x0000000080000000,0x00000000d1e466f8,0x00000000d1e80000)
 Metaspace       used 84525K, committed 86208K, reserved 1179648K
  class space    used 8422K, committed 9216K, reserved 1048576K
}
Event: 1492.406 GC heap after
{Heap after GC invocations=3449 (full 5):
 PSYoungGen      total 9728K, used 480K [0x00000000d5580000, 0x00000000d6300000, 0x0000000100000000)
  eden space 9216K, 0% used [0x00000000d5580000,0x00000000d5580000,0x00000000d5e80000)
  from space 512K, 93% used [0x00000000d6280000,0x00000000d62f8020,0x00000000d6300000)
  to   space 2048K, 0% used [0x00000000d5f00000,0x00000000d5f00000,0x00000000d6100000)
 ParOldGen       total 1342976K, used 1342937K [0x0000000080000000, 0x00000000d1f80000, 0x00000000d5580000)
  object space 1342976K, 99% used [0x0000000080000000,0x00000000d1f76718,0x00000000d1f80000)
 Metaspace       used 84525K, committed 86208K, reserved 1179648K
  class space    used 8422K, committed 9216K, reserved 1048576K
}
Event: 1492.461 GC heap before
{Heap before GC invocations=3450 (full 5):
 PSYoungGen      total 9728K, used 9696K [0x00000000d5580000, 0x00000000d6300000, 0x0000000100000000)
  eden space 9216K, 100% used [0x00000000d5580000,0x00000000d5e80000,0x00000000d5e80000)
  from space 512K, 93% used [0x00000000d6280000,0x00000000d62f8020,0x00000000d6300000)
  to   space 2048K, 0% used [0x00000000d5f00000,0x00000000d5f00000,0x00000000d6100000)
 ParOldGen       total 1342976K, used 1342937K [0x0000000080000000, 0x00000000d1f80000, 0x00000000d5580000)
  object space 1342976K, 99% used [0x0000000080000000,0x00000000d1f76718,0x00000000d1f80000)
 Metaspace       used 84526K, committed 86208K, reserved 1179648K
  class space    used 8422K, committed 9216K, reserved 1048576K
}
Event: 1492.467 GC heap after
{Heap after GC invocations=3450 (full 5):
 PSYoungGen      total 11264K, used 1671K [0x00000000d5580000, 0x00000000d6300000, 0x0000000100000000)
  eden space 9216K, 0% used [0x00000000d5580000,0x00000000d5580000,0x00000000d5e80000)
  from space 2048K, 81% used [0x00000000d5f00000,0x00000000d60a1de0,0x00000000d6100000)
  to   space 2048K, 0% used [0x00000000d6100000,0x00000000d6100000,0x00000000d6300000)
 ParOldGen       total 1343488K, used 1343425K [0x0000000080000000, 0x00000000d2000000, 0x00000000d5580000)
  object space 1343488K, 99% used [0x0000000080000000,0x00000000d1ff0738,0x00000000d2000000)
 Metaspace       used 84526K, committed 86208K, reserved 1179648K
  class space    used 8422K, committed 9216K, reserved 1048576K
}
Event: 1493.508 GC heap before
{Heap before GC invocations=3451 (full 5):
 PSYoungGen      total 11264K, used 10887K [0x00000000d5580000, 0x00000000d6300000, 0x0000000100000000)
  eden space 9216K, 100% used [0x00000000d5580000,0x00000000d5e80000,0x00000000d5e80000)
  from space 2048K, 81% used [0x00000000d5f00000,0x00000000d60a1de0,0x00000000d6100000)
  to   space 2048K, 0% used [0x00000000d6100000,0x00000000d6100000,0x00000000d6300000)
 ParOldGen       total 1343488K, used 1343425K [0x0000000080000000, 0x00000000d2000000, 0x00000000d5580000)
  object space 1343488K, 99% used [0x0000000080000000,0x00000000d1ff0738,0x00000000d2000000)
 Metaspace       used 84527K, committed 86208K, reserved 1179648K
  class space    used 8422K, committed 9216K, reserved 1048576K
}
Event: 1493.514 GC heap after
{Heap after GC invocations=3451 (full 5):
 PSYoungGen      total 9728K, used 378K [0x00000000d5580000, 0x00000000d6180000, 0x0000000100000000)
  eden space 9216K, 0% used [0x00000000d5580000,0x00000000d5580000,0x00000000d5e80000)
  from space 512K, 73% used [0x00000000d6100000,0x00000000d615eb40,0x00000000d6180000)
  to   space 1024K, 0% used [0x00000000d5f80000,0x00000000d5f80000,0x00000000d6080000)
 ParOldGen       total 1345024K, used 1344949K [0x0000000080000000, 0x00000000d2180000, 0x00000000d5580000)
  object space 1345024K, 99% used [0x0000000080000000,0x00000000d216d6d8,0x00000000d2180000)
 Metaspace       used 84527K, committed 86208K, reserved 1179648K
  class space    used 8422K, committed 9216K, reserved 1048576K
}
Event: 1493.557 GC heap before
{Heap before GC invocations=3452 (full 5):
 PSYoungGen      total 9728K, used 9594K [0x00000000d5580000, 0x00000000d6180000, 0x0000000100000000)
  eden space 9216K, 100% used [0x00000000d5580000,0x00000000d5e80000,0x00000000d5e80000)
  from space 512K, 73% used [0x00000000d6100000,0x00000000d615eb40,0x00000000d6180000)
  to   space 1024K, 0% used [0x00000000d5f80000,0x00000000d5f80000,0x00000000d6080000)
 ParOldGen       total 1345024K, used 1344949K [0x0000000080000000, 0x00000000d2180000, 0x00000000d5580000)
  object space 1345024K, 99% used [0x0000000080000000,0x00000000d216d6d8,0x00000000d2180000)
 Metaspace       used 84527K, committed 86208K, reserved 1179648K
  class space    used 8422K, committed 9216K, reserved 1048576K
}
Event: 1493.562 GC heap after
{Heap after GC invocations=3452 (full 5):
 PSYoungGen      total 10240K, used 996K [0x00000000d5580000, 0x00000000d6280000, 0x0000000100000000)
  eden space 9216K, 0% used [0x00000000d5580000,0x00000000d5580000,0x00000000d5e80000)
  from space 1024K, 97% used [0x00000000d5f80000,0x00000000d6079210,0x00000000d6080000)
  to   space 2048K, 0% used [0x00000000d6080000,0x00000000d6080000,0x00000000d6280000)
 ParOldGen       total 1345536K, used 1345312K [0x0000000080000000, 0x00000000d2200000, 0x00000000d5580000)
  object space 1345536K, 99% used [0x0000000080000000,0x00000000d21c8228,0x00000000d2200000)
 Metaspace       used 84527K, committed 86208K, reserved 1179648K
  class space    used 8422K, committed 9216K, reserved 1048576K
}
Event: 1493.595 GC heap before
{Heap before GC invocations=3453 (full 5):
 PSYoungGen      total 10240K, used 10212K [0x00000000d5580000, 0x00000000d6280000, 0x0000000100000000)
  eden space 9216K, 100% used [0x00000000d5580000,0x00000000d5e80000,0x00000000d5e80000)
  from space 1024K, 97% used [0x00000000d5f80000,0x00000000d6079210,0x00000000d6080000)
  to   space 2048K, 0% used [0x00000000d6080000,0x00000000d6080000,0x00000000d6280000)
 ParOldGen       total 1345536K, used 1345312K [0x0000000080000000, 0x00000000d2200000, 0x00000000d5580000)
  object space 1345536K, 99% used [0x0000000080000000,0x00000000d21c8228,0x00000000d2200000)
 Metaspace       used 84527K, committed 86208K, reserved 1179648K
  class space    used 8422K, committed 9216K, reserved 1048576K
}
Event: 1493.600 GC heap after
{Heap after GC invocations=3453 (full 5):
 PSYoungGen      total 10240K, used 896K [0x00000000d5580000, 0x00000000d6180000, 0x0000000100000000)
  eden space 9216K, 0% used [0x00000000d5580000,0x00000000d5580000,0x00000000d5e80000)
  from space 1024K, 87% used [0x00000000d6080000,0x00000000d6160040,0x00000000d6180000)
  to   space 1536K, 0% used [0x00000000d5e80000,0x00000000d5e80000,0x00000000d6000000)
 ParOldGen       total 1346560K, used 1346342K [0x0000000080000000, 0x00000000d2300000, 0x00000000d5580000)
  object space 1346560K, 99% used [0x0000000080000000,0x00000000d22c9bc0,0x00000000d2300000)
 Metaspace       used 84527K, committed 86208K, reserved 1179648K
  class space    used 8422K, committed 9216K, reserved 1048576K
}
Event: 1493.665 GC heap before
{Heap before GC invocations=3454 (full 5):
 PSYoungGen      total 10240K, used 10112K [0x00000000d5580000, 0x00000000d6180000, 0x0000000100000000)
  eden space 9216K, 100% used [0x00000000d5580000,0x00000000d5e80000,0x00000000d5e80000)
  from space 1024K, 87% used [0x00000000d6080000,0x00000000d6160040,0x00000000d6180000)
  to   space 1536K, 0% used [0x00000000d5e80000,0x00000000d5e80000,0x00000000d6000000)
 ParOldGen       total 1346560K, used 1346342K [0x0000000080000000, 0x00000000d2300000, 0x00000000d5580000)
  object space 1346560K, 99% used [0x0000000080000000,0x00000000d22c9bc0,0x00000000d2300000)
 Metaspace       used 84527K, committed 86208K, reserved 1179648K
  class space    used 8422K, committed 9216K, reserved 1048576K
}
Event: 1493.670 GC heap after
{Heap after GC invocations=3454 (full 5):
 PSYoungGen      total 10752K, used 896K [0x00000000d5580000, 0x00000000d6100000, 0x0000000100000000)
  eden space 9216K, 0% used [0x00000000d5580000,0x00000000d5580000,0x00000000d5e80000)
  from space 1536K, 58% used [0x00000000d5e80000,0x00000000d5f60020,0x00000000d6000000)
  to   space 1024K, 0% used [0x00000000d6000000,0x00000000d6000000,0x00000000d6100000)
 ParOldGen       total 1347584K, used 1347075K [0x0000000080000000, 0x00000000d2400000, 0x00000000d5580000)
  object space 1347584K, 99% used [0x0000000080000000,0x00000000d2380ea8,0x00000000d2400000)
 Metaspace       used 84527K, committed 86208K, reserved 1179648K
  class space    used 8422K, committed 9216K, reserved 1048576K
}
Event: 1493.687 GC heap before
{Heap before GC invocations=3455 (full 5):
 PSYoungGen      total 10752K, used 10112K [0x00000000d5580000, 0x00000000d6100000, 0x0000000100000000)
  eden space 9216K, 100% used [0x00000000d5580000,0x00000000d5e80000,0x00000000d5e80000)
  from space 1536K, 58% used [0x00000000d5e80000,0x00000000d5f60020,0x00000000d6000000)
  to   space 1024K, 0% used [0x00000000d6000000,0x00000000d6000000,0x00000000d6100000)
 ParOldGen       total 1347584K, used 1347075K [0x0000000080000000, 0x00000000d2400000, 0x00000000d5580000)
  object space 1347584K, 99% used [0x0000000080000000,0x00000000d2380ea8,0x00000000d2400000)
 Metaspace       used 84527K, committed 86208K, reserved 1179648K
  class space    used 8422K, committed 9216K, reserved 1048576K
}
Event: 1493.692 GC heap after
{Heap after GC invocations=3455 (full 5):
 PSYoungGen      total 10240K, used 928K [0x00000000d5580000, 0x00000000d6100000, 0x0000000100000000)
  eden space 9216K, 0% used [0x00000000d5580000,0x00000000d5580000,0x00000000d5e80000)
  from space 1024K, 90% used [0x00000000d6000000,0x00000000d60e8020,0x00000000d6100000)
  to   space 1024K, 0% used [0x00000000d5f00000,0x00000000d5f00000,0x00000000d6000000)
 ParOldGen       total 1348096K, used 1347819K [0x0000000080000000, 0x00000000d2480000, 0x00000000d5580000)
  object space 1348096K, 99% used [0x0000000080000000,0x00000000d243aee8,0x00000000d2480000)
 Metaspace       used 84527K, committed 86208K, reserved 1179648K
  class space    used 8422K, committed 9216K, reserved 1048576K
}
Event: 1493.710 GC heap before
{Heap before GC invocations=3456 (full 5):
 PSYoungGen      total 10240K, used 10144K [0x00000000d5580000, 0x00000000d6100000, 0x0000000100000000)
  eden space 9216K, 100% used [0x00000000d5580000,0x00000000d5e80000,0x00000000d5e80000)
  from space 1024K, 90% used [0x00000000d6000000,0x00000000d60e8020,0x00000000d6100000)
  to   space 1024K, 0% used [0x00000000d5f00000,0x00000000d5f00000,0x00000000d6000000)
 ParOldGen       total 1348096K, used 1347819K [0x0000000080000000, 0x00000000d2480000, 0x00000000d5580000)
  object space 1348096K, 99% used [0x0000000080000000,0x00000000d243aee8,0x00000000d2480000)
 Metaspace       used 84527K, committed 86208K, reserved 1179648K
  class space    used 8422K, committed 9216K, reserved 1048576K
}
Event: 1493.715 GC heap after
{Heap after GC invocations=3456 (full 5):
 PSYoungGen      total 10240K, used 992K [0x00000000d5580000, 0x00000000d6080000, 0x0000000100000000)
  eden space 9216K, 0% used [0x00000000d5580000,0x00000000d5580000,0x00000000d5e80000)
  from space 1024K, 96% used [0x00000000d5f00000,0x00000000d5ff8020,0x00000000d6000000)
  to   space 512K, 0% used [0x00000000d6000000,0x00000000d6000000,0x00000000d6080000)
 ParOldGen       total 1349120K, used 1348635K [0x0000000080000000, 0x00000000d2580000, 0x00000000d5580000)
  object space 1349120K, 99% used [0x0000000080000000,0x00000000d2506f08,0x00000000d2580000)
 Metaspace       used 84527K, committed 86208K, reserved 1179648K
  class space    used 8422K, committed 9216K, reserved 1048576K
}

Dll operation events (12 events):
Event: 0.012 Loaded shared library c:\Users\Denis\.cursor\extensions\redhat.java-1.44.0-win32-x64\jre\21.0.8-win32-x86_64\bin\java.dll
Event: 0.137 Loaded shared library c:\Users\Denis\.cursor\extensions\redhat.java-1.44.0-win32-x64\jre\21.0.8-win32-x86_64\bin\zip.dll
Event: 0.185 Loaded shared library C:\Users\Denis\.cursor\extensions\redhat.java-1.44.0-win32-x64\jre\21.0.8-win32-x86_64\bin\instrument.dll
Event: 0.194 Loaded shared library C:\Users\Denis\.cursor\extensions\redhat.java-1.44.0-win32-x64\jre\21.0.8-win32-x86_64\bin\net.dll
Event: 0.200 Loaded shared library C:\Users\Denis\.cursor\extensions\redhat.java-1.44.0-win32-x64\jre\21.0.8-win32-x86_64\bin\nio.dll
Event: 0.207 Loaded shared library C:\Users\Denis\.cursor\extensions\redhat.java-1.44.0-win32-x64\jre\21.0.8-win32-x86_64\bin\zip.dll
Event: 0.248 Loaded shared library C:\Users\Denis\.cursor\extensions\redhat.java-1.44.0-win32-x64\jre\21.0.8-win32-x86_64\bin\jimage.dll
Event: 0.422 Loaded shared library c:\Users\Denis\.cursor\extensions\redhat.java-1.44.0-win32-x64\jre\21.0.8-win32-x86_64\bin\verify.dll
Event: 16.538 Loaded shared library C:\Users\Denis\AppData\Roaming\Cursor\User\globalStorage\redhat.java\1.44.0\config_win\org.eclipse.equinox.launcher\org.eclipse.equinox.launcher.win32.win32.x86_64_1.2.1400.v20250730-1736\eclipse_11913.dll
Event: 49.808 Loaded shared library C:\Users\Denis\AppData\Local\Temp\jna-65917399\jna17662364672585115202.dll
Event: 56.709 Loaded shared library C:\Users\Denis\.cursor\extensions\redhat.java-1.44.0-win32-x64\jre\21.0.8-win32-x86_64\bin\sunmscapi.dll
Event: 57.187 Loaded shared library C:\Users\Denis\.cursor\extensions\redhat.java-1.44.0-win32-x64\jre\21.0.8-win32-x86_64\bin\extnet.dll

Deoptimization events (20 events):
Event: 1491.352 Thread 0x000002877b1b6530 Uncommon trap: trap_request=0xffffff45 fr.pc=0x00000287268962fc relative=0x0000000000001a5c
Event: 1491.352 Thread 0x000002877b1b6530 Uncommon trap: reason=unstable_if action=reinterpret pc=0x00000287268962fc method=org.eclipse.jdt.internal.compiler.parser.Scanner.jumpOverMethodBody()V @ 917 c2
Event: 1491.352 Thread 0x000002877b1b6530 DEOPT PACKING pc=0x00000287268962fc sp=0x000000e6933fd830
Event: 1491.352 Thread 0x000002877b1b6530 DEOPT UNPACKING pc=0x0000028724fe3aa2 sp=0x000000e6933fd7b8 mode 2
Event: 1491.353 Thread 0x000002877b1b6530 Uncommon trap: trap_request=0xffffff45 fr.pc=0x0000028726ee4fc8 relative=0x0000000000002068
Event: 1491.353 Thread 0x000002877b1b6530 Uncommon trap: reason=unstable_if action=reinterpret pc=0x0000028726ee4fc8 method=org.eclipse.jdt.internal.compiler.parser.Scanner.getNextToken0()Lorg/eclipse/jdt/internal/compiler/parser/TerminalToken; @ 2146 c2
Event: 1491.353 Thread 0x000002877b1b6530 DEOPT PACKING pc=0x0000028726ee4fc8 sp=0x000000e6933fd8a0
Event: 1491.353 Thread 0x000002877b1b6530 DEOPT UNPACKING pc=0x0000028724fe3aa2 sp=0x000000e6933fd7e0 mode 2
Event: 1491.363 Thread 0x000002877b1b6530 Uncommon trap: trap_request=0xffffff45 fr.pc=0x00000287267e7270 relative=0x0000000000000470
Event: 1491.363 Thread 0x000002877b1b6530 Uncommon trap: reason=unstable_if action=reinterpret pc=0x00000287267e7270 method=org.eclipse.jdt.internal.core.util.CommentRecorderParser.flushCommentsDefinedPriorTo(I)I @ 164 c2
Event: 1491.364 Thread 0x000002877b1b6530 DEOPT PACKING pc=0x00000287267e7270 sp=0x000000e6933fd830
Event: 1491.364 Thread 0x000002877b1b6530 DEOPT UNPACKING pc=0x0000028724fe3aa2 sp=0x000000e6933fd7c0 mode 2
Event: 1491.377 Thread 0x000002877b1b6530 Uncommon trap: trap_request=0xffffff45 fr.pc=0x00000287261d12c0 relative=0x0000000000001ba0
Event: 1491.377 Thread 0x000002877b1b6530 Uncommon trap: reason=unstable_if action=reinterpret pc=0x00000287261d12c0 method=org.eclipse.jdt.core.Signature.encodeTypeSignature([CIZILjava/lang/StringBuilder;)I @ 446 c2
Event: 1491.378 Thread 0x000002877b1b6530 DEOPT PACKING pc=0x00000287261d12c0 sp=0x000000e6933fd440
Event: 1491.378 Thread 0x000002877b1b6530 DEOPT UNPACKING pc=0x0000028724fe3aa2 sp=0x000000e6933fd408 mode 2
Event: 1492.282 Thread 0x000002877b6c5630 DEOPT PACKING pc=0x000002871ec65e3b sp=0x000000e6932fdfe0
Event: 1492.282 Thread 0x000002877b6c5630 DEOPT UNPACKING pc=0x0000028724fe4242 sp=0x000000e6932fd500 mode 0
Event: 1493.365 Thread 0x000002877c21dfa0 DEOPT PACKING pc=0x000002871ec65bf2 sp=0x000000e6949fdde0
Event: 1493.365 Thread 0x000002877c21dfa0 DEOPT UNPACKING pc=0x0000028724fe4242 sp=0x000000e6949fd300 mode 0

Classes loaded (20 events):
Event: 359.706 Loading class java/io/ObjectOutputStream$HandleTable
Event: 359.706 Loading class java/io/ObjectOutputStream$HandleTable done
Event: 359.706 Loading class java/io/ObjectOutputStream$ReplaceTable
Event: 359.706 Loading class java/io/ObjectOutputStream$ReplaceTable done
Event: 540.320 Loading class jdk/internal/module/IllegalAccessLogger
Event: 540.320 Loading class jdk/internal/module/IllegalAccessLogger done
Event: 1425.386 Loading class jdk/internal/module/IllegalAccessLogger
Event: 1425.386 Loading class jdk/internal/module/IllegalAccessLogger done
Event: 1425.683 Loading class java/util/ArrayDeque$DeqSpliterator
Event: 1425.685 Loading class java/util/ArrayDeque$DeqSpliterator done
Event: 1438.862 Loading class jdk/internal/module/IllegalAccessLogger
Event: 1438.862 Loading class jdk/internal/module/IllegalAccessLogger done
Event: 1448.656 Loading class jdk/internal/module/IllegalAccessLogger
Event: 1448.656 Loading class jdk/internal/module/IllegalAccessLogger done
Event: 1456.402 Loading class jdk/internal/module/IllegalAccessLogger
Event: 1456.402 Loading class jdk/internal/module/IllegalAccessLogger done
Event: 1463.570 Loading class jdk/internal/module/IllegalAccessLogger
Event: 1463.570 Loading class jdk/internal/module/IllegalAccessLogger done
Event: 1482.352 Loading class jdk/internal/module/IllegalAccessLogger
Event: 1482.352 Loading class jdk/internal/module/IllegalAccessLogger done

Classes unloaded (8 events):
Event: 51.320 Thread 0x000002871a804590 Unloading class 0x00000287331aa000 'java/lang/invoke/LambdaForm$MH+0x00000287331aa000'
Event: 51.320 Thread 0x000002871a804590 Unloading class 0x00000287331a9c00 'java/lang/invoke/LambdaForm$MH+0x00000287331a9c00'
Event: 51.320 Thread 0x000002871a804590 Unloading class 0x00000287331a9800 'java/lang/invoke/LambdaForm$MH+0x00000287331a9800'
Event: 51.320 Thread 0x000002871a804590 Unloading class 0x00000287331a9400 'java/lang/invoke/LambdaForm$MH+0x00000287331a9400'
Event: 51.320 Thread 0x000002871a804590 Unloading class 0x00000287331a9000 'java/lang/invoke/LambdaForm$BMH+0x00000287331a9000'
Event: 51.320 Thread 0x000002871a804590 Unloading class 0x00000287331a8c00 'java/lang/invoke/LambdaForm$DMH+0x00000287331a8c00'
Event: 51.320 Thread 0x000002871a804590 Unloading class 0x00000287331a3800 'java/lang/invoke/LambdaForm$DMH+0x00000287331a3800'
Event: 137.651 Thread 0x000002871a804590 Unloading class 0x000002873377c400 'java/lang/invoke/LambdaForm$DMH+0x000002873377c400'

Classes redefined (0 events):
No events

Internal exceptions (20 events):
Event: 1448.709 Thread 0x000002877b6c4fa0 Implicit null exception at 0x0000028726ac7308 to 0x0000028726ac8c7c
Event: 1448.717 Thread 0x000002877b6c4fa0 Implicit null exception at 0x0000028726ac7308 to 0x0000028726ac8c7c
Event: 1448.717 Thread 0x000002877b6c4fa0 Implicit null exception at 0x0000028726ac7308 to 0x0000028726ac8c7c
Event: 1448.717 Thread 0x000002877b6c4fa0 Implicit null exception at 0x0000028726ac7308 to 0x0000028726ac8c7c
Event: 1448.717 Thread 0x000002877b6c4fa0 Implicit null exception at 0x0000028726ac7308 to 0x0000028726ac8c7c
Event: 1448.718 Thread 0x000002877b6c4fa0 Implicit null exception at 0x000002872626d149 to 0x000002872626f036
Event: 1448.718 Thread 0x000002877b6c4fa0 Implicit null exception at 0x000002872626d149 to 0x000002872626f036
Event: 1448.719 Thread 0x000002877b6c4fa0 Implicit null exception at 0x0000028726cd5331 to 0x0000028726cd546c
Event: 1448.719 Thread 0x000002877b6c4fa0 Implicit null exception at 0x000002872626d149 to 0x000002872626f036
Event: 1448.723 Thread 0x000002877b6c4fa0 Implicit null exception at 0x0000028726ac7308 to 0x0000028726ac8c7c
Event: 1449.798 Thread 0x00000287790767f0 Exception <a 'sun/nio/fs/WindowsException'{0x00000000d5c957b8}> (0x00000000d5c957b8) 
thrown [s\src\hotspot\share\prims\jni.cpp, line 520]
Event: 1456.148 Thread 0x00000287790767f0 Exception <a 'sun/nio/fs/WindowsException'{0x00000000d569ff18}> (0x00000000d569ff18) 
thrown [s\src\hotspot\share\prims\jni.cpp, line 520]
Event: 1456.715 Thread 0x00000287790767f0 Exception <a 'sun/nio/fs/WindowsException'{0x00000000d5b4f028}> (0x00000000d5b4f028) 
thrown [s\src\hotspot\share\prims\jni.cpp, line 520]
Event: 1463.221 Thread 0x00000287790767f0 Exception <a 'sun/nio/fs/WindowsException'{0x00000000d58dc9e8}> (0x00000000d58dc9e8) 
thrown [s\src\hotspot\share\prims\jni.cpp, line 520]
Event: 1463.909 Thread 0x00000287790767f0 Exception <a 'sun/nio/fs/WindowsException'{0x00000000d6102060}> (0x00000000d6102060) 
thrown [s\src\hotspot\share\prims\jni.cpp, line 520]
Event: 1478.170 Thread 0x000002877b6c5630 Implicit null exception at 0x00000287257fb2c3 to 0x00000287257fb790
Event: 1481.786 Thread 0x00000287790767f0 Exception <a 'sun/nio/fs/WindowsException'{0x00000000d577a9a0}> (0x00000000d577a9a0) 
thrown [s\src\hotspot\share\prims\jni.cpp, line 520]
Event: 1482.751 Thread 0x00000287790767f0 Exception <a 'sun/nio/fs/WindowsException'{0x00000000d582b450}> (0x00000000d582b450) 
thrown [s\src\hotspot\share\prims\jni.cpp, line 520]
Event: 1485.929 Thread 0x000002877b1b6530 Exception <a 'java/lang/NoSuchMethodError'{0x00000000d5b35d50}: 'java.lang.Object java.lang.invoke.DirectMethodHandle$Holder.invokeStaticInit(java.lang.Object, java.lang.Object, java.lang.Object)'> (0x00000000d5b35d50) 
thrown [s\src\hotspot\share\interpreter\linkResolver.cpp, line 773]
Event: 1486.186 Thread 0x000002877b1b6530 Implicit null exception at 0x00000287266fc7df to 0x00000287266fd838

ZGC Phase Switch (0 events):
No events

VM Operations (20 events):
Event: 1493.467 Executing VM operation: Cleanup
Event: 1493.467 Executing VM operation: Cleanup done
Event: 1493.508 Executing VM operation: ParallelGCFailedAllocation (Allocation Failure)
Event: 1493.514 Executing VM operation: ParallelGCFailedAllocation (Allocation Failure) done
Event: 1493.557 Executing VM operation: ParallelGCFailedAllocation (Allocation Failure)
Event: 1493.562 Executing VM operation: ParallelGCFailedAllocation (Allocation Failure) done
Event: 1493.595 Executing VM operation: ParallelGCFailedAllocation (Allocation Failure)
Event: 1493.600 Executing VM operation: ParallelGCFailedAllocation (Allocation Failure) done
Event: 1493.665 Executing VM operation: ParallelGCFailedAllocation (Allocation Failure)
Event: 1493.670 Executing VM operation: ParallelGCFailedAllocation (Allocation Failure) done
Event: 1493.687 Executing VM operation: ParallelGCFailedAllocation (Allocation Failure)
Event: 1493.692 Executing VM operation: ParallelGCFailedAllocation (Allocation Failure) done
Event: 1493.710 Executing VM operation: ParallelGCFailedAllocation (Allocation Failure)
Event: 1493.715 Executing VM operation: ParallelGCFailedAllocation (Allocation Failure) done
Event: 1494.719 Executing VM operation: Cleanup
Event: 1494.719 Executing VM operation: Cleanup done
Event: 1502.961 Executing VM operation: HandshakeAllThreads (HandshakeForDeflation)
Event: 1502.961 Executing VM operation: HandshakeAllThreads (HandshakeForDeflation) done
Event: 1502.961 Executing VM operation: RendezvousGCThreads
Event: 1502.961 Executing VM operation: RendezvousGCThreads done

Memory protections (0 events):
No events

Nmethod flushes (20 events):
Event: 287.031 Thread 0x000002871a804590 flushing  nmethod 0x000002871fec9e90
Event: 287.031 Thread 0x000002871a804590 flushing  nmethod 0x000002871feff010
Event: 287.031 Thread 0x000002871a804590 flushing  nmethod 0x000002871ff38d90
Event: 287.031 Thread 0x000002871a804590 flushing  nmethod 0x000002871ff4c910
Event: 287.031 Thread 0x000002871a804590 flushing  nmethod 0x000002871ff5f490
Event: 287.031 Thread 0x000002871a804590 flushing  nmethod 0x000002871ff60610
Event: 287.031 Thread 0x000002871a804590 flushing  nmethod 0x000002871ff60d90
Event: 287.031 Thread 0x000002871a804590 flushing  nmethod 0x000002871ff61490
Event: 287.031 Thread 0x000002871a804590 flushing  nmethod 0x000002871ff61810
Event: 287.031 Thread 0x000002871a804590 flushing  nmethod 0x000002871ff62310
Event: 287.031 Thread 0x000002871a804590 flushing  nmethod 0x000002871ff66710
Event: 287.031 Thread 0x000002871a804590 flushing  nmethod 0x000002871ff67d90
Event: 287.031 Thread 0x000002871a804590 flushing  nmethod 0x000002871ff68510
Event: 287.031 Thread 0x000002871a804590 flushing  nmethod 0x000002871ff6b110
Event: 287.031 Thread 0x000002871a804590 flushing  nmethod 0x000002871ff6d810
Event: 287.031 Thread 0x000002871a804590 flushing  nmethod 0x000002871ff6e190
Event: 287.031 Thread 0x000002871a804590 flushing  nmethod 0x000002871ff8ff90
Event: 287.031 Thread 0x000002871a804590 flushing  nmethod 0x000002871ff9e110
Event: 287.031 Thread 0x000002871a804590 flushing  nmethod 0x000002871ffa3e10
Event: 287.031 Thread 0x000002871a804590 flushing  nmethod 0x000002871ffa6690

Events (20 events):
Event: 1452.850 Thread 0x00000287747aa8d0 Thread exited: 0x00000287747aa8d0
Event: 1454.342 Thread 0x000002877a845fc0 Thread exited: 0x000002877a845fc0
Event: 1456.402 Thread 0x000002877359aff0 Thread added: 0x00000287747a7ff0
Event: 1458.318 Thread 0x00000287747a7ff0 Thread exited: 0x00000287747a7ff0
Event: 1458.426 Thread 0x000002877359aff0 Thread added: 0x00000287747a7ff0
Event: 1461.736 Thread 0x00000287747a7ff0 Thread exited: 0x00000287747a7ff0
Event: 1463.391 Thread 0x000002877359aff0 Thread added: 0x00000287747a7ff0
Event: 1464.809 Thread 0x00000287747a7ff0 Thread exited: 0x00000287747a7ff0
Event: 1478.056 Thread 0x000002877359aff0 Thread added: 0x00000287747a7ff0
Event: 1479.918 Thread 0x00000287747a7ff0 Thread exited: 0x00000287747a7ff0
Event: 1480.600 Thread 0x000002877c21dfa0 Thread added: 0x000002877b1bb3f0
Event: 1481.985 Thread 0x000002877c21dfa0 Thread added: 0x000002877aa53ad0
Event: 1482.141 Thread 0x000002871a925010 Thread added: 0x00000287747a7ff0
Event: 1485.870 Thread 0x00000287747a7ff0 Thread exited: 0x00000287747a7ff0
Event: 1491.272 Thread 0x000002877359aff0 Thread added: 0x00000287747a7ff0
Event: 1491.319 Thread 0x00000287747a7ff0 Thread added: 0x000002877afa14c0
Event: 1493.352 Thread 0x000002877afa14c0 Thread exited: 0x000002877afa14c0
Event: 1493.352 Thread 0x00000287747a7ff0 Thread exited: 0x00000287747a7ff0
Event: 1493.819 Thread 0x000002871a925010 Thread added: 0x00000287747a7ff0
Event: 1498.866 Thread 0x00000287747a7ff0 Thread exited: 0x00000287747a7ff0


Dynamic libraries:
0x00007ff76a4c0000 - 0x00007ff76a4ce000 	c:\Users\Denis\.cursor\extensions\redhat.java-1.44.0-win32-x64\jre\21.0.8-win32-x86_64\bin\java.exe
0x00007fff98540000 - 0x00007fff987a7000 	C:\WINDOWS\SYSTEM32\ntdll.dll
0x00007fff96a60000 - 0x00007fff96b29000 	C:\WINDOWS\System32\KERNEL32.DLL
0x00007fff95d70000 - 0x00007fff96160000 	C:\WINDOWS\System32\KERNELBASE.dll
0x00007fff95670000 - 0x00007fff957bb000 	C:\WINDOWS\System32\ucrtbase.dll
0x00007fff7cda0000 - 0x00007fff7cdb8000 	c:\Users\Denis\.cursor\extensions\redhat.java-1.44.0-win32-x64\jre\21.0.8-win32-x86_64\bin\jli.dll
0x00007fff702f0000 - 0x00007fff7030e000 	c:\Users\Denis\.cursor\extensions\redhat.java-1.44.0-win32-x64\jre\21.0.8-win32-x86_64\bin\VCRUNTIME140.dll
0x00007fff966e0000 - 0x00007fff968a5000 	C:\WINDOWS\System32\USER32.dll
0x00007fff95a80000 - 0x00007fff95aa7000 	C:\WINDOWS\System32\win32u.dll
0x00007fff966b0000 - 0x00007fff966db000 	C:\WINDOWS\System32\GDI32.dll
0x00007fff79130000 - 0x00007fff793ca000 	C:\WINDOWS\WinSxS\amd64_microsoft.windows.common-controls_6595b64144ccf1df_6.0.26100.4768_none_3e0c112ce331287c\COMCTL32.dll
0x00007fff95c30000 - 0x00007fff95d68000 	C:\WINDOWS\System32\gdi32full.dll
0x00007fff97350000 - 0x00007fff973f9000 	C:\WINDOWS\System32\msvcrt.dll
0x00007fff959d0000 - 0x00007fff95a73000 	C:\WINDOWS\System32\msvcp_win.dll
0x00007fff98440000 - 0x00007fff9846f000 	C:\WINDOWS\System32\IMM32.DLL
0x00007fff821a0000 - 0x00007fff821ac000 	c:\Users\Denis\.cursor\extensions\redhat.java-1.44.0-win32-x64\jre\21.0.8-win32-x86_64\bin\vcruntime140_1.dll
0x00007fff4d1b0000 - 0x00007fff4d23d000 	c:\Users\Denis\.cursor\extensions\redhat.java-1.44.0-win32-x64\jre\21.0.8-win32-x86_64\bin\msvcp140.dll
0x00007ffe8a370000 - 0x00007ffe8b107000 	c:\Users\Denis\.cursor\extensions\redhat.java-1.44.0-win32-x64\jre\21.0.8-win32-x86_64\bin\server\jvm.dll
0x00007fff97900000 - 0x00007fff979b4000 	C:\WINDOWS\System32\ADVAPI32.dll
0x00007fff972a0000 - 0x00007fff97346000 	C:\WINDOWS\System32\sechost.dll
0x00007fff96b30000 - 0x00007fff96c48000 	C:\WINDOWS\System32\RPCRT4.dll
0x00007fff97220000 - 0x00007fff97294000 	C:\WINDOWS\System32\WS2_32.dll
0x00007fff954d0000 - 0x00007fff9552e000 	C:\WINDOWS\SYSTEM32\POWRPROF.dll
0x00007fff8a250000 - 0x00007fff8a285000 	C:\WINDOWS\SYSTEM32\WINMM.dll
0x00007fff7b100000 - 0x00007fff7b10b000 	C:\WINDOWS\SYSTEM32\VERSION.dll
0x00007fff954b0000 - 0x00007fff954c4000 	C:\WINDOWS\SYSTEM32\UMPDC.dll
0x00007fff943f0000 - 0x00007fff9440b000 	C:\WINDOWS\SYSTEM32\kernel.appcore.dll
0x00007fff80300000 - 0x00007fff8030a000 	c:\Users\Denis\.cursor\extensions\redhat.java-1.44.0-win32-x64\jre\21.0.8-win32-x86_64\bin\jimage.dll
0x00007fff92c40000 - 0x00007fff92e81000 	C:\WINDOWS\SYSTEM32\DBGHELP.DLL
0x00007fff96320000 - 0x00007fff966a5000 	C:\WINDOWS\System32\combase.dll
0x00007fff96f80000 - 0x00007fff97060000 	C:\WINDOWS\System32\OLEAUT32.dll
0x00007fff6e500000 - 0x00007fff6e543000 	C:\WINDOWS\SYSTEM32\dbgcore.DLL
0x00007fff96170000 - 0x00007fff96209000 	C:\WINDOWS\System32\bcryptPrimitives.dll
0x00007fff802a0000 - 0x00007fff802af000 	c:\Users\Denis\.cursor\extensions\redhat.java-1.44.0-win32-x64\jre\21.0.8-win32-x86_64\bin\instrument.dll
0x00007fff6ac30000 - 0x00007fff6ac4f000 	c:\Users\Denis\.cursor\extensions\redhat.java-1.44.0-win32-x64\jre\21.0.8-win32-x86_64\bin\java.dll
0x00007fff97cc0000 - 0x00007fff9840d000 	C:\WINDOWS\System32\SHELL32.dll
0x00007fff95850000 - 0x00007fff959c3000 	C:\WINDOWS\System32\wintypes.dll
0x00007fff93220000 - 0x00007fff93a80000 	C:\WINDOWS\SYSTEM32\windows.storage.dll
0x00007fff97bc0000 - 0x00007fff97cb5000 	C:\WINDOWS\System32\SHCORE.dll
0x00007fff97890000 - 0x00007fff978fa000 	C:\WINDOWS\System32\shlwapi.dll
0x00007fff95590000 - 0x00007fff955b9000 	C:\WINDOWS\SYSTEM32\profapi.dll
0x00007fff7ce50000 - 0x00007fff7ce68000 	c:\Users\Denis\.cursor\extensions\redhat.java-1.44.0-win32-x64\jre\21.0.8-win32-x86_64\bin\zip.dll
0x00007fff7cbf0000 - 0x00007fff7cc00000 	C:\Users\Denis\.cursor\extensions\redhat.java-1.44.0-win32-x64\jre\21.0.8-win32-x86_64\bin\net.dll
0x00007fff8b850000 - 0x00007fff8b96e000 	C:\WINDOWS\SYSTEM32\WINHTTP.dll
0x00007fff94980000 - 0x00007fff949eb000 	C:\WINDOWS\system32\mswsock.dll
0x00007fff7cbd0000 - 0x00007fff7cbe6000 	C:\Users\Denis\.cursor\extensions\redhat.java-1.44.0-win32-x64\jre\21.0.8-win32-x86_64\bin\nio.dll
0x00007fff7c440000 - 0x00007fff7c450000 	c:\Users\Denis\.cursor\extensions\redhat.java-1.44.0-win32-x64\jre\21.0.8-win32-x86_64\bin\verify.dll
0x00007fff4d260000 - 0x00007fff4d2a5000 	C:\Users\Denis\AppData\Roaming\Cursor\User\globalStorage\redhat.java\1.44.0\config_win\org.eclipse.equinox.launcher\org.eclipse.equinox.launcher.win32.win32.x86_64_1.2.1400.v20250730-1736\eclipse_11913.dll
0x00007fff97070000 - 0x00007fff97210000 	C:\WINDOWS\System32\ole32.dll
0x00007fff94c40000 - 0x00007fff94c5b000 	C:\WINDOWS\SYSTEM32\CRYPTSP.dll
0x00007fff94350000 - 0x00007fff9438b000 	C:\WINDOWS\system32\rsaenh.dll
0x00007fff94a20000 - 0x00007fff94a4b000 	C:\WINDOWS\SYSTEM32\USERENV.dll
0x00007fff95560000 - 0x00007fff95586000 	C:\WINDOWS\SYSTEM32\bcrypt.dll
0x00007fff94c60000 - 0x00007fff94c6c000 	C:\WINDOWS\SYSTEM32\CRYPTBASE.dll
0x00007fff93e10000 - 0x00007fff93e43000 	C:\WINDOWS\SYSTEM32\IPHLPAPI.DLL
0x00007fff98430000 - 0x00007fff9843a000 	C:\WINDOWS\System32\NSI.dll
0x00007fff4cc20000 - 0x00007fff4cc69000 	C:\Users\Denis\AppData\Local\Temp\jna-65917399\jna17662364672585115202.dll
0x00007fff96f70000 - 0x00007fff96f78000 	C:\WINDOWS\System32\PSAPI.DLL
0x00007fff8c1d0000 - 0x00007fff8c1ef000 	C:\WINDOWS\SYSTEM32\dhcpcsvc6.DLL
0x00007fff8c1a0000 - 0x00007fff8c1c5000 	C:\WINDOWS\SYSTEM32\dhcpcsvc.DLL
0x00007fff80310000 - 0x00007fff8031e000 	C:\Users\Denis\.cursor\extensions\redhat.java-1.44.0-win32-x64\jre\21.0.8-win32-x86_64\bin\sunmscapi.dll
0x00007fff95ab0000 - 0x00007fff95c27000 	C:\WINDOWS\System32\CRYPT32.dll
0x00007fff94e60000 - 0x00007fff94e90000 	C:\WINDOWS\SYSTEM32\ncrypt.dll
0x00007fff94e10000 - 0x00007fff94e4f000 	C:\WINDOWS\SYSTEM32\NTASN1.dll
0x00007fff93eb0000 - 0x00007fff93fd6000 	C:\WINDOWS\SYSTEM32\DNSAPI.dll
0x00007fff89f00000 - 0x00007fff89f0b000 	C:\Windows\System32\rasadhlp.dll
0x00007fff8cb20000 - 0x00007fff8cba6000 	C:\WINDOWS\System32\fwpuclnt.dll
0x00007fff7ce70000 - 0x00007fff7ce79000 	C:\Users\Denis\.cursor\extensions\redhat.java-1.44.0-win32-x64\jre\21.0.8-win32-x86_64\bin\extnet.dll

JVMTI agents:
c:\Users\Denis\.cursor\extensions\redhat.java-1.44.0-win32-x64\lombok\lombok-1.18.39-4050.jar path:c:\Users\Denis\.cursor\extensions\redhat.java-1.44.0-win32-x64\jre\21.0.8-win32-x86_64\bin\instrument.dll, loaded, initialized, instrumentlib options:none

dbghelp: loaded successfully - version: 4.0.5 - missing functions: none
symbol engine: initialized successfully - sym options: 0x614 - pdb path: .;c:\Users\Denis\.cursor\extensions\redhat.java-1.44.0-win32-x64\jre\21.0.8-win32-x86_64\bin;C:\WINDOWS\SYSTEM32;C:\WINDOWS\WinSxS\amd64_microsoft.windows.common-controls_6595b64144ccf1df_6.0.26100.4768_none_3e0c112ce331287c;c:\Users\Denis\.cursor\extensions\redhat.java-1.44.0-win32-x64\jre\21.0.8-win32-x86_64\bin\server;C:\Users\Denis\AppData\Roaming\Cursor\User\globalStorage\redhat.java\1.44.0\config_win\org.eclipse.equinox.launcher\org.eclipse.equinox.launcher.win32.win32.x86_64_1.2.1400.v20250730-1736;C:\Users\Denis\AppData\Local\Temp\jna-65917399

VM Arguments:
jvm_args: --add-modules=ALL-SYSTEM --add-opens=java.base/java.util=ALL-UNNAMED --add-opens=java.base/java.lang=ALL-UNNAMED --add-opens=java.base/sun.nio.fs=ALL-UNNAMED -Declipse.application=org.eclipse.jdt.ls.core.id1 -Dosgi.bundles.defaultStartLevel=4 -Declipse.product=org.eclipse.jdt.ls.core.product -Djava.import.generatesMetadataFilesAtProjectRoot=false -DDetectVMInstallationsJob.disabled=true -Dfile.encoding=utf8 -XX:+UseParallelGC -XX:GCTimeRatio=4 -XX:AdaptiveSizePolicyWeight=90 -Dsun.zip.disableMemoryMapping=true -Xmx2G -Xms100m -Xlog:disable -javaagent:c:\Users\Denis\.cursor\extensions\redhat.java-1.44.0-win32-x64\lombok\lombok-1.18.39-4050.jar -XX:+HeapDumpOnOutOfMemoryError -XX:HeapDumpPath=c:\Users\Denis\AppData\Roaming\Cursor\User\workspaceStorage\eac8c8f2a15cc92b421c1f9780fee2c9\redhat.java -Daether.dependencyCollector.impl=bf 
java_command: c:\Users\Denis\.cursor\extensions\redhat.java-1.44.0-win32-x64\server\plugins\org.eclipse.equinox.launcher_1.7.0.v20250519-0528.jar -configuration c:\Users\Denis\AppData\Roaming\Cursor\User\globalStorage\redhat.java\1.44.0\config_win -data c:\Users\Denis\AppData\Roaming\Cursor\User\workspaceStorage\eac8c8f2a15cc92b421c1f9780fee2c9\redhat.java\jdt_ws --pipe=\\.\pipe\lsp-98417f3c633af17cc64c37b8f3122622-sock
java_class_path (initial): c:\Users\Denis\.cursor\extensions\redhat.java-1.44.0-win32-x64\server\plugins\org.eclipse.equinox.launcher_1.7.0.v20250519-0528.jar
Launcher Type: SUN_STANDARD

[Global flags]
    uintx AdaptiveSizePolicyWeight                 = 90                                        {product} {command line}
     intx CICompilerCount                          = 4                                         {product} {ergonomic}
    uintx GCTimeRatio                              = 4                                         {product} {command line}
     bool HeapDumpOnOutOfMemoryError               = true                                   {manageable} {command line}
    ccstr HeapDumpPath                             = c:\Users\Denis\AppData\Roaming\Cursor\User\workspaceStorage\eac8c8f2a15cc92b421c1f9780fee2c9\redhat.java         {manageable} {command line}
   size_t InitialHeapSize                          = 104857600                                 {product} {command line}
   size_t MaxHeapSize                              = 2147483648                                {product} {command line}
   size_t MaxNewSize                               = 715653120                                 {product} {ergonomic}
   size_t MinHeapDeltaBytes                        = 524288                                    {product} {ergonomic}
   size_t MinHeapSize                              = 104857600                                 {product} {command line}
   size_t NewSize                                  = 34603008                                  {product} {ergonomic}
    uintx NonNMethodCodeHeapSize                   = 5839372                                {pd product} {ergonomic}
    uintx NonProfiledCodeHeapSize                  = 122909434                              {pd product} {ergonomic}
   size_t OldSize                                  = 70254592                                  {product} {ergonomic}
    uintx ProfiledCodeHeapSize                     = 122909434                              {pd product} {ergonomic}
    uintx ReservedCodeCacheSize                    = 251658240                              {pd product} {ergonomic}
     bool SegmentedCodeCache                       = true                                      {product} {ergonomic}
   size_t SoftMaxHeapSize                          = 2147483648                             {manageable} {ergonomic}
     bool UseCompressedOops                        = true                           {product lp64_product} {ergonomic}
     bool UseLargePagesIndividualAllocation        = false                                  {pd product} {ergonomic}
     bool UseParallelGC                            = true                                      {product} {command line}

Logging:
Log output configuration:
 #0: stdout all=off uptime,level,tags foldmultilines=false
 #1: stderr all=off uptime,level,tags foldmultilines=false

Environment Variables:
JAVA_HOME=C:\Program Files\Java\jdk-21
PATH=C:\Program Files\Common Files\Oracle\Java\javapath;C:\WINDOWS\system32;C:\WINDOWS;C:\WINDOWS\System32\Wbem;C:\WINDOWS\System32\WindowsPowerShell\v1.0\;C:\WINDOWS\System32\OpenSSH\;C:\Program Files\Git\cmd;C:\ProgramData\chocolatey\bin;C:\Program Files\nodejs\;D:\Matlab\runtime\win64;D:\Matlab\bin;C:\Program Files\dotnet\;C:\apache-maven-3.9.9\bin;C:\Program Files\Git LFS;C:\Users\Denis\AppData\Local\Microsoft\WindowsApps;C:\Users\Denis\AppData\Local\Programs\Microsoft VS Code\bin;C:\Users\Denis\AppData\Roaming\npm;C:\Users\Denis\.dotnet\tools;D:\flutter\flutter\bin;C:\src\flutter\bin;C:\Users\Denis\AppData\Local\Programs\Microsoft VS Code Insiders\bin;C:\Users\Denis\AppData\Local\Pub\Cache\bin;C:\Users\Denis\AppData\Local\Pub\Cache\bin;C:\Users\Denis\AppData\Local\Programs\Python\Python38;C:\Users\Denis\AppData\Local\Programs\Python\Python38\Scripts;C:\composer;C:\Program Files\Java\jdk-21\bin;C:\Program Files\Java\jdk-17\bin;;C:\Program Files\Docker\Docker\resources\bin;C:\Users\Denis\.config\herd-lite\bin;C:\Program Files\bin\;C:\WINDOWS\system32;C:\WINDOWS;C:\WINDOWS\System32\Wbem;C:\WINDOWS\System32\WindowsPowerShell\v1.0\;C:\WINDOWS\System32\OpenSSH\;C:\Program Files\Git\cmd;C:\ProgramData\chocolatey\bin;C:\Program Files\nodejs\;C:\Program Files\Docker\Docker\resources\bin;D:\Matlab\runtime\win64;D:\Matlab\bin;C:\Program Files\dotnet\;C:\Program Files\Microsoft SQL Server\150\Tools\Binn\;C:\apache-maven-3.9.9\bin;C:\Program Files\Git LFS;C:\Users\Denis\AppData\Local\Programs\Python\Python310\Scripts\;C:\Users\Denis\AppData\Local\Programs\Python\Python310\;C:\Users\Denis\AppData\Local\Microsoft\WindowsApps;C:\Users\Denis\AppData\Local\Programs\Microsoft VS Code\bin;C:\Users\Denis\AppData\Roaming\npm;C:\Users\Denis\.dotnet\tools;D:\flutter\flutter\bin;C:\src\flutter\bin;C:\;C:\Users\Denis\AppData\Roaming\Composer\vendor\bin;C:\Users\Denis\AppData\Local\Programs\cursor\resources\app\bin
USERNAME=Denis
OS=Windows_NT
PROCESSOR_IDENTIFIER=Intel64 Family 6 Model 154 Stepping 4, GenuineIntel
TMP=C:\Users\Denis\AppData\Local\Temp
TEMP=C:\Users\Denis\AppData\Local\Temp




Periodic native trim disabled

---------------  S Y S T E M  ---------------

OS:
 Windows 11 , 64 bit Build 26100 (10.0.26100.4768)
OS uptime: 2 days 14:07 hours
Hyper-V role detected

CPU: total 12 (initial active 12) (6 cores per cpu, 2 threads per core) family 6 model 154 stepping 4 microcode 0x435, cx8, cmov, fxsr, ht, mmx, 3dnowpref, sse, sse2, sse3, ssse3, sse4.1, sse4.2, popcnt, lzcnt, tsc, tscinvbit, avx, avx2, aes, erms, clmul, bmi1, bmi2, adx, sha, fma, vzeroupper, clflush, clflushopt, clwb, hv, serialize, rdtscp, rdpid, fsrm, f16c, cet_ibt, cet_ss
Processor Information for processor 0
  Max Mhz: 1700, Current Mhz: 1700, Mhz Limit: 1700
Processor Information for processor 1
  Max Mhz: 1700, Current Mhz: 1700, Mhz Limit: 1700
Processor Information for processor 2
  Max Mhz: 1700, Current Mhz: 1700, Mhz Limit: 1700
Processor Information for processor 3
  Max Mhz: 1700, Current Mhz: 1457, Mhz Limit: 1700
Processor Information for processor 4
  Max Mhz: 1200, Current Mhz: 1200, Mhz Limit: 1200
Processor Information for processor 5
  Max Mhz: 1200, Current Mhz: 1200, Mhz Limit: 1200
Processor Information for processor 6
  Max Mhz: 1200, Current Mhz: 1200, Mhz Limit: 1200
Processor Information for processor 7
  Max Mhz: 1200, Current Mhz: 1200, Mhz Limit: 1200
Processor Information for processor 8
  Max Mhz: 1200, Current Mhz: 1200, Mhz Limit: 1200
Processor Information for processor 9
  Max Mhz: 1200, Current Mhz: 1200, Mhz Limit: 1200
Processor Information for processor 10
  Max Mhz: 1200, Current Mhz: 1200, Mhz Limit: 1200
Processor Information for processor 11
  Max Mhz: 1200, Current Mhz: 1200, Mhz Limit: 1200

Memory: 4k page, system-wide physical 16108M (630M free)
TotalPageFile size 32592M (AvailPageFile size 64M)
current process WorkingSet (physical memory assigned to process): 899M, peak: 1269M
current process commit charge ("private bytes"): 1731M, peak: 1733M

vm_info: OpenJDK 64-Bit Server VM (21.0.8+9-LTS) for windows-amd64 JRE (21.0.8+9-LTS), built on 2025-07-15T00:00:00Z by "admin" with MS VC++ 17.7 (VS2022)

END.
