#
# There is insufficient memory for the Java Runtime Environment to continue.
# Native memory allocation (mmap) failed to map 18874368 bytes for G1 virtual space
# Possible reasons:
#   The system is out of physical RAM or swap space
#   The process is running with CompressedOops enabled, and the Java Heap may be blocking the growth of the native heap
# Possible solutions:
#   Reduce memory load on the system
#   Increase physical memory or swap space
#   Check if swap backing store is full
#   Decrease Java heap size (-Xmx/-Xms)
#   Decrease number of Java threads
#   Decrease Java thread stack sizes (-Xss)
#   Set larger code cache with -XX:ReservedCodeCacheSize=
#   JVM is running with Zero Based Compressed Oops mode in which the Java heap is
#     placed in the first 32GB address space. The Java Heap base address is the
#     maximum limit for the native heap growth. Please use -XX:HeapBaseMinAddress
#     to set the Java Heap base and to place the Java Heap above 32GB virtual address.
# This output file may be truncated or incomplete.
#
#  Out of Memory Error (os_windows.cpp:3603), pid=27936, tid=37064
#
# JRE version: Java(TM) SE Runtime Environment (21.0.7+8) (build 21.0.7+8-LTS-245)
# Java VM: Java HotSpot(TM) 64-Bit Server VM (21.0.7+8-LTS-245, mixed mode, emulated-client, sharing, tiered, compressed oops, compressed class ptrs, g1 gc, windows-amd64)
# No core dump will be written. Minidumps are not enabled by default on client versions of Windows
#

---------------  S U M M A R Y ------------

Command Line: -agentlib:jdwp=transport=dt_socket,address=127.0.0.1:59730,suspend=y,server=n -agentpath:C:\Users\Denis\AppData\Local\Temp\idea_libasyncProfiler_dll_temp_folder27891\libasyncProfiler.dll=version,jfr,event=wall,interval=10ms,cstack=no,file=C:\Users\Denis\IdeaSnapshots\OrgGroupProjectApplication_2025_09_01_233912.jfr,dbghelppath=C:\Users\Denis\AppData\Local\Temp\idea_dbghelp_dll_temp_folder10\dbghelp.dll,log=C:\Users\Denis\AppData\Local\Temp\OrgGroupProjectApplication_2025_09_01_233912.jfr.log.txt,logLevel=DEBUG -XX:TieredStopAtLevel=1 -Dspring.output.ansi.enabled=always -Dcom.sun.management.jmxremote -Dspring.jmx.enabled=true -Dspring.liveBeansView.mbeanDomain -Dspring.application.admin.enabled=true -Dmanagement.endpoints.jmx.exposure.include=* -javaagent:C:\Users\Denis\AppData\Local\JetBrains\IntelliJIdea2024.3\captureAgent\debugger-agent.jar -Dkotlinx.coroutines.debug.enable.creation.stack.trace=false -Ddebugger.agent.enable.coroutines=true -Dkotlinx.coroutines.debug.enable.flows.stack.trace=true -Dkotlinx.coroutines.debug.enable.mutable.state.flows.stack.trace=true -Dfile.encoding=UTF-8 -Dsun.stdout.encoding=UTF-8 -Dsun.stderr.encoding=UTF-8 com.org.group.OrgGroupProjectApplication

Host: 12th Gen Intel(R) Core(TM) i7-1255U, 12 cores, 15G,  Windows 11 , 64 bit Build 26100 (10.0.26100.5074)
Time: Mon Sep  1 23:39:52 2025 South Africa Standard Time elapsed time: 39.638139 seconds (0d 0h 0m 39s)

---------------  T H R E A D  ---------------

Current thread (0x00000176e468ca50):  VMThread "VM Thread"          [id=37064, stack(0x0000006eb5b00000,0x0000006eb5c00000) (1024K)]

Stack: [0x0000006eb5b00000,0x0000006eb5c00000]
Native frames: (J=compiled Java code, j=interpreted, Vv=VM code, C=native code)
V  [jvm.dll+0x6cae19]
V  [jvm.dll+0x855741]
V  [jvm.dll+0x857c6e]
V  [jvm.dll+0x858343]
V  [jvm.dll+0x27e0b6]
V  [jvm.dll+0x6c7595]
V  [jvm.dll+0x6bc0fa]
V  [jvm.dll+0x353eaa]
V  [jvm.dll+0x35bb26]
V  [jvm.dll+0x3ae52e]
V  [jvm.dll+0x3ae7d8]
V  [jvm.dll+0x3281bc]
V  [jvm.dll+0x328247]
V  [jvm.dll+0x36cbcc]
V  [jvm.dll+0x36b41e]
V  [jvm.dll+0x327981]
V  [jvm.dll+0x36ab3a]
V  [jvm.dll+0x85e110]
V  [jvm.dll+0x85f494]
V  [jvm.dll+0x85f9d0]
V  [jvm.dll+0x85fc73]
V  [jvm.dll+0x7ffa1b]
V  [jvm.dll+0x6c94fd]
C  [ucrtbase.dll+0x37b0]
C  [KERNEL32.DLL+0x2e8d7]
C  [ntdll.dll+0x8d9c]

VM_Operation (0x0000006eb76faaf0): G1CollectForAllocation, mode: safepoint, requested by thread 0x00000176f561cef0


---------------  P R O C E S S  ---------------

Threads class SMR info:
_java_thread_list=0x00000176c573c670, length=42, elements={
0x00000176dbe03dc0, 0x00000176efc7f750, 0x00000176efc7ffb0, 0x00000176efc81420,
0x00000176efc83ca0, 0x00000176efc89260, 0x00000176efcb0a30, 0x00000176efcb2ec0,
0x00000176efd4ae00, 0x00000176efe0a430, 0x00000176efe820f0, 0x00000176efe869a0,
0x00000176efe8b030, 0x00000176efe09710, 0x00000176efe07cd0, 0x00000176f561c860,
0x00000176f561cef0, 0x00000176f561fce0, 0x00000176f5621090, 0x00000176f8e88f80,
0x00000176efde1e80, 0x00000176efde38c0, 0x00000176fb42dfc0, 0x00000176fb0881e0,
0x00000176fb087b50, 0x00000176fb0874c0, 0x00000176c55caf20, 0x00000176c55cb5b0,
0x00000176c55c9b70, 0x00000176c55cbc40, 0x00000176c55cc2d0, 0x00000176c55c8e50,
0x00000176c55cc960, 0x00000176c55cfde0, 0x00000176c55d0470, 0x00000176c55ce3a0,
0x00000176c55cf0c0, 0x00000176c55cdd10, 0x00000176c55d0b00, 0x00000176c55cf750,
0x00000176c55ccff0, 0x00000176c55d1190
}

Java Threads: ( => current thread )
  0x00000176dbe03dc0 JavaThread "main"                              [_thread_blocked, id=36144, stack(0x0000006eb5400000,0x0000006eb5500000) (1024K)]
  0x00000176efc7f750 JavaThread "Reference Handler"          daemon [_thread_blocked, id=16324, stack(0x0000006eb5c00000,0x0000006eb5d00000) (1024K)]
  0x00000176efc7ffb0 JavaThread "Finalizer"                  daemon [_thread_blocked, id=12244, stack(0x0000006eb5d00000,0x0000006eb5e00000) (1024K)]
  0x00000176efc81420 JavaThread "Signal Dispatcher"          daemon [_thread_blocked, id=33092, stack(0x0000006eb5e00000,0x0000006eb5f00000) (1024K)]
  0x00000176efc83ca0 JavaThread "Attach Listener"            daemon [_thread_blocked, id=30816, stack(0x0000006eb5f00000,0x0000006eb6000000) (1024K)]
  0x00000176efc89260 JavaThread "Service Thread"             daemon [_thread_blocked, id=34492, stack(0x0000006eb6000000,0x0000006eb6100000) (1024K)]
  0x00000176efcb0a30 JavaThread "Monitor Deflation Thread"   daemon [_thread_blocked, id=26824, stack(0x0000006eb6100000,0x0000006eb6200000) (1024K)]
  0x00000176efcb2ec0 JavaThread "C1 CompilerThread0"         daemon [_thread_blocked, id=36444, stack(0x0000006eb6200000,0x0000006eb6300000) (1024K)]
  0x00000176efd4ae00 JavaThread "C1 CompilerThread1"         daemon [_thread_blocked, id=6404, stack(0x0000006eb6300000,0x0000006eb6400000) (1024K)]
  0x00000176efe0a430 JavaThread "Common-Cleaner"             daemon [_thread_blocked, id=26996, stack(0x0000006eb6400000,0x0000006eb6500000) (1024K)]
  0x00000176efe820f0 JavaThread "JDWP Transport Listener: dt_socket" daemon [_thread_blocked, id=36084, stack(0x0000006eb6500000,0x0000006eb6600000) (1024K)]
  0x00000176efe869a0 JavaThread "JDWP Event Helper Thread"   daemon [_thread_blocked, id=30288, stack(0x0000006eb6600000,0x0000006eb6700000) (1024K)]
  0x00000176efe8b030 JavaThread "JDWP Command Reader"        daemon [_thread_in_native, id=11000, stack(0x0000006eb6700000,0x0000006eb6800000) (1024K)]
  0x00000176efe09710 JavaThread "Notification Thread"        daemon [_thread_blocked, id=29500, stack(0x0000006eb6800000,0x0000006eb6900000) (1024K)]
  0x00000176efe07cd0 JavaThread "RMI TCP Accept-0"           daemon [_thread_in_native, id=29360, stack(0x0000006eb7400000,0x0000006eb7500000) (1024K)]
  0x00000176f561c860 JavaThread "Thread-0"                          [_thread_blocked, id=28208, stack(0x0000006eb7500000,0x0000006eb7600000) (1024K)]
  0x00000176f561cef0 JavaThread "restartedMain"                     [_thread_blocked, id=24100, stack(0x0000006eb7600000,0x0000006eb7700000) (1024K)]
  0x00000176f561fce0 JavaThread "RMI TCP Connection(1)-172.31.211.154" daemon [_thread_blocked, id=18116, stack(0x0000006eb7700000,0x0000006eb7800000) (1024K)]
  0x00000176f5621090 JavaThread "RMI Scheduler(0)"           daemon [_thread_blocked, id=30904, stack(0x0000006eb7800000,0x0000006eb7900000) (1024K)]
  0x00000176f8e88f80 JavaThread "mysql-cj-abandoned-connection-cleanup" daemon [_thread_blocked, id=32492, stack(0x0000006eb6a00000,0x0000006eb6b00000) (1024K)]
  0x00000176efde1e80 JavaThread "PostgreSQL-JDBC-Cleaner"    daemon [_thread_blocked, id=35640, stack(0x0000006eb7b00000,0x0000006eb7c00000) (1024K)]
  0x00000176efde38c0 JavaThread "HikariPool-1 housekeeper"   daemon [_thread_blocked, id=1152, stack(0x0000006eb7d00000,0x0000006eb7e00000) (1024K)]
  0x00000176fb42dfc0 JavaThread "C1 CompilerThread2"         daemon [_thread_blocked, id=36760, stack(0x0000006eb8000000,0x0000006eb8100000) (1024K)]
  0x00000176fb0881e0 JavaThread "Catalina-utility-1"                [_thread_blocked, id=33776, stack(0x0000006eb8100000,0x0000006eb8200000) (1024K)]
  0x00000176fb087b50 JavaThread "Catalina-utility-2"                [_thread_blocked, id=12696, stack(0x0000006eb8200000,0x0000006eb8300000) (1024K)]
  0x00000176fb0874c0 JavaThread "container-0"                       [_thread_blocked, id=33656, stack(0x0000006eb8300000,0x0000006eb8400000) (1024K)]
  0x00000176c55caf20 JavaThread "File Watcher"               daemon [_thread_blocked, id=23804, stack(0x0000006eb8400000,0x0000006eb8500000) (1024K)]
  0x00000176c55cb5b0 JavaThread "Live Reload Server"         daemon [_thread_in_native, id=26476, stack(0x0000006eb8600000,0x0000006eb8700000) (1024K)]
  0x00000176c55c9b70 JavaThread "http-nio-8080-exec-1"       daemon [_thread_blocked, id=26696, stack(0x0000006eb8500000,0x0000006eb8600000) (1024K)]
  0x00000176c55cbc40 JavaThread "http-nio-8080-exec-2"       daemon [_thread_blocked, id=34788, stack(0x0000006eb8700000,0x0000006eb8800000) (1024K)]
  0x00000176c55cc2d0 JavaThread "http-nio-8080-exec-3"       daemon [_thread_blocked, id=32208, stack(0x0000006eb8800000,0x0000006eb8900000) (1024K)]
  0x00000176c55c8e50 JavaThread "http-nio-8080-exec-4"       daemon [_thread_blocked, id=3080, stack(0x0000006eb8900000,0x0000006eb8a00000) (1024K)]
  0x00000176c55cc960 JavaThread "http-nio-8080-exec-5"       daemon [_thread_blocked, id=15056, stack(0x0000006eb8a00000,0x0000006eb8b00000) (1024K)]
  0x00000176c55cfde0 JavaThread "http-nio-8080-exec-6"       daemon [_thread_blocked, id=30520, stack(0x0000006eb8b00000,0x0000006eb8c00000) (1024K)]
  0x00000176c55d0470 JavaThread "http-nio-8080-exec-7"       daemon [_thread_blocked, id=31548, stack(0x0000006eb8c00000,0x0000006eb8d00000) (1024K)]
  0x00000176c55ce3a0 JavaThread "http-nio-8080-exec-8"       daemon [_thread_blocked, id=32888, stack(0x0000006eb8d00000,0x0000006eb8e00000) (1024K)]
  0x00000176c55cf0c0 JavaThread "http-nio-8080-exec-9"       daemon [_thread_blocked, id=16564, stack(0x0000006eb8e00000,0x0000006eb8f00000) (1024K)]
  0x00000176c55cdd10 JavaThread "http-nio-8080-exec-10"      daemon [_thread_blocked, id=18192, stack(0x0000006eb8f00000,0x0000006eb9000000) (1024K)]
  0x00000176c55d0b00 JavaThread "http-nio-8080-Poller"       daemon [_thread_blocked, id=13436, stack(0x0000006eb9100000,0x0000006eb9200000) (1024K)]
  0x00000176c55cf750 JavaThread "http-nio-8080-Acceptor"     daemon [_thread_in_native, id=35240, stack(0x0000006eb9200000,0x0000006eb9300000) (1024K)]
  0x00000176c55ccff0 JavaThread "scheduling-1"                      [_thread_blocked, id=964, stack(0x0000006eb9000000,0x0000006eb9100000) (1024K)]
  0x00000176c55d1190 JavaThread "JMX server connection timeout 117" daemon [_thread_blocked, id=18340, stack(0x0000006eb9300000,0x0000006eb9400000) (1024K)]
Total: 42

Other Threads:
=>0x00000176e468ca50 VMThread "VM Thread"                           [id=37064, stack(0x0000006eb5b00000,0x0000006eb5c00000) (1024K)]
  0x00000176efc5ca00 WatcherThread "VM Periodic Task Thread"        [id=9808, stack(0x0000006eb5a00000,0x0000006eb5b00000) (1024K)]
  0x00000176e455d7c0 WorkerThread "GC Thread#0"                     [id=35592, stack(0x0000006eb5500000,0x0000006eb5600000) (1024K)]
  0x00000176f4f86a80 WorkerThread "GC Thread#1"                     [id=36736, stack(0x0000006eb6b00000,0x0000006eb6c00000) (1024K)]
  0x00000176f4f95780 WorkerThread "GC Thread#2"                     [id=3240, stack(0x0000006eb6c00000,0x0000006eb6d00000) (1024K)]
  0x00000176f4f95b20 WorkerThread "GC Thread#3"                     [id=34544, stack(0x0000006eb6d00000,0x0000006eb6e00000) (1024K)]
  0x00000176f4f93010 WorkerThread "GC Thread#4"                     [id=4108, stack(0x0000006eb6e00000,0x0000006eb6f00000) (1024K)]
  0x00000176f4f9dbf0 WorkerThread "GC Thread#5"                     [id=15692, stack(0x0000006eb6f00000,0x0000006eb7000000) (1024K)]
  0x00000176f4f9df90 WorkerThread "GC Thread#6"                     [id=30140, stack(0x0000006eb7000000,0x0000006eb7100000) (1024K)]
  0x00000176f4f9c630 WorkerThread "GC Thread#7"                     [id=22728, stack(0x0000006eb7100000,0x0000006eb7200000) (1024K)]
  0x00000176f4f9c9d0 WorkerThread "GC Thread#8"                     [id=34240, stack(0x0000006eb7200000,0x0000006eb7300000) (1024K)]
  0x00000176f4f9cd70 WorkerThread "GC Thread#9"                     [id=32788, stack(0x0000006eb7300000,0x0000006eb7400000) (1024K)]
  0x00000176e456e470 ConcurrentGCThread "G1 Main Marker"            [id=12284, stack(0x0000006eb5600000,0x0000006eb5700000) (1024K)]
  0x00000176e4570c70 WorkerThread "G1 Conc#0"                       [id=27296, stack(0x0000006eb5700000,0x0000006eb5800000) (1024K)]
  0x00000176f503a6e0 WorkerThread "G1 Conc#1"                       [id=32152, stack(0x0000006eb7900000,0x0000006eb7a00000) (1024K)]
  0x00000176f64bc130 WorkerThread "G1 Conc#2"                       [id=37072, stack(0x0000006eb7a00000,0x0000006eb7b00000) (1024K)]
  0x00000176e46238b0 ConcurrentGCThread "G1 Refine#0"               [id=12712, stack(0x0000006eb5800000,0x0000006eb5900000) (1024K)]
  0x00000176e4623de0 ConcurrentGCThread "G1 Service"                [id=35980, stack(0x0000006eb5900000,0x0000006eb5a00000) (1024K)]
Total: 18

Threads with active compile tasks:
Total: 0

VM state: at safepoint (normal execution)

VM Mutex/Monitor currently owned by a thread:  ([mutex/lock_event])
[0x00007ffaada2de50] Threads_lock - owner thread: 0x00000176e468ca50
[0x00007ffaada2df50] Heap_lock - owner thread: 0x00000176f561cef0

Heap address: 0x0000000704400000, size: 4028 MB, Compressed Oops mode: Zero based, Oop shift amount: 3

CDS archive(s) mapped at: [0x0000017680000000-0x0000017680c90000-0x0000017680c90000), size 13172736, SharedBaseAddress: 0x0000017680000000, ArchiveRelocationMode: 1.
Compressed class space mapped at: 0x0000017681000000-0x00000176c1000000, reserved size: 1073741824
Narrow klass base: 0x0000017680000000, Narrow klass shift: 0, Narrow klass range: 0x100000000

GC Precious Log:
 CardTable entry size: 512
 Card Set container configuration: InlinePtr #cards 4 size 8 Array Of Cards #cards 16 size 48 Howl #buckets 8 coarsen threshold 3686 Howl Bitmap #cards 512 size 80 coarsen threshold 460 Card regions per heap region 1 cards per card region 4096
 CPUs: 12 total, 12 available
 Memory: 16108M
 Large Page Support: Disabled
 NUMA Support: Disabled
 Compressed Oops: Enabled (Zero based)
 Heap Region Size: 2M
 Heap Min Capacity: 8M
 Heap Initial Capacity: 252M
 Heap Max Capacity: 4028M
 Pre-touch: Disabled
 Parallel Workers: 10
 Concurrent Workers: 3
 Concurrent Refinement Workers: 10
 Periodic GC: Disabled

Heap:
 garbage-first heap   total 90112K, used 47094K [0x0000000704400000, 0x0000000800000000)
  region size 2048K, 2 young (4096K), 2 survivors (4096K)
 Metaspace       used 88862K, committed 89792K, reserved 1179648K
  class space    used 12263K, committed 12672K, reserved 1048576K

Heap Regions: E=young(eden), S=young(survivor), O=old, HS=humongous(starts), HC=humongous(continues), CS=collection set, F=free, TAMS=top-at-mark-start, PB=parsable bottom
|   0|0x0000000704400000, 0x0000000704600000, 0x0000000704600000|100%| O|  |TAMS 0x0000000704400000| PB 0x0000000704400000| Untracked 
|   1|0x0000000704600000, 0x0000000704800000, 0x0000000704800000|100%| O|  |TAMS 0x0000000704600000| PB 0x0000000704600000| Untracked 
|   2|0x0000000704800000, 0x0000000704a00000, 0x0000000704a00000|100%| O|  |TAMS 0x0000000704800000| PB 0x0000000704800000| Untracked 
|   3|0x0000000704a00000, 0x0000000704c00000, 0x0000000704c00000|100%| O|  |TAMS 0x0000000704a00000| PB 0x0000000704a00000| Untracked 
|   4|0x0000000704c00000, 0x0000000704e00000, 0x0000000704e00000|100%| O|  |TAMS 0x0000000704c00000| PB 0x0000000704c00000| Untracked 
|   5|0x0000000704e00000, 0x0000000705000000, 0x0000000705000000|100%| O|  |TAMS 0x0000000704e00000| PB 0x0000000704e00000| Untracked 
|   6|0x0000000705000000, 0x0000000705200000, 0x0000000705200000|100%| O|  |TAMS 0x0000000705000000| PB 0x0000000705000000| Untracked 
|   7|0x0000000705200000, 0x0000000705400000, 0x0000000705400000|100%| O|  |TAMS 0x0000000705200000| PB 0x0000000705200000| Untracked 
|   8|0x0000000705400000, 0x0000000705600000, 0x0000000705600000|100%| O|  |TAMS 0x0000000705400000| PB 0x0000000705400000| Untracked 
|   9|0x0000000705600000, 0x0000000705800000, 0x0000000705800000|100%| O|  |TAMS 0x0000000705600000| PB 0x0000000705600000| Untracked 
|  10|0x0000000705800000, 0x0000000705a00000, 0x0000000705a00000|100%| O|  |TAMS 0x0000000705800000| PB 0x0000000705800000| Untracked 
|  11|0x0000000705a00000, 0x0000000705c00000, 0x0000000705c00000|100%| O|  |TAMS 0x0000000705a00000| PB 0x0000000705a00000| Untracked 
|  12|0x0000000705c00000, 0x0000000705e00000, 0x0000000705e00000|100%| O|  |TAMS 0x0000000705c00000| PB 0x0000000705c00000| Untracked 
|  13|0x0000000705e00000, 0x0000000706000000, 0x0000000706000000|100%| O|  |TAMS 0x0000000705e00000| PB 0x0000000705e00000| Untracked 
|  14|0x0000000706000000, 0x0000000706200000, 0x0000000706200000|100%| O|  |TAMS 0x0000000706000000| PB 0x0000000706000000| Untracked 
|  15|0x0000000706200000, 0x0000000706400000, 0x0000000706400000|100%| O|  |TAMS 0x0000000706200000| PB 0x0000000706200000| Untracked 
|  16|0x0000000706400000, 0x0000000706600000, 0x0000000706600000|100%| O|  |TAMS 0x0000000706400000| PB 0x0000000706400000| Untracked 
|  17|0x0000000706600000, 0x0000000706800000, 0x0000000706800000|100%| O|  |TAMS 0x0000000706600000| PB 0x0000000706600000| Untracked 
|  18|0x0000000706800000, 0x0000000706a00000, 0x0000000706a00000|100%| O|  |TAMS 0x0000000706800000| PB 0x0000000706800000| Untracked 
|  19|0x0000000706a00000, 0x0000000706c00000, 0x0000000706c00000|100%| O|  |TAMS 0x0000000706a00000| PB 0x0000000706a00000| Untracked 
|  20|0x0000000706c00000, 0x0000000706c00000, 0x0000000706e00000|  0%| F|  |TAMS 0x0000000706c00000| PB 0x0000000706c00000| Untracked 
|  21|0x0000000706e00000, 0x0000000707000000, 0x0000000707000000|100%| O|  |TAMS 0x0000000706e00000| PB 0x0000000706e00000| Untracked 
|  22|0x0000000707000000, 0x0000000707015370, 0x0000000707200000|  4%| O|  |TAMS 0x0000000707000000| PB 0x0000000707000000| Untracked 
|  23|0x0000000707200000, 0x0000000707200000, 0x0000000707400000|  0%| F|  |TAMS 0x0000000707200000| PB 0x0000000707200000| Untracked 
|  24|0x0000000707400000, 0x0000000707400000, 0x0000000707600000|  0%| F|  |TAMS 0x0000000707400000| PB 0x0000000707400000| Untracked 
|  25|0x0000000707600000, 0x0000000707600000, 0x0000000707800000|  0%| F|  |TAMS 0x0000000707600000| PB 0x0000000707600000| Untracked 
|  26|0x0000000707800000, 0x00000007079e86a0, 0x0000000707a00000| 95%| S|CS|TAMS 0x0000000707800000| PB 0x0000000707800000| Complete 
|  27|0x0000000707a00000, 0x0000000707c00000, 0x0000000707c00000|100%| S|CS|TAMS 0x0000000707a00000| PB 0x0000000707a00000| Complete 
|  28|0x0000000707c00000, 0x0000000707c00000, 0x0000000707e00000|  0%| F|  |TAMS 0x0000000707c00000| PB 0x0000000707c00000| Untracked 
|  29|0x0000000707e00000, 0x0000000707e00000, 0x0000000708000000|  0%| F|  |TAMS 0x0000000707e00000| PB 0x0000000707e00000| Untracked 
|  30|0x0000000708000000, 0x0000000708000000, 0x0000000708200000|  0%| F|  |TAMS 0x0000000708000000| PB 0x0000000708000000| Untracked 
|  31|0x0000000708200000, 0x0000000708200000, 0x0000000708400000|  0%| F|  |TAMS 0x0000000708200000| PB 0x0000000708200000| Untracked 
|  32|0x0000000708400000, 0x0000000708400000, 0x0000000708600000|  0%| F|  |TAMS 0x0000000708400000| PB 0x0000000708400000| Untracked 
|  33|0x0000000708600000, 0x0000000708600000, 0x0000000708800000|  0%| F|  |TAMS 0x0000000708600000| PB 0x0000000708600000| Untracked 
|  34|0x0000000708800000, 0x0000000708800000, 0x0000000708a00000|  0%| F|  |TAMS 0x0000000708800000| PB 0x0000000708800000| Untracked 
|  35|0x0000000708a00000, 0x0000000708a00000, 0x0000000708c00000|  0%| F|  |TAMS 0x0000000708a00000| PB 0x0000000708a00000| Untracked 
|  36|0x0000000708c00000, 0x0000000708c00000, 0x0000000708e00000|  0%| F|  |TAMS 0x0000000708c00000| PB 0x0000000708c00000| Untracked 
|  37|0x0000000708e00000, 0x0000000708e00000, 0x0000000709000000|  0%| F|  |TAMS 0x0000000708e00000| PB 0x0000000708e00000| Untracked 
|  38|0x0000000709000000, 0x0000000709000000, 0x0000000709200000|  0%| F|  |TAMS 0x0000000709000000| PB 0x0000000709000000| Untracked 
|  39|0x0000000709200000, 0x0000000709200000, 0x0000000709400000|  0%| F|  |TAMS 0x0000000709200000| PB 0x0000000709200000| Untracked 
|  73|0x000000070d600000, 0x000000070d600000, 0x000000070d800000|  0%| F|  |TAMS 0x000000070d600000| PB 0x000000070d600000| Untracked 
| 103|0x0000000711200000, 0x0000000711200000, 0x0000000711400000|  0%| F|  |TAMS 0x0000000711200000| PB 0x0000000711200000| Untracked 
| 104|0x0000000711400000, 0x0000000711400000, 0x0000000711600000|  0%| F|  |TAMS 0x0000000711400000| PB 0x0000000711400000| Untracked 
| 125|0x0000000713e00000, 0x0000000713e00000, 0x0000000714000000|  0%| F|  |TAMS 0x0000000713e00000| PB 0x0000000713e00000| Untracked 

Card table byte_map: [0x00000176e8980000,0x00000176e9160000] _byte_map_base: 0x00000176e515e000

Marking Bits: (CMBitMap*) 0x00000176e455ddd0
 Bits: [0x00000176e9160000, 0x00000176ed050000)

Polling page: 0x00000176d9d30000

Metaspace:

Usage:
  Non-class:     74.80 MB used.
      Class:     11.98 MB used.
       Both:     86.78 MB used.

Virtual space:
  Non-class space:      128.00 MB reserved,      75.31 MB ( 59%) committed,  2 nodes.
      Class space:        1.00 GB reserved,      12.38 MB (  1%) committed,  1 nodes.
             Both:        1.12 GB reserved,      87.69 MB (  8%) committed. 

Chunk freelists:
   Non-Class:  4.53 MB
       Class:  3.64 MB
        Both:  8.17 MB

MaxMetaspaceSize: unlimited
CompressedClassSpaceSize: 1.00 GB
Initial GC threshold: 21.00 MB
Current GC threshold: 130.00 MB
CDS: on
 - commit_granule_bytes: 65536.
 - commit_granule_words: 8192.
 - virtual_space_node_default_size: 8388608.
 - enlarge_chunks_in_place: 1.
 - use_allocation_guard: 0.


Internal statistics:

num_allocs_failed_limit: 11.
num_arena_births: 1406.
num_arena_deaths: 2.
num_vsnodes_births: 3.
num_vsnodes_deaths: 0.
num_space_committed: 1403.
num_space_uncommitted: 0.
num_chunks_returned_to_freelist: 14.
num_chunks_taken_from_freelist: 4357.
num_chunk_merges: 6.
num_chunk_splits: 3175.
num_chunks_enlarged: 2442.
num_inconsistent_stats: 0.

CodeCache: size=49152Kb used=20522Kb max_used=20522Kb free=28629Kb
 bounds [0x00000176e4690000, 0x00000176e5aa0000, 0x00000176e7690000]
 total_blobs=9487 nmethods=8732 adapters=675
 compilation: enabled
              stopped_count=0, restarted_count=0
 full_count=0

Compilation events (20 events):
Event: 34.458 Thread 0x00000176efcb2ec0 9342       1       org.springframework.boot.autoconfigure.condition.ConditionEvaluationReport$ConditionAndOutcome::getOutcome (5 bytes)
Event: 34.458 Thread 0x00000176efcb2ec0 nmethod 9342 0x00000176e5a92b10 code [0x00000176e5a92ca0, 0x00000176e5a92d70]
Event: 34.460 Thread 0x00000176efd4ae00 9343       1       java.util.TreeMap::forEach (58 bytes)
Event: 34.460 Thread 0x00000176efcb2ec0 9344       1       java.util.TreeMap::getFirstEntry (26 bytes)
Event: 34.461 Thread 0x00000176efcb2ec0 nmethod 9344 0x00000176e5a92e10 code [0x00000176e5a92fa0, 0x00000176e5a93098]
Event: 34.461 Thread 0x00000176efd4ae00 nmethod 9343 0x00000176e5a93210 code [0x00000176e5a93400, 0x00000176e5a93718]
Event: 34.462 Thread 0x00000176efcb2ec0 9347       1       org.springframework.boot.autoconfigure.condition.ConditionEvaluationReport$ConditionAndOutcomes::isFullMatch (41 bytes)
Event: 34.462 Thread 0x00000176efd4ae00 9345       1       org.springframework.boot.autoconfigure.condition.ConditionEvaluationReport$$Lambda/0x0000017681c3d198::accept (16 bytes)
Event: 34.462 Thread 0x00000176fb42dfc0 9346       1       org.springframework.boot.autoconfigure.condition.ConditionEvaluationReport::lambda$getConditionAndOutcomesBySource$1 (13 bytes)
Event: 34.462 Thread 0x00000176efcb2ec0 nmethod 9347 0x00000176e5a93b90 code [0x00000176e5a93da0, 0x00000176e5a941a0]
Event: 34.462 Thread 0x00000176efcb2ec0 9348       1       org.springframework.boot.autoconfigure.condition.ConditionEvaluationReport$ConditionAndOutcomes::iterator (13 bytes)
Event: 34.463 Thread 0x00000176efcb2ec0 nmethod 9348 0x00000176e5a94690 code [0x00000176e5a94860, 0x00000176e5a94b30]
Event: 34.464 Thread 0x00000176fb42dfc0 nmethod 9346 0x00000176e5a94e10 code [0x00000176e5a950a0, 0x00000176e5a95748]
Event: 34.464 Thread 0x00000176efd4ae00 nmethod 9345 0x00000176e5a96110 code [0x00000176e5a963a0, 0x00000176e5a96af0]
Event: 34.480 Thread 0x00000176efd4ae00 9349       1       java.util.HashMap$ValueSpliterator::forEachRemaining (186 bytes)
Event: 34.481 Thread 0x00000176efd4ae00 nmethod 9349 0x00000176e5a97a10 code [0x00000176e5a97c00, 0x00000176e5a98020]
Event: 34.482 Thread 0x00000176efcb2ec0 9350       1       org.springframework.core.annotation.AnnotationAwareOrderComparator::findOrderFromAnnotation (69 bytes)
Event: 34.482 Thread 0x00000176efcb2ec0 nmethod 9350 0x00000176e5a98710 code [0x00000176e5a98900, 0x00000176e5a98ca0]
Event: 34.492 Thread 0x00000176efcb2ec0 9351   !   1       org.springframework.util.ConcurrentReferenceHashMap$Segment::doTask (179 bytes)
Event: 34.493 Thread 0x00000176efcb2ec0 nmethod 9351 0x00000176e5a99010 code [0x00000176e5a99320, 0x00000176e5a99af0]

GC Heap History (20 events):
Event: 11.102 GC heap after
{Heap after GC invocations=9 (full 0):
 garbage-first heap   total 159744K, used 21467K [0x0000000704400000, 0x0000000800000000)
  region size 2048K, 3 young (6144K), 3 survivors (6144K)
 Metaspace       used 35721K, committed 36160K, reserved 1114112K
  class space    used 4541K, committed 4736K, reserved 1048576K
}
Event: 11.817 GC heap before
{Heap before GC invocations=10 (full 0):
 garbage-first heap   total 90112K, used 68571K [0x0000000704400000, 0x0000000800000000)
  region size 2048K, 26 young (53248K), 3 survivors (6144K)
 Metaspace       used 41784K, committed 42432K, reserved 1114112K
  class space    used 5317K, committed 5632K, reserved 1048576K
}
Event: 11.821 GC heap after
{Heap after GC invocations=11 (full 0):
 garbage-first heap   total 90112K, used 24639K [0x0000000704400000, 0x0000000800000000)
  region size 2048K, 4 young (8192K), 4 survivors (8192K)
 Metaspace       used 41784K, committed 42432K, reserved 1114112K
  class space    used 5317K, committed 5632K, reserved 1048576K
}
Event: 13.579 GC heap before
{Heap before GC invocations=11 (full 0):
 garbage-first heap   total 90112K, used 69695K [0x0000000704400000, 0x0000000800000000)
  region size 2048K, 26 young (53248K), 4 survivors (8192K)
 Metaspace       used 51261K, committed 51904K, reserved 1114112K
  class space    used 6691K, committed 6976K, reserved 1048576K
}
Event: 13.586 GC heap after
{Heap after GC invocations=12 (full 0):
 garbage-first heap   total 90112K, used 26497K [0x0000000704400000, 0x0000000800000000)
  region size 2048K, 4 young (8192K), 4 survivors (8192K)
 Metaspace       used 51261K, committed 51904K, reserved 1114112K
  class space    used 6691K, committed 6976K, reserved 1048576K
}
Event: 17.015 GC heap before
{Heap before GC invocations=12 (full 0):
 garbage-first heap   total 90112K, used 59265K [0x0000000704400000, 0x0000000800000000)
  region size 2048K, 21 young (43008K), 4 survivors (8192K)
 Metaspace       used 59835K, committed 60480K, reserved 1114112K
  class space    used 7782K, committed 8064K, reserved 1048576K
}
Event: 17.021 GC heap after
{Heap after GC invocations=13 (full 0):
 garbage-first heap   total 90112K, used 28986K [0x0000000704400000, 0x0000000800000000)
  region size 2048K, 3 young (6144K), 3 survivors (6144K)
 Metaspace       used 59835K, committed 60480K, reserved 1114112K
  class space    used 7782K, committed 8064K, reserved 1048576K
}
Event: 18.063 GC heap before
{Heap before GC invocations=14 (full 0):
 garbage-first heap   total 90112K, used 74042K [0x0000000704400000, 0x0000000800000000)
  region size 2048K, 26 young (53248K), 3 survivors (6144K)
 Metaspace       used 68996K, committed 69696K, reserved 1114112K
  class space    used 9198K, committed 9536K, reserved 1048576K
}
Event: 18.069 GC heap after
{Heap after GC invocations=15 (full 0):
 garbage-first heap   total 90112K, used 30989K [0x0000000704400000, 0x0000000800000000)
  region size 2048K, 3 young (6144K), 3 survivors (6144K)
 Metaspace       used 68996K, committed 69696K, reserved 1114112K
  class space    used 9198K, committed 9536K, reserved 1048576K
}
Event: 24.960 GC heap before
{Heap before GC invocations=15 (full 0):
 garbage-first heap   total 90112K, used 73997K [0x0000000704400000, 0x0000000800000000)
  region size 2048K, 25 young (51200K), 3 survivors (6144K)
 Metaspace       used 73034K, committed 73792K, reserved 1114112K
  class space    used 9835K, committed 10176K, reserved 1048576K
}
Event: 24.970 GC heap after
{Heap after GC invocations=16 (full 0):
 garbage-first heap   total 90112K, used 32913K [0x0000000704400000, 0x0000000800000000)
  region size 2048K, 4 young (8192K), 4 survivors (8192K)
 Metaspace       used 73034K, committed 73792K, reserved 1114112K
  class space    used 9835K, committed 10176K, reserved 1048576K
}
Event: 31.591 GC heap before
{Heap before GC invocations=16 (full 0):
 garbage-first heap   total 90112K, used 73873K [0x0000000704400000, 0x0000000800000000)
  region size 2048K, 24 young (49152K), 4 survivors (8192K)
 Metaspace       used 77517K, committed 78336K, reserved 1179648K
  class space    used 10412K, committed 10816K, reserved 1048576K
}
Event: 31.598 GC heap after
{Heap after GC invocations=17 (full 0):
 garbage-first heap   total 90112K, used 36373K [0x0000000704400000, 0x0000000800000000)
  region size 2048K, 3 young (6144K), 3 survivors (6144K)
 Metaspace       used 77517K, committed 78336K, reserved 1179648K
  class space    used 10412K, committed 10816K, reserved 1048576K
}
Event: 31.827 GC heap before
{Heap before GC invocations=17 (full 0):
 garbage-first heap   total 90112K, used 46613K [0x0000000704400000, 0x0000000800000000)
  region size 2048K, 9 young (18432K), 3 survivors (6144K)
 Metaspace       used 79144K, committed 79872K, reserved 1179648K
  class space    used 10729K, committed 11072K, reserved 1048576K
}
Event: 31.832 GC heap after
{Heap after GC invocations=18 (full 0):
 garbage-first heap   total 90112K, used 37735K [0x0000000704400000, 0x0000000800000000)
  region size 2048K, 1 young (2048K), 1 survivors (2048K)
 Metaspace       used 79144K, committed 79872K, reserved 1179648K
  class space    used 10729K, committed 11072K, reserved 1048576K
}
Event: 32.340 GC heap before
{Heap before GC invocations=19 (full 0):
 garbage-first heap   total 90112K, used 78695K [0x0000000704400000, 0x0000000800000000)
  region size 2048K, 21 young (43008K), 1 survivors (2048K)
 Metaspace       used 82747K, committed 83584K, reserved 1179648K
  class space    used 11394K, committed 11776K, reserved 1048576K
}
Event: 32.343 GC heap after
{Heap after GC invocations=20 (full 0):
 garbage-first heap   total 90112K, used 40123K [0x0000000704400000, 0x0000000800000000)
  region size 2048K, 2 young (4096K), 2 survivors (4096K)
 Metaspace       used 82747K, committed 83584K, reserved 1179648K
  class space    used 11394K, committed 11776K, reserved 1048576K
}
Event: 32.873 GC heap before
{Heap before GC invocations=20 (full 0):
 garbage-first heap   total 90112K, used 79035K [0x0000000704400000, 0x0000000800000000)
  region size 2048K, 21 young (43008K), 2 survivors (4096K)
 Metaspace       used 85675K, committed 86592K, reserved 1179648K
  class space    used 11798K, committed 12224K, reserved 1048576K
}
Event: 32.879 GC heap after
{Heap after GC invocations=21 (full 0):
 garbage-first heap   total 90112K, used 43052K [0x0000000704400000, 0x0000000800000000)
  region size 2048K, 3 young (6144K), 3 survivors (6144K)
 Metaspace       used 85675K, committed 86592K, reserved 1179648K
  class space    used 11798K, committed 12224K, reserved 1048576K
}
Event: 37.602 GC heap before
{Heap before GC invocations=21 (full 0):
 garbage-first heap   total 90112K, used 75820K [0x0000000704400000, 0x0000000800000000)
  region size 2048K, 19 young (38912K), 3 survivors (6144K)
 Metaspace       used 88862K, committed 89792K, reserved 1179648K
  class space    used 12263K, committed 12672K, reserved 1048576K
}

Dll operation events (12 events):
Event: 0.030 Loaded shared library C:\Program Files\Java\jdk-21\bin\java.dll
Event: 0.032 Loaded shared library C:\Program Files\Java\jdk-21\bin\zip.dll
Event: 0.274 Loaded shared library C:\Program Files\Java\jdk-21\bin\instrument.dll
Event: 0.325 Loaded shared library C:\Program Files\Java\jdk-21\bin\jimage.dll
Event: 0.343 Loaded shared library C:\Program Files\Java\jdk-21\bin\net.dll
Event: 0.346 Loaded shared library C:\Program Files\Java\jdk-21\bin\nio.dll
Event: 0.363 Loaded shared library C:\Program Files\Java\jdk-21\bin\zip.dll
Event: 0.500 Loaded shared library C:\Program Files\Java\jdk-21\bin\management.dll
Event: 0.523 Loaded shared library C:\Program Files\Java\jdk-21\bin\management_ext.dll
Event: 1.903 Loaded shared library C:\Program Files\Java\jdk-21\bin\extnet.dll
Event: 9.743 Loaded shared library C:\Program Files\Java\jdk-21\bin\sunmscapi.dll
Event: 12.258 Loaded shared library C:\Program Files\Java\jdk-21\bin\verify.dll

Deoptimization events (20 events):
Event: 34.521 Thread 0x00000176f561cef0 DEOPT PACKING pc=0x00000176e4fc6aac sp=0x0000006eb76fc0a0
Event: 34.521 Thread 0x00000176f561cef0 DEOPT UNPACKING pc=0x00000176e46e4e42 sp=0x0000006eb76fb660 mode 1
Event: 34.521 Thread 0x00000176f561cef0 DEOPT PACKING pc=0x00000176e4fc3f6c sp=0x0000006eb76fbe40
Event: 34.521 Thread 0x00000176f561cef0 DEOPT UNPACKING pc=0x00000176e46e4e42 sp=0x0000006eb76fb378 mode 1
Event: 34.521 Thread 0x00000176f561cef0 DEOPT PACKING pc=0x00000176e4fc5274 sp=0x0000006eb76fbf30
Event: 34.521 Thread 0x00000176f561cef0 DEOPT UNPACKING pc=0x00000176e46e4e42 sp=0x0000006eb76fb4e0 mode 1
Event: 34.521 Thread 0x00000176f561cef0 DEOPT PACKING pc=0x00000176e4fc6aac sp=0x0000006eb76fc0a0
Event: 34.521 Thread 0x00000176f561cef0 DEOPT UNPACKING pc=0x00000176e46e4e42 sp=0x0000006eb76fb660 mode 1
Event: 34.521 Thread 0x00000176f561cef0 DEOPT PACKING pc=0x00000176e4fc3f6c sp=0x0000006eb76fbe40
Event: 34.521 Thread 0x00000176f561cef0 DEOPT UNPACKING pc=0x00000176e46e4e42 sp=0x0000006eb76fb378 mode 1
Event: 34.521 Thread 0x00000176f561cef0 DEOPT PACKING pc=0x00000176e4fc5274 sp=0x0000006eb76fbf30
Event: 34.521 Thread 0x00000176f561cef0 DEOPT UNPACKING pc=0x00000176e46e4e42 sp=0x0000006eb76fb4e0 mode 1
Event: 34.521 Thread 0x00000176f561cef0 DEOPT PACKING pc=0x00000176e4fc6aac sp=0x0000006eb76fc0a0
Event: 34.521 Thread 0x00000176f561cef0 DEOPT UNPACKING pc=0x00000176e46e4e42 sp=0x0000006eb76fb660 mode 1
Event: 34.521 Thread 0x00000176f561cef0 DEOPT PACKING pc=0x00000176e4fc3f6c sp=0x0000006eb76fbe40
Event: 34.521 Thread 0x00000176f561cef0 DEOPT UNPACKING pc=0x00000176e46e4e42 sp=0x0000006eb76fb378 mode 1
Event: 34.521 Thread 0x00000176f561cef0 DEOPT PACKING pc=0x00000176e4fc5274 sp=0x0000006eb76fbf30
Event: 34.521 Thread 0x00000176f561cef0 DEOPT UNPACKING pc=0x00000176e46e4e42 sp=0x0000006eb76fb4e0 mode 1
Event: 34.521 Thread 0x00000176f561cef0 DEOPT PACKING pc=0x00000176e4fc6aac sp=0x0000006eb76fc0a0
Event: 34.521 Thread 0x00000176f561cef0 DEOPT UNPACKING pc=0x00000176e46e4e42 sp=0x0000006eb76fb660 mode 1

Classes loaded (20 events):
Event: 36.611 Loading class org/hibernate/query/sqm/tree/SqmDeleteOrUpdateStatement
Event: 36.611 Loading class org/hibernate/query/sqm/tree/SqmDeleteOrUpdateStatement done
Event: 36.612 Loading class org/hibernate/query/sqm/tree/from/SqmRoot
Event: 36.612 Loading class org/hibernate/query/sqm/tree/from/SqmRoot done
Event: 36.612 Loading class org/hibernate/query/sqm/tree/from/SqmRoot
Event: 36.612 Loading class org/hibernate/query/sqm/tree/from/SqmRoot done
Event: 36.612 Loading class org/hibernate/query/sqm/internal/ConcreteSqmSelectQueryPlan
Event: 36.612 Loading class org/hibernate/query/sqm/internal/ConcreteSqmSelectQueryPlan done
Event: 36.614 Loading class org/hibernate/query/sqm/spi/SqmParameterMappingModelResolutionAccess
Event: 36.614 Loading class org/hibernate/query/sqm/spi/SqmParameterMappingModelResolutionAccess done
Event: 36.614 Loading class org/hibernate/query/sqm/internal/SqmJdbcExecutionContextAdapter
Event: 36.614 Loading class org/hibernate/query/sqm/internal/SqmJdbcExecutionContextAdapter done
Event: 36.614 Loading class org/hibernate/sql/exec/internal/BaseExecutionContext
Event: 36.614 Loading class org/hibernate/sql/exec/internal/BaseExecutionContext done
Event: 36.615 Loading class org/hibernate/query/sqm/internal/ConcreteSqmSelectQueryPlan$MySqmJdbcExecutionContextAdapter
Event: 36.615 Loading class org/hibernate/query/sqm/internal/ConcreteSqmSelectQueryPlan$MySqmJdbcExecutionContextAdapter done
Event: 36.615 Loading class org/hibernate/sql/results/internal/RowTransformerSingularReturnImpl
Event: 36.615 Loading class org/hibernate/sql/results/internal/RowTransformerSingularReturnImpl done
Event: 36.618 Loading class org/hibernate/sql/results/spi/ListResultsConsumer$UniqueSemantic
Event: 36.618 Loading class org/hibernate/sql/results/spi/ListResultsConsumer$UniqueSemantic done

Classes unloaded (1 events):
Event: 31.855 Thread 0x00000176e468ca50 Unloading class 0x0000017681595c00 'jdk/internal/reflect/GeneratedSerializationConstructorAccessor18'

Classes redefined (1 events):
Event: 0.306 Thread 0x00000176e468ca50 redefined class name=java.lang.Throwable, count=1

Internal exceptions (20 events):
Event: 18.458 Thread 0x00000176f561cef0 Exception <a 'java/lang/NoSuchMethodError'{0x0000000707d33a20}: 'java.lang.Object java.lang.invoke.Invokers$Holder.linkToTargetMethod(java.lang.Object, java.lang.Object, java.lang.Object, java.lang.Object, java.lang.Object, java.lang.Object, int, java.lang.Object)'> (0x0000000707d33a20) 
thrown [s\open\src\hotspot\share\interpreter\linkResolver.cpp, line 773]
Event: 31.261 Thread 0x00000176f561cef0 Exception <a 'java/lang/IncompatibleClassChangeError'{0x0000000708655720}: Found class java.lang.Object, but interface was expected> (0x0000000708655720) 
thrown [s\open\src\hotspot\share\interpreter\linkResolver.cpp, line 840]
Event: 31.292 Thread 0x00000176f561cef0 Exception <a 'java/lang/IncompatibleClassChangeError'{0x00000007084055e8}: Found class java.lang.Object, but interface was expected> (0x00000007084055e8) 
thrown [s\open\src\hotspot\share\interpreter\linkResolver.cpp, line 840]
Event: 31.456 Thread 0x00000176f561cef0 Exception <a 'java/lang/IncompatibleClassChangeError'{0x000000070783c480}: Found class java.lang.Object, but interface was expected> (0x000000070783c480) 
thrown [s\open\src\hotspot\share\interpreter\linkResolver.cpp, line 840]
Event: 31.519 Thread 0x00000176f561cef0 Exception <a 'java/lang/IncompatibleClassChangeError'{0x0000000707736fc8}: Found class java.lang.Object, but interface was expected> (0x0000000707736fc8) 
thrown [s\open\src\hotspot\share\interpreter\linkResolver.cpp, line 840]
Event: 31.573 Thread 0x00000176f561cef0 Exception <a 'java/lang/NoSuchMethodError'{0x00000007075244e0}: 'java.lang.Object java.lang.invoke.DirectMethodHandle$Holder.invokeStatic(java.lang.Object, int, java.lang.Object)'> (0x00000007075244e0) 
thrown [s\open\src\hotspot\share\interpreter\linkResolver.cpp, line 773]
Event: 32.210 Thread 0x00000176f561cef0 Exception <a 'java/lang/NoSuchMethodError'{0x0000000707c586e8}: 'long java.lang.invoke.DirectMethodHandle$Holder.invokeVirtual(java.lang.Object, java.lang.Object)'> (0x0000000707c586e8) 
thrown [s\open\src\hotspot\share\interpreter\linkResolver.cpp, line 773]
Event: 32.214 Thread 0x00000176f561cef0 Exception <a 'java/io/FileNotFoundException'{0x0000000707c90718}> (0x0000000707c90718) 
thrown [s\open\src\hotspot\share\prims\jni.cpp, line 520]
Event: 32.377 Thread 0x00000176f561cef0 Exception <a 'java/io/FileNotFoundException'{0x0000000711213ec8}> (0x0000000711213ec8) 
thrown [s\open\src\hotspot\share\prims\jni.cpp, line 520]
Event: 32.377 Thread 0x00000176f561cef0 Exception <a 'java/io/FileNotFoundException'{0x000000071121e018}> (0x000000071121e018) 
thrown [s\open\src\hotspot\share\prims\jni.cpp, line 520]
Event: 32.384 Thread 0x00000176f561cef0 Exception <a 'java/lang/NoSuchMethodError'{0x00000007112b5b00}: 'java.lang.Object java.lang.invoke.DirectMethodHandle$Holder.newInvokeSpecial(java.lang.Object, java.lang.Object, java.lang.Object, java.lang.Object, java.lang.Object, java.lang.Object, java.lang.Object, java.lang.Object, java.lang.Object, java.lang.Object)'> (0x00000007112b5b00) 
thrown [s\open\src\hotspot\share\interpreter\linkResolver.cpp, line 773]
Event: 32.386 Thread 0x00000176f561cef0 Exception <a 'java/lang/NoSuchMethodError'{0x00000007112f9510}: 'java.lang.Object java.lang.invoke.DirectMethodHandle$Holder.invokeStatic(java.lang.Object, java.lang.Object, java.lang.Object, java.lang.Object, java.lang.Object, java.lang.Object, java.lang.Object, java.lang.Object, java.lang.Object, java.lang.Object, java.lang.Object, java.lang.Object, java.lang.Object)'> (0x00000007112f9510) 
thrown [s\open\src\hotspot\share\interpreter\linkResolver.cpp, line 773]
Event: 32.425 Thread 0x00000176f561cef0 Exception <a 'java/lang/NoSuchMethodError'{0x0000000709276158}: 'java.lang.Object java.lang.invoke.DirectMethodHandle$Holder.newInvokeSpecial(java.lang.Object, java.lang.Object, java.lang.Object, java.lang.Object, java.lang.Object, java.lang.Object, java.lang.Object, java.lang.Object, java.lang.Object)'> (0x0000000709276158) 
thrown [s\open\src\hotspot\share\interpreter\linkResolver.cpp, line 773]
Event: 32.850 Thread 0x00000176f561cef0 Exception <a 'java/lang/IncompatibleClassChangeError'{0x00000007076a52e8}: Found class java.lang.Object, but interface was expected> (0x00000007076a52e8) 
thrown [s\open\src\hotspot\share\interpreter\linkResolver.cpp, line 840]
Event: 32.965 Thread 0x00000176f561cef0 Exception <a 'java/lang/NoSuchMethodError'{0x000000071126d688}: 'java.lang.Object java.lang.invoke.DirectMethodHandle$Holder.invokeInterface(java.lang.Object, java.lang.Object, java.lang.Object, java.lang.Object)'> (0x000000071126d688) 
thrown [s\open\src\hotspot\share\interpreter\linkResolver.cpp, line 773]
Event: 33.004 Thread 0x00000176f561cef0 Exception <a 'java/lang/NoSuchMethodError'{0x000000070d642ed0}: 'void java.lang.invoke.DirectMethodHandle$Holder.invokeVirtual(java.lang.Object, java.lang.Object, long)'> (0x000000070d642ed0) 
thrown [s\open\src\hotspot\share\interpreter\linkResolver.cpp, line 773]
Event: 33.151 Thread 0x00000176f561cef0 Exception <a 'java/lang/NoSuchMethodError'{0x000000070902c5c8}: 'java.lang.Object java.lang.invoke.DirectMethodHandle$Holder.invokeVirtual(java.lang.Object, java.lang.Object, java.lang.Object, java.lang.Object, java.lang.Object, java.lang.Object, java.lang.Object, java.lang.Object, java.lang.Object)'> (0x000000070902c5c8) 
thrown [s\open\src\hotspot\share\interpreter\linkResolver.cpp, line 773]
Event: 33.196 Thread 0x00000176f561cef0 Exception <a 'java/lang/NoSuchMethodError'{0x0000000708e84e70}: 'java.lang.Object java.lang.invoke.DirectMethodHandle$Holder.invokeVirtual(java.lang.Object, java.lang.Object, java.lang.Object, java.lang.Object, java.lang.Object, java.lang.Object, java.lang.Object, java.lang.Object, java.lang.Object, java.lang.Object)'> (0x0000000708e84e70) 
thrown [s\open\src\hotspot\share\interpreter\linkResolver.cpp, line 773]
Event: 33.257 Thread 0x00000176f561cef0 Exception <a 'java/lang/IncompatibleClassChangeError'{0x0000000708a21528}: Found class java.lang.Object, but interface was expected> (0x0000000708a21528) 
thrown [s\open\src\hotspot\share\interpreter\linkResolver.cpp, line 840]
Event: 33.378 Thread 0x00000176f561cef0 Exception <a 'java/lang/NoSuchMethodError'{0x00000007084cebd0}: 'java.lang.Object java.lang.invoke.DirectMethodHandle$Holder.newInvokeSpecial(java.lang.Object, java.lang.Object, int, java.lang.Object, java.lang.Object)'> (0x00000007084cebd0) 
thrown [s\open\src\hotspot\share\interpreter\linkResolver.cpp, line 773]

ZGC Phase Switch (0 events):
No events

VM Operations (20 events):
Event: 32.174 Executing VM operation: HandshakeAllThreads (Deoptimize) done
Event: 32.219 Executing VM operation: HandshakeAllThreads (Deoptimize)
Event: 32.219 Executing VM operation: HandshakeAllThreads (Deoptimize) done
Event: 32.340 Executing VM operation: G1CollectForAllocation (G1 Evacuation Pause)
Event: 32.343 Executing VM operation: G1CollectForAllocation (G1 Evacuation Pause) done
Event: 32.776 Executing VM operation: HandshakeAllThreads (Deoptimize)
Event: 32.776 Executing VM operation: HandshakeAllThreads (Deoptimize) done
Event: 32.777 Executing VM operation: HandshakeAllThreads (Deoptimize)
Event: 32.778 Executing VM operation: HandshakeAllThreads (Deoptimize) done
Event: 32.873 Executing VM operation: G1CollectForAllocation (G1 Evacuation Pause)
Event: 32.879 Executing VM operation: G1CollectForAllocation (G1 Evacuation Pause) done
Event: 33.377 Executing VM operation: HandshakeAllThreads (Deoptimize)
Event: 33.377 Executing VM operation: HandshakeAllThreads (Deoptimize) done
Event: 34.377 Executing VM operation: Cleanup
Event: 34.423 Executing VM operation: Cleanup done
Event: 34.529 Executing VM operation: HandshakeAllThreads (Deoptimize)
Event: 34.529 Executing VM operation: HandshakeAllThreads (Deoptimize) done
Event: 35.532 Executing VM operation: Cleanup
Event: 36.576 Executing VM operation: Cleanup done
Event: 36.619 Executing VM operation: G1CollectForAllocation (G1 Evacuation Pause)

Events (20 events):
Event: 33.356 Thread 0x00000176c55cb5b0 Thread added: 0x00000176c55cb5b0
Event: 33.356 Thread 0x00000176c55cb5b0 Thread exited: 0x00000176c55cb5b0
Event: 33.357 Thread 0x00000176c55cb5b0 Thread added: 0x00000176c55cb5b0
Event: 33.387 Thread 0x00000176c55c9b70 Thread added: 0x00000176c55c9b70
Event: 33.387 Thread 0x00000176c55cbc40 Thread added: 0x00000176c55cbc40
Event: 33.387 Thread 0x00000176c55cc2d0 Thread added: 0x00000176c55cc2d0
Event: 33.387 Thread 0x00000176c55c8e50 Thread added: 0x00000176c55c8e50
Event: 33.387 Thread 0x00000176c55cc960 Thread added: 0x00000176c55cc960
Event: 33.387 Thread 0x00000176c55cfde0 Thread added: 0x00000176c55cfde0
Event: 33.387 Thread 0x00000176c55d0470 Thread added: 0x00000176c55d0470
Event: 33.387 Thread 0x00000176c55ce3a0 Thread added: 0x00000176c55ce3a0
Event: 33.387 Thread 0x00000176c55cf0c0 Thread added: 0x00000176c55cf0c0
Event: 33.387 Thread 0x00000176c55cdd10 Thread added: 0x00000176c55cdd10
Event: 33.678 Thread 0x00000176c55ccff0 Thread added: 0x00000176c55ccff0
Event: 34.429 Thread 0x00000176c55d0b00 Thread added: 0x00000176c55d0b00
Event: 34.435 Thread 0x00000176c55cf750 Thread added: 0x00000176c55cf750
Event: 34.435 Thread 0x00000176c55ccff0 Thread exited: 0x00000176c55ccff0
Event: 34.478 Thread 0x00000176c55ccff0 Thread added: 0x00000176c55ccff0
Event: 36.577 Thread 0x00000176c55d1190 Thread added: 0x00000176c55d1190
Event: 36.577 Thread 0x00000176efde3f50 Thread exited: 0x00000176efde3f50


Dynamic libraries:
0x00007ff7bafd0000 - 0x00007ff7bafe0000 	C:\Program Files\Java\jdk-21\bin\java.exe
0x00007ffb8ede0000 - 0x00007ffb8f049000 	C:\WINDOWS\SYSTEM32\ntdll.dll
0x00007ffb8d7e0000 - 0x00007ffb8d8a9000 	C:\WINDOWS\System32\KERNEL32.DLL
0x00007ffb8c010000 - 0x00007ffb8c403000 	C:\WINDOWS\System32\KERNELBASE.dll
0x00007ffb8c4a0000 - 0x00007ffb8c5eb000 	C:\WINDOWS\System32\ucrtbase.dll
0x00007ffb74a60000 - 0x00007ffb74a7b000 	C:\Program Files\Java\jdk-21\bin\VCRUNTIME140.dll
0x00007ffb74a80000 - 0x00007ffb74a99000 	C:\Program Files\Java\jdk-21\bin\jli.dll
0x00007ffb8e300000 - 0x00007ffb8e3b4000 	C:\WINDOWS\System32\ADVAPI32.dll
0x00007ffb8cbb0000 - 0x00007ffb8cc59000 	C:\WINDOWS\System32\msvcrt.dll
0x00007ffb8d520000 - 0x00007ffb8d5c6000 	C:\WINDOWS\System32\sechost.dll
0x00007ffb8e4d0000 - 0x00007ffb8e5e8000 	C:\WINDOWS\System32\RPCRT4.dll
0x00007ffb8ebd0000 - 0x00007ffb8ed94000 	C:\WINDOWS\System32\USER32.dll
0x00007ffb8ca00000 - 0x00007ffb8ca27000 	C:\WINDOWS\System32\win32u.dll
0x00007ffb70320000 - 0x00007ffb705b3000 	C:\WINDOWS\WinSxS\amd64_microsoft.windows.common-controls_6595b64144ccf1df_6.0.26100.5074_none_3e0d6f78e32fd63f\COMCTL32.dll
0x00007ffb8d390000 - 0x00007ffb8d3bb000 	C:\WINDOWS\System32\GDI32.dll
0x00007ffb8c5f0000 - 0x00007ffb8c71d000 	C:\WINDOWS\System32\gdi32full.dll
0x00007ffb8c7e0000 - 0x00007ffb8c883000 	C:\WINDOWS\System32\msvcp_win.dll
0x00007ffb78420000 - 0x00007ffb7842b000 	C:\WINDOWS\SYSTEM32\VERSION.dll
0x00007ffb8ccc0000 - 0x00007ffb8ccef000 	C:\WINDOWS\System32\IMM32.DLL
0x00007ffb72af0000 - 0x00007ffb72afc000 	C:\Program Files\Java\jdk-21\bin\vcruntime140_1.dll
0x00007ffb1bc10000 - 0x00007ffb1bc9e000 	C:\Program Files\Java\jdk-21\bin\msvcp140.dll
0x00007ffaacdf0000 - 0x00007ffaadb0a000 	C:\Program Files\Java\jdk-21\bin\server\jvm.dll
0x00007ffb8e450000 - 0x00007ffb8e4c4000 	C:\WINDOWS\System32\WS2_32.dll
0x00007ffb8bdd0000 - 0x00007ffb8be2e000 	C:\WINDOWS\SYSTEM32\POWRPROF.dll
0x00007ffb80850000 - 0x00007ffb80885000 	C:\WINDOWS\SYSTEM32\WINMM.dll
0x00007ffb8bdb0000 - 0x00007ffb8bdc4000 	C:\WINDOWS\SYSTEM32\UMPDC.dll
0x00007ffb8ad50000 - 0x00007ffb8ad6b000 	C:\WINDOWS\SYSTEM32\kernel.appcore.dll
0x00007ffb72870000 - 0x00007ffb7287a000 	C:\Program Files\Java\jdk-21\bin\jimage.dll
0x00007ffb895d0000 - 0x00007ffb89812000 	C:\WINDOWS\SYSTEM32\DBGHELP.DLL
0x00007ffb8e670000 - 0x00007ffb8e9eb000 	C:\WINDOWS\System32\combase.dll
0x00007ffb8e9f0000 - 0x00007ffb8eac7000 	C:\WINDOWS\System32\OLEAUT32.dll
0x00007ffb67a60000 - 0x00007ffb67a9d000 	C:\WINDOWS\SYSTEM32\dbgcore.DLL
0x00007ffb8bf70000 - 0x00007ffb8c009000 	C:\WINDOWS\System32\bcryptPrimitives.dll
0x00007ffb1bbd0000 - 0x00007ffb1bc0c000 	C:\Program Files\Java\jdk-21\bin\jdwp.dll
0x00007ffad8960000 - 0x00007ffad8b6e000 	C:\Users\Denis\AppData\Local\Temp\idea_libasyncProfiler_dll_temp_folder27891\libasyncProfiler.dll
0x00007ffb6b8a0000 - 0x00007ffb6b8af000 	C:\Program Files\Java\jdk-21\bin\instrument.dll
0x00007ffb6a990000 - 0x00007ffb6a9af000 	C:\Program Files\Java\jdk-21\bin\java.dll
0x00007ffb67930000 - 0x00007ffb67948000 	C:\Program Files\Java\jdk-21\bin\zip.dll
0x00007ffb8dbb0000 - 0x00007ffb8e2fd000 	C:\WINDOWS\System32\SHELL32.dll
0x00007ffb8c890000 - 0x00007ffb8c9fc000 	C:\WINDOWS\System32\wintypes.dll
0x00007ffb89ba0000 - 0x00007ffb8a3f9000 	C:\WINDOWS\SYSTEM32\windows.storage.dll
0x00007ffb8dab0000 - 0x00007ffb8dba0000 	C:\WINDOWS\System32\SHCORE.dll
0x00007ffb8da40000 - 0x00007ffb8daa2000 	C:\WINDOWS\System32\shlwapi.dll
0x00007ffb8be90000 - 0x00007ffb8beb9000 	C:\WINDOWS\SYSTEM32\profapi.dll
0x00007ffb66f30000 - 0x00007ffb66f3c000 	C:\Program Files\Java\jdk-21\bin\dt_socket.dll
0x00007ffb8a7d0000 - 0x00007ffb8a804000 	C:\WINDOWS\SYSTEM32\IPHLPAPI.DLL
0x00007ffb8b2d0000 - 0x00007ffb8b33b000 	C:\WINDOWS\system32\mswsock.dll
0x00007ffb6a9d0000 - 0x00007ffb6a9e0000 	C:\Program Files\Java\jdk-21\bin\net.dll
0x00007ffb85b30000 - 0x00007ffb85c4f000 	C:\WINDOWS\SYSTEM32\WINHTTP.dll
0x00007ffb677f0000 - 0x00007ffb67806000 	C:\Program Files\Java\jdk-21\bin\nio.dll
0x00007ffb8a810000 - 0x00007ffb8a936000 	C:\WINDOWS\SYSTEM32\DNSAPI.dll
0x00007ffb8d190000 - 0x00007ffb8d19a000 	C:\WINDOWS\System32\NSI.dll
0x00007ffb80250000 - 0x00007ffb8025b000 	C:\Windows\System32\rasadhlp.dll
0x00007ffb862d0000 - 0x00007ffb86356000 	C:\WINDOWS\System32\fwpuclnt.dll
0x00007ffb55d20000 - 0x00007ffb55d2a000 	C:\Program Files\Java\jdk-21\bin\management.dll
0x00007ffb53d60000 - 0x00007ffb53d6b000 	C:\Program Files\Java\jdk-21\bin\management_ext.dll
0x00007ffb8d1a0000 - 0x00007ffb8d1a8000 	C:\WINDOWS\System32\PSAPI.DLL
0x00007ffb8b570000 - 0x00007ffb8b58b000 	C:\WINDOWS\SYSTEM32\CRYPTSP.dll
0x00007ffb8acb0000 - 0x00007ffb8aceb000 	C:\WINDOWS\system32\rsaenh.dll
0x00007ffb8b370000 - 0x00007ffb8b39b000 	C:\WINDOWS\SYSTEM32\USERENV.dll
0x00007ffb8be60000 - 0x00007ffb8be86000 	C:\WINDOWS\SYSTEM32\bcrypt.dll
0x00007ffb8b590000 - 0x00007ffb8b59c000 	C:\WINDOWS\SYSTEM32\CRYPTBASE.dll
0x00007ffb132a0000 - 0x00007ffb132b8000 	C:\WINDOWS\system32\napinsp.dll
0x00007ffb09c80000 - 0x00007ffb09c92000 	C:\WINDOWS\System32\winrnr.dll
0x00007ffb11670000 - 0x00007ffb11698000 	C:\WINDOWS\system32\nlansp_c.dll
0x00007ffb49b40000 - 0x00007ffb49b56000 	C:\WINDOWS\system32\wshbth.dll
0x00007ffb642e0000 - 0x00007ffb642e9000 	C:\Program Files\Java\jdk-21\bin\extnet.dll
0x00007ffb66ee0000 - 0x00007ffb66eee000 	C:\Program Files\Java\jdk-21\bin\sunmscapi.dll
0x00007ffb8ca30000 - 0x00007ffb8cba7000 	C:\WINDOWS\System32\CRYPT32.dll
0x00007ffb8b790000 - 0x00007ffb8b7c0000 	C:\WINDOWS\SYSTEM32\ncrypt.dll
0x00007ffb8b740000 - 0x00007ffb8b77f000 	C:\WINDOWS\SYSTEM32\NTASN1.dll
0x00007ffb55d60000 - 0x00007ffb55d70000 	C:\Program Files\Java\jdk-21\bin\verify.dll
0x00007ffb62be0000 - 0x00007ffb62be8000 	C:\WINDOWS\system32\wshunix.dll

dbghelp: loaded successfully - version: 4.0.5 - missing functions: none
symbol engine: initialized successfully - sym options: 0x614 - pdb path: .;C:\Program Files\Java\jdk-21\bin;C:\WINDOWS\SYSTEM32;C:\WINDOWS\WinSxS\amd64_microsoft.windows.common-controls_6595b64144ccf1df_6.0.26100.5074_none_3e0d6f78e32fd63f;C:\Program Files\Java\jdk-21\bin\server;C:\Users\Denis\AppData\Local\Temp\idea_libasyncProfiler_dll_temp_folder27891

VM Arguments:
jvm_args: -agentlib:jdwp=transport=dt_socket,address=127.0.0.1:59730,suspend=y,server=n -agentpath:C:\Users\Denis\AppData\Local\Temp\idea_libasyncProfiler_dll_temp_folder27891\libasyncProfiler.dll=version,jfr,event=wall,interval=10ms,cstack=no,file=C:\Users\Denis\IdeaSnapshots\OrgGroupProjectApplication_2025_09_01_233912.jfr,dbghelppath=C:\Users\Denis\AppData\Local\Temp\idea_dbghelp_dll_temp_folder10\dbghelp.dll,log=C:\Users\Denis\AppData\Local\Temp\OrgGroupProjectApplication_2025_09_01_233912.jfr.log.txt,logLevel=DEBUG -XX:TieredStopAtLevel=1 -Dspring.output.ansi.enabled=always -Dcom.sun.management.jmxremote -Dspring.jmx.enabled=true -Dspring.liveBeansView.mbeanDomain -Dspring.application.admin.enabled=true -Dmanagement.endpoints.jmx.exposure.include=* -javaagent:C:\Users\Denis\AppData\Local\JetBrains\IntelliJIdea2024.3\captureAgent\debugger-agent.jar -Dkotlinx.coroutines.debug.enable.creation.stack.trace=false -Ddebugger.agent.enable.coroutines=true -Dkotlinx.coroutines.debug.enable.flows.stack.trace=true -Dkotlinx.coroutines.debug.enable.mutable.state.flows.stack.trace=true -Dfile.encoding=UTF-8 -Dsun.stdout.encoding=UTF-8 -Dsun.stderr.encoding=UTF-8 
java_command: com.org.group.OrgGroupProjectApplication
java_class_path (initial): D:\ORIGIN\origin_group_backend\target\classes;C:\Users\Denis\.m2\repository\org\springframework\boot\spring-boot-starter-data-jpa\3.3.4\spring-boot-starter-data-jpa-3.3.4.jar;C:\Users\Denis\.m2\repository\org\springframework\boot\spring-boot-starter-aop\3.3.4\spring-boot-starter-aop-3.3.4.jar;C:\Users\Denis\.m2\repository\org\aspectj\aspectjweaver\1.9.22.1\aspectjweaver-1.9.22.1.jar;C:\Users\Denis\.m2\repository\org\springframework\boot\spring-boot-starter-jdbc\3.3.4\spring-boot-starter-jdbc-3.3.4.jar;C:\Users\Denis\.m2\repository\com\zaxxer\HikariCP\5.1.0\HikariCP-5.1.0.jar;C:\Users\Denis\.m2\repository\org\springframework\spring-jdbc\6.1.13\spring-jdbc-6.1.13.jar;C:\Users\Denis\.m2\repository\org\hibernate\orm\hibernate-core\6.5.3.Final\hibernate-core-6.5.3.Final.jar;C:\Users\Denis\.m2\repository\jakarta\persistence\jakarta.persistence-api\3.1.0\jakarta.persistence-api-3.1.0.jar;C:\Users\Denis\.m2\repository\jakarta\transaction\jakarta.transaction-api\2.0.1\jakarta.transaction-api-2.0.1.jar;C:\Users\Denis\.m2\repository\org\jboss\logging\jboss-logging\3.5.3.Final\jboss-logging-3.5.3.Final.jar;C:\Users\Denis\.m2\repository\org\hibernate\common\hibernate-commons-annotations\6.0.6.Final\hibernate-commons-annotations-6.0.6.Final.jar;C:\Users\Denis\.m2\repository\io\smallrye\jandex\3.1.2\jandex-3.1.2.jar;C:\Users\Denis\.m2\repository\com\fasterxml\classmate\1.7.0\classmate-1.7.0.jar;C:\Users\Denis\.m2\repository\net\bytebuddy\byte-buddy\1.14.19\byte-buddy-1.14.19.jar;C:\Users\Denis\.m2\repository\org\glassfish\jaxb\jaxb-runtime\4.0.5\jaxb-runtime-4.0.5.jar;C:\Users\Denis\.m2\repository\org\glassfish\jaxb\jaxb-core\4.0.5\jaxb-core-4.0.5.jar;C:\Users\Denis\.m2\repository\org\glassfish\jaxb\txw2\4.0.5\txw2-4.0.5.jar;C:\Users\Denis\.m2\repository\com\sun\istack\istack-commons-runtime\4.1.2\istack-commons-runtime-4.1.2.jar;C:\Users\Denis\.m2\repository\jakarta\inject\jakarta.inject-api\2.0.1\jakarta.inject-api-2.0.1.jar;C:\Users\Denis\.m2\repository\org\antlr\antlr4-runtime\4.13.0\antlr4-runtime-4.13.0.jar;C:\Users\Denis\.m2\repository\org\springframework\data\spring-data-jpa\3.3.4\spring-data-jpa-3.3.4.jar;C:\Users\Denis\.m2\repository\org\springframework\data\spring-data-commons\3.3.4\spring-data-commons-3.3.4.jar;C:\Users\Denis\.m2\repository\org\springframework\spring-orm\6.1.13\spring-orm-6.1.13.jar;C:\Users\Denis\.m2\repository\org\springframework\spring-context\6.1.13\spring-context-6.1.13.jar;C:\Users\Denis\.m2\repository\org\springframework\spring-tx\6.1.13\spring-tx-6.1.13.jar;C:\Users\Denis\.m2\repository\org\springframework\spring-beans\6.1.13\spring-beans-6.1.13.jar;C:\Users\Denis\.m2\repository\jakarta\annotation\jakarta.annotation-api\2.1.1\jakarta.annotation-api-2.1.1.jar;C:\Users\Denis\.m2\repository\org\slf4j\slf4j-api\2.0.16\slf4j-api-2.0.16.jar;C:\Users\Denis\.m2\repository\org\springframework\spring-aspects\6.1.13\spring-aspects-6.1.13.jar;C:\Users\Denis\.m2\repository\org\springframework\boot\spring-boot-starter-mail\3.3.4\spring-boot-starter-mail-3.3.4.jar;C:\Users\Denis\.m2\repository\org\springframework\boot\spring-boot-starter\3.3.4\spring-boot-starter-3.3.4.jar;C:\Users\Denis\.m2\repository\org\springframework\boot\spring-boot-starter-logging\3.3.4\spring-boot-starter-logging-3.3.4.jar;C:\Users\Denis\.m2\repository\ch\qos\logback\logback-classic\1.5.8\logback-classic-1.5.8.jar;C:\Users\Denis\.m2\repository\ch\qos\logback\logback-core\1.5.8\logback-core-1.5.8.jar;C:\Users\Denis\.m2\repository\org\apache\logging\log4j\log4j-to-slf4j\2.23.1\log4j-to-slf4j-2.23.1.jar;C:\Users\Denis\.m2\repository\org\apache\logging\log4j\log4j-api\2.23.1\log4j-api-2.23.1.jar;C:\Users\Denis\.m2\repository\org\slf4j\jul-to-slf4j\2.0.16\jul-to-slf4j-2.0.16.jar;C:\Users\Denis\.m2\repository\org\yaml\snakeyaml\2.2\snakeyaml-2.2.jar;C:\Users\Denis\.m2\repository\org\springframework\spring-context-support\6.1.13\spring-context-support-6.1.13.jar;C:\Users\Denis\.m2\repository\org\eclipse\angus\jakarta.mail\2.0.3\jakarta.mail-2.0.3.jar;C:\Users\Denis\.m2\repository\jakarta\activation\jakarta.activation-api\2.1.3\jakarta.activation-api-2.1.3.jar;C:\Users\Denis\.m2\repository\org\eclipse\angus\angus-activation\2.0.2\angus-activation-2.0.2.jar;C:\Users\Denis\.m2\repository\org\springframework\boot\spring-boot-starter-security\3.3.4\spring-boot-starter-security-3.3.4.jar;C:\Users\Denis\.m2\repository\org\springframework\spring-aop\6.1.13\spring-aop-6.1.13.jar;C:\Users\Denis\.m2\repository\org\springframework\security\spring-security-config\6.3.3\spring-security-config-6.3.3.jar;C:\Users\Denis\.m2\repository\org\springframework\security\spring-security-web\6.3.3\spring-security-web-6.3.3.jar;C:\Users\Denis\.m2\repository\org\springframework\spring-expression\6.1.13\spring-expression-6.1.13.jar;C:\Users\Denis\.m2\repository\com\fasterxml\jackson\core\jackson-databind\2.17.2\jackson-databind-2.17.2.jar;C:\Users\Denis\.m2\repository\com\fasterxml\jackson\core\jackson-annotations\2.17.2\jackson-annotations-2.17.2.jar;C:\Users\Denis\.m2\repository\com\fasterxml\jackson\core\jackson-core\2.17.2\jackson-core-2.17.2.jar;C:\Users\Denis\.m2\repository\org\springframework\boot\spring-boot-starter-validation\3.3.4\spring-boot-starter-validation-3.3.4.jar;C:\Users\Denis\.m2\repository\org\apache\tomcat\embed\tomcat-embed-el\10.1.30\tomcat-embed-el-10.1.30.jar;C:\Users\Denis\.m2\repository\org\hibernate\validator\hibernate-validator\8.0.1.Final\hibernate-validator-8.0.1.Final.jar;C:\Users\Denis\.m2\repository\jakarta\validation\jakarta.validation-api\3.0.2\jakarta.validation-api-3.0.2.jar;C:\Users\Denis\.m2\repository\io\jsonwebtoken\jjwt-api\0.11.5\jjwt-api-0.11.5.jar;C:\Users\Denis\.m2\repository\io\jsonwebtoken\jjwt-impl\0.11.5\jjwt-impl-0.11.5.jar;C:\Users\Denis\.m2\repository\org\springdoc\springdoc-openapi-starter-webmvc-ui\2.6.0\springdoc-openapi-starter-webmvc-ui-2.6.0.jar;C:\Users\Denis\.m2\repository\org\springdoc\springdoc-openapi-starter-webmvc-api\2.6.0\springdoc-openapi-starter-webmvc-api-2.6.0.jar;C:\Users\Denis\.m2\repository\org\springdoc\springdoc-openapi-starter-common\2.6.0\springdoc-openapi-starter-common-2.6.0.jar;C:\Users\Denis\.m2\repository\io\swagger\core\v3\swagger-core-jakarta\2.2.22\swagger-core-jakarta-2.2.22.jar;C:\Users\Denis\.m2\repository\io\swagger\core\v3\swagger-annotations-jakarta\2.2.22\swagger-annotations-jakarta-2.2.22.jar;C:\Users\Denis\.m2\repository\io\swagger\core\v3\swagger-models-jakarta\2.2.22\swagger-models-jakarta-2.2.22.jar;C:\Users\Denis\.m2\repository\com\fasterxml\jackson\dataformat\jackson-dataformat-yaml\2.17.2\jackson-dataformat-yaml-2.17.2.jar;C:\Users\Denis\.m2\repository\org\webjars\swagger-ui\5.17.14\swagger-ui-5.17.14.jar;C:\Users\Denis\.m2\repository\io\jsonwebtoken\jjwt-jackson\0.11.5\jjwt-jackson-0.11.5.jar;C:\Users\Denis\.m2\repository\org\springframework\boot\spring-boot-starter-web\3.3.4\spring-boot-starter-web-3.3.4.jar;C:\Users\Denis\.m2\repository\org\springframework\boot\spring-boot-starter-json\3.3.4\spring-boot-starter-json-3.3.4.jar;C:\Users\Denis\.m2\repository\com\fasterxml\jackson\datatype\jackson-datatype-jdk8\2.17.2\jackson-datatype-jdk8-2.17.2.jar;C:\Users\Denis\.m2\repository\com\fasterxml\jackson\datatype\jackson-datatype-jsr310\2.17.2\jackson-datatype-jsr310-2.17.2.jar;C:\Users\Denis\.m2\repository\com\fasterxml\jackson\module\jackson-module-parameter-names\2.17.2\jackson-module-parameter-names-2.17.2.jar;C:\Users\Denis\.m2\repository\org\springframework\boot\spring-boot-starter-tomcat\3.3.4\spring-boot-starter-tomcat-3.3.4.jar;C:\Users\Denis\.m2\repository\org\apache\tomcat\embed\tomcat-embed-core\10.1.30\tomcat-embed-core-10.1.30.jar;C:\Users\Denis\.m2\repository\org\apache\tomcat\embed\tomcat-embed-websocket\10.1.30\tomcat-embed-websocket-10.1.30.jar;C:\Users\Denis\.m2\repository\org\springframework\spring-web\6.1.13\spring-web-6.1.13.jar;C:\Users\Denis\.m2\repository\io\micrometer\micrometer-observation\1.13.4\micrometer-observation-1.13.4.jar;C:\Users\Denis\.m2\repository\io\micrometer\micrometer-commons\1.13.4\micrometer-commons-1.13.4.jar;C:\Users\Denis\.m2\repository\org\springframework\spring-webmvc\6.1.13\spring-webmvc-6.1.13.jar;C:\Users\Denis\.m2\repository\org\springframework\boot\spring-boot-devtools\3.3.4\spring-boot-devtools-3.3.4.jar;C:\Users\Denis\.m2\repository\org\springframework\boot\spring-boot\3.3.4\spring-boot-3.3.4.jar;C:\Users\Denis\.m2\repository\org\springframework\boot\spring-boot-autoconfigure\3.3.4\spring-boot-autoconfigure-3.3.4.jar;C:\Users\Denis\.m2\repository\com\mysql\mysql-connector-j\8.3.0\mysql-connector-j-8.3.0.jar;C:\Users\Denis\.m2\repository\org\postgresql\postgresql\42.7.4\postgresql-42.7.4.jar;C:\Users\Denis\.m2\repository\org\checkerframework\checker-qual\3.42.0\checker-qual-3.42.0.jar;C:\Users\Denis\.m2\repository\org\projectlombok\lombok\1.18.34\lombok-1.18.34.jar;C:\Users\Denis\.m2\repository\com\cloudinary\cloudinary-http5\2.0.0\cloudinary-http5-2.0.0.jar;C:\Users\Denis\.m2\repository\com\cloudinary\cloudinary-core\2.0.0\cloudinary-core-2.0.0.jar;C:\Users\Denis\.m2\repository\org\apache\commons\commons-lang3\3.14.0\commons-lang3-3.14.0.jar;C:\Users\Denis\.m2\repository\org\apache\httpcomponents\client5\httpclient5\5.3.1\httpclient5-5.3.1.jar;C:\Users\Denis\.m2\repository\org\apache\httpcomponents\core5\httpcore5-h2\5.2.5\httpcore5-h2-5.2.5.jar;C:\Users\Denis\.m2\repository\org\apache\httpcomponents\core5\httpcore5\5.2.5\httpcore5-5.2.5.jar;C:\Users\Denis\.m2\repository\jakarta\xml\bind\jakarta.xml.bind-api\4.0.2\jakarta.xml.bind-api-4.0.2.jar;C:\Users\Denis\.m2\repository\org\springframework\spring-core\6.1.13\spring-core-6.1.13.jar;C:\Users\Denis\.m2\repository\org\springframework\spring-jcl\6.1.13\spring-jcl-6.1.13.jar;C:\Users\Denis\.m2\repository\org\springframework\security\spring-security-core\6.3.3\spring-security-core-6.3.3.jar;C:\Users\Denis\.m2\repository\org\springframework\security\spring-security-crypto\6.3.3\spring-security-crypto-6.3.3.jar;D:\Intellij\IntelliJ IDEA 2024.3.5\lib\idea_rt.jar
Launcher Type: SUN_STANDARD

[Global flags]
     intx CICompilerCount                          = 4                                         {product} {ergonomic}
     uint ConcGCThreads                            = 3                                         {product} {ergonomic}
     uint G1ConcRefinementThreads                  = 10                                        {product} {ergonomic}
   size_t G1HeapRegionSize                         = 2097152                                   {product} {ergonomic}
    uintx GCDrainStackTargetSize                   = 64                                        {product} {ergonomic}
   size_t InitialHeapSize                          = 264241152                                 {product} {ergonomic}
     bool ManagementServer                         = true                                      {product} {command line}
   size_t MarkStackSize                            = 4194304                                   {product} {ergonomic}
   size_t MaxHeapSize                              = 4223664128                                {product} {ergonomic}
   size_t MaxNewSize                               = 2533359616                                {product} {ergonomic}
   size_t MinHeapDeltaBytes                        = 2097152                                   {product} {ergonomic}
   size_t MinHeapSize                              = 8388608                                   {product} {ergonomic}
    uintx NonNMethodCodeHeapSize                   = 4096                                   {pd product} {ergonomic}
    uintx NonProfiledCodeHeapSize                  = 0                                      {pd product} {ergonomic}
     bool ProfileInterpreter                       = false                                  {pd product} {command line}
    uintx ProfiledCodeHeapSize                     = 0                                      {pd product} {ergonomic}
   size_t SoftMaxHeapSize                          = 4223664128                             {manageable} {ergonomic}
     intx TieredStopAtLevel                        = 1                                         {product} {command line}
     bool UseCompressedOops                        = true                           {product lp64_product} {ergonomic}
     bool UseG1GC                                  = true                                      {product} {ergonomic}
     bool UseLargePagesIndividualAllocation        = false                                  {pd product} {ergonomic}

Logging:
Log output configuration:
 #0: stdout all=warning uptime,level,tags foldmultilines=false
 #1: stderr all=off uptime,level,tags foldmultilines=false

Environment Variables:
JAVA_HOME=C:\Program Files\Java\jdk-21
PATH=C:\Program Files\Common Files\Oracle\Java\javapath;C:\WINDOWS\system32;C:\WINDOWS;C:\WINDOWS\System32\Wbem;C:\WINDOWS\System32\WindowsPowerShell\v1.0\;C:\WINDOWS\System32\OpenSSH\;C:\Program Files\Git\cmd;C:\ProgramData\chocolatey\bin;C:\Program Files\nodejs\;D:\Matlab\runtime\win64;D:\Matlab\bin;C:\Program Files\dotnet\;C:\apache-maven-3.9.9\bin;C:\Program Files\Git LFS;C:\Users\Denis\AppData\Local\Microsoft\WindowsApps;C:\Users\Denis\AppData\Local\Programs\Microsoft VS Code\bin;C:\Users\Denis\AppData\Roaming\npm;C:\Users\Denis\.dotnet\tools;D:\flutter\flutter\bin;C:\src\flutter\bin;C:\Users\Denis\AppData\Local\Programs\Microsoft VS Code Insiders\bin;C:\Users\Denis\AppData\Local\Pub\Cache\bin;C:\Users\Denis\AppData\Local\Pub\Cache\bin;C:\Users\Denis\AppData\Local\Programs\Python\Python38;C:\Users\Denis\AppData\Local\Programs\Python\Python38\Scripts;C:\composer;C:\Program Files\Java\jdk-21\bin;C:\Program Files\Java\jdk-17\bin;;C:\Program Files\Docker\Docker\resources\bin;C:\Users\Denis\.config\herd-lite\bin;C:\Program Files\bin\;C:\WINDOWS\system32;C:\WINDOWS;C:\WINDOWS\System32\Wbem;C:\WINDOWS\System32\WindowsPowerShell\v1.0\;C:\WINDOWS\System32\OpenSSH\;C:\Program Files\Git\cmd;C:\ProgramData\chocolatey\bin;C:\Program Files\nodejs\;C:\Program Files\Docker\Docker\resources\bin;D:\Matlab\runtime\win64;D:\Matlab\bin;C:\Program Files\dotnet\;C:\Program Files\Microsoft SQL Server\150\Tools\Binn\;C:\apache-maven-3.9.9\bin;C:\Program Files\Git LFS;C:\Users\Denis\AppData\Local\Programs\Python\Python310\Scripts\;C:\Users\Denis\AppData\Local\Programs\Python\Python310\;C:\Users\Denis\AppData\Local\Microsoft\WindowsApps;C:\Users\Denis\AppData\Local\Programs\Microsoft VS Code\bin;C:\Users\Denis\AppData\Roaming\npm;C:\Users\Denis\.dotnet\tools;D:\flutter\flutter\bin;C:\src\flutter\bin;C:\;C:\Users\Denis\AppData\Roaming\Composer\vendor\bin;C:\Users\Denis\AppData\Local\Programs\cursor\resources\app\bin
USERNAME=Denis
OS=Windows_NT
PROCESSOR_IDENTIFIER=Intel64 Family 6 Model 154 Stepping 4, GenuineIntel
TMP=C:\Users\Denis\AppData\Local\Temp
TEMP=C:\Users\Denis\AppData\Local\Temp




Periodic native trim disabled

---------------  S Y S T E M  ---------------

OS:
 Windows 11 , 64 bit Build 26100 (10.0.26100.5074)
OS uptime: 0 days 11:39 hours
Hyper-V role detected

CPU: total 12 (initial active 12) (6 cores per cpu, 2 threads per core) family 6 model 154 stepping 4 microcode 0x435, cx8, cmov, fxsr, ht, mmx, 3dnowpref, sse, sse2, sse3, ssse3, sse4.1, sse4.2, popcnt, lzcnt, tsc, tscinvbit, avx, avx2, aes, erms, clmul, bmi1, bmi2, adx, sha, fma, vzeroupper, clflush, clflushopt, clwb, hv, serialize, rdtscp, rdpid, fsrm, f16c, cet_ibt, cet_ss
Processor Information for processor 0
  Max Mhz: 1700, Current Mhz: 1700, Mhz Limit: 1700
Processor Information for processor 1
  Max Mhz: 1700, Current Mhz: 1700, Mhz Limit: 1700
Processor Information for processor 2
  Max Mhz: 1700, Current Mhz: 1700, Mhz Limit: 1700
Processor Information for processor 3
  Max Mhz: 1700, Current Mhz: 1700, Mhz Limit: 1700
Processor Information for processor 4
  Max Mhz: 1200, Current Mhz: 1200, Mhz Limit: 1200
Processor Information for processor 5
  Max Mhz: 1200, Current Mhz: 1200, Mhz Limit: 1200
Processor Information for processor 6
  Max Mhz: 1200, Current Mhz: 1200, Mhz Limit: 1200
Processor Information for processor 7
  Max Mhz: 1200, Current Mhz: 1200, Mhz Limit: 1200
Processor Information for processor 8
  Max Mhz: 1200, Current Mhz: 1200, Mhz Limit: 1200
Processor Information for processor 9
  Max Mhz: 1200, Current Mhz: 1200, Mhz Limit: 1200
Processor Information for processor 10
  Max Mhz: 1200, Current Mhz: 1200, Mhz Limit: 1200
Processor Information for processor 11
  Max Mhz: 1200, Current Mhz: 1200, Mhz Limit: 1200

Memory: 4k page, system-wide physical 16108M (819M free)
TotalPageFile size 32592M (AvailPageFile size 1M)
current process WorkingSet (physical memory assigned to process): 365M, peak: 365M
current process commit charge ("private bytes"): 417M, peak: 435M

vm_info: Java HotSpot(TM) 64-Bit Server VM (21.0.7+8-LTS-245) for windows-amd64 JRE (21.0.7+8-LTS-245), built on 2025-02-21T05:11:27Z by "mach5one" with MS VC++ 17.6 (VS2022)

END.
