#
# There is insufficient memory for the Java Runtime Environment to continue.
# Native memory allocation (malloc) failed to allocate 1626896 bytes. Error detail: Chunk::new
# Possible reasons:
#   The system is out of physical RAM or swap space
#   This process is running with CompressedOops enabled, and the Java Heap may be blocking the growth of the native heap
# Possible solutions:
#   Reduce memory load on the system
#   Increase physical memory or swap space
#   Check if swap backing store is full
#   Decrease Java heap size (-Xmx/-Xms)
#   Decrease number of Java threads
#   Decrease Java thread stack sizes (-Xss)
#   Set larger code cache with -XX:ReservedCodeCacheSize=
#   JVM is running with Unscaled Compressed Oops mode in which the Java heap is
#     placed in the first 4GB address space. The Java Heap base address is the
#     maximum limit for the native heap growth. Please use -XX:HeapBaseMinAddress
#     to set the Java Heap base and to place the Java Heap above 4GB virtual address.
# This output file may be truncated or incomplete.
#
#  Out of Memory Error (arena.cpp:168), pid=32576, tid=28940
#
# JRE version: OpenJDK Runtime Environment Temurin-21.0.8+9 (21.0.8+9) (build 21.0.8+9-LTS)
# Java VM: OpenJDK 64-Bit Server VM Temurin-21.0.8+9 (21.0.8+9-LTS, mixed mode, sharing, tiered, compressed oops, compressed class ptrs, parallel gc, windows-amd64)
# No core dump will be written. Minidumps are not enabled by default on client versions of Windows
#

---------------  S U M M A R Y ------------

Command Line: --add-modules=ALL-SYSTEM --add-opens=java.base/java.util=ALL-UNNAMED --add-opens=java.base/java.lang=ALL-UNNAMED --add-opens=java.base/sun.nio.fs=ALL-UNNAMED -Declipse.application=org.eclipse.jdt.ls.core.id1 -Dosgi.bundles.defaultStartLevel=4 -Declipse.product=org.eclipse.jdt.ls.core.product -Djava.import.generatesMetadataFilesAtProjectRoot=false -DDetectVMInstallationsJob.disabled=true -Dfile.encoding=utf8 -XX:+UseParallelGC -XX:GCTimeRatio=4 -XX:AdaptiveSizePolicyWeight=90 -Dsun.zip.disableMemoryMapping=true -Xmx2G -Xms100m -Xlog:disable -javaagent:c:\Users\Denis\.cursor\extensions\redhat.java-1.44.0-win32-x64\lombok\lombok-1.18.39-4050.jar -XX:+HeapDumpOnOutOfMemoryError -XX:HeapDumpPath=c:\Users\Denis\AppData\Roaming\Cursor\User\workspaceStorage\eac8c8f2a15cc92b421c1f9780fee2c9\redhat.java -Daether.dependencyCollector.impl=bf c:\Users\Denis\.cursor\extensions\redhat.java-1.44.0-win32-x64\server\plugins\org.eclipse.equinox.launcher_1.7.0.v20250519-0528.jar -configuration c:\Users\Denis\AppData\Roaming\Cursor\User\globalStorage\redhat.java\1.44.0\config_win -data c:\Users\Denis\AppData\Roaming\Cursor\User\workspaceStorage\eac8c8f2a15cc92b421c1f9780fee2c9\redhat.java\jdt_ws --pipe=\\.\pipe\lsp-7265250c67c2934041b395e9a2fd7390-sock

Host: 12th Gen Intel(R) Core(TM) i7-1255U, 12 cores, 15G,  Windows 11 , 64 bit Build 26100 (10.0.26100.4768)
Time: Fri Aug 22 21:41:58 2025 South Africa Standard Time elapsed time: 78.165073 seconds (0d 0h 1m 18s)

---------------  T H R E A D  ---------------

Current thread (0x0000015d9fe1a7c0):  JavaThread "C2 CompilerThread1" daemon [_thread_in_native, id=28940, stack(0x0000004d95100000,0x0000004d95200000) (1024K)]


Current CompileTask:
C2:78165 16904       4       org.eclipse.jdt.internal.compiler.parser.Parser::consumeRule (7748 bytes)

Stack: [0x0000004d95100000,0x0000004d95200000]
Native frames: (J=compiled Java code, j=interpreted, Vv=VM code, C=native code)
V  [jvm.dll+0x6d2449]
V  [jvm.dll+0x8ae341]
V  [jvm.dll+0x8b08be]
V  [jvm.dll+0x8b0fa3]
V  [jvm.dll+0x280c96]
V  [jvm.dll+0xc581d]
V  [jvm.dll+0xc5d53]
V  [jvm.dll+0x3b9162]
V  [jvm.dll+0x385315]
V  [jvm.dll+0x38477a]
V  [jvm.dll+0x248ed0]
V  [jvm.dll+0x2484af]
V  [jvm.dll+0x1c89ee]
V  [jvm.dll+0x257d4d]
V  [jvm.dll+0x2562ea]
V  [jvm.dll+0x3f2d16]
V  [jvm.dll+0x857e6b]
V  [jvm.dll+0x6d0b0d]
C  [ucrtbase.dll+0x37b0]
C  [KERNEL32.DLL+0x2e8d7]
C  [ntdll.dll+0x3c34c]


---------------  P R O C E S S  ---------------

Threads class SMR info:
_java_thread_list=0x0000015d9d175e50, length=76, elements={
0x0000015d3ec922a0, 0x0000015d55710560, 0x0000015d557121f0, 0x0000015d557184a0,
0x0000015d5571b180, 0x0000015d5571d830, 0x0000015d97ac68c0, 0x0000015d97ace990,
0x0000015d97ad9750, 0x0000015d3ecfd240, 0x0000015d97e44e20, 0x0000015d9da166d0,
0x0000015d9d967680, 0x0000015d9d856140, 0x0000015d9d9b2350, 0x0000015d9dcd01d0,
0x0000015d9dd01140, 0x0000015d97de2f80, 0x0000015d97de1bd0, 0x0000015d97de2260,
0x0000015d97de3610, 0x0000015d97de4330, 0x0000015d97de28f0, 0x0000015d97de1540,
0x0000015d9f8d6870, 0x0000015d9f8d82b0, 0x0000015d9f8d5b50, 0x0000015d9f8d6f00,
0x0000015d9f8d7c20, 0x0000015d9f8d4e30, 0x0000015d9f8d54c0, 0x0000015d9f8d61e0,
0x0000015d9f8d7590, 0x0000015da02c78d0, 0x0000015da02c8c80, 0x0000015da02c9310,
0x0000015da02c5e90, 0x0000015da02c6520, 0x0000015da02c99a0, 0x0000015da02c7f60,
0x0000015da02c6bb0, 0x0000015da02c7240, 0x0000015da02ca6c0, 0x0000015da02cba70,
0x0000015da02c85f0, 0x0000015da02cc100, 0x0000015da02cc790, 0x0000015da02cce20,
0x0000015da02cd4b0, 0x0000015d97de49c0, 0x0000015da126d070, 0x0000015da126b630,
0x0000015da126bcc0, 0x0000015da126c350, 0x0000015da126dd90, 0x0000015da126c9e0,
0x0000015da126afa0, 0x0000015da126a910, 0x0000015da126eab0, 0x0000015da126e420,
0x0000015da126f140, 0x0000015da126d700, 0x0000015da1270b80, 0x0000015da126f7d0,
0x0000015da14b9600, 0x0000015da14b9c90, 0x0000015da14ba9b0, 0x0000015da14bb6d0,
0x0000015da14bb040, 0x0000015da14ba320, 0x0000015da14bbd60, 0x0000015da14b8f70,
0x0000015da14bde30, 0x0000015da14bf870, 0x0000015da14bc3f0, 0x0000015d9fe1a7c0
}

Java Threads: ( => current thread )
  0x0000015d3ec922a0 JavaThread "main"                              [_thread_blocked, id=35860, stack(0x0000004d95300000,0x0000004d95400000) (1024K)]
  0x0000015d55710560 JavaThread "Reference Handler"          daemon [_thread_blocked, id=34316, stack(0x0000004d95700000,0x0000004d95800000) (1024K)]
  0x0000015d557121f0 JavaThread "Finalizer"                  daemon [_thread_blocked, id=38436, stack(0x0000004d95800000,0x0000004d95900000) (1024K)]
  0x0000015d557184a0 JavaThread "Signal Dispatcher"          daemon [_thread_blocked, id=2540, stack(0x0000004d95900000,0x0000004d95a00000) (1024K)]
  0x0000015d5571b180 JavaThread "Attach Listener"            daemon [_thread_blocked, id=33788, stack(0x0000004d95a00000,0x0000004d95b00000) (1024K)]
  0x0000015d5571d830 JavaThread "Service Thread"             daemon [_thread_blocked, id=33400, stack(0x0000004d95b00000,0x0000004d95c00000) (1024K)]
  0x0000015d97ac68c0 JavaThread "Monitor Deflation Thread"   daemon [_thread_blocked, id=34628, stack(0x0000004d95c00000,0x0000004d95d00000) (1024K)]
  0x0000015d97ace990 JavaThread "C2 CompilerThread0"         daemon [_thread_blocked, id=36316, stack(0x0000004d95d00000,0x0000004d95e00000) (1024K)]
  0x0000015d97ad9750 JavaThread "C1 CompilerThread0"         daemon [_thread_blocked, id=4104, stack(0x0000004d95e00000,0x0000004d95f00000) (1024K)]
  0x0000015d3ecfd240 JavaThread "Common-Cleaner"             daemon [_thread_blocked, id=36184, stack(0x0000004d95f00000,0x0000004d96000000) (1024K)]
  0x0000015d97e44e20 JavaThread "Notification Thread"        daemon [_thread_blocked, id=31912, stack(0x0000004d96000000,0x0000004d96100000) (1024K)]
  0x0000015d9da166d0 JavaThread "Active Thread: Equinox Container: c4a9651a-62a3-4c2a-a46f-454e3e8629db"        [_thread_blocked, id=31468, stack(0x0000004d96900000,0x0000004d96a00000) (1024K)]
  0x0000015d9d967680 JavaThread "Refresh Thread: Equinox Container: c4a9651a-62a3-4c2a-a46f-454e3e8629db" daemon [_thread_blocked, id=24960, stack(0x0000004d96100000,0x0000004d96200000) (1024K)]
  0x0000015d9d856140 JavaThread "Framework Event Dispatcher: Equinox Container: c4a9651a-62a3-4c2a-a46f-454e3e8629db" daemon [_thread_blocked, id=17472, stack(0x0000004d96a00000,0x0000004d96b00000) (1024K)]
  0x0000015d9d9b2350 JavaThread "Start Level: Equinox Container: c4a9651a-62a3-4c2a-a46f-454e3e8629db" daemon [_thread_blocked, id=37968, stack(0x0000004d96b00000,0x0000004d96c00000) (1024K)]
  0x0000015d9dcd01d0 JavaThread "Bundle File Closer"         daemon [_thread_blocked, id=38856, stack(0x0000004d96e00000,0x0000004d96f00000) (1024K)]
  0x0000015d9dd01140 JavaThread "SCR Component Actor"        daemon [_thread_blocked, id=33348, stack(0x0000004d96f00000,0x0000004d97000000) (1024K)]
  0x0000015d97de2f80 JavaThread "Worker-JM"                         [_thread_blocked, id=36612, stack(0x0000004d97200000,0x0000004d97300000) (1024K)]
  0x0000015d97de1bd0 JavaThread "JNA Cleaner"                daemon [_thread_blocked, id=13996, stack(0x0000004d97100000,0x0000004d97200000) (1024K)]
  0x0000015d97de2260 JavaThread "Worker-0: Update Maven project configuration"        [_thread_blocked, id=29684, stack(0x0000004d97300000,0x0000004d97400000) (1024K)]
  0x0000015d97de3610 JavaThread "Worker-1: Initialize workspace"        [_thread_blocked, id=27340, stack(0x0000004d97400000,0x0000004d97500000) (1024K)]
  0x0000015d97de4330 JavaThread "Java indexing"              daemon [_thread_in_native, id=38096, stack(0x0000004d95200000,0x0000004d95300000) (1024K)]
  0x0000015d97de28f0 JavaThread "Worker-2"                          [_thread_blocked, id=29048, stack(0x0000004d97800000,0x0000004d97900000) (1024K)]
  0x0000015d97de1540 JavaThread "Worker-3: Java indexing... "        [_thread_blocked, id=3780, stack(0x0000004d97900000,0x0000004d97a00000) (1024K)]
  0x0000015d9f8d6870 JavaThread "Worker-4"                          [_thread_blocked, id=20164, stack(0x0000004d97a00000,0x0000004d97b00000) (1024K)]
  0x0000015d9f8d82b0 JavaThread "Thread-2"                   daemon [_thread_in_native, id=10156, stack(0x0000004d97b00000,0x0000004d97c00000) (1024K)]
  0x0000015d9f8d5b50 JavaThread "Thread-3"                   daemon [_thread_in_native, id=19596, stack(0x0000004d97c00000,0x0000004d97d00000) (1024K)]
  0x0000015d9f8d6f00 JavaThread "Thread-4"                   daemon [_thread_in_native, id=30792, stack(0x0000004d97d00000,0x0000004d97e00000) (1024K)]
  0x0000015d9f8d7c20 JavaThread "Thread-5"                   daemon [_thread_in_native, id=33432, stack(0x0000004d97e00000,0x0000004d97f00000) (1024K)]
  0x0000015d9f8d4e30 JavaThread "Thread-6"                   daemon [_thread_in_native, id=24756, stack(0x0000004d97f00000,0x0000004d98000000) (1024K)]
  0x0000015d9f8d54c0 JavaThread "Thread-7"                   daemon [_thread_in_native, id=36916, stack(0x0000004d98000000,0x0000004d98100000) (1024K)]
  0x0000015d9f8d61e0 JavaThread "Thread-8"                   daemon [_thread_in_native, id=38872, stack(0x0000004d98100000,0x0000004d98200000) (1024K)]
  0x0000015d9f8d7590 JavaThread "Thread-9"                   daemon [_thread_in_native, id=36280, stack(0x0000004d98200000,0x0000004d98300000) (1024K)]
  0x0000015da02c78d0 JavaThread "Thread-10"                  daemon [_thread_in_native, id=17760, stack(0x0000004d98300000,0x0000004d98400000) (1024K)]
  0x0000015da02c8c80 JavaThread "Thread-11"                  daemon [_thread_in_native, id=38516, stack(0x0000004d98400000,0x0000004d98500000) (1024K)]
  0x0000015da02c9310 JavaThread "Thread-12"                  daemon [_thread_in_native, id=36308, stack(0x0000004d98500000,0x0000004d98600000) (1024K)]
  0x0000015da02c5e90 JavaThread "Thread-13"                  daemon [_thread_in_native, id=17092, stack(0x0000004d98600000,0x0000004d98700000) (1024K)]
  0x0000015da02c6520 JavaThread "Thread-14"                  daemon [_thread_in_native, id=22900, stack(0x0000004d98700000,0x0000004d98800000) (1024K)]
  0x0000015da02c99a0 JavaThread "pool-2-thread-1"                   [_thread_blocked, id=30104, stack(0x0000004d98800000,0x0000004d98900000) (1024K)]
  0x0000015da02c7f60 JavaThread "WorkspaceEventsHandler"            [_thread_blocked, id=35596, stack(0x0000004d98900000,0x0000004d98a00000) (1024K)]
  0x0000015da02c6bb0 JavaThread "pool-1-thread-1"                   [_thread_blocked, id=14116, stack(0x0000004d98a00000,0x0000004d98b00000) (1024K)]
  0x0000015da02c7240 JavaThread "Worker-5"                          [_thread_blocked, id=13736, stack(0x0000004d98b00000,0x0000004d98c00000) (1024K)]
  0x0000015da02ca6c0 JavaThread "LocalFile Deleter"          daemon [_thread_blocked, id=33716, stack(0x0000004d97000000,0x0000004d97100000) (1024K)]
  0x0000015da02cba70 JavaThread "LocalFile Deleter"          daemon [_thread_blocked, id=34272, stack(0x0000004d98c00000,0x0000004d98d00000) (1024K)]
  0x0000015da02c85f0 JavaThread "LocalFile Deleter"          daemon [_thread_blocked, id=36976, stack(0x0000004d98d00000,0x0000004d98e00000) (1024K)]
  0x0000015da02cc100 JavaThread "LocalFile Deleter"          daemon [_thread_blocked, id=9980, stack(0x0000004d98e00000,0x0000004d98f00000) (1024K)]
  0x0000015da02cc790 JavaThread "LocalFile Deleter"          daemon [_thread_blocked, id=29376, stack(0x0000004d98f00000,0x0000004d99000000) (1024K)]
  0x0000015da02cce20 JavaThread "LocalFile Deleter"          daemon [_thread_blocked, id=33244, stack(0x0000004d99000000,0x0000004d99100000) (1024K)]
  0x0000015da02cd4b0 JavaThread "LocalFile Deleter"          daemon [_thread_blocked, id=27876, stack(0x0000004d99100000,0x0000004d99200000) (1024K)]
  0x0000015d97de49c0 JavaThread "LocalFile Deleter"          daemon [_thread_blocked, id=21584, stack(0x0000004d99200000,0x0000004d99300000) (1024K)]
  0x0000015da126d070 JavaThread "LocalFile Deleter"          daemon [_thread_blocked, id=496, stack(0x0000004d99300000,0x0000004d99400000) (1024K)]
  0x0000015da126b630 JavaThread "LocalFile Deleter"          daemon [_thread_blocked, id=28388, stack(0x0000004d99400000,0x0000004d99500000) (1024K)]
  0x0000015da126bcc0 JavaThread "LocalFile Deleter"          daemon [_thread_blocked, id=38396, stack(0x0000004d99500000,0x0000004d99600000) (1024K)]
  0x0000015da126c350 JavaThread "LocalFile Deleter"          daemon [_thread_blocked, id=36788, stack(0x0000004d99600000,0x0000004d99700000) (1024K)]
  0x0000015da126dd90 JavaThread "Compiler Source File Reader" daemon [_thread_blocked, id=25024, stack(0x0000004d99700000,0x0000004d99800000) (1024K)]
  0x0000015da126c9e0 JavaThread "Compiler Source File Reader" daemon [_thread_blocked, id=26512, stack(0x0000004d99800000,0x0000004d99900000) (1024K)]
  0x0000015da126afa0 JavaThread "Compiler Source File Reader" daemon [_thread_blocked, id=31444, stack(0x0000004d99900000,0x0000004d99a00000) (1024K)]
  0x0000015da126a910 JavaThread "Compiler Source File Reader" daemon [_thread_blocked, id=19332, stack(0x0000004d99a00000,0x0000004d99b00000) (1024K)]
  0x0000015da126eab0 JavaThread "Compiler Source File Reader" daemon [_thread_blocked, id=32440, stack(0x0000004d99b00000,0x0000004d99c00000) (1024K)]
  0x0000015da126e420 JavaThread "Compiler Source File Reader" daemon [_thread_blocked, id=15020, stack(0x0000004d99c00000,0x0000004d99d00000) (1024K)]
  0x0000015da126f140 JavaThread "Compiler Source File Reader" daemon [_thread_blocked, id=32600, stack(0x0000004d99d00000,0x0000004d99e00000) (1024K)]
  0x0000015da126d700 JavaThread "Compiler Source File Reader" daemon [_thread_blocked, id=38128, stack(0x0000004d99e00000,0x0000004d99f00000) (1024K)]
  0x0000015da1270b80 JavaThread "Compiler Source File Reader" daemon [_thread_blocked, id=1572, stack(0x0000004d99f00000,0x0000004d9a000000) (1024K)]
  0x0000015da126f7d0 JavaThread "Compiler Source File Reader" daemon [_thread_blocked, id=38832, stack(0x0000004d9a000000,0x0000004d9a100000) (1024K)]
  0x0000015da14b9600 JavaThread "Compiler Processing Task"   daemon [_thread_blocked, id=33092, stack(0x0000004d9a100000,0x0000004d9a200000) (1024K)]
  0x0000015da14b9c90 JavaThread "Compiler Class File Writer" daemon [_thread_blocked, id=32492, stack(0x0000004d9a200000,0x0000004d9a300000) (1024K)]
  0x0000015da14ba9b0 JavaThread "Compiler Class File Writer" daemon [_thread_blocked, id=620, stack(0x0000004d9a300000,0x0000004d9a400000) (1024K)]
  0x0000015da14bb6d0 JavaThread "Compiler Class File Writer" daemon [_thread_blocked, id=26012, stack(0x0000004d9a400000,0x0000004d9a500000) (1024K)]
  0x0000015da14bb040 JavaThread "Compiler Class File Writer" daemon [_thread_blocked, id=31388, stack(0x0000004d9a600000,0x0000004d9a700000) (1024K)]
  0x0000015da14ba320 JavaThread "Compiler Class File Writer" daemon [_thread_blocked, id=36536, stack(0x0000004d97500000,0x0000004d97600000) (1024K)]
  0x0000015da14bbd60 JavaThread "Compiler Class File Writer" daemon [_thread_blocked, id=36524, stack(0x0000004d9a800000,0x0000004d9a900000) (1024K)]
  0x0000015da14b8f70 JavaThread "Compiler Class File Writer" daemon [_thread_blocked, id=30268, stack(0x0000004d9a900000,0x0000004d9aa00000) (1024K)]
  0x0000015da14bde30 JavaThread "Compiler Class File Writer" daemon [_thread_blocked, id=27196, stack(0x0000004d9aa00000,0x0000004d9ab00000) (1024K)]
  0x0000015da14bf870 JavaThread "Compiler Class File Writer" daemon [_thread_blocked, id=21756, stack(0x0000004d9ab00000,0x0000004d9ac00000) (1024K)]
  0x0000015da14bc3f0 JavaThread "Compiler Class File Writer" daemon [_thread_blocked, id=22736, stack(0x0000004d9ac00000,0x0000004d9ad00000) (1024K)]
=>0x0000015d9fe1a7c0 JavaThread "C2 CompilerThread1"         daemon [_thread_in_native, id=28940, stack(0x0000004d95100000,0x0000004d95200000) (1024K)]
Total: 76

Other Threads:
  0x0000015d55704540 VMThread "VM Thread"                           [id=28456, stack(0x0000004d95600000,0x0000004d95700000) (1024K)]
  0x0000015d555fca00 WatcherThread "VM Periodic Task Thread"        [id=35752, stack(0x0000004d95500000,0x0000004d95600000) (1024K)]
  0x0000015d3ecb06e0 WorkerThread "GC Thread#0"                     [id=36452, stack(0x0000004d95400000,0x0000004d95500000) (1024K)]
  0x0000015d9d781fe0 WorkerThread "GC Thread#1"                     [id=23664, stack(0x0000004d96300000,0x0000004d96400000) (1024K)]
  0x0000015d9d7fdf70 WorkerThread "GC Thread#2"                     [id=11200, stack(0x0000004d96400000,0x0000004d96500000) (1024K)]
  0x0000015d9d7fe310 WorkerThread "GC Thread#3"                     [id=2312, stack(0x0000004d96500000,0x0000004d96600000) (1024K)]
  0x0000015d9d7fe6b0 WorkerThread "GC Thread#4"                     [id=35616, stack(0x0000004d96600000,0x0000004d96700000) (1024K)]
  0x0000015d9d7fea50 WorkerThread "GC Thread#5"                     [id=31032, stack(0x0000004d96700000,0x0000004d96800000) (1024K)]
  0x0000015d9d01fb20 WorkerThread "GC Thread#6"                     [id=11616, stack(0x0000004d96800000,0x0000004d96900000) (1024K)]
  0x0000015d97e7a270 WorkerThread "GC Thread#7"                     [id=23944, stack(0x0000004d96200000,0x0000004d96300000) (1024K)]
  0x0000015d9d1a65c0 WorkerThread "GC Thread#8"                     [id=9860, stack(0x0000004d96c00000,0x0000004d96d00000) (1024K)]
  0x0000015d97b95400 WorkerThread "GC Thread#9"                     [id=10652, stack(0x0000004d96d00000,0x0000004d96e00000) (1024K)]
Total: 12

Threads with active compile tasks:
C2 CompilerThread0  78242 16764       4       java.lang.reflect.Field::set (43 bytes)
C1 CompilerThread0  78242 17003       3       org.eclipse.jdt.internal.core.CompilationUnitStructureRequestor::exitMethod (137 bytes)
C2 CompilerThread1  78242 16904       4       org.eclipse.jdt.internal.compiler.parser.Parser::consumeRule (7748 bytes)
Total: 3

VM state: at safepoint (normal execution)

VM Mutex/Monitor currently owned by a thread:  ([mutex/lock_event])
[0x00007ffb1d045458] Threads_lock - owner thread: 0x0000015d55704540
[0x00007ffb1d045558] Heap_lock - owner thread: 0x0000015d97de2260

Heap address: 0x0000000080000000, size: 2048 MB, Compressed Oops mode: 32-bit

CDS archive(s) mapped at: [0x0000015d56000000-0x0000015d56ba0000-0x0000015d56ba0000), size 12189696, SharedBaseAddress: 0x0000015d56000000, ArchiveRelocationMode: 1.
Compressed class space mapped at: 0x0000015d57000000-0x0000015d97000000, reserved size: 1073741824
Narrow klass base: 0x0000015d56000000, Narrow klass shift: 0, Narrow klass range: 0x100000000

GC Precious Log:
 CardTable entry size: 512
 CPUs: 12 total, 12 available
 Memory: 16108M
 Large Page Support: Disabled
 NUMA Support: Disabled
 Compressed Oops: Enabled (32-bit)
 Alignments: Space 512K, Generation 512K, Heap 2M
 Heap Min Capacity: 100M
 Heap Initial Capacity: 100M
 Heap Max Capacity: 2G
 Pre-touch: Disabled
 Parallel Workers: 10

Heap:
 PSYoungGen      total 5632K, used 480K [0x00000000d5580000, 0x00000000d5c00000, 0x0000000100000000)
  eden space 5120K, 0% used [0x00000000d5580000,0x00000000d5580000,0x00000000d5a80000)
  from space 512K, 93% used [0x00000000d5b00000,0x00000000d5b78020,0x00000000d5b80000)
  to   space 512K, 0% used [0x00000000d5b80000,0x00000000d5b80000,0x00000000d5c00000)
 ParOldGen       total 760832K, used 760729K [0x0000000080000000, 0x00000000ae700000, 0x00000000d5580000)
  object space 760832K, 99% used [0x0000000080000000,0x00000000ae6e6448,0x00000000ae700000)
 Metaspace       used 68897K, committed 70464K, reserved 1114112K
  class space    used 7014K, committed 7744K, reserved 1048576K

Card table byte_map: [0x0000015d3e620000,0x0000015d3ea30000] _byte_map_base: 0x0000015d3e220000

Marking Bits: (ParMarkBitMap*) 0x00007ffb1d04a340
 Begin Bits: [0x0000015d51120000, 0x0000015d53120000)
 End Bits:   [0x0000015d53120000, 0x0000015d55120000)

Polling page: 0x0000015d3cb30000

Metaspace:

Usage:
  Non-class:     60.43 MB used.
      Class:      6.85 MB used.
       Both:     67.28 MB used.

Virtual space:
  Non-class space:       64.00 MB reserved,      61.25 MB ( 96%) committed,  1 nodes.
      Class space:        1.00 GB reserved,       7.56 MB ( <1%) committed,  1 nodes.
             Both:        1.06 GB reserved,      68.81 MB (  6%) committed. 

Chunk freelists:
   Non-Class:  2.00 MB
       Class:  8.42 MB
        Both:  10.42 MB

MaxMetaspaceSize: unlimited
CompressedClassSpaceSize: 1.00 GB
Initial GC threshold: 21.00 MB
Current GC threshold: 97.31 MB
CDS: on
 - commit_granule_bytes: 65536.
 - commit_granule_words: 8192.
 - virtual_space_node_default_size: 8388608.
 - enlarge_chunks_in_place: 1.
 - use_allocation_guard: 0.


Internal statistics:

num_allocs_failed_limit: 9.
num_arena_births: 1380.
num_arena_deaths: 14.
num_vsnodes_births: 2.
num_vsnodes_deaths: 0.
num_space_committed: 1101.
num_space_uncommitted: 0.
num_chunks_returned_to_freelist: 23.
num_chunks_taken_from_freelist: 4742.
num_chunk_merges: 13.
num_chunk_splits: 2870.
num_chunks_enlarged: 1601.
num_inconsistent_stats: 0.

CodeHeap 'non-profiled nmethods': size=120000Kb used=12875Kb max_used=12875Kb free=107125Kb
 bounds [0x0000015d49940000, 0x0000015d4a5e0000, 0x0000015d50e70000]
CodeHeap 'profiled nmethods': size=120000Kb used=39437Kb max_used=39437Kb free=80562Kb
 bounds [0x0000015d41e70000, 0x0000015d44500000, 0x0000015d493a0000]
CodeHeap 'non-nmethods': size=5760Kb used=1438Kb max_used=1512Kb free=4322Kb
 bounds [0x0000015d493a0000, 0x0000015d49610000, 0x0000015d49940000]
CodeCache: size=245760Kb, used=53750Kb, max_used=53824Kb, free=192009Kb
 total_blobs=16959, nmethods=16211, adapters=652, full_count=0
Compilation: enabled, stopped_count=0, restarted_count=0

Compilation events (20 events):
Event: 77.137 Thread 0x0000015d97ad9750 nmethod 16993 0x0000015d444e7d90 code [0x0000015d444e7f80, 0x0000015d444e8438]
Event: 77.137 Thread 0x0000015d97ad9750 16991       3       lombok.eclipse.handlers.SetGeneratedByVisitor::visit (22 bytes)
Event: 77.138 Thread 0x0000015d97ad9750 nmethod 16991 0x0000015d444e8590 code [0x0000015d444e8760, 0x0000015d444e8a68]
Event: 77.138 Thread 0x0000015d97ad9750 16995       3       java.lang.invoke.LambdaForm$MH/0x0000015d57658000::invoke (42 bytes)
Event: 77.139 Thread 0x0000015d97ad9750 nmethod 16995 0x0000015d444e8c90 code [0x0000015d444e8f20, 0x0000015d444e9be8]
Event: 77.139 Thread 0x0000015d97ad9750 16998   !   3       lombok.permit.Permit::invokeSneaky (74 bytes)
Event: 77.141 Thread 0x0000015d97ad9750 nmethod 16998 0x0000015d444ea010 code [0x0000015d444ea300, 0x0000015d444eb050]
Event: 77.141 Thread 0x0000015d97ad9750 16996       3       java.lang.invoke.LambdaForm$MH/0x0000015d57658400::invoke (42 bytes)
Event: 77.143 Thread 0x0000015d97ad9750 nmethod 16996 0x0000015d444eb810 code [0x0000015d444ebaa0, 0x0000015d444ec740]
Event: 77.143 Thread 0x0000015d97ad9750 16994       3       org.eclipse.jdt.internal.compiler.ASTVisitor::endVisit (1 bytes)
Event: 77.143 Thread 0x0000015d97ad9750 nmethod 16994 0x0000015d444ecb90 code [0x0000015d444ecd20, 0x0000015d444ece28]
Event: 77.150 Thread 0x0000015d97ad9750 17000       3       lombok.eclipse.EclipseAST::buildField (106 bytes)
Event: 77.153 Thread 0x0000015d97ad9750 nmethod 17000 0x0000015d444ece90 code [0x0000015d444ed1e0, 0x0000015d444eeae0]
Event: 77.155 Thread 0x0000015d97ad9750 17001       3       org.eclipse.jdt.internal.core.CompilationUnitStructureRequestor::resolveDuplicates (151 bytes)
Event: 77.157 Thread 0x0000015d97ad9750 nmethod 17001 0x0000015d444ef210 code [0x0000015d444ef560, 0x0000015d444f10e0]
Event: 77.157 Thread 0x0000015d97ad9750 17004       3       org.eclipse.jdt.internal.compiler.SourceElementNotifier::getArgumentInfos (171 bytes)
Event: 77.158 Thread 0x0000015d97ad9750 nmethod 17004 0x0000015d444f1890 code [0x0000015d444f1ae0, 0x0000015d444f2b78]
Event: 77.158 Thread 0x0000015d97ad9750 17002       3       org.eclipse.jdt.internal.core.SourceMethod::calculateHashCode (15 bytes)
Event: 77.159 Thread 0x0000015d97ad9750 nmethod 17002 0x0000015d444f3010 code [0x0000015d444f31e0, 0x0000015d444f34a0]
Event: 77.159 Thread 0x0000015d97ad9750 17003       3       org.eclipse.jdt.internal.core.CompilationUnitStructureRequestor::exitMethod (137 bytes)

GC Heap History (20 events):
Event: 76.359 GC heap after
{Heap after GC invocations=1220 (full 3):
 PSYoungGen      total 5632K, used 502K [0x00000000d5580000, 0x00000000d5d80000, 0x0000000100000000)
  eden space 5120K, 0% used [0x00000000d5580000,0x00000000d5580000,0x00000000d5a80000)
  from space 512K, 98% used [0x00000000d5b80000,0x00000000d5bfd808,0x00000000d5c00000)
  to   space 1536K, 0% used [0x00000000d5c00000,0x00000000d5c00000,0x00000000d5d80000)
 ParOldGen       total 757760K, used 757689K [0x0000000080000000, 0x00000000ae400000, 0x00000000d5580000)
  object space 757760K, 99% used [0x0000000080000000,0x00000000ae3ee698,0x00000000ae400000)
 Metaspace       used 68428K, committed 70016K, reserved 1114112K
  class space    used 6950K, committed 7680K, reserved 1048576K
}
Event: 76.447 GC heap before
{Heap before GC invocations=1221 (full 3):
 PSYoungGen      total 5632K, used 5622K [0x00000000d5580000, 0x00000000d5d80000, 0x0000000100000000)
  eden space 5120K, 100% used [0x00000000d5580000,0x00000000d5a80000,0x00000000d5a80000)
  from space 512K, 98% used [0x00000000d5b80000,0x00000000d5bfd808,0x00000000d5c00000)
  to   space 1536K, 0% used [0x00000000d5c00000,0x00000000d5c00000,0x00000000d5d80000)
 ParOldGen       total 757760K, used 757689K [0x0000000080000000, 0x00000000ae400000, 0x00000000d5580000)
  object space 757760K, 99% used [0x0000000080000000,0x00000000ae3ee698,0x00000000ae400000)
 Metaspace       used 68452K, committed 70016K, reserved 1114112K
  class space    used 6950K, committed 7680K, reserved 1048576K
}
Event: 76.450 GC heap after
{Heap after GC invocations=1221 (full 3):
 PSYoungGen      total 6144K, used 832K [0x00000000d5580000, 0x00000000d5d00000, 0x0000000100000000)
  eden space 5120K, 0% used [0x00000000d5580000,0x00000000d5580000,0x00000000d5a80000)
  from space 1024K, 81% used [0x00000000d5c00000,0x00000000d5cd0000,0x00000000d5d00000)
  to   space 1024K, 0% used [0x00000000d5b00000,0x00000000d5b00000,0x00000000d5c00000)
 ParOldGen       total 758272K, used 758135K [0x0000000080000000, 0x00000000ae480000, 0x00000000d5580000)
  object space 758272K, 99% used [0x0000000080000000,0x00000000ae45dea0,0x00000000ae480000)
 Metaspace       used 68452K, committed 70016K, reserved 1114112K
  class space    used 6950K, committed 7680K, reserved 1048576K
}
Event: 76.607 GC heap before
{Heap before GC invocations=1222 (full 3):
 PSYoungGen      total 6144K, used 5932K [0x00000000d5580000, 0x00000000d5d00000, 0x0000000100000000)
  eden space 5120K, 99% used [0x00000000d5580000,0x00000000d5a7b358,0x00000000d5a80000)
  from space 1024K, 81% used [0x00000000d5c00000,0x00000000d5cd0000,0x00000000d5d00000)
  to   space 1024K, 0% used [0x00000000d5b00000,0x00000000d5b00000,0x00000000d5c00000)
 ParOldGen       total 758272K, used 758135K [0x0000000080000000, 0x00000000ae480000, 0x00000000d5580000)
  object space 758272K, 99% used [0x0000000080000000,0x00000000ae45dea0,0x00000000ae480000)
 Metaspace       used 68508K, committed 70080K, reserved 1114112K
  class space    used 6954K, committed 7680K, reserved 1048576K
}
Event: 76.613 GC heap after
{Heap after GC invocations=1222 (full 3):
 PSYoungGen      total 5632K, used 453K [0x00000000d5580000, 0x00000000d5c80000, 0x0000000100000000)
  eden space 5120K, 0% used [0x00000000d5580000,0x00000000d5580000,0x00000000d5a80000)
  from space 512K, 88% used [0x00000000d5b00000,0x00000000d5b715b8,0x00000000d5b80000)
  to   space 1024K, 0% used [0x00000000d5b80000,0x00000000d5b80000,0x00000000d5c80000)
 ParOldGen       total 759296K, used 758895K [0x0000000080000000, 0x00000000ae580000, 0x00000000d5580000)
  object space 759296K, 99% used [0x0000000080000000,0x00000000ae51bea0,0x00000000ae580000)
 Metaspace       used 68508K, committed 70080K, reserved 1114112K
  class space    used 6954K, committed 7680K, reserved 1048576K
}
Event: 76.813 GC heap before
{Heap before GC invocations=1223 (full 3):
 PSYoungGen      total 5632K, used 5573K [0x00000000d5580000, 0x00000000d5c80000, 0x0000000100000000)
  eden space 5120K, 100% used [0x00000000d5580000,0x00000000d5a80000,0x00000000d5a80000)
  from space 512K, 88% used [0x00000000d5b00000,0x00000000d5b715b8,0x00000000d5b80000)
  to   space 1024K, 0% used [0x00000000d5b80000,0x00000000d5b80000,0x00000000d5c80000)
 ParOldGen       total 759296K, used 758895K [0x0000000080000000, 0x00000000ae580000, 0x00000000d5580000)
  object space 759296K, 99% used [0x0000000080000000,0x00000000ae51bea0,0x00000000ae580000)
 Metaspace       used 68778K, committed 70336K, reserved 1114112K
  class space    used 7010K, committed 7744K, reserved 1048576K
}
Event: 76.817 GC heap after
{Heap after GC invocations=1223 (full 3):
 PSYoungGen      total 6144K, used 544K [0x00000000d5580000, 0x00000000d5c80000, 0x0000000100000000)
  eden space 5120K, 0% used [0x00000000d5580000,0x00000000d5580000,0x00000000d5a80000)
  from space 1024K, 53% used [0x00000000d5b80000,0x00000000d5c08000,0x00000000d5c80000)
  to   space 1024K, 0% used [0x00000000d5a80000,0x00000000d5a80000,0x00000000d5b80000)
 ParOldGen       total 759296K, used 759012K [0x0000000080000000, 0x00000000ae580000, 0x00000000d5580000)
  object space 759296K, 99% used [0x0000000080000000,0x00000000ae539208,0x00000000ae580000)
 Metaspace       used 68778K, committed 70336K, reserved 1114112K
  class space    used 7010K, committed 7744K, reserved 1048576K
}
Event: 76.892 GC heap before
{Heap before GC invocations=1224 (full 3):
 PSYoungGen      total 6144K, used 5664K [0x00000000d5580000, 0x00000000d5c80000, 0x0000000100000000)
  eden space 5120K, 100% used [0x00000000d5580000,0x00000000d5a80000,0x00000000d5a80000)
  from space 1024K, 53% used [0x00000000d5b80000,0x00000000d5c08000,0x00000000d5c80000)
  to   space 1024K, 0% used [0x00000000d5a80000,0x00000000d5a80000,0x00000000d5b80000)
 ParOldGen       total 759296K, used 759012K [0x0000000080000000, 0x00000000ae580000, 0x00000000d5580000)
  object space 759296K, 99% used [0x0000000080000000,0x00000000ae539208,0x00000000ae580000)
 Metaspace       used 68794K, committed 70336K, reserved 1114112K
  class space    used 7010K, committed 7744K, reserved 1048576K
}
Event: 76.896 GC heap after
{Heap after GC invocations=1224 (full 3):
 PSYoungGen      total 6144K, used 320K [0x00000000d5580000, 0x00000000d5c00000, 0x0000000100000000)
  eden space 5120K, 0% used [0x00000000d5580000,0x00000000d5580000,0x00000000d5a80000)
  from space 1024K, 31% used [0x00000000d5a80000,0x00000000d5ad0000,0x00000000d5b80000)
  to   space 512K, 0% used [0x00000000d5b80000,0x00000000d5b80000,0x00000000d5c00000)
 ParOldGen       total 759296K, used 759295K [0x0000000080000000, 0x00000000ae580000, 0x00000000d5580000)
  object space 759296K, 99% used [0x0000000080000000,0x00000000ae57fe40,0x00000000ae580000)
 Metaspace       used 68794K, committed 70336K, reserved 1114112K
  class space    used 7010K, committed 7744K, reserved 1048576K
}
Event: 76.966 GC heap before
{Heap before GC invocations=1225 (full 3):
 PSYoungGen      total 6144K, used 5440K [0x00000000d5580000, 0x00000000d5c00000, 0x0000000100000000)
  eden space 5120K, 100% used [0x00000000d5580000,0x00000000d5a80000,0x00000000d5a80000)
  from space 1024K, 31% used [0x00000000d5a80000,0x00000000d5ad0000,0x00000000d5b80000)
  to   space 512K, 0% used [0x00000000d5b80000,0x00000000d5b80000,0x00000000d5c00000)
 ParOldGen       total 759296K, used 759295K [0x0000000080000000, 0x00000000ae580000, 0x00000000d5580000)
  object space 759296K, 99% used [0x0000000080000000,0x00000000ae57fe40,0x00000000ae580000)
 Metaspace       used 68829K, committed 70400K, reserved 1114112K
  class space    used 7012K, committed 7744K, reserved 1048576K
}
Event: 76.969 GC heap after
{Heap after GC invocations=1225 (full 3):
 PSYoungGen      total 5632K, used 352K [0x00000000d5580000, 0x00000000d5c00000, 0x0000000100000000)
  eden space 5120K, 0% used [0x00000000d5580000,0x00000000d5580000,0x00000000d5a80000)
  from space 512K, 68% used [0x00000000d5b80000,0x00000000d5bd8000,0x00000000d5c00000)
  to   space 512K, 0% used [0x00000000d5b00000,0x00000000d5b00000,0x00000000d5b80000)
 ParOldGen       total 759808K, used 759439K [0x0000000080000000, 0x00000000ae600000, 0x00000000d5580000)
  object space 759808K, 99% used [0x0000000080000000,0x00000000ae5a3e50,0x00000000ae600000)
 Metaspace       used 68829K, committed 70400K, reserved 1114112K
  class space    used 7012K, committed 7744K, reserved 1048576K
}
Event: 77.008 GC heap before
{Heap before GC invocations=1226 (full 3):
 PSYoungGen      total 5632K, used 5471K [0x00000000d5580000, 0x00000000d5c00000, 0x0000000100000000)
  eden space 5120K, 99% used [0x00000000d5580000,0x00000000d5a7fff8,0x00000000d5a80000)
  from space 512K, 68% used [0x00000000d5b80000,0x00000000d5bd8000,0x00000000d5c00000)
  to   space 512K, 0% used [0x00000000d5b00000,0x00000000d5b00000,0x00000000d5b80000)
 ParOldGen       total 759808K, used 759439K [0x0000000080000000, 0x00000000ae600000, 0x00000000d5580000)
  object space 759808K, 99% used [0x0000000080000000,0x00000000ae5a3e50,0x00000000ae600000)
 Metaspace       used 68856K, committed 70464K, reserved 1114112K
  class space    used 7013K, committed 7744K, reserved 1048576K
}
Event: 77.012 GC heap after
{Heap after GC invocations=1226 (full 3):
 PSYoungGen      total 5632K, used 352K [0x00000000d5580000, 0x00000000d5c00000, 0x0000000100000000)
  eden space 5120K, 0% used [0x00000000d5580000,0x00000000d5580000,0x00000000d5a80000)
  from space 512K, 68% used [0x00000000d5b00000,0x00000000d5b58000,0x00000000d5b80000)
  to   space 512K, 0% used [0x00000000d5b80000,0x00000000d5b80000,0x00000000d5c00000)
 ParOldGen       total 759808K, used 759591K [0x0000000080000000, 0x00000000ae600000, 0x00000000d5580000)
  object space 759808K, 99% used [0x0000000080000000,0x00000000ae5c9e50,0x00000000ae600000)
 Metaspace       used 68856K, committed 70464K, reserved 1114112K
  class space    used 7013K, committed 7744K, reserved 1048576K
}
Event: 77.042 GC heap before
{Heap before GC invocations=1227 (full 3):
 PSYoungGen      total 5632K, used 5472K [0x00000000d5580000, 0x00000000d5c00000, 0x0000000100000000)
  eden space 5120K, 100% used [0x00000000d5580000,0x00000000d5a80000,0x00000000d5a80000)
  from space 512K, 68% used [0x00000000d5b00000,0x00000000d5b58000,0x00000000d5b80000)
  to   space 512K, 0% used [0x00000000d5b80000,0x00000000d5b80000,0x00000000d5c00000)
 ParOldGen       total 759808K, used 759591K [0x0000000080000000, 0x00000000ae600000, 0x00000000d5580000)
  object space 759808K, 99% used [0x0000000080000000,0x00000000ae5c9e50,0x00000000ae600000)
 Metaspace       used 68864K, committed 70464K, reserved 1114112K
  class space    used 7013K, committed 7744K, reserved 1048576K
}
Event: 77.046 GC heap after
{Heap after GC invocations=1227 (full 3):
 PSYoungGen      total 5632K, used 352K [0x00000000d5580000, 0x00000000d5c00000, 0x0000000100000000)
  eden space 5120K, 0% used [0x00000000d5580000,0x00000000d5580000,0x00000000d5a80000)
  from space 512K, 68% used [0x00000000d5b80000,0x00000000d5bd8000,0x00000000d5c00000)
  to   space 512K, 0% used [0x00000000d5b00000,0x00000000d5b00000,0x00000000d5b80000)
 ParOldGen       total 759808K, used 759708K [0x0000000080000000, 0x00000000ae600000, 0x00000000d5580000)
  object space 759808K, 99% used [0x0000000080000000,0x00000000ae5e71c8,0x00000000ae600000)
 Metaspace       used 68864K, committed 70464K, reserved 1114112K
  class space    used 7013K, committed 7744K, reserved 1048576K
}
Event: 77.106 GC heap before
{Heap before GC invocations=1228 (full 3):
 PSYoungGen      total 5632K, used 5472K [0x00000000d5580000, 0x00000000d5c00000, 0x0000000100000000)
  eden space 5120K, 100% used [0x00000000d5580000,0x00000000d5a80000,0x00000000d5a80000)
  from space 512K, 68% used [0x00000000d5b80000,0x00000000d5bd8000,0x00000000d5c00000)
  to   space 512K, 0% used [0x00000000d5b00000,0x00000000d5b00000,0x00000000d5b80000)
 ParOldGen       total 759808K, used 759708K [0x0000000080000000, 0x00000000ae600000, 0x00000000d5580000)
  object space 759808K, 99% used [0x0000000080000000,0x00000000ae5e71c8,0x00000000ae600000)
 Metaspace       used 68890K, committed 70464K, reserved 1114112K
  class space    used 7014K, committed 7744K, reserved 1048576K
}
Event: 77.111 GC heap after
{Heap after GC invocations=1228 (full 3):
 PSYoungGen      total 5632K, used 352K [0x00000000d5580000, 0x00000000d5c00000, 0x0000000100000000)
  eden space 5120K, 0% used [0x00000000d5580000,0x00000000d5580000,0x00000000d5a80000)
  from space 512K, 68% used [0x00000000d5b00000,0x00000000d5b58000,0x00000000d5b80000)
  to   space 512K, 0% used [0x00000000d5b80000,0x00000000d5b80000,0x00000000d5c00000)
 ParOldGen       total 760320K, used 759828K [0x0000000080000000, 0x00000000ae680000, 0x00000000d5580000)
  object space 760320K, 99% used [0x0000000080000000,0x00000000ae6051c8,0x00000000ae680000)
 Metaspace       used 68890K, committed 70464K, reserved 1114112K
  class space    used 7014K, committed 7744K, reserved 1048576K
}
Event: 77.129 GC heap before
{Heap before GC invocations=1229 (full 3):
 PSYoungGen      total 5632K, used 5472K [0x00000000d5580000, 0x00000000d5c00000, 0x0000000100000000)
  eden space 5120K, 100% used [0x00000000d5580000,0x00000000d5a80000,0x00000000d5a80000)
  from space 512K, 68% used [0x00000000d5b00000,0x00000000d5b58000,0x00000000d5b80000)
  to   space 512K, 0% used [0x00000000d5b80000,0x00000000d5b80000,0x00000000d5c00000)
 ParOldGen       total 760320K, used 759828K [0x0000000080000000, 0x00000000ae680000, 0x00000000d5580000)
  object space 760320K, 99% used [0x0000000080000000,0x00000000ae6051c8,0x00000000ae680000)
 Metaspace       used 68890K, committed 70464K, reserved 1114112K
  class space    used 7014K, committed 7744K, reserved 1048576K
}
Event: 77.132 GC heap after
{Heap after GC invocations=1229 (full 3):
 PSYoungGen      total 5632K, used 384K [0x00000000d5580000, 0x00000000d5c00000, 0x0000000100000000)
  eden space 5120K, 0% used [0x00000000d5580000,0x00000000d5580000,0x00000000d5a80000)
  from space 512K, 75% used [0x00000000d5b80000,0x00000000d5be0020,0x00000000d5c00000)
  to   space 512K, 0% used [0x00000000d5b00000,0x00000000d5b00000,0x00000000d5b80000)
 ParOldGen       total 760320K, used 760057K [0x0000000080000000, 0x00000000ae680000, 0x00000000d5580000)
  object space 760320K, 99% used [0x0000000080000000,0x00000000ae63e448,0x00000000ae680000)
 Metaspace       used 68890K, committed 70464K, reserved 1114112K
  class space    used 7014K, committed 7744K, reserved 1048576K
}
Event: 77.160 GC heap before
{Heap before GC invocations=1230 (full 3):
 PSYoungGen      total 5632K, used 5504K [0x00000000d5580000, 0x00000000d5c00000, 0x0000000100000000)
  eden space 5120K, 100% used [0x00000000d5580000,0x00000000d5a80000,0x00000000d5a80000)
  from space 512K, 75% used [0x00000000d5b80000,0x00000000d5be0020,0x00000000d5c00000)
  to   space 512K, 0% used [0x00000000d5b00000,0x00000000d5b00000,0x00000000d5b80000)
 ParOldGen       total 760320K, used 760057K [0x0000000080000000, 0x00000000ae680000, 0x00000000d5580000)
  object space 760320K, 99% used [0x0000000080000000,0x00000000ae63e448,0x00000000ae680000)
 Metaspace       used 68897K, committed 70464K, reserved 1114112K
  class space    used 7014K, committed 7744K, reserved 1048576K
}

Dll operation events (10 events):
Event: 0.035 Loaded shared library c:\Users\Denis\.cursor\extensions\redhat.java-1.44.0-win32-x64\jre\21.0.8-win32-x86_64\bin\java.dll
Event: 0.149 Loaded shared library c:\Users\Denis\.cursor\extensions\redhat.java-1.44.0-win32-x64\jre\21.0.8-win32-x86_64\bin\zip.dll
Event: 0.188 Loaded shared library C:\Users\Denis\.cursor\extensions\redhat.java-1.44.0-win32-x64\jre\21.0.8-win32-x86_64\bin\instrument.dll
Event: 0.196 Loaded shared library C:\Users\Denis\.cursor\extensions\redhat.java-1.44.0-win32-x64\jre\21.0.8-win32-x86_64\bin\net.dll
Event: 0.202 Loaded shared library C:\Users\Denis\.cursor\extensions\redhat.java-1.44.0-win32-x64\jre\21.0.8-win32-x86_64\bin\nio.dll
Event: 0.211 Loaded shared library C:\Users\Denis\.cursor\extensions\redhat.java-1.44.0-win32-x64\jre\21.0.8-win32-x86_64\bin\zip.dll
Event: 0.249 Loaded shared library C:\Users\Denis\.cursor\extensions\redhat.java-1.44.0-win32-x64\jre\21.0.8-win32-x86_64\bin\jimage.dll
Event: 0.377 Loaded shared library c:\Users\Denis\.cursor\extensions\redhat.java-1.44.0-win32-x64\jre\21.0.8-win32-x86_64\bin\verify.dll
Event: 10.570 Loaded shared library C:\Users\Denis\AppData\Roaming\Cursor\User\globalStorage\redhat.java\1.44.0\config_win\org.eclipse.equinox.launcher\org.eclipse.equinox.launcher.win32.win32.x86_64_1.2.1400.v20250730-1736\eclipse_11913.dll
Event: 28.741 Loaded shared library C:\Users\Denis\AppData\Local\Temp\jna-65917399\jna8647485072411020692.dll

Deoptimization events (20 events):
Event: 76.947 Thread 0x0000015d97de2260 DEOPT PACKING pc=0x0000015d42edc06f sp=0x0000004d973fd1a0
Event: 76.947 Thread 0x0000015d97de2260 DEOPT UNPACKING pc=0x0000015d493f4242 sp=0x0000004d973fc6b0 mode 0
Event: 76.952 Thread 0x0000015d97de2260 DEOPT PACKING pc=0x0000015d42edc06f sp=0x0000004d973fd110
Event: 76.952 Thread 0x0000015d97de2260 DEOPT UNPACKING pc=0x0000015d493f4242 sp=0x0000004d973fc620 mode 0
Event: 76.970 Thread 0x0000015d97de2260 DEOPT PACKING pc=0x0000015d42edc06f sp=0x0000004d973fd110
Event: 76.970 Thread 0x0000015d97de2260 DEOPT UNPACKING pc=0x0000015d493f4242 sp=0x0000004d973fc620 mode 0
Event: 77.029 Thread 0x0000015d97de2260 Uncommon trap: trap_request=0xffffff45 fr.pc=0x0000015d49d36364 relative=0x0000000000000144
Event: 77.029 Thread 0x0000015d97de2260 Uncommon trap: reason=unstable_if action=reinterpret pc=0x0000015d49d36364 method=org.eclipse.jdt.core.Signature.checkArrayDimension([CII)I @ 8 c2
Event: 77.029 Thread 0x0000015d97de2260 DEOPT PACKING pc=0x0000015d49d36364 sp=0x0000004d973fdb10
Event: 77.029 Thread 0x0000015d97de2260 DEOPT UNPACKING pc=0x0000015d493f3aa2 sp=0x0000004d973fda90 mode 2
Event: 77.029 Thread 0x0000015d97de2260 Uncommon trap: trap_request=0xffffff45 fr.pc=0x0000015d49d36c08 relative=0x0000000000000408
Event: 77.029 Thread 0x0000015d97de2260 Uncommon trap: reason=unstable_if action=reinterpret pc=0x0000015d49d36c08 method=org.eclipse.jdt.core.Signature.encodeQualifiedName([CIILjava/lang/StringBuilder;)I @ 16 c2
Event: 77.029 Thread 0x0000015d97de2260 DEOPT PACKING pc=0x0000015d49d36c08 sp=0x0000004d973fda90
Event: 77.029 Thread 0x0000015d97de2260 DEOPT UNPACKING pc=0x0000015d493f3aa2 sp=0x0000004d973fda70 mode 2
Event: 77.029 Thread 0x0000015d97de2260 Uncommon trap: trap_request=0xffffff45 fr.pc=0x0000015d49e3320c relative=0x000000000000014c
Event: 77.029 Thread 0x0000015d97de2260 Uncommon trap: reason=unstable_if action=reinterpret pc=0x0000015d49e3320c method=org.eclipse.jdt.core.Signature.checkNextChar([CCIIZ)I @ 9 c2
Event: 77.029 Thread 0x0000015d97de2260 DEOPT PACKING pc=0x0000015d49e3320c sp=0x0000004d973fdaf0
Event: 77.029 Thread 0x0000015d97de2260 DEOPT UNPACKING pc=0x0000015d493f3aa2 sp=0x0000004d973fda80 mode 2
Event: 77.127 Thread 0x0000015d97de2260 DEOPT PACKING pc=0x0000015d42ea1687 sp=0x0000004d973fd410
Event: 77.127 Thread 0x0000015d97de2260 DEOPT UNPACKING pc=0x0000015d493f4242 sp=0x0000004d973fc8a0 mode 0

Classes loaded (20 events):
Event: 63.292 Loading class java/util/Collections$SynchronizedList done
Event: 63.292 Loading class java/util/Collections$SynchronizedRandomAccessList done
Event: 63.337 Loading class java/util/concurrent/CompletableFuture$Signaller
Event: 63.338 Loading class java/util/concurrent/CompletableFuture$Signaller done
Event: 68.339 Loading class java/io/SequenceInputStream
Event: 68.339 Loading class java/io/SequenceInputStream done
Event: 68.360 Loading class org/xml/sax/SAXNotRecognizedException
Event: 68.361 Loading class org/xml/sax/SAXNotRecognizedException done
Event: 68.361 Loading class org/xml/sax/SAXNotSupportedException
Event: 68.361 Loading class org/xml/sax/SAXNotSupportedException done
Event: 68.362 Loading class com/sun/org/apache/xerces/internal/util/URI
Event: 68.363 Loading class com/sun/org/apache/xerces/internal/util/URI done
Event: 68.367 Loading class com/sun/org/apache/xerces/internal/xni/XNIException
Event: 68.367 Loading class com/sun/org/apache/xerces/internal/xni/XNIException done
Event: 68.370 Loading class com/sun/org/apache/xerces/internal/xni/parser/XMLParseException
Event: 68.371 Loading class com/sun/org/apache/xerces/internal/xni/parser/XMLParseException done
Event: 68.973 Loading class java/util/Hashtable$KeySet
Event: 68.973 Loading class java/util/Hashtable$KeySet done
Event: 69.251 Loading class java/io/BufferedReader$1
Event: 69.252 Loading class java/io/BufferedReader$1 done

Classes unloaded (7 events):
Event: 29.893 Thread 0x0000015d55704540 Unloading class 0x0000015d571aa000 'java/lang/invoke/LambdaForm$MH+0x0000015d571aa000'
Event: 29.893 Thread 0x0000015d55704540 Unloading class 0x0000015d571a9c00 'java/lang/invoke/LambdaForm$MH+0x0000015d571a9c00'
Event: 29.893 Thread 0x0000015d55704540 Unloading class 0x0000015d571a9800 'java/lang/invoke/LambdaForm$MH+0x0000015d571a9800'
Event: 29.893 Thread 0x0000015d55704540 Unloading class 0x0000015d571a9400 'java/lang/invoke/LambdaForm$MH+0x0000015d571a9400'
Event: 29.893 Thread 0x0000015d55704540 Unloading class 0x0000015d571a9000 'java/lang/invoke/LambdaForm$BMH+0x0000015d571a9000'
Event: 29.893 Thread 0x0000015d55704540 Unloading class 0x0000015d571a8c00 'java/lang/invoke/LambdaForm$DMH+0x0000015d571a8c00'
Event: 29.893 Thread 0x0000015d55704540 Unloading class 0x0000015d571a3800 'java/lang/invoke/LambdaForm$DMH+0x0000015d571a3800'

Classes redefined (0 events):
No events

Internal exceptions (20 events):
Event: 73.241 Thread 0x0000015da126b630 Exception <a 'sun/nio/fs/WindowsException'{0x00000000d5843af0}> (0x00000000d5843af0) 
thrown [s\src\hotspot\share\prims\jni.cpp, line 520]
Event: 73.247 Thread 0x0000015da126bcc0 Exception <a 'sun/nio/fs/WindowsException'{0x00000000d5846228}> (0x00000000d5846228) 
thrown [s\src\hotspot\share\prims\jni.cpp, line 520]
Event: 73.247 Thread 0x0000015da02cc100 Exception <a 'sun/nio/fs/WindowsException'{0x00000000d5869128}> (0x00000000d5869128) 
thrown [s\src\hotspot\share\prims\jni.cpp, line 520]
Event: 73.254 Thread 0x0000015da126d070 Exception <a 'sun/nio/fs/WindowsException'{0x00000000d5837918}> (0x00000000d5837918) 
thrown [s\src\hotspot\share\prims\jni.cpp, line 520]
Event: 73.255 Thread 0x0000015da126c350 Exception <a 'sun/nio/fs/WindowsException'{0x00000000d590eb30}> (0x00000000d590eb30) 
thrown [s\src\hotspot\share\prims\jni.cpp, line 520]
Event: 73.257 Thread 0x0000015d97de49c0 Exception <a 'sun/nio/fs/WindowsException'{0x00000000d584b1a0}> (0x00000000d584b1a0) 
thrown [s\src\hotspot\share\prims\jni.cpp, line 520]
Event: 73.258 Thread 0x0000015da126b630 Exception <a 'sun/nio/fs/WindowsException'{0x00000000d58ecc20}> (0x00000000d58ecc20) 
thrown [s\src\hotspot\share\prims\jni.cpp, line 520]
Event: 73.261 Thread 0x0000015da02cc100 Exception <a 'sun/nio/fs/WindowsException'{0x00000000d590c5d8}> (0x00000000d590c5d8) 
thrown [s\src\hotspot\share\prims\jni.cpp, line 520]
Event: 73.267 Thread 0x0000015da02cba70 Exception <a 'sun/nio/fs/WindowsException'{0x00000000d59c0460}> (0x00000000d59c0460) 
thrown [s\src\hotspot\share\prims\jni.cpp, line 520]
Event: 73.273 Thread 0x0000015da02cce20 Exception <a 'sun/nio/fs/WindowsException'{0x00000000d59a5a78}> (0x00000000d59a5a78) 
thrown [s\src\hotspot\share\prims\jni.cpp, line 520]
Event: 73.278 Thread 0x0000015da02cc790 Exception <a 'sun/nio/fs/WindowsException'{0x00000000d5866ff8}> (0x00000000d5866ff8) 
thrown [s\src\hotspot\share\prims\jni.cpp, line 520]
Event: 73.278 Thread 0x0000015da02cba70 Exception <a 'sun/nio/fs/WindowsException'{0x00000000d59ffb50}> (0x00000000d59ffb50) 
thrown [s\src\hotspot\share\prims\jni.cpp, line 520]
Event: 73.278 Thread 0x0000015da126c350 Exception <a 'sun/nio/fs/WindowsException'{0x00000000d59bf300}> (0x00000000d59bf300) 
thrown [s\src\hotspot\share\prims\jni.cpp, line 520]
Event: 73.279 Thread 0x0000015d97de49c0 Exception <a 'sun/nio/fs/WindowsException'{0x00000000d598d638}> (0x00000000d598d638) 
thrown [s\src\hotspot\share\prims\jni.cpp, line 520]
Event: 73.280 Thread 0x0000015da126bcc0 Exception <a 'sun/nio/fs/WindowsException'{0x00000000d5a1fb88}> (0x00000000d5a1fb88) 
thrown [s\src\hotspot\share\prims\jni.cpp, line 520]
Event: 73.284 Thread 0x0000015da02c85f0 Exception <a 'sun/nio/fs/WindowsException'{0x00000000d5832700}> (0x00000000d5832700) 
thrown [s\src\hotspot\share\prims\jni.cpp, line 520]
Event: 73.287 Thread 0x0000015da126b630 Exception <a 'sun/nio/fs/WindowsException'{0x00000000d59c3ee0}> (0x00000000d59c3ee0) 
thrown [s\src\hotspot\share\prims\jni.cpp, line 520]
Event: 75.314 Thread 0x0000015d97de2260 Exception <a 'sun/nio/fs/WindowsException'{0x00000000d560faf0}> (0x00000000d560faf0) 
thrown [s\src\hotspot\share\prims\jni.cpp, line 520]
Event: 75.315 Thread 0x0000015da02ca6c0 Exception <a 'sun/nio/fs/WindowsException'{0x00000000d55d9360}> (0x00000000d55d9360) 
thrown [s\src\hotspot\share\prims\jni.cpp, line 520]
Event: 75.317 Thread 0x0000015da02cba70 Exception <a 'sun/nio/fs/WindowsException'{0x00000000d5580520}> (0x00000000d5580520) 
thrown [s\src\hotspot\share\prims\jni.cpp, line 520]

ZGC Phase Switch (0 events):
No events

VM Operations (20 events):
Event: 76.450 Executing VM operation: ParallelGCFailedAllocation (Allocation Failure) done
Event: 76.607 Executing VM operation: ParallelGCFailedAllocation (Allocation Failure)
Event: 76.613 Executing VM operation: ParallelGCFailedAllocation (Allocation Failure) done
Event: 76.657 Executing VM operation: HandshakeAllThreads (Deoptimize)
Event: 76.657 Executing VM operation: HandshakeAllThreads (Deoptimize) done
Event: 76.813 Executing VM operation: ParallelGCFailedAllocation (Allocation Failure)
Event: 76.817 Executing VM operation: ParallelGCFailedAllocation (Allocation Failure) done
Event: 76.892 Executing VM operation: ParallelGCFailedAllocation (Allocation Failure)
Event: 76.896 Executing VM operation: ParallelGCFailedAllocation (Allocation Failure) done
Event: 76.966 Executing VM operation: ParallelGCFailedAllocation (Allocation Failure)
Event: 76.969 Executing VM operation: ParallelGCFailedAllocation (Allocation Failure) done
Event: 77.008 Executing VM operation: ParallelGCFailedAllocation (Allocation Failure)
Event: 77.012 Executing VM operation: ParallelGCFailedAllocation (Allocation Failure) done
Event: 77.042 Executing VM operation: ParallelGCFailedAllocation (Allocation Failure)
Event: 77.046 Executing VM operation: ParallelGCFailedAllocation (Allocation Failure) done
Event: 77.106 Executing VM operation: ParallelGCFailedAllocation (Allocation Failure)
Event: 77.111 Executing VM operation: ParallelGCFailedAllocation (Allocation Failure) done
Event: 77.129 Executing VM operation: ParallelGCFailedAllocation (Allocation Failure)
Event: 77.132 Executing VM operation: ParallelGCFailedAllocation (Allocation Failure) done
Event: 77.160 Executing VM operation: ParallelGCFailedAllocation (Allocation Failure)

Memory protections (0 events):
No events

Nmethod flushes (20 events):
Event: 43.020 Thread 0x0000015d55704540 flushing osr nmethod 0x0000015d426ee210
Event: 43.020 Thread 0x0000015d55704540 flushing osr nmethod 0x0000015d426f3010
Event: 43.020 Thread 0x0000015d55704540 flushing osr nmethod 0x0000015d42727110
Event: 43.020 Thread 0x0000015d55704540 flushing  nmethod 0x0000015d42742690
Event: 43.020 Thread 0x0000015d55704540 flushing  nmethod 0x0000015d42747590
Event: 43.020 Thread 0x0000015d55704540 flushing  nmethod 0x0000015d4274fa90
Event: 43.020 Thread 0x0000015d55704540 flushing  nmethod 0x0000015d42750410
Event: 43.020 Thread 0x0000015d55704540 flushing  nmethod 0x0000015d4275bc90
Event: 43.020 Thread 0x0000015d55704540 flushing  nmethod 0x0000015d42760a90
Event: 43.020 Thread 0x0000015d55704540 flushing  nmethod 0x0000015d42765790
Event: 43.020 Thread 0x0000015d55704540 flushing  nmethod 0x0000015d42767290
Event: 43.020 Thread 0x0000015d55704540 flushing  nmethod 0x0000015d42768b10
Event: 43.020 Thread 0x0000015d55704540 flushing  nmethod 0x0000015d42769110
Event: 43.020 Thread 0x0000015d55704540 flushing  nmethod 0x0000015d42769990
Event: 43.020 Thread 0x0000015d55704540 flushing  nmethod 0x0000015d4276a090
Event: 43.020 Thread 0x0000015d55704540 flushing  nmethod 0x0000015d4276ff90
Event: 43.020 Thread 0x0000015d55704540 flushing  nmethod 0x0000015d42774490
Event: 43.020 Thread 0x0000015d55704540 flushing  nmethod 0x0000015d42779c90
Event: 43.020 Thread 0x0000015d55704540 flushing  nmethod 0x0000015d4278f510
Event: 43.020 Thread 0x0000015d55704540 flushing  nmethod 0x0000015d4280e090

Events (20 events):
Event: 65.459 Thread 0x0000015da172a3e0 Thread exited: 0x0000015da172a3e0
Event: 65.459 Thread 0x0000015da172b100 Thread exited: 0x0000015da172b100
Event: 65.459 Thread 0x0000015da172be20 Thread exited: 0x0000015da172be20
Event: 65.459 Thread 0x0000015da172b790 Thread exited: 0x0000015da172b790
Event: 66.228 Thread 0x0000015d9fe1bc30 Thread exited: 0x0000015d9fe1bc30
Event: 66.724 Thread 0x0000015d97de2260 Thread added: 0x0000015da172a3e0
Event: 66.724 Thread 0x0000015d97de2260 Thread added: 0x0000015da172b100
Event: 66.724 Thread 0x0000015d97de2260 Thread added: 0x0000015da172c4b0
Event: 66.724 Thread 0x0000015d97de2260 Thread added: 0x0000015da172cb40
Event: 66.724 Thread 0x0000015d97de2260 Thread added: 0x0000015da172be20
Event: 66.789 Thread 0x0000015da172cb40 Thread exited: 0x0000015da172cb40
Event: 66.789 Thread 0x0000015da172b100 Thread exited: 0x0000015da172b100
Event: 66.789 Thread 0x0000015da172a3e0 Thread exited: 0x0000015da172a3e0
Event: 66.789 Thread 0x0000015da172be20 Thread exited: 0x0000015da172be20
Event: 66.789 Thread 0x0000015da172c4b0 Thread exited: 0x0000015da172c4b0
Event: 66.821 Thread 0x0000015d97ad9750 Thread added: 0x0000015d9fe1b560
Event: 67.211 Thread 0x0000015d9fe1b560 Thread exited: 0x0000015d9fe1b560
Event: 70.788 Thread 0x0000015d97ad9750 Thread added: 0x0000015d9fe1bc30
Event: 71.084 Thread 0x0000015d9fe1bc30 Thread exited: 0x0000015d9fe1bc30
Event: 76.620 Thread 0x0000015d97ad9750 Thread added: 0x0000015d9fe1a7c0


Dynamic libraries:
0x00007ff7db5c0000 - 0x00007ff7db5ce000 	c:\Users\Denis\.cursor\extensions\redhat.java-1.44.0-win32-x64\jre\21.0.8-win32-x86_64\bin\java.exe
0x00007ffc211c0000 - 0x00007ffc21427000 	C:\WINDOWS\SYSTEM32\ntdll.dll
0x00007ffc20040000 - 0x00007ffc20109000 	C:\WINDOWS\System32\KERNEL32.DLL
0x00007ffc1e9e0000 - 0x00007ffc1edd0000 	C:\WINDOWS\System32\KERNELBASE.dll
0x00007ffc1b3d0000 - 0x00007ffc1b46e000 	C:\WINDOWS\SYSTEM32\apphelp.dll
0x00007ffc1e710000 - 0x00007ffc1e85b000 	C:\WINDOWS\System32\ucrtbase.dll
0x00007ffbe88f0000 - 0x00007ffbe890e000 	c:\Users\Denis\.cursor\extensions\redhat.java-1.44.0-win32-x64\jre\21.0.8-win32-x86_64\bin\VCRUNTIME140.dll
0x00007ffbe8910000 - 0x00007ffbe8928000 	c:\Users\Denis\.cursor\extensions\redhat.java-1.44.0-win32-x64\jre\21.0.8-win32-x86_64\bin\jli.dll
0x00007ffc20e50000 - 0x00007ffc21015000 	C:\WINDOWS\System32\USER32.dll
0x00007ffbfea20000 - 0x00007ffbfecba000 	C:\WINDOWS\WinSxS\amd64_microsoft.windows.common-controls_6595b64144ccf1df_6.0.26100.4768_none_3e0c112ce331287c\COMCTL32.dll
0x00007ffc1f270000 - 0x00007ffc1f319000 	C:\WINDOWS\System32\msvcrt.dll
0x00007ffc1e390000 - 0x00007ffc1e3b7000 	C:\WINDOWS\System32\win32u.dll
0x00007ffc1ffe0000 - 0x00007ffc2000b000 	C:\WINDOWS\System32\GDI32.dll
0x00007ffc1e540000 - 0x00007ffc1e678000 	C:\WINDOWS\System32\gdi32full.dll
0x00007ffc1ede0000 - 0x00007ffc1ee83000 	C:\WINDOWS\System32\msvcp_win.dll
0x00007ffc21030000 - 0x00007ffc2105f000 	C:\WINDOWS\System32\IMM32.DLL
0x00007ffbf3480000 - 0x00007ffbf348c000 	c:\Users\Denis\.cursor\extensions\redhat.java-1.44.0-win32-x64\jre\21.0.8-win32-x86_64\bin\vcruntime140_1.dll
0x00007ffbb69e0000 - 0x00007ffbb6a6d000 	c:\Users\Denis\.cursor\extensions\redhat.java-1.44.0-win32-x64\jre\21.0.8-win32-x86_64\bin\msvcp140.dll
0x00007ffb1c390000 - 0x00007ffb1d127000 	c:\Users\Denis\.cursor\extensions\redhat.java-1.44.0-win32-x64\jre\21.0.8-win32-x86_64\bin\server\jvm.dll
0x00007ffc1f880000 - 0x00007ffc1f934000 	C:\WINDOWS\System32\ADVAPI32.dll
0x00007ffc1f7d0000 - 0x00007ffc1f876000 	C:\WINDOWS\System32\sechost.dll
0x00007ffc1f660000 - 0x00007ffc1f778000 	C:\WINDOWS\System32\RPCRT4.dll
0x00007ffc1f5c0000 - 0x00007ffc1f634000 	C:\WINDOWS\System32\WS2_32.dll
0x00007ffc1e150000 - 0x00007ffc1e1ae000 	C:\WINDOWS\SYSTEM32\POWRPROF.dll
0x00007ffc163a0000 - 0x00007ffc163d5000 	C:\WINDOWS\SYSTEM32\WINMM.dll
0x00007ffc0ff60000 - 0x00007ffc0ff6b000 	C:\WINDOWS\SYSTEM32\VERSION.dll
0x00007ffc1e120000 - 0x00007ffc1e134000 	C:\WINDOWS\SYSTEM32\UMPDC.dll
0x00007ffc1d070000 - 0x00007ffc1d08b000 	C:\WINDOWS\SYSTEM32\kernel.appcore.dll
0x00007ffbeee20000 - 0x00007ffbeee2a000 	c:\Users\Denis\.cursor\extensions\redhat.java-1.44.0-win32-x64\jre\21.0.8-win32-x86_64\bin\jimage.dll
0x00007ffc19000000 - 0x00007ffc19241000 	C:\WINDOWS\SYSTEM32\DBGHELP.DLL
0x00007ffc1f940000 - 0x00007ffc1fcc5000 	C:\WINDOWS\System32\combase.dll
0x00007ffc1f4d0000 - 0x00007ffc1f5b0000 	C:\WINDOWS\System32\OLEAUT32.dll
0x00007ffbf97d0000 - 0x00007ffbf9813000 	C:\WINDOWS\SYSTEM32\dbgcore.DLL
0x00007ffc1e2f0000 - 0x00007ffc1e389000 	C:\WINDOWS\System32\bcryptPrimitives.dll
0x00007ffbed340000 - 0x00007ffbed34f000 	c:\Users\Denis\.cursor\extensions\redhat.java-1.44.0-win32-x64\jre\21.0.8-win32-x86_64\bin\instrument.dll
0x00007ffbe5010000 - 0x00007ffbe502f000 	c:\Users\Denis\.cursor\extensions\redhat.java-1.44.0-win32-x64\jre\21.0.8-win32-x86_64\bin\java.dll
0x00007ffc20120000 - 0x00007ffc2086d000 	C:\WINDOWS\System32\SHELL32.dll
0x00007ffc1e860000 - 0x00007ffc1e9d3000 	C:\WINDOWS\System32\wintypes.dll
0x00007ffc1bea0000 - 0x00007ffc1c700000 	C:\WINDOWS\SYSTEM32\windows.storage.dll
0x00007ffc21080000 - 0x00007ffc21175000 	C:\WINDOWS\System32\SHCORE.dll
0x00007ffc20de0000 - 0x00007ffc20e4a000 	C:\WINDOWS\System32\shlwapi.dll
0x00007ffc1e210000 - 0x00007ffc1e239000 	C:\WINDOWS\SYSTEM32\profapi.dll
0x00007ffbe4ff0000 - 0x00007ffbe5008000 	c:\Users\Denis\.cursor\extensions\redhat.java-1.44.0-win32-x64\jre\21.0.8-win32-x86_64\bin\zip.dll
0x00007ffbecf70000 - 0x00007ffbecf80000 	C:\Users\Denis\.cursor\extensions\redhat.java-1.44.0-win32-x64\jre\21.0.8-win32-x86_64\bin\net.dll
0x00007ffc163e0000 - 0x00007ffc164fe000 	C:\WINDOWS\SYSTEM32\WINHTTP.dll
0x00007ffc1d600000 - 0x00007ffc1d66b000 	C:\WINDOWS\system32\mswsock.dll
0x00007ffbe4f80000 - 0x00007ffbe4f96000 	C:\Users\Denis\.cursor\extensions\redhat.java-1.44.0-win32-x64\jre\21.0.8-win32-x86_64\bin\nio.dll
0x00007ffbecd80000 - 0x00007ffbecd90000 	c:\Users\Denis\.cursor\extensions\redhat.java-1.44.0-win32-x64\jre\21.0.8-win32-x86_64\bin\verify.dll
0x00007ffbb8e20000 - 0x00007ffbb8e65000 	C:\Users\Denis\AppData\Roaming\Cursor\User\globalStorage\redhat.java\1.44.0\config_win\org.eclipse.equinox.launcher\org.eclipse.equinox.launcher.win32.win32.x86_64_1.2.1400.v20250730-1736\eclipse_11913.dll
0x00007ffc1f0c0000 - 0x00007ffc1f260000 	C:\WINDOWS\System32\ole32.dll
0x00007ffc1d8c0000 - 0x00007ffc1d8db000 	C:\WINDOWS\SYSTEM32\CRYPTSP.dll
0x00007ffc1cfd0000 - 0x00007ffc1d00b000 	C:\WINDOWS\system32\rsaenh.dll
0x00007ffc1d6a0000 - 0x00007ffc1d6cb000 	C:\WINDOWS\SYSTEM32\USERENV.dll
0x00007ffc1e1e0000 - 0x00007ffc1e206000 	C:\WINDOWS\SYSTEM32\bcrypt.dll
0x00007ffc1d8e0000 - 0x00007ffc1d8ec000 	C:\WINDOWS\SYSTEM32\CRYPTBASE.dll
0x00007ffc1ca90000 - 0x00007ffc1cac3000 	C:\WINDOWS\SYSTEM32\IPHLPAPI.DLL
0x00007ffc20110000 - 0x00007ffc2011a000 	C:\WINDOWS\System32\NSI.dll
0x00007ffbe4fa0000 - 0x00007ffbe4fe9000 	C:\Users\Denis\AppData\Local\Temp\jna-65917399\jna8647485072411020692.dll
0x00007ffc21070000 - 0x00007ffc21078000 	C:\WINDOWS\System32\PSAPI.DLL
0x00007ffc17b90000 - 0x00007ffc17baf000 	C:\WINDOWS\SYSTEM32\dhcpcsvc6.DLL
0x00007ffc17b60000 - 0x00007ffc17b85000 	C:\WINDOWS\SYSTEM32\dhcpcsvc.DLL

JVMTI agents:
c:\Users\Denis\.cursor\extensions\redhat.java-1.44.0-win32-x64\lombok\lombok-1.18.39-4050.jar path:c:\Users\Denis\.cursor\extensions\redhat.java-1.44.0-win32-x64\jre\21.0.8-win32-x86_64\bin\instrument.dll, loaded, initialized, instrumentlib options:none

dbghelp: loaded successfully - version: 4.0.5 - missing functions: none
symbol engine: initialized successfully - sym options: 0x614 - pdb path: .;c:\Users\Denis\.cursor\extensions\redhat.java-1.44.0-win32-x64\jre\21.0.8-win32-x86_64\bin;C:\WINDOWS\SYSTEM32;C:\WINDOWS\WinSxS\amd64_microsoft.windows.common-controls_6595b64144ccf1df_6.0.26100.4768_none_3e0c112ce331287c;c:\Users\Denis\.cursor\extensions\redhat.java-1.44.0-win32-x64\jre\21.0.8-win32-x86_64\bin\server;C:\Users\Denis\AppData\Roaming\Cursor\User\globalStorage\redhat.java\1.44.0\config_win\org.eclipse.equinox.launcher\org.eclipse.equinox.launcher.win32.win32.x86_64_1.2.1400.v20250730-1736;C:\Users\Denis\AppData\Local\Temp\jna-65917399

VM Arguments:
jvm_args: --add-modules=ALL-SYSTEM --add-opens=java.base/java.util=ALL-UNNAMED --add-opens=java.base/java.lang=ALL-UNNAMED --add-opens=java.base/sun.nio.fs=ALL-UNNAMED -Declipse.application=org.eclipse.jdt.ls.core.id1 -Dosgi.bundles.defaultStartLevel=4 -Declipse.product=org.eclipse.jdt.ls.core.product -Djava.import.generatesMetadataFilesAtProjectRoot=false -DDetectVMInstallationsJob.disabled=true -Dfile.encoding=utf8 -XX:+UseParallelGC -XX:GCTimeRatio=4 -XX:AdaptiveSizePolicyWeight=90 -Dsun.zip.disableMemoryMapping=true -Xmx2G -Xms100m -Xlog:disable -javaagent:c:\Users\Denis\.cursor\extensions\redhat.java-1.44.0-win32-x64\lombok\lombok-1.18.39-4050.jar -XX:+HeapDumpOnOutOfMemoryError -XX:HeapDumpPath=c:\Users\Denis\AppData\Roaming\Cursor\User\workspaceStorage\eac8c8f2a15cc92b421c1f9780fee2c9\redhat.java -Daether.dependencyCollector.impl=bf 
java_command: c:\Users\Denis\.cursor\extensions\redhat.java-1.44.0-win32-x64\server\plugins\org.eclipse.equinox.launcher_1.7.0.v20250519-0528.jar -configuration c:\Users\Denis\AppData\Roaming\Cursor\User\globalStorage\redhat.java\1.44.0\config_win -data c:\Users\Denis\AppData\Roaming\Cursor\User\workspaceStorage\eac8c8f2a15cc92b421c1f9780fee2c9\redhat.java\jdt_ws --pipe=\\.\pipe\lsp-7265250c67c2934041b395e9a2fd7390-sock
java_class_path (initial): c:\Users\Denis\.cursor\extensions\redhat.java-1.44.0-win32-x64\server\plugins\org.eclipse.equinox.launcher_1.7.0.v20250519-0528.jar
Launcher Type: SUN_STANDARD

[Global flags]
    uintx AdaptiveSizePolicyWeight                 = 90                                        {product} {command line}
     intx CICompilerCount                          = 4                                         {product} {ergonomic}
    uintx GCTimeRatio                              = 4                                         {product} {command line}
     bool HeapDumpOnOutOfMemoryError               = true                                   {manageable} {command line}
    ccstr HeapDumpPath                             = c:\Users\Denis\AppData\Roaming\Cursor\User\workspaceStorage\eac8c8f2a15cc92b421c1f9780fee2c9\redhat.java         {manageable} {command line}
   size_t InitialHeapSize                          = 104857600                                 {product} {command line}
   size_t MaxHeapSize                              = 2147483648                                {product} {command line}
   size_t MaxNewSize                               = 715653120                                 {product} {ergonomic}
   size_t MinHeapDeltaBytes                        = 524288                                    {product} {ergonomic}
   size_t MinHeapSize                              = 104857600                                 {product} {command line}
   size_t NewSize                                  = 34603008                                  {product} {ergonomic}
    uintx NonNMethodCodeHeapSize                   = 5839372                                {pd product} {ergonomic}
    uintx NonProfiledCodeHeapSize                  = 122909434                              {pd product} {ergonomic}
   size_t OldSize                                  = 70254592                                  {product} {ergonomic}
    uintx ProfiledCodeHeapSize                     = 122909434                              {pd product} {ergonomic}
    uintx ReservedCodeCacheSize                    = 251658240                              {pd product} {ergonomic}
     bool SegmentedCodeCache                       = true                                      {product} {ergonomic}
   size_t SoftMaxHeapSize                          = 2147483648                             {manageable} {ergonomic}
     bool UseCompressedOops                        = true                           {product lp64_product} {ergonomic}
     bool UseLargePagesIndividualAllocation        = false                                  {pd product} {ergonomic}
     bool UseParallelGC                            = true                                      {product} {command line}

Logging:
Log output configuration:
 #0: stdout all=off uptime,level,tags foldmultilines=false
 #1: stderr all=off uptime,level,tags foldmultilines=false

Environment Variables:
JAVA_HOME=C:\Program Files\Java\jdk-21
PATH=C:\Program Files\Common Files\Oracle\Java\javapath;C:\WINDOWS\system32;C:\WINDOWS;C:\WINDOWS\System32\Wbem;C:\WINDOWS\System32\WindowsPowerShell\v1.0\;C:\WINDOWS\System32\OpenSSH\;C:\Program Files\Git\cmd;C:\ProgramData\chocolatey\bin;C:\Program Files\nodejs\;D:\Matlab\runtime\win64;D:\Matlab\bin;C:\Program Files\dotnet\;C:\apache-maven-3.9.9\bin;C:\Program Files\Git LFS;C:\Users\Denis\AppData\Local\Microsoft\WindowsApps;C:\Users\Denis\AppData\Local\Programs\Microsoft VS Code\bin;C:\Users\Denis\AppData\Roaming\npm;C:\Users\Denis\.dotnet\tools;D:\flutter\flutter\bin;C:\src\flutter\bin;C:\Users\Denis\AppData\Local\Programs\Microsoft VS Code Insiders\bin;C:\Users\Denis\AppData\Local\Pub\Cache\bin;C:\Users\Denis\AppData\Local\Pub\Cache\bin;C:\Users\Denis\AppData\Local\Programs\Python\Python38;C:\Users\Denis\AppData\Local\Programs\Python\Python38\Scripts;C:\composer;C:\Program Files\Java\jdk-21\bin;C:\Program Files\Java\jdk-17\bin;;C:\Program Files\Docker\Docker\resources\bin;C:\Users\Denis\.config\herd-lite\bin;C:\Program Files\bin\;C:\WINDOWS\system32;C:\WINDOWS;C:\WINDOWS\System32\Wbem;C:\WINDOWS\System32\WindowsPowerShell\v1.0\;C:\WINDOWS\System32\OpenSSH\;C:\Program Files\Git\cmd;C:\ProgramData\chocolatey\bin;C:\Program Files\nodejs\;C:\Program Files\Docker\Docker\resources\bin;D:\Matlab\runtime\win64;D:\Matlab\bin;C:\Program Files\dotnet\;C:\Program Files\Microsoft SQL Server\150\Tools\Binn\;C:\apache-maven-3.9.9\bin;C:\Program Files\Git LFS;C:\Users\Denis\AppData\Local\Programs\Python\Python310\Scripts\;C:\Users\Denis\AppData\Local\Programs\Python\Python310\;C:\Users\Denis\AppData\Local\Microsoft\WindowsApps;C:\Users\Denis\AppData\Local\Programs\Microsoft VS Code\bin;C:\Users\Denis\AppData\Roaming\npm;C:\Users\Denis\.dotnet\tools;D:\flutter\flutter\bin;C:\src\flutter\bin;C:\;C:\Users\Denis\AppData\Roaming\Composer\vendor\bin;C:\Users\Denis\AppData\Local\Programs\cursor\resources\app\bin
USERNAME=Denis
OS=Windows_NT
PROCESSOR_IDENTIFIER=Intel64 Family 6 Model 154 Stepping 4, GenuineIntel
TMP=C:\Users\Denis\AppData\Local\Temp
TEMP=C:\Users\Denis\AppData\Local\Temp




Periodic native trim disabled

---------------  S Y S T E M  ---------------

OS:
 Windows 11 , 64 bit Build 26100 (10.0.26100.4768)
OS uptime: 1 days 21:06 hours
Hyper-V role detected

CPU: total 12 (initial active 12) (6 cores per cpu, 2 threads per core) family 6 model 154 stepping 4 microcode 0x435, cx8, cmov, fxsr, ht, mmx, 3dnowpref, sse, sse2, sse3, ssse3, sse4.1, sse4.2, popcnt, lzcnt, tsc, tscinvbit, avx, avx2, aes, erms, clmul, bmi1, bmi2, adx, sha, fma, vzeroupper, clflush, clflushopt, clwb, hv, serialize, rdtscp, rdpid, fsrm, f16c, cet_ibt, cet_ss
Processor Information for processor 0
  Max Mhz: 1700, Current Mhz: 1700, Mhz Limit: 1700
Processor Information for processor 1
  Max Mhz: 1700, Current Mhz: 1700, Mhz Limit: 1700
Processor Information for processor 2
  Max Mhz: 1700, Current Mhz: 1700, Mhz Limit: 1700
Processor Information for processor 3
  Max Mhz: 1700, Current Mhz: 1700, Mhz Limit: 1700
Processor Information for processor 4
  Max Mhz: 1200, Current Mhz: 1200, Mhz Limit: 1200
Processor Information for processor 5
  Max Mhz: 1200, Current Mhz: 1200, Mhz Limit: 1200
Processor Information for processor 6
  Max Mhz: 1200, Current Mhz: 1200, Mhz Limit: 1200
Processor Information for processor 7
  Max Mhz: 1200, Current Mhz: 1200, Mhz Limit: 1200
Processor Information for processor 8
  Max Mhz: 1200, Current Mhz: 1200, Mhz Limit: 1200
Processor Information for processor 9
  Max Mhz: 1200, Current Mhz: 1200, Mhz Limit: 1200
Processor Information for processor 10
  Max Mhz: 1200, Current Mhz: 1200, Mhz Limit: 1200
Processor Information for processor 11
  Max Mhz: 1200, Current Mhz: 1200, Mhz Limit: 1200

Memory: 4k page, system-wide physical 16108M (550M free)
TotalPageFile size 32592M (AvailPageFile size 4M)
current process WorkingSet (physical memory assigned to process): 1136M, peak: 1136M
current process commit charge ("private bytes"): 1090M, peak: 1090M

vm_info: OpenJDK 64-Bit Server VM (21.0.8+9-LTS) for windows-amd64 JRE (21.0.8+9-LTS), built on 2025-07-15T00:00:00Z by "admin" with MS VC++ 17.7 (VS2022)

END.
