#
# There is insufficient memory for the Java Runtime Environment to continue.
# Native memory allocation (malloc) failed to allocate 32744 bytes. Error detail: Chunk::new
# Possible reasons:
#   The system is out of physical RAM or swap space
#   This process is running with CompressedOops enabled, and the Java Heap may be blocking the growth of the native heap
# Possible solutions:
#   Reduce memory load on the system
#   Increase physical memory or swap space
#   Check if swap backing store is full
#   Decrease Java heap size (-Xmx/-Xms)
#   Decrease number of Java threads
#   Decrease Java thread stack sizes (-Xss)
#   Set larger code cache with -XX:ReservedCodeCacheSize=
#   JVM is running with Unscaled Compressed Oops mode in which the Java heap is
#     placed in the first 4GB address space. The Java Heap base address is the
#     maximum limit for the native heap growth. Please use -XX:HeapBaseMinAddress
#     to set the Java Heap base and to place the Java Heap above 4GB virtual address.
# This output file may be truncated or incomplete.
#
#  Out of Memory Error (arena.cpp:168), pid=33268, tid=32484
#
# JRE version: OpenJDK Runtime Environment Temurin-21.0.8+9 (21.0.8+9) (build 21.0.8+9-LTS)
# Java VM: OpenJDK 64-Bit Server VM Temurin-21.0.8+9 (21.0.8+9-LTS, mixed mode, sharing, tiered, compressed oops, compressed class ptrs, parallel gc, windows-amd64)
# No core dump will be written. Minidumps are not enabled by default on client versions of Windows
#

---------------  S U M M A R Y ------------

Command Line: --add-modules=ALL-SYSTEM --add-opens=java.base/java.util=ALL-UNNAMED --add-opens=java.base/java.lang=ALL-UNNAMED --add-opens=java.base/sun.nio.fs=ALL-UNNAMED -Declipse.application=org.eclipse.jdt.ls.core.id1 -Dosgi.bundles.defaultStartLevel=4 -Declipse.product=org.eclipse.jdt.ls.core.product -Djava.import.generatesMetadataFilesAtProjectRoot=false -DDetectVMInstallationsJob.disabled=true -Dfile.encoding=utf8 -XX:+UseParallelGC -XX:GCTimeRatio=4 -XX:AdaptiveSizePolicyWeight=90 -Dsun.zip.disableMemoryMapping=true -Xmx2G -Xms100m -Xlog:disable -javaagent:c:\Users\Denis\.cursor\extensions\redhat.java-1.44.0-win32-x64\lombok\lombok-1.18.39-4050.jar -XX:+HeapDumpOnOutOfMemoryError -XX:HeapDumpPath=c:\Users\Denis\AppData\Roaming\Cursor\User\workspaceStorage\eac8c8f2a15cc92b421c1f9780fee2c9\redhat.java -Daether.dependencyCollector.impl=bf c:\Users\Denis\.cursor\extensions\redhat.java-1.44.0-win32-x64\server\plugins\org.eclipse.equinox.launcher_1.7.0.v20250519-0528.jar -configuration c:\Users\Denis\AppData\Roaming\Cursor\User\globalStorage\redhat.java\1.44.0\config_win -data c:\Users\Denis\AppData\Roaming\Cursor\User\workspaceStorage\eac8c8f2a15cc92b421c1f9780fee2c9\redhat.java\jdt_ws --pipe=\\.\pipe\lsp-9ef28649db559cae5daea92e0a08b826-sock

Host: 12th Gen Intel(R) Core(TM) i7-1255U, 12 cores, 15G,  Windows 11 , 64 bit Build 26100 (10.0.26100.5074)
Time: Mon Sep  1 23:37:14 2025 South Africa Standard Time elapsed time: 45.916468 seconds (0d 0h 0m 45s)

---------------  T H R E A D  ---------------

Current thread (0x000001f78d5a2890):  JavaThread "C2 CompilerThread2" daemon [_thread_in_native, id=32484, stack(0x0000007a3ac00000,0x0000007a3ad00000) (1024K)]


Current CompileTask:
C2:45916 16859 % !   4       org.eclipse.jdt.internal.compiler.parser.Scanner::jumpOverMethodBody @ 12 (2550 bytes)

Stack: [0x0000007a3ac00000,0x0000007a3ad00000]
Native frames: (J=compiled Java code, j=interpreted, Vv=VM code, C=native code)
V  [jvm.dll+0x6d2449]
V  [jvm.dll+0x8ae341]
V  [jvm.dll+0x8b08be]
V  [jvm.dll+0x8b0fa3]
V  [jvm.dll+0x280c96]
V  [jvm.dll+0xc581d]
V  [jvm.dll+0xc5d53]
V  [jvm.dll+0x65adbb]
V  [jvm.dll+0x65af5f]
V  [jvm.dll+0x660a09]
V  [jvm.dll+0x6619f6]
V  [jvm.dll+0x65fd8e]
V  [jvm.dll+0x248d55]
V  [jvm.dll+0x2484af]
V  [jvm.dll+0x1c89ee]
V  [jvm.dll+0x257d4d]
V  [jvm.dll+0x2562ea]
V  [jvm.dll+0x3f2d16]
V  [jvm.dll+0x857e6b]
V  [jvm.dll+0x6d0b0d]
C  [ucrtbase.dll+0x37b0]
C  [KERNEL32.DLL+0x2e8d7]
C  [ntdll.dll+0x8d9c]


---------------  P R O C E S S  ---------------

Threads class SMR info:
_java_thread_list=0x000001f78e0631f0, length=88, elements={
0x000001f72ced2e60, 0x000001f72cf7dc80, 0x000001f72ce5b4b0, 0x000001f72ce635c0,
0x000001f72ce66150, 0x000001f72ce6a080, 0x000001f785bf77b0, 0x000001f785bfaee0,
0x000001f785bfe9d0, 0x000001f785bf6a90, 0x000001f785bf5d70, 0x000001f785bf4330,
0x000001f785bf49c0, 0x000001f785bf6400, 0x000001f785bf56e0, 0x000001f785bf7120,
0x000001f78c2d7530, 0x000001f78c2d5460, 0x000001f78c2d5af0, 0x000001f78c2d6180,
0x000001f78c2d9600, 0x000001f78c2da320, 0x000001f78c2d9c90, 0x000001f78c2d8250,
0x000001f78c2d8f70, 0x000001f78c2d6ea0, 0x000001f78c2da9b0, 0x000001f78c2db040,
0x000001f78c2db6d0, 0x000001f78c2dbd60, 0x000001f78c2d88e0, 0x000001f78c2dc3f0,
0x000001f78c2dca80, 0x000001f78e9a0090, 0x000001f78e9a0db0, 0x000001f78e9a1440,
0x000001f78e9a1ad0, 0x000001f78e9a27f0, 0x000001f78e9a2160, 0x000001f78e99f370,
0x000001f78e99fa00, 0x000001f78e9a0720, 0x000001f78daa1a90, 0x000001f78daa34d0,
0x000001f78daa27b0, 0x000001f78daa1400, 0x000001f78daa2120, 0x000001f78daa2e40,
0x000001f78daa3b60, 0x000001f78daa06e0, 0x000001f78daa41f0, 0x000001f78daa0d70,
0x000001f78daa6950, 0x000001f78daa7670, 0x000001f78daa6fe0, 0x000001f78daa7d00,
0x000001f78daa5c30, 0x000001f78daa4880, 0x000001f78daa4f10, 0x000001f78daa55a0,
0x000001f78daa62c0, 0x000001f798262850, 0x000001f7982621c0, 0x000001f798260780,
0x000001f798262ee0, 0x000001f798263570, 0x000001f7982600f0, 0x000001f798264290,
0x000001f798260e10, 0x000001f798263c00, 0x000001f798264920, 0x000001f7982614a0,
0x000001f798261b30, 0x000001f798265640, 0x000001f7982669f0, 0x000001f798265cd0,
0x000001f798266360, 0x000001f78c2d6810, 0x000001f78daaae50, 0x000001f78daa9aa0,
0x000001f78daa9410, 0x000001f78daaa130, 0x000001f78daab4e0, 0x000001f78daabb70,
0x000001f78daaa7c0, 0x000001f78daa86f0, 0x000001f78d5a5f10, 0x000001f78d5a2890
}

Java Threads: ( => current thread )
  0x000001f72ced2e60 JavaThread "main"                              [_thread_blocked, id=29488, stack(0x0000007a38800000,0x0000007a38900000) (1024K)]
  0x000001f72cf7dc80 JavaThread "Reference Handler"          daemon [_thread_blocked, id=34560, stack(0x0000007a38c00000,0x0000007a38d00000) (1024K)]
  0x000001f72ce5b4b0 JavaThread "Finalizer"                  daemon [_thread_blocked, id=33704, stack(0x0000007a38d00000,0x0000007a38e00000) (1024K)]
  0x000001f72ce635c0 JavaThread "Signal Dispatcher"          daemon [_thread_blocked, id=22428, stack(0x0000007a38e00000,0x0000007a38f00000) (1024K)]
  0x000001f72ce66150 JavaThread "Attach Listener"            daemon [_thread_blocked, id=35648, stack(0x0000007a38f00000,0x0000007a39000000) (1024K)]
  0x000001f72ce6a080 JavaThread "Service Thread"             daemon [_thread_blocked, id=29968, stack(0x0000007a39000000,0x0000007a39100000) (1024K)]
  0x000001f785bf77b0 JavaThread "Monitor Deflation Thread"   daemon [_thread_blocked, id=32872, stack(0x0000007a39100000,0x0000007a39200000) (1024K)]
  0x000001f785bfaee0 JavaThread "C2 CompilerThread0"         daemon [_thread_in_native, id=14604, stack(0x0000007a39200000,0x0000007a39300000) (1024K)]
  0x000001f785bfe9d0 JavaThread "C1 CompilerThread0"         daemon [_thread_blocked, id=35460, stack(0x0000007a39300000,0x0000007a39400000) (1024K)]
  0x000001f785bf6a90 JavaThread "Common-Cleaner"             daemon [_thread_blocked, id=36200, stack(0x0000007a39400000,0x0000007a39500000) (1024K)]
  0x000001f785bf5d70 JavaThread "Notification Thread"        daemon [_thread_blocked, id=23380, stack(0x0000007a39600000,0x0000007a39700000) (1024K)]
  0x000001f785bf4330 JavaThread "Active Thread: Equinox Container: 232ab41d-2f05-4d95-9cb7-0740890f6c90"        [_thread_blocked, id=31168, stack(0x0000007a39e00000,0x0000007a39f00000) (1024K)]
  0x000001f785bf49c0 JavaThread "Refresh Thread: Equinox Container: 232ab41d-2f05-4d95-9cb7-0740890f6c90" daemon [_thread_blocked, id=32520, stack(0x0000007a3a000000,0x0000007a3a100000) (1024K)]
  0x000001f785bf6400 JavaThread "Framework Event Dispatcher: Equinox Container: 232ab41d-2f05-4d95-9cb7-0740890f6c90" daemon [_thread_blocked, id=30800, stack(0x0000007a3a100000,0x0000007a3a200000) (1024K)]
  0x000001f785bf56e0 JavaThread "Start Level: Equinox Container: 232ab41d-2f05-4d95-9cb7-0740890f6c90" daemon [_thread_blocked, id=37832, stack(0x0000007a3a200000,0x0000007a3a300000) (1024K)]
  0x000001f785bf7120 JavaThread "Bundle File Closer"         daemon [_thread_blocked, id=34896, stack(0x0000007a3a500000,0x0000007a3a600000) (1024K)]
  0x000001f78c2d7530 JavaThread "SCR Component Actor"        daemon [_thread_blocked, id=21644, stack(0x0000007a3a600000,0x0000007a3a700000) (1024K)]
  0x000001f78c2d5460 JavaThread "Worker-JM"                         [_thread_blocked, id=10616, stack(0x0000007a3a700000,0x0000007a3a800000) (1024K)]
  0x000001f78c2d5af0 JavaThread "JNA Cleaner"                daemon [_thread_blocked, id=20060, stack(0x0000007a3a800000,0x0000007a3a900000) (1024K)]
  0x000001f78c2d6180 JavaThread "Worker-0"                          [_thread_blocked, id=35388, stack(0x0000007a3a900000,0x0000007a3aa00000) (1024K)]
  0x000001f78c2d9600 JavaThread "Worker-1"                          [_thread_blocked, id=17836, stack(0x0000007a3aa00000,0x0000007a3ab00000) (1024K)]
  0x000001f78c2da320 JavaThread "Worker-2"                          [_thread_blocked, id=36552, stack(0x0000007a3ab00000,0x0000007a3ac00000) (1024K)]
  0x000001f78c2d9c90 JavaThread "Java indexing"              daemon [_thread_blocked, id=21924, stack(0x0000007a3ad00000,0x0000007a3ae00000) (1024K)]
  0x000001f78c2d8250 JavaThread "Worker-3"                          [_thread_blocked, id=12800, stack(0x0000007a3b000000,0x0000007a3b100000) (1024K)]
  0x000001f78c2d8f70 JavaThread "Worker-4"                          [_thread_blocked, id=30080, stack(0x0000007a3b100000,0x0000007a3b200000) (1024K)]
  0x000001f78c2d6ea0 JavaThread "Thread-2"                   daemon [_thread_in_native, id=4032, stack(0x0000007a3b200000,0x0000007a3b300000) (1024K)]
  0x000001f78c2da9b0 JavaThread "Thread-3"                   daemon [_thread_in_native, id=36480, stack(0x0000007a3b300000,0x0000007a3b400000) (1024K)]
  0x000001f78c2db040 JavaThread "Thread-4"                   daemon [_thread_in_native, id=12072, stack(0x0000007a3b400000,0x0000007a3b500000) (1024K)]
  0x000001f78c2db6d0 JavaThread "Thread-5"                   daemon [_thread_in_native, id=27360, stack(0x0000007a3b500000,0x0000007a3b600000) (1024K)]
  0x000001f78c2dbd60 JavaThread "Thread-6"                   daemon [_thread_in_native, id=36880, stack(0x0000007a3b600000,0x0000007a3b700000) (1024K)]
  0x000001f78c2d88e0 JavaThread "Thread-7"                   daemon [_thread_in_native, id=35644, stack(0x0000007a3b700000,0x0000007a3b800000) (1024K)]
  0x000001f78c2dc3f0 JavaThread "Thread-8"                   daemon [_thread_in_native, id=29216, stack(0x0000007a3b800000,0x0000007a3b900000) (1024K)]
  0x000001f78c2dca80 JavaThread "Thread-9"                   daemon [_thread_in_native, id=19028, stack(0x0000007a3b900000,0x0000007a3ba00000) (1024K)]
  0x000001f78e9a0090 JavaThread "Thread-10"                  daemon [_thread_in_native, id=34960, stack(0x0000007a3ba00000,0x0000007a3bb00000) (1024K)]
  0x000001f78e9a0db0 JavaThread "Thread-11"                  daemon [_thread_in_native, id=17756, stack(0x0000007a3bb00000,0x0000007a3bc00000) (1024K)]
  0x000001f78e9a1440 JavaThread "Thread-12"                  daemon [_thread_in_native, id=31272, stack(0x0000007a3bc00000,0x0000007a3bd00000) (1024K)]
  0x000001f78e9a1ad0 JavaThread "Thread-13"                  daemon [_thread_in_native, id=25436, stack(0x0000007a3bd00000,0x0000007a3be00000) (1024K)]
  0x000001f78e9a27f0 JavaThread "Thread-14"                  daemon [_thread_in_native, id=32532, stack(0x0000007a3be00000,0x0000007a3bf00000) (1024K)]
  0x000001f78e9a2160 JavaThread "pool-2-thread-1"                   [_thread_blocked, id=18072, stack(0x0000007a3bf00000,0x0000007a3c000000) (1024K)]
  0x000001f78e99f370 JavaThread "WorkspaceEventsHandler"            [_thread_blocked, id=24152, stack(0x0000007a3c000000,0x0000007a3c100000) (1024K)]
  0x000001f78e99fa00 JavaThread "pool-1-thread-1"                   [_thread_blocked, id=34452, stack(0x0000007a3c100000,0x0000007a3c200000) (1024K)]
  0x000001f78e9a0720 JavaThread "Worker-5"                          [_thread_blocked, id=35336, stack(0x0000007a3c200000,0x0000007a3c300000) (1024K)]
  0x000001f78daa1a90 JavaThread "LocalFile Deleter"          daemon [_thread_blocked, id=16860, stack(0x0000007a3c300000,0x0000007a3c400000) (1024K)]
  0x000001f78daa34d0 JavaThread "LocalFile Deleter"          daemon [_thread_blocked, id=12368, stack(0x0000007a3c400000,0x0000007a3c500000) (1024K)]
  0x000001f78daa27b0 JavaThread "LocalFile Deleter"          daemon [_thread_blocked, id=37720, stack(0x0000007a3c500000,0x0000007a3c600000) (1024K)]
  0x000001f78daa1400 JavaThread "LocalFile Deleter"          daemon [_thread_blocked, id=24296, stack(0x0000007a3c600000,0x0000007a3c700000) (1024K)]
  0x000001f78daa2120 JavaThread "LocalFile Deleter"          daemon [_thread_blocked, id=24424, stack(0x0000007a3c700000,0x0000007a3c800000) (1024K)]
  0x000001f78daa2e40 JavaThread "LocalFile Deleter"          daemon [_thread_blocked, id=36944, stack(0x0000007a3c800000,0x0000007a3c900000) (1024K)]
  0x000001f78daa3b60 JavaThread "LocalFile Deleter"          daemon [_thread_blocked, id=12576, stack(0x0000007a3c900000,0x0000007a3ca00000) (1024K)]
  0x000001f78daa06e0 JavaThread "LocalFile Deleter"          daemon [_thread_blocked, id=18988, stack(0x0000007a3ca00000,0x0000007a3cb00000) (1024K)]
  0x000001f78daa41f0 JavaThread "LocalFile Deleter"          daemon [_thread_blocked, id=35284, stack(0x0000007a3cb00000,0x0000007a3cc00000) (1024K)]
  0x000001f78daa0d70 JavaThread "LocalFile Deleter"          daemon [_thread_blocked, id=33504, stack(0x0000007a3cc00000,0x0000007a3cd00000) (1024K)]
  0x000001f78daa6950 JavaThread "LocalFile Deleter"          daemon [_thread_blocked, id=11104, stack(0x0000007a3cd00000,0x0000007a3ce00000) (1024K)]
  0x000001f78daa7670 JavaThread "LocalFile Deleter"          daemon [_thread_blocked, id=25532, stack(0x0000007a3ce00000,0x0000007a3cf00000) (1024K)]
  0x000001f78daa6fe0 JavaThread "Compiler Source File Reader" daemon [_thread_blocked, id=16744, stack(0x0000007a3cf00000,0x0000007a3d000000) (1024K)]
  0x000001f78daa7d00 JavaThread "Compiler Source File Reader" daemon [_thread_blocked, id=36364, stack(0x0000007a3d000000,0x0000007a3d100000) (1024K)]
  0x000001f78daa5c30 JavaThread "Compiler Source File Reader" daemon [_thread_blocked, id=6764, stack(0x0000007a3d100000,0x0000007a3d200000) (1024K)]
  0x000001f78daa4880 JavaThread "Compiler Source File Reader" daemon [_thread_blocked, id=36960, stack(0x0000007a3d200000,0x0000007a3d300000) (1024K)]
  0x000001f78daa4f10 JavaThread "Compiler Source File Reader" daemon [_thread_blocked, id=22816, stack(0x0000007a3d300000,0x0000007a3d400000) (1024K)]
  0x000001f78daa55a0 JavaThread "Compiler Source File Reader" daemon [_thread_blocked, id=948, stack(0x0000007a3d400000,0x0000007a3d500000) (1024K)]
  0x000001f78daa62c0 JavaThread "Compiler Source File Reader" daemon [_thread_blocked, id=34232, stack(0x0000007a3d500000,0x0000007a3d600000) (1024K)]
  0x000001f798262850 JavaThread "Compiler Source File Reader" daemon [_thread_blocked, id=35164, stack(0x0000007a3d600000,0x0000007a3d700000) (1024K)]
  0x000001f7982621c0 JavaThread "Compiler Source File Reader" daemon [_thread_blocked, id=32116, stack(0x0000007a3d700000,0x0000007a3d800000) (1024K)]
  0x000001f798260780 JavaThread "Compiler Source File Reader" daemon [_thread_blocked, id=26456, stack(0x0000007a3d800000,0x0000007a3d900000) (1024K)]
  0x000001f798262ee0 JavaThread "Compiler Processing Task"   daemon [_thread_blocked, id=37436, stack(0x0000007a39700000,0x0000007a39800000) (1024K)]
  0x000001f798263570 JavaThread "Compiler Class File Writer" daemon [_thread_blocked, id=17764, stack(0x0000007a3d900000,0x0000007a3da00000) (1024K)]
  0x000001f7982600f0 JavaThread "Compiler Class File Writer" daemon [_thread_blocked, id=27640, stack(0x0000007a3da00000,0x0000007a3db00000) (1024K)]
  0x000001f798264290 JavaThread "Compiler Class File Writer" daemon [_thread_blocked, id=37168, stack(0x0000007a3db00000,0x0000007a3dc00000) (1024K)]
  0x000001f798260e10 JavaThread "Compiler Class File Writer" daemon [_thread_blocked, id=36648, stack(0x0000007a3dc00000,0x0000007a3dd00000) (1024K)]
  0x000001f798263c00 JavaThread "Compiler Class File Writer" daemon [_thread_blocked, id=27644, stack(0x0000007a3dd00000,0x0000007a3de00000) (1024K)]
  0x000001f798264920 JavaThread "Compiler Class File Writer" daemon [_thread_blocked, id=26792, stack(0x0000007a3de00000,0x0000007a3df00000) (1024K)]
  0x000001f7982614a0 JavaThread "Compiler Class File Writer" daemon [_thread_blocked, id=33496, stack(0x0000007a3df00000,0x0000007a3e000000) (1024K)]
  0x000001f798261b30 JavaThread "Compiler Class File Writer" daemon [_thread_blocked, id=30896, stack(0x0000007a3e000000,0x0000007a3e100000) (1024K)]
  0x000001f798265640 JavaThread "Compiler Class File Writer" daemon [_thread_blocked, id=34112, stack(0x0000007a3e100000,0x0000007a3e200000) (1024K)]
  0x000001f7982669f0 JavaThread "Compiler Class File Writer" daemon [_thread_blocked, id=10100, stack(0x0000007a3e200000,0x0000007a3e300000) (1024K)]
  0x000001f798265cd0 JavaThread "ForkJoinPool.commonPool-worker-1" daemon [_thread_blocked, id=34308, stack(0x0000007a3e300000,0x0000007a3e400000) (1024K)]
  0x000001f798266360 JavaThread "ForkJoinPool.commonPool-worker-2" daemon [_thread_blocked, id=15396, stack(0x0000007a3e400000,0x0000007a3e500000) (1024K)]
  0x000001f78c2d6810 JavaThread "ForkJoinPool.commonPool-worker-4" daemon [_thread_blocked, id=35680, stack(0x0000007a3e600000,0x0000007a3e700000) (1024K)]
  0x000001f78daaae50 JavaThread "ForkJoinPool.commonPool-worker-3" daemon [_thread_blocked, id=29448, stack(0x0000007a3e700000,0x0000007a3e800000) (1024K)]
  0x000001f78daa9aa0 JavaThread "ForkJoinPool.commonPool-worker-5" daemon [_thread_blocked, id=35640, stack(0x0000007a3e500000,0x0000007a3e600000) (1024K)]
  0x000001f78daa9410 JavaThread "ForkJoinPool.commonPool-worker-7" daemon [_thread_blocked, id=36356, stack(0x0000007a3e800000,0x0000007a3e900000) (1024K)]
  0x000001f78daaa130 JavaThread "ForkJoinPool.commonPool-worker-6" daemon [_thread_blocked, id=31028, stack(0x0000007a3e900000,0x0000007a3ea00000) (1024K)]
  0x000001f78daab4e0 JavaThread "ForkJoinPool.commonPool-worker-8" daemon [_thread_blocked, id=23592, stack(0x0000007a3ea00000,0x0000007a3eb00000) (1024K)]
  0x000001f78daabb70 JavaThread "ForkJoinPool.commonPool-worker-9" daemon [_thread_blocked, id=30844, stack(0x0000007a3eb00000,0x0000007a3ec00000) (1024K)]
  0x000001f78daaa7c0 JavaThread "ForkJoinPool.commonPool-worker-10" daemon [_thread_blocked, id=37044, stack(0x0000007a3ec00000,0x0000007a3ed00000) (1024K)]
  0x000001f78daa86f0 JavaThread "ForkJoinPool.commonPool-worker-11" daemon [_thread_blocked, id=4152, stack(0x0000007a3ed00000,0x0000007a3ee00000) (1024K)]
  0x000001f78d5a5f10 JavaThread "C2 CompilerThread1"         daemon [_thread_in_native, id=34484, stack(0x0000007a39500000,0x0000007a39600000) (1024K)]
=>0x000001f78d5a2890 JavaThread "C2 CompilerThread2"         daemon [_thread_in_native, id=32484, stack(0x0000007a3ac00000,0x0000007a3ad00000) (1024K)]
Total: 88

Other Threads:
  0x000001f72cf67020 VMThread "VM Thread"                           [id=10592, stack(0x0000007a38b00000,0x0000007a38c00000) (1024K)]
  0x000001f72cd4ba00 WatcherThread "VM Periodic Task Thread"        [id=16164, stack(0x0000007a38a00000,0x0000007a38b00000) (1024K)]
  0x000001f72cee3f90 WorkerThread "GC Thread#0"                     [id=30480, stack(0x0000007a38900000,0x0000007a38a00000) (1024K)]
  0x000001f78b386110 WorkerThread "GC Thread#1"                     [id=31024, stack(0x0000007a39800000,0x0000007a39900000) (1024K)]
  0x000001f78b6f4d30 WorkerThread "GC Thread#2"                     [id=29584, stack(0x0000007a39900000,0x0000007a39a00000) (1024K)]
  0x000001f78b3f9230 WorkerThread "GC Thread#3"                     [id=27244, stack(0x0000007a39a00000,0x0000007a39b00000) (1024K)]
  0x000001f78b3f95d0 WorkerThread "GC Thread#4"                     [id=26468, stack(0x0000007a39b00000,0x0000007a39c00000) (1024K)]
  0x000001f78b674290 WorkerThread "GC Thread#5"                     [id=22648, stack(0x0000007a39c00000,0x0000007a39d00000) (1024K)]
  0x000001f78b674630 WorkerThread "GC Thread#6"                     [id=21800, stack(0x0000007a39d00000,0x0000007a39e00000) (1024K)]
  0x000001f78b778270 WorkerThread "GC Thread#7"                     [id=4424, stack(0x0000007a39f00000,0x0000007a3a000000) (1024K)]
  0x000001f78bdb1af0 WorkerThread "GC Thread#8"                     [id=34312, stack(0x0000007a3a300000,0x0000007a3a400000) (1024K)]
  0x000001f78c0ca5d0 WorkerThread "GC Thread#9"                     [id=37480, stack(0x0000007a3a400000,0x0000007a3a500000) (1024K)]
Total: 12

Threads with active compile tasks:
C2 CompilerThread0  45943 16854       4       java.util.regex.Pattern::sequence (647 bytes)
C2 CompilerThread1  45944 16858       4       org.eclipse.jdt.internal.compiler.parser.Parser::consumeRule (7748 bytes)
C2 CompilerThread2  45944 16859 % !   4       org.eclipse.jdt.internal.compiler.parser.Scanner::jumpOverMethodBody @ 12 (2550 bytes)
Total: 3

VM state: not at safepoint (normal execution)

VM Mutex/Monitor currently owned by a thread: None

Heap address: 0x0000000080000000, size: 2048 MB, Compressed Oops mode: 32-bit

CDS archive(s) mapped at: [0x000001f744000000-0x000001f744ba0000-0x000001f744ba0000), size 12189696, SharedBaseAddress: 0x000001f744000000, ArchiveRelocationMode: 1.
Compressed class space mapped at: 0x000001f745000000-0x000001f785000000, reserved size: 1073741824
Narrow klass base: 0x000001f744000000, Narrow klass shift: 0, Narrow klass range: 0x100000000

GC Precious Log:
 CardTable entry size: 512
 CPUs: 12 total, 12 available
 Memory: 16108M
 Large Page Support: Disabled
 NUMA Support: Disabled
 Compressed Oops: Enabled (32-bit)
 Alignments: Space 512K, Generation 512K, Heap 2M
 Heap Min Capacity: 100M
 Heap Initial Capacity: 100M
 Heap Max Capacity: 2G
 Pre-touch: Disabled
 Parallel Workers: 10

Heap:
 PSYoungGen      total 16384K, used 8753K [0x00000000d5580000, 0x00000000d6b00000, 0x0000000100000000)
  eden space 10240K, 39% used [0x00000000d5580000,0x00000000d597c6e8,0x00000000d5f80000)
  from space 6144K, 76% used [0x00000000d6500000,0x00000000d6990000,0x00000000d6b00000)
  to   space 5632K, 0% used [0x00000000d5f80000,0x00000000d5f80000,0x00000000d6500000)
 ParOldGen       total 875520K, used 875026K [0x0000000080000000, 0x00000000b5700000, 0x00000000d5580000)
  object space 875520K, 99% used [0x0000000080000000,0x00000000b5684a60,0x00000000b5700000)
 Metaspace       used 70899K, committed 72448K, reserved 1114112K
  class space    used 7201K, committed 7872K, reserved 1048576K

Card table byte_map: [0x000001f72c860000,0x000001f72cc70000] _byte_map_base: 0x000001f72c460000

Marking Bits: (ParMarkBitMap*) 0x00007ffaac2aa340
 Begin Bits: [0x000001f73f360000, 0x000001f741360000)
 End Bits:   [0x000001f741360000, 0x000001f743360000)

Polling page: 0x000001f72acc0000

Metaspace:

Usage:
  Non-class:     62.21 MB used.
      Class:      7.03 MB used.
       Both:     69.24 MB used.

Virtual space:
  Non-class space:       64.00 MB reserved,      63.06 MB ( 99%) committed,  1 nodes.
      Class space:        1.00 GB reserved,       7.69 MB ( <1%) committed,  1 nodes.
             Both:        1.06 GB reserved,      70.75 MB (  7%) committed. 

Chunk freelists:
   Non-Class:  271.00 KB
       Class:  8.26 MB
        Both:  8.53 MB

MaxMetaspaceSize: unlimited
CompressedClassSpaceSize: 1.00 GB
Initial GC threshold: 21.00 MB
Current GC threshold: 97.31 MB
CDS: on
 - commit_granule_bytes: 65536.
 - commit_granule_words: 8192.
 - virtual_space_node_default_size: 8388608.
 - enlarge_chunks_in_place: 1.
 - use_allocation_guard: 0.


Internal statistics:

num_allocs_failed_limit: 9.
num_arena_births: 1400.
num_arena_deaths: 14.
num_vsnodes_births: 2.
num_vsnodes_deaths: 0.
num_space_committed: 1132.
num_space_uncommitted: 0.
num_chunks_returned_to_freelist: 23.
num_chunks_taken_from_freelist: 4934.
num_chunk_merges: 13.
num_chunk_splits: 2956.
num_chunks_enlarged: 1578.
num_inconsistent_stats: 0.

CodeHeap 'non-profiled nmethods': size=120000Kb used=13192Kb max_used=13192Kb free=106808Kb
 bounds [0x000001f737b80000, 0x000001f738870000, 0x000001f73f0b0000]
CodeHeap 'profiled nmethods': size=120000Kb used=38286Kb max_used=38286Kb free=81713Kb
 bounds [0x000001f7300b0000, 0x000001f732620000, 0x000001f7375e0000]
CodeHeap 'non-nmethods': size=5760Kb used=1460Kb max_used=1559Kb free=4299Kb
 bounds [0x000001f7375e0000, 0x000001f737850000, 0x000001f737b80000]
CodeCache: size=245760Kb, used=52938Kb, max_used=53037Kb, free=192820Kb
 total_blobs=16811, nmethods=16038, adapters=676, full_count=0
Compilation: enabled, stopped_count=0, restarted_count=0

Compilation events (20 events):
Event: 43.727 Thread 0x000001f785bfe9d0 16876 %     3       java.lang.StringUTF16::getChars @ 16 (42 bytes)
Event: 43.728 Thread 0x000001f785bfe9d0 nmethod 16876% 0x000001f73260f110 code [0x000001f73260f300, 0x000001f73260f830]
Event: 43.729 Thread 0x000001f785bfe9d0 16878       3       org.eclipse.jdt.internal.core.util.CommentRecorderParser::pushOnCommentsStack (230 bytes)
Event: 43.730 Thread 0x000001f785bfe9d0 nmethod 16878 0x000001f73260fb10 code [0x000001f73260fd20, 0x000001f7326104b0]
Event: 43.733 Thread 0x000001f785bfe9d0 16880       3       org.eclipse.jdt.internal.compiler.SourceElementParser::consumeMethodInvocationName (61 bytes)
Event: 43.733 Thread 0x000001f785bfe9d0 nmethod 16880 0x000001f732610890 code [0x000001f732610a60, 0x000001f732610e58]
Event: 43.734 Thread 0x000001f785bfe9d0 16881       3       org.eclipse.jdt.internal.compiler.SourceElementParser::getUnspecifiedReference (179 bytes)
Event: 43.735 Thread 0x000001f785bfe9d0 nmethod 16881 0x000001f732611010 code [0x000001f732611260, 0x000001f732611c48]
Event: 43.735 Thread 0x000001f785bfe9d0 16882       3       org.eclipse.jdt.internal.compiler.parser.Parser::automatonWillShift (147 bytes)
Event: 43.736 Thread 0x000001f785bfaee0 nmethod 16856 0x000001f73885af10 code [0x000001f73885b240, 0x000001f73885c3a0]
Event: 43.737 Thread 0x000001f785bfaee0 16877   !   4       org.eclipse.jdt.internal.compiler.parser.Scanner::getNextToken0 (3064 bytes)
Event: 43.737 Thread 0x000001f785bfe9d0 nmethod 16882 0x000001f732611f90 code [0x000001f7326121a0, 0x000001f732612860]
Event: 43.742 Thread 0x000001f785bfe9d0 16883       3       java.util.HashMap$TreeNode::rotateRight (91 bytes)
Event: 43.743 Thread 0x000001f785bfe9d0 nmethod 16883 0x000001f732612c90 code [0x000001f732612e40, 0x000001f732613130]
Event: 43.746 Thread 0x000001f785bfe9d0 16884       1       org.eclipse.jdt.internal.core.SimpleDelta::getFlags (5 bytes)
Event: 43.747 Thread 0x000001f785bfe9d0 nmethod 16884 0x000001f73885d090 code [0x000001f73885d220, 0x000001f73885d2e8]
Event: 43.810 Thread 0x000001f785bfe9d0 16885       3       org.eclipse.lsp4j.jsonrpc.json.adapters.EitherTypeAdapter$EitherTypeArgument::write (10 bytes)
Event: 43.896 Thread 0x000001f785bfe9d0 nmethod 16885 0x000001f732613290 code [0x000001f732613440, 0x000001f732613618]
Event: 43.897 Thread 0x000001f785bfe9d0 16886       3       com.google.gson.stream.JsonWriter::endObject (9 bytes)
Event: 43.898 Thread 0x000001f785bfe9d0 nmethod 16886 0x000001f732613710 code [0x000001f7326138c0, 0x000001f732613a10]

GC Heap History (20 events):
Event: 37.405 GC heap before
{Heap before GC invocations=1148 (full 3):
 PSYoungGen      total 7168K, used 6816K [0x00000000d5580000, 0x00000000d6000000, 0x0000000100000000)
  eden space 4608K, 100% used [0x00000000d5580000,0x00000000d5a00000,0x00000000d5a00000)
  from space 2560K, 86% used [0x00000000d5d80000,0x00000000d5fa8000,0x00000000d6000000)
  to   space 2560K, 0% used [0x00000000d5b00000,0x00000000d5b00000,0x00000000d5d80000)
 ParOldGen       total 843776K, used 843762K [0x0000000080000000, 0x00000000b3800000, 0x00000000d5580000)
  object space 843776K, 99% used [0x0000000080000000,0x00000000b37fca60,0x00000000b3800000)
 Metaspace       used 70878K, committed 72448K, reserved 1114112K
  class space    used 7201K, committed 7872K, reserved 1048576K
}
Event: 37.411 GC heap after
{Heap after GC invocations=1148 (full 3):
 PSYoungGen      total 7168K, used 2187K [0x00000000d5580000, 0x00000000d5f00000, 0x0000000100000000)
  eden space 4608K, 0% used [0x00000000d5580000,0x00000000d5580000,0x00000000d5a00000)
  from space 2560K, 85% used [0x00000000d5b00000,0x00000000d5d22fa8,0x00000000d5d80000)
  to   space 1536K, 0% used [0x00000000d5d80000,0x00000000d5d80000,0x00000000d5f00000)
 ParOldGen       total 846336K, used 845874K [0x0000000080000000, 0x00000000b3a80000, 0x00000000d5580000)
  object space 846336K, 99% used [0x0000000080000000,0x00000000b3a0ca60,0x00000000b3a80000)
 Metaspace       used 70878K, committed 72448K, reserved 1114112K
  class space    used 7201K, committed 7872K, reserved 1048576K
}
Event: 37.425 GC heap before
{Heap before GC invocations=1149 (full 3):
 PSYoungGen      total 7168K, used 6795K [0x00000000d5580000, 0x00000000d5f00000, 0x0000000100000000)
  eden space 4608K, 100% used [0x00000000d5580000,0x00000000d5a00000,0x00000000d5a00000)
  from space 2560K, 85% used [0x00000000d5b00000,0x00000000d5d22fa8,0x00000000d5d80000)
  to   space 1536K, 0% used [0x00000000d5d80000,0x00000000d5d80000,0x00000000d5f00000)
 ParOldGen       total 846336K, used 845874K [0x0000000080000000, 0x00000000b3a80000, 0x00000000d5580000)
  object space 846336K, 99% used [0x0000000080000000,0x00000000b3a0ca60,0x00000000b3a80000)
 Metaspace       used 70878K, committed 72448K, reserved 1114112K
  class space    used 7201K, committed 7872K, reserved 1048576K
}
Event: 37.430 GC heap after
{Heap after GC invocations=1149 (full 3):
 PSYoungGen      total 4608K, used 1536K [0x00000000d5580000, 0x00000000d6500000, 0x0000000100000000)
  eden space 3072K, 0% used [0x00000000d5580000,0x00000000d5580000,0x00000000d5880000)
  from space 1536K, 100% used [0x00000000d5d80000,0x00000000d5f00000,0x00000000d5f00000)
  to   space 5120K, 0% used [0x00000000d5880000,0x00000000d5880000,0x00000000d5d80000)
 ParOldGen       total 848896K, used 848658K [0x0000000080000000, 0x00000000b3d00000, 0x00000000d5580000)
  object space 848896K, 99% used [0x0000000080000000,0x00000000b3cc4a60,0x00000000b3d00000)
 Metaspace       used 70878K, committed 72448K, reserved 1114112K
  class space    used 7201K, committed 7872K, reserved 1048576K
}
Event: 37.438 GC heap before
{Heap before GC invocations=1150 (full 3):
 PSYoungGen      total 4608K, used 4608K [0x00000000d5580000, 0x00000000d6500000, 0x0000000100000000)
  eden space 3072K, 100% used [0x00000000d5580000,0x00000000d5880000,0x00000000d5880000)
  from space 1536K, 100% used [0x00000000d5d80000,0x00000000d5f00000,0x00000000d5f00000)
  to   space 5120K, 0% used [0x00000000d5880000,0x00000000d5880000,0x00000000d5d80000)
 ParOldGen       total 848896K, used 848658K [0x0000000080000000, 0x00000000b3d00000, 0x00000000d5580000)
  object space 848896K, 99% used [0x0000000080000000,0x00000000b3cc4a60,0x00000000b3d00000)
 Metaspace       used 70878K, committed 72448K, reserved 1114112K
  class space    used 7201K, committed 7872K, reserved 1048576K
}
Event: 37.443 GC heap after
{Heap after GC invocations=1150 (full 3):
 PSYoungGen      total 5120K, used 1600K [0x00000000d5580000, 0x00000000d5f80000, 0x0000000100000000)
  eden space 3072K, 0% used [0x00000000d5580000,0x00000000d5580000,0x00000000d5880000)
  from space 2048K, 78% used [0x00000000d5880000,0x00000000d5a10000,0x00000000d5a80000)
  to   space 3072K, 0% used [0x00000000d5c80000,0x00000000d5c80000,0x00000000d5f80000)
 ParOldGen       total 850432K, used 850242K [0x0000000080000000, 0x00000000b3e80000, 0x00000000d5580000)
  object space 850432K, 99% used [0x0000000080000000,0x00000000b3e50a60,0x00000000b3e80000)
 Metaspace       used 70878K, committed 72448K, reserved 1114112K
  class space    used 7201K, committed 7872K, reserved 1048576K
}
Event: 37.454 GC heap before
{Heap before GC invocations=1151 (full 3):
 PSYoungGen      total 5120K, used 4672K [0x00000000d5580000, 0x00000000d5f80000, 0x0000000100000000)
  eden space 3072K, 100% used [0x00000000d5580000,0x00000000d5880000,0x00000000d5880000)
  from space 2048K, 78% used [0x00000000d5880000,0x00000000d5a10000,0x00000000d5a80000)
  to   space 3072K, 0% used [0x00000000d5c80000,0x00000000d5c80000,0x00000000d5f80000)
 ParOldGen       total 850432K, used 850242K [0x0000000080000000, 0x00000000b3e80000, 0x00000000d5580000)
  object space 850432K, 99% used [0x0000000080000000,0x00000000b3e50a60,0x00000000b3e80000)
 Metaspace       used 70878K, committed 72448K, reserved 1114112K
  class space    used 7201K, committed 7872K, reserved 1048576K
}
Event: 37.460 GC heap after
{Heap after GC invocations=1151 (full 3):
 PSYoungGen      total 6656K, used 2272K [0x00000000d5580000, 0x00000000d5f00000, 0x0000000100000000)
  eden space 4096K, 0% used [0x00000000d5580000,0x00000000d5580000,0x00000000d5980000)
  from space 2560K, 88% used [0x00000000d5c80000,0x00000000d5eb8000,0x00000000d5f00000)
  to   space 2560K, 0% used [0x00000000d5a00000,0x00000000d5a00000,0x00000000d5c80000)
 ParOldGen       total 851968K, used 851722K [0x0000000080000000, 0x00000000b4000000, 0x00000000d5580000)
  object space 851968K, 99% used [0x0000000080000000,0x00000000b3fc2a60,0x00000000b4000000)
 Metaspace       used 70878K, committed 72448K, reserved 1114112K
  class space    used 7201K, committed 7872K, reserved 1048576K
}
Event: 37.473 GC heap before
{Heap before GC invocations=1152 (full 3):
 PSYoungGen      total 6656K, used 6368K [0x00000000d5580000, 0x00000000d5f00000, 0x0000000100000000)
  eden space 4096K, 100% used [0x00000000d5580000,0x00000000d5980000,0x00000000d5980000)
  from space 2560K, 88% used [0x00000000d5c80000,0x00000000d5eb8000,0x00000000d5f00000)
  to   space 2560K, 0% used [0x00000000d5a00000,0x00000000d5a00000,0x00000000d5c80000)
 ParOldGen       total 851968K, used 851722K [0x0000000080000000, 0x00000000b4000000, 0x00000000d5580000)
  object space 851968K, 99% used [0x0000000080000000,0x00000000b3fc2a60,0x00000000b4000000)
 Metaspace       used 70878K, committed 72448K, reserved 1114112K
  class space    used 7201K, committed 7872K, reserved 1048576K
}
Event: 37.477 GC heap after
{Heap after GC invocations=1152 (full 3):
 PSYoungGen      total 7168K, used 2560K [0x00000000d5580000, 0x00000000d6580000, 0x0000000100000000)
  eden space 4608K, 0% used [0x00000000d5580000,0x00000000d5580000,0x00000000d5a00000)
  from space 2560K, 100% used [0x00000000d5a00000,0x00000000d5c80000,0x00000000d5c80000)
  to   space 5632K, 0% used [0x00000000d6000000,0x00000000d6000000,0x00000000d6580000)
 ParOldGen       total 854528K, used 854162K [0x0000000080000000, 0x00000000b4280000, 0x00000000d5580000)
  object space 854528K, 99% used [0x0000000080000000,0x00000000b4224a60,0x00000000b4280000)
 Metaspace       used 70878K, committed 72448K, reserved 1114112K
  class space    used 7201K, committed 7872K, reserved 1048576K
}
Event: 37.491 GC heap before
{Heap before GC invocations=1153 (full 3):
 PSYoungGen      total 7168K, used 7167K [0x00000000d5580000, 0x00000000d6580000, 0x0000000100000000)
  eden space 4608K, 99% used [0x00000000d5580000,0x00000000d59ffff0,0x00000000d5a00000)
  from space 2560K, 100% used [0x00000000d5a00000,0x00000000d5c80000,0x00000000d5c80000)
  to   space 5632K, 0% used [0x00000000d6000000,0x00000000d6000000,0x00000000d6580000)
 ParOldGen       total 854528K, used 854162K [0x0000000080000000, 0x00000000b4280000, 0x00000000d5580000)
  object space 854528K, 99% used [0x0000000080000000,0x00000000b4224a60,0x00000000b4280000)
 Metaspace       used 70878K, committed 72448K, reserved 1114112K
  class space    used 7201K, committed 7872K, reserved 1048576K
}
Event: 37.496 GC heap after
{Heap after GC invocations=1153 (full 3):
 PSYoungGen      total 9216K, used 3584K [0x00000000d5580000, 0x00000000d6380000, 0x0000000100000000)
  eden space 5632K, 0% used [0x00000000d5580000,0x00000000d5580000,0x00000000d5b00000)
  from space 3584K, 100% used [0x00000000d6000000,0x00000000d6380000,0x00000000d6380000)
  to   space 4096K, 0% used [0x00000000d5b80000,0x00000000d5b80000,0x00000000d5f80000)
 ParOldGen       total 857088K, used 856746K [0x0000000080000000, 0x00000000b4500000, 0x00000000d5580000)
  object space 857088K, 99% used [0x0000000080000000,0x00000000b44aaa60,0x00000000b4500000)
 Metaspace       used 70878K, committed 72448K, reserved 1114112K
  class space    used 7201K, committed 7872K, reserved 1048576K
}
Event: 37.506 GC heap before
{Heap before GC invocations=1154 (full 3):
 PSYoungGen      total 9216K, used 9216K [0x00000000d5580000, 0x00000000d6380000, 0x0000000100000000)
  eden space 5632K, 100% used [0x00000000d5580000,0x00000000d5b00000,0x00000000d5b00000)
  from space 3584K, 100% used [0x00000000d6000000,0x00000000d6380000,0x00000000d6380000)
  to   space 4096K, 0% used [0x00000000d5b80000,0x00000000d5b80000,0x00000000d5f80000)
 ParOldGen       total 857088K, used 856746K [0x0000000080000000, 0x00000000b4500000, 0x00000000d5580000)
  object space 857088K, 99% used [0x0000000080000000,0x00000000b44aaa60,0x00000000b4500000)
 Metaspace       used 70878K, committed 72448K, reserved 1114112K
  class space    used 7201K, committed 7872K, reserved 1048576K
}
Event: 37.512 GC heap after
{Heap after GC invocations=1154 (full 3):
 PSYoungGen      total 10240K, used 4096K [0x00000000d5580000, 0x00000000d6d80000, 0x0000000100000000)
  eden space 6144K, 0% used [0x00000000d5580000,0x00000000d5580000,0x00000000d5b80000)
  from space 4096K, 100% used [0x00000000d5b80000,0x00000000d5f80000,0x00000000d5f80000)
  to   space 8704K, 0% used [0x00000000d6500000,0x00000000d6500000,0x00000000d6d80000)
 ParOldGen       total 860672K, used 860410K [0x0000000080000000, 0x00000000b4880000, 0x00000000d5580000)
  object space 860672K, 99% used [0x0000000080000000,0x00000000b483ea60,0x00000000b4880000)
 Metaspace       used 70878K, committed 72448K, reserved 1114112K
  class space    used 7201K, committed 7872K, reserved 1048576K
}
Event: 37.528 GC heap before
{Heap before GC invocations=1155 (full 3):
 PSYoungGen      total 10240K, used 10240K [0x00000000d5580000, 0x00000000d6d80000, 0x0000000100000000)
  eden space 6144K, 100% used [0x00000000d5580000,0x00000000d5b80000,0x00000000d5b80000)
  from space 4096K, 100% used [0x00000000d5b80000,0x00000000d5f80000,0x00000000d5f80000)
  to   space 8704K, 0% used [0x00000000d6500000,0x00000000d6500000,0x00000000d6d80000)
 ParOldGen       total 860672K, used 860410K [0x0000000080000000, 0x00000000b4880000, 0x00000000d5580000)
  object space 860672K, 99% used [0x0000000080000000,0x00000000b483ea60,0x00000000b4880000)
 Metaspace       used 70878K, committed 72448K, reserved 1114112K
  class space    used 7201K, committed 7872K, reserved 1048576K
}
Event: 37.534 GC heap after
{Heap after GC invocations=1155 (full 3):
 PSYoungGen      total 12800K, used 4768K [0x00000000d5580000, 0x00000000d6a00000, 0x0000000100000000)
  eden space 7680K, 0% used [0x00000000d5580000,0x00000000d5580000,0x00000000d5d00000)
  from space 5120K, 93% used [0x00000000d6500000,0x00000000d69a8000,0x00000000d6a00000)
  to   space 6144K, 0% used [0x00000000d5e00000,0x00000000d5e00000,0x00000000d6400000)
 ParOldGen       total 864768K, used 864514K [0x0000000080000000, 0x00000000b4c80000, 0x00000000d5580000)
  object space 864768K, 99% used [0x0000000080000000,0x00000000b4c40a60,0x00000000b4c80000)
 Metaspace       used 70878K, committed 72448K, reserved 1114112K
  class space    used 7201K, committed 7872K, reserved 1048576K
}
Event: 37.556 GC heap before
{Heap before GC invocations=1156 (full 3):
 PSYoungGen      total 12800K, used 12448K [0x00000000d5580000, 0x00000000d6a00000, 0x0000000100000000)
  eden space 7680K, 100% used [0x00000000d5580000,0x00000000d5d00000,0x00000000d5d00000)
  from space 5120K, 93% used [0x00000000d6500000,0x00000000d69a8000,0x00000000d6a00000)
  to   space 6144K, 0% used [0x00000000d5e00000,0x00000000d5e00000,0x00000000d6400000)
 ParOldGen       total 864768K, used 864514K [0x0000000080000000, 0x00000000b4c80000, 0x00000000d5580000)
  object space 864768K, 99% used [0x0000000080000000,0x00000000b4c40a60,0x00000000b4c80000)
 Metaspace       used 70878K, committed 72448K, reserved 1114112K
  class space    used 7201K, committed 7872K, reserved 1048576K
}
Event: 37.564 GC heap after
{Heap after GC invocations=1156 (full 3):
 PSYoungGen      total 14848K, used 5952K [0x00000000d5580000, 0x00000000d6b80000, 0x0000000100000000)
  eden space 8704K, 0% used [0x00000000d5580000,0x00000000d5580000,0x00000000d5e00000)
  from space 6144K, 96% used [0x00000000d5e00000,0x00000000d63d0000,0x00000000d6400000)
  to   space 6656K, 0% used [0x00000000d6500000,0x00000000d6500000,0x00000000d6b80000)
 ParOldGen       total 869376K, used 869170K [0x0000000080000000, 0x00000000b5100000, 0x00000000d5580000)
  object space 869376K, 99% used [0x0000000080000000,0x00000000b50cca60,0x00000000b5100000)
 Metaspace       used 70878K, committed 72448K, reserved 1114112K
  class space    used 7201K, committed 7872K, reserved 1048576K
}
Event: 40.880 GC heap before
{Heap before GC invocations=1157 (full 3):
 PSYoungGen      total 14848K, used 14656K [0x00000000d5580000, 0x00000000d6b80000, 0x0000000100000000)
  eden space 8704K, 100% used [0x00000000d5580000,0x00000000d5e00000,0x00000000d5e00000)
  from space 6144K, 96% used [0x00000000d5e00000,0x00000000d63d0000,0x00000000d6400000)
  to   space 6656K, 0% used [0x00000000d6500000,0x00000000d6500000,0x00000000d6b80000)
 ParOldGen       total 869376K, used 869170K [0x0000000080000000, 0x00000000b5100000, 0x00000000d5580000)
  object space 869376K, 99% used [0x0000000080000000,0x00000000b50cca60,0x00000000b5100000)
 Metaspace       used 70893K, committed 72448K, reserved 1114112K
  class space    used 7201K, committed 7872K, reserved 1048576K
}
Event: 40.886 GC heap after
{Heap after GC invocations=1157 (full 3):
 PSYoungGen      total 16384K, used 4672K [0x00000000d5580000, 0x00000000d6b00000, 0x0000000100000000)
  eden space 10240K, 0% used [0x00000000d5580000,0x00000000d5580000,0x00000000d5f80000)
  from space 6144K, 76% used [0x00000000d6500000,0x00000000d6990000,0x00000000d6b00000)
  to   space 5632K, 0% used [0x00000000d5f80000,0x00000000d5f80000,0x00000000d6500000)
 ParOldGen       total 875520K, used 875026K [0x0000000080000000, 0x00000000b5700000, 0x00000000d5580000)
  object space 875520K, 99% used [0x0000000080000000,0x00000000b5684a60,0x00000000b5700000)
 Metaspace       used 70893K, committed 72448K, reserved 1114112K
  class space    used 7201K, committed 7872K, reserved 1048576K
}

Dll operation events (11 events):
Event: 0.014 Loaded shared library c:\Users\Denis\.cursor\extensions\redhat.java-1.44.0-win32-x64\jre\21.0.8-win32-x86_64\bin\java.dll
Event: 0.088 Loaded shared library c:\Users\Denis\.cursor\extensions\redhat.java-1.44.0-win32-x64\jre\21.0.8-win32-x86_64\bin\zip.dll
Event: 0.106 Loaded shared library C:\Users\Denis\.cursor\extensions\redhat.java-1.44.0-win32-x64\jre\21.0.8-win32-x86_64\bin\instrument.dll
Event: 0.112 Loaded shared library C:\Users\Denis\.cursor\extensions\redhat.java-1.44.0-win32-x64\jre\21.0.8-win32-x86_64\bin\net.dll
Event: 0.115 Loaded shared library C:\Users\Denis\.cursor\extensions\redhat.java-1.44.0-win32-x64\jre\21.0.8-win32-x86_64\bin\nio.dll
Event: 0.118 Loaded shared library C:\Users\Denis\.cursor\extensions\redhat.java-1.44.0-win32-x64\jre\21.0.8-win32-x86_64\bin\zip.dll
Event: 0.134 Loaded shared library C:\Users\Denis\.cursor\extensions\redhat.java-1.44.0-win32-x64\jre\21.0.8-win32-x86_64\bin\jimage.dll
Event: 0.206 Loaded shared library c:\Users\Denis\.cursor\extensions\redhat.java-1.44.0-win32-x64\jre\21.0.8-win32-x86_64\bin\verify.dll
Event: 1.473 Loaded shared library C:\Users\Denis\AppData\Roaming\Cursor\User\globalStorage\redhat.java\1.44.0\config_win\org.eclipse.equinox.launcher\org.eclipse.equinox.launcher.win32.win32.x86_64_1.2.1400.v20250730-1736\eclipse_11913.dll
Event: 3.822 Loaded shared library C:\Users\Denis\AppData\Local\Temp\jna-65917399\jna990396465869109471.dll
Event: 37.102 Loaded shared library C:\Users\Denis\.cursor\extensions\redhat.java-1.44.0-win32-x64\jre\21.0.8-win32-x86_64\bin\sunmscapi.dll

Deoptimization events (20 events):
Event: 37.336 Thread 0x000001f78daac200 DEOPT PACKING pc=0x000001f730cdfb9c sp=0x0000007a3eefee70
Event: 37.336 Thread 0x000001f78daac200 DEOPT UNPACKING pc=0x000001f737634242 sp=0x0000007a3eefe378 mode 0
Event: 37.336 Thread 0x000001f78daac200 DEOPT PACKING pc=0x000001f730cdfb9c sp=0x0000007a3eefefc0
Event: 37.336 Thread 0x000001f78daac200 DEOPT UNPACKING pc=0x000001f737634242 sp=0x0000007a3eefe4c0 mode 0
Event: 37.750 Thread 0x000001f78daa9aa0 DEOPT PACKING pc=0x000001f731479669 sp=0x0000007a3e5fe010
Event: 37.751 Thread 0x000001f78daa9aa0 DEOPT UNPACKING pc=0x000001f737634242 sp=0x0000007a3e5fd530 mode 0
Event: 40.886 Thread 0x000001f78e99fa00 Uncommon trap: trap_request=0xffffff45 fr.pc=0x000001f7388275ec relative=0x000000000000022c
Event: 40.886 Thread 0x000001f78e99fa00 Uncommon trap: reason=unstable_if action=reinterpret pc=0x000001f7388275ec method=org.eclipse.jdt.internal.core.LocalVariable.equals(Ljava/lang/Object;)Z @ 66 c2
Event: 40.886 Thread 0x000001f78e99fa00 DEOPT PACKING pc=0x000001f7388275ec sp=0x0000007a3c1fe080
Event: 40.886 Thread 0x000001f78e99fa00 DEOPT UNPACKING pc=0x000001f737633aa2 sp=0x0000007a3c1fe018 mode 2
Event: 43.690 Thread 0x000001f78e99fa00 DEOPT PACKING pc=0x000001f730d7065e sp=0x0000007a3c1fe390
Event: 43.690 Thread 0x000001f78e99fa00 DEOPT UNPACKING pc=0x000001f737634242 sp=0x0000007a3c1fd898 mode 0
Event: 43.690 Thread 0x000001f78e99fa00 Uncommon trap: trap_request=0xffffff45 fr.pc=0x000001f738822b80 relative=0x0000000000002500
Event: 43.690 Thread 0x000001f78e99fa00 Uncommon trap: reason=unstable_if action=reinterpret pc=0x000001f738822b80 method=java.lang.AbstractStringBuilder.appendChars([CII)V @ 10 c2
Event: 43.690 Thread 0x000001f78e99fa00 DEOPT PACKING pc=0x000001f738822b80 sp=0x0000007a3c1fe520
Event: 43.690 Thread 0x000001f78e99fa00 DEOPT UNPACKING pc=0x000001f737633aa2 sp=0x0000007a3c1fe270 mode 2
Event: 43.690 Thread 0x000001f78e99fa00 Uncommon trap: trap_request=0xffffff45 fr.pc=0x000001f737f19b34 relative=0x00000000000002f4
Event: 43.690 Thread 0x000001f78e99fa00 Uncommon trap: reason=unstable_if action=reinterpret pc=0x000001f737f19b34 method=java.lang.AbstractStringBuilder.appendChars([CII)V @ 10 c2
Event: 43.690 Thread 0x000001f78e99fa00 DEOPT PACKING pc=0x000001f737f19b34 sp=0x0000007a3c1fe2f0
Event: 43.690 Thread 0x000001f78e99fa00 DEOPT UNPACKING pc=0x000001f737633aa2 sp=0x0000007a3c1fe268 mode 2

Classes loaded (20 events):
Event: 37.165 Loading class com/sun/crypto/provider/SymmetricCipher done
Event: 37.165 Loading class com/sun/crypto/provider/AESCrypt done
Event: 37.165 Loading class com/sun/crypto/provider/ElectronicCodeBook
Event: 37.165 Loading class com/sun/crypto/provider/FeedbackCipher
Event: 37.165 Loading class com/sun/crypto/provider/FeedbackCipher done
Event: 37.165 Loading class com/sun/crypto/provider/ElectronicCodeBook done
Event: 37.165 Loading class com/sun/crypto/provider/PKCS5Padding
Event: 37.166 Loading class com/sun/crypto/provider/Padding
Event: 37.166 Loading class com/sun/crypto/provider/Padding done
Event: 37.166 Loading class com/sun/crypto/provider/PKCS5Padding done
Event: 37.166 Loading class com/sun/crypto/provider/CipherBlockChaining
Event: 37.166 Loading class com/sun/crypto/provider/CipherBlockChaining done
Event: 37.166 Loading class javax/crypto/NullCipher
Event: 37.166 Loading class javax/crypto/NullCipher done
Event: 37.166 Loading class sun/security/util/ArrayUtil
Event: 37.167 Loading class sun/security/util/ArrayUtil done
Event: 37.219 Loading class java/util/zip/CheckedInputStream
Event: 37.220 Loading class java/util/zip/CheckedInputStream done
Event: 37.292 Loading class java/util/zip/GZIPInputStream$1
Event: 37.292 Loading class java/util/zip/GZIPInputStream$1 done

Classes unloaded (7 events):
Event: 4.750 Thread 0x000001f72cf67020 Unloading class 0x000001f7451a7000 'java/lang/invoke/LambdaForm$MH+0x000001f7451a7000'
Event: 4.750 Thread 0x000001f72cf67020 Unloading class 0x000001f7451a6c00 'java/lang/invoke/LambdaForm$MH+0x000001f7451a6c00'
Event: 4.750 Thread 0x000001f72cf67020 Unloading class 0x000001f7451a6800 'java/lang/invoke/LambdaForm$MH+0x000001f7451a6800'
Event: 4.750 Thread 0x000001f72cf67020 Unloading class 0x000001f7451a6400 'java/lang/invoke/LambdaForm$MH+0x000001f7451a6400'
Event: 4.750 Thread 0x000001f72cf67020 Unloading class 0x000001f7451a6000 'java/lang/invoke/LambdaForm$BMH+0x000001f7451a6000'
Event: 4.750 Thread 0x000001f72cf67020 Unloading class 0x000001f7451a5c00 'java/lang/invoke/LambdaForm$DMH+0x000001f7451a5c00'
Event: 4.750 Thread 0x000001f72cf67020 Unloading class 0x000001f7451a4800 'java/lang/invoke/LambdaForm$DMH+0x000001f7451a4800'

Classes redefined (0 events):
No events

Internal exceptions (20 events):
Event: 33.143 Thread 0x000001f78c2d9c90 Exception <a 'sun/nio/fs/WindowsException'{0x00000000d575e248}> (0x00000000d575e248) 
thrown [s\src\hotspot\share\prims\jni.cpp, line 520]
Event: 33.170 Thread 0x000001f78c2d9c90 Exception <a 'sun/nio/fs/WindowsException'{0x00000000d583b1d8}> (0x00000000d583b1d8) 
thrown [s\src\hotspot\share\prims\jni.cpp, line 520]
Event: 33.290 Thread 0x000001f78c2d9c90 Exception <a 'sun/nio/fs/WindowsException'{0x00000000d5a4a1c8}> (0x00000000d5a4a1c8) 
thrown [s\src\hotspot\share\prims\jni.cpp, line 520]
Event: 33.343 Thread 0x000001f78c2d9c90 Exception <a 'sun/nio/fs/WindowsException'{0x00000000d5a063f0}> (0x00000000d5a063f0) 
thrown [s\src\hotspot\share\prims\jni.cpp, line 520]
Event: 33.396 Thread 0x000001f78c2d9c90 Exception <a 'sun/nio/fs/WindowsException'{0x00000000d5807600}> (0x00000000d5807600) 
thrown [s\src\hotspot\share\prims\jni.cpp, line 520]
Event: 33.475 Thread 0x000001f78c2d9c90 Exception <a 'sun/nio/fs/WindowsException'{0x00000000d5725d38}> (0x00000000d5725d38) 
thrown [s\src\hotspot\share\prims\jni.cpp, line 520]
Event: 33.514 Thread 0x000001f78c2d9c90 Exception <a 'sun/nio/fs/WindowsException'{0x00000000d59f6e40}> (0x00000000d59f6e40) 
thrown [s\src\hotspot\share\prims\jni.cpp, line 520]
Event: 36.654 Thread 0x000001f78c2d9c90 Implicit null exception at 0x000001f737fed7e2 to 0x000001f737fefef0
Event: 36.959 Thread 0x000001f78e99fa00 Exception <a 'java/lang/IncompatibleClassChangeError'{0x00000000d564e3b8}: Found class java.lang.Object, but interface was expected> (0x00000000d564e3b8) 
thrown [s\src\hotspot\share\interpreter\linkResolver.cpp, line 840]
Event: 36.963 Thread 0x000001f78daaa7c0 Implicit null exception at 0x000001f737d32206 to 0x000001f737d322fc
Event: 37.029 Thread 0x000001f798265cd0 Exception <a 'java/lang/ArrayIndexOutOfBoundsException'{0x00000000d5583660}> (0x00000000d5583660) 
thrown [s\src\hotspot\share\runtime\sharedRuntime.cpp, line 625]
Event: 37.143 Thread 0x000001f78daac200 Exception <a 'sun/nio/fs/WindowsException'{0x00000000d5673140}> (0x00000000d5673140) 
thrown [s\src\hotspot\share\prims\jni.cpp, line 520]
Event: 37.293 Thread 0x000001f78daa9aa0 Exception <a 'sun/nio/fs/WindowsException'{0x00000000d59ac188}> (0x00000000d59ac188) 
thrown [s\src\hotspot\share\prims\jni.cpp, line 520]
Event: 37.293 Thread 0x000001f78daa9aa0 Exception <a 'sun/nio/fs/WindowsException'{0x00000000d59accb8}> (0x00000000d59accb8) 
thrown [s\src\hotspot\share\prims\jni.cpp, line 520]
Event: 37.294 Thread 0x000001f78daa9aa0 Exception <a 'sun/nio/fs/WindowsException'{0x00000000d59adc68}> (0x00000000d59adc68) 
thrown [s\src\hotspot\share\prims\jni.cpp, line 520]
Event: 37.294 Thread 0x000001f78daa9aa0 Exception <a 'sun/nio/fs/WindowsException'{0x00000000d59ae7a8}> (0x00000000d59ae7a8) 
thrown [s\src\hotspot\share\prims\jni.cpp, line 520]
Event: 37.294 Thread 0x000001f78daa9aa0 Exception <a 'sun/nio/fs/WindowsException'{0x00000000d59b03d8}> (0x00000000d59b03d8) 
thrown [s\src\hotspot\share\prims\jni.cpp, line 520]
Event: 37.295 Thread 0x000001f78daa9aa0 Exception <a 'sun/nio/fs/WindowsException'{0x00000000d59b0f28}> (0x00000000d59b0f28) 
thrown [s\src\hotspot\share\prims\jni.cpp, line 520]
Event: 37.298 Thread 0x000001f78daa9aa0 Exception <a 'sun/nio/fs/WindowsException'{0x00000000d59d09f8}> (0x00000000d59d09f8) 
thrown [s\src\hotspot\share\prims\jni.cpp, line 520]
Event: 37.298 Thread 0x000001f78daa9aa0 Exception <a 'sun/nio/fs/WindowsException'{0x00000000d59d12d8}> (0x00000000d59d12d8) 
thrown [s\src\hotspot\share\prims\jni.cpp, line 520]

ZGC Phase Switch (0 events):
No events

VM Operations (20 events):
Event: 37.454 Executing VM operation: ParallelGCFailedAllocation (Allocation Failure)
Event: 37.460 Executing VM operation: ParallelGCFailedAllocation (Allocation Failure) done
Event: 37.472 Executing VM operation: ParallelGCFailedAllocation (Allocation Failure)
Event: 37.477 Executing VM operation: ParallelGCFailedAllocation (Allocation Failure) done
Event: 37.491 Executing VM operation: ParallelGCFailedAllocation (Allocation Failure)
Event: 37.496 Executing VM operation: ParallelGCFailedAllocation (Allocation Failure) done
Event: 37.506 Executing VM operation: ParallelGCFailedAllocation (Allocation Failure)
Event: 37.512 Executing VM operation: ParallelGCFailedAllocation (Allocation Failure) done
Event: 37.528 Executing VM operation: ParallelGCFailedAllocation (Allocation Failure)
Event: 37.534 Executing VM operation: ParallelGCFailedAllocation (Allocation Failure) done
Event: 37.556 Executing VM operation: ParallelGCFailedAllocation (Allocation Failure)
Event: 37.564 Executing VM operation: ParallelGCFailedAllocation (Allocation Failure) done
Event: 38.565 Executing VM operation: Cleanup
Event: 38.565 Executing VM operation: Cleanup done
Event: 40.880 Executing VM operation: ParallelGCFailedAllocation (Allocation Failure)
Event: 40.886 Executing VM operation: ParallelGCFailedAllocation (Allocation Failure) done
Event: 41.886 Executing VM operation: Cleanup
Event: 41.886 Executing VM operation: Cleanup done
Event: 43.902 Executing VM operation: Cleanup
Event: 43.902 Executing VM operation: Cleanup done

Memory protections (0 events):
No events

Nmethod flushes (20 events):
Event: 14.736 Thread 0x000001f72cf67020 flushing osr nmethod 0x000001f7308e8890
Event: 14.736 Thread 0x000001f72cf67020 flushing osr nmethod 0x000001f7308ea590
Event: 14.736 Thread 0x000001f72cf67020 flushing osr nmethod 0x000001f730923410
Event: 14.736 Thread 0x000001f72cf67020 flushing  nmethod 0x000001f73092ad90
Event: 14.736 Thread 0x000001f72cf67020 flushing  nmethod 0x000001f730947590
Event: 14.736 Thread 0x000001f72cf67020 flushing  nmethod 0x000001f73094aa90
Event: 14.736 Thread 0x000001f72cf67020 flushing  nmethod 0x000001f73094b410
Event: 14.736 Thread 0x000001f72cf67020 flushing  nmethod 0x000001f730956b10
Event: 14.736 Thread 0x000001f72cf67020 flushing  nmethod 0x000001f73095e110
Event: 14.736 Thread 0x000001f72cf67020 flushing  nmethod 0x000001f730962690
Event: 14.736 Thread 0x000001f72cf67020 flushing  nmethod 0x000001f730964a10
Event: 14.736 Thread 0x000001f72cf67020 flushing  nmethod 0x000001f730965e10
Event: 14.736 Thread 0x000001f72cf67020 flushing  nmethod 0x000001f730966410
Event: 14.736 Thread 0x000001f72cf67020 flushing  nmethod 0x000001f730966c90
Event: 14.736 Thread 0x000001f72cf67020 flushing  nmethod 0x000001f730967710
Event: 14.736 Thread 0x000001f72cf67020 flushing  nmethod 0x000001f730969510
Event: 14.736 Thread 0x000001f72cf67020 flushing  nmethod 0x000001f73097a090
Event: 14.736 Thread 0x000001f72cf67020 flushing  nmethod 0x000001f73097e810
Event: 14.736 Thread 0x000001f72cf67020 flushing  nmethod 0x000001f730994510
Event: 14.736 Thread 0x000001f72cf67020 flushing  nmethod 0x000001f730a23e90

Events (20 events):
Event: 27.701 Thread 0x000001f798267710 Thread exited: 0x000001f798267710
Event: 31.246 Thread 0x000001f785bfe9d0 Thread added: 0x000001f78d5a3d00
Event: 31.272 Thread 0x000001f785bfaee0 Thread added: 0x000001f78d5a43d0
Event: 31.475 Thread 0x000001f78d5a43d0 Thread exited: 0x000001f78d5a43d0
Event: 31.867 Thread 0x000001f78d5a3d00 Thread exited: 0x000001f78d5a3d00
Event: 36.711 Thread 0x000001f785bfe9d0 Thread added: 0x000001f78d5a3d00
Event: 36.711 Thread 0x000001f785bfe9d0 Thread added: 0x000001f78d5a3630
Event: 36.943 Thread 0x000001f78c2d8f70 Thread added: 0x000001f78daa9aa0
Event: 36.946 Thread 0x000001f78daaae50 Thread added: 0x000001f78daa9410
Event: 36.946 Thread 0x000001f78e99fa00 Thread added: 0x000001f78daaa130
Event: 36.947 Thread 0x000001f78daa9aa0 Thread added: 0x000001f78daab4e0
Event: 36.947 Thread 0x000001f78daa9410 Thread added: 0x000001f78daabb70
Event: 36.948 Thread 0x000001f78daabb70 Thread added: 0x000001f78daaa7c0
Event: 36.948 Thread 0x000001f78daab4e0 Thread added: 0x000001f78daa86f0
Event: 37.037 Thread 0x000001f78daab4e0 Thread added: 0x000001f78daac200
Event: 37.579 Thread 0x000001f78daac200 Thread exited: 0x000001f78daac200
Event: 40.870 Thread 0x000001f78d5a3630 Thread exited: 0x000001f78d5a3630
Event: 40.870 Thread 0x000001f78d5a3d00 Thread exited: 0x000001f78d5a3d00
Event: 43.704 Thread 0x000001f785bfe9d0 Thread added: 0x000001f78d5a5f10
Event: 43.717 Thread 0x000001f785bfe9d0 Thread added: 0x000001f78d5a2890


Dynamic libraries:
0x00007ff794330000 - 0x00007ff79433e000 	c:\Users\Denis\.cursor\extensions\redhat.java-1.44.0-win32-x64\jre\21.0.8-win32-x86_64\bin\java.exe
0x00007ffb8ede0000 - 0x00007ffb8f049000 	C:\WINDOWS\SYSTEM32\ntdll.dll
0x00007ffb8d7e0000 - 0x00007ffb8d8a9000 	C:\WINDOWS\System32\KERNEL32.DLL
0x00007ffb8c010000 - 0x00007ffb8c403000 	C:\WINDOWS\System32\KERNELBASE.dll
0x00007ffb88b30000 - 0x00007ffb88bce000 	C:\WINDOWS\SYSTEM32\apphelp.dll
0x00007ffb8c4a0000 - 0x00007ffb8c5eb000 	C:\WINDOWS\System32\ucrtbase.dll
0x00007ffb67860000 - 0x00007ffb6787e000 	c:\Users\Denis\.cursor\extensions\redhat.java-1.44.0-win32-x64\jre\21.0.8-win32-x86_64\bin\VCRUNTIME140.dll
0x00007ffb72b60000 - 0x00007ffb72b78000 	c:\Users\Denis\.cursor\extensions\redhat.java-1.44.0-win32-x64\jre\21.0.8-win32-x86_64\bin\jli.dll
0x00007ffb8ebd0000 - 0x00007ffb8ed94000 	C:\WINDOWS\System32\USER32.dll
0x00007ffb8ca00000 - 0x00007ffb8ca27000 	C:\WINDOWS\System32\win32u.dll
0x00007ffb8d390000 - 0x00007ffb8d3bb000 	C:\WINDOWS\System32\GDI32.dll
0x00007ffb70320000 - 0x00007ffb705b3000 	C:\WINDOWS\WinSxS\amd64_microsoft.windows.common-controls_6595b64144ccf1df_6.0.26100.5074_none_3e0d6f78e32fd63f\COMCTL32.dll
0x00007ffb8c5f0000 - 0x00007ffb8c71d000 	C:\WINDOWS\System32\gdi32full.dll
0x00007ffb8c7e0000 - 0x00007ffb8c883000 	C:\WINDOWS\System32\msvcp_win.dll
0x00007ffb8cbb0000 - 0x00007ffb8cc59000 	C:\WINDOWS\System32\msvcrt.dll
0x00007ffb8ccc0000 - 0x00007ffb8ccef000 	C:\WINDOWS\System32\IMM32.DLL
0x00007ffb72b50000 - 0x00007ffb72b5c000 	c:\Users\Denis\.cursor\extensions\redhat.java-1.44.0-win32-x64\jre\21.0.8-win32-x86_64\bin\vcruntime140_1.dll
0x00007ffb007a0000 - 0x00007ffb0082d000 	c:\Users\Denis\.cursor\extensions\redhat.java-1.44.0-win32-x64\jre\21.0.8-win32-x86_64\bin\msvcp140.dll
0x00007ffaab5f0000 - 0x00007ffaac387000 	c:\Users\Denis\.cursor\extensions\redhat.java-1.44.0-win32-x64\jre\21.0.8-win32-x86_64\bin\server\jvm.dll
0x00007ffb8e300000 - 0x00007ffb8e3b4000 	C:\WINDOWS\System32\ADVAPI32.dll
0x00007ffb8d520000 - 0x00007ffb8d5c6000 	C:\WINDOWS\System32\sechost.dll
0x00007ffb8e4d0000 - 0x00007ffb8e5e8000 	C:\WINDOWS\System32\RPCRT4.dll
0x00007ffb8e450000 - 0x00007ffb8e4c4000 	C:\WINDOWS\System32\WS2_32.dll
0x00007ffb8bdd0000 - 0x00007ffb8be2e000 	C:\WINDOWS\SYSTEM32\POWRPROF.dll
0x00007ffb78420000 - 0x00007ffb7842b000 	C:\WINDOWS\SYSTEM32\VERSION.dll
0x00007ffb80850000 - 0x00007ffb80885000 	C:\WINDOWS\SYSTEM32\WINMM.dll
0x00007ffb8bdb0000 - 0x00007ffb8bdc4000 	C:\WINDOWS\SYSTEM32\UMPDC.dll
0x00007ffb8ad50000 - 0x00007ffb8ad6b000 	C:\WINDOWS\SYSTEM32\kernel.appcore.dll
0x00007ffb67850000 - 0x00007ffb6785a000 	c:\Users\Denis\.cursor\extensions\redhat.java-1.44.0-win32-x64\jre\21.0.8-win32-x86_64\bin\jimage.dll
0x00007ffb895d0000 - 0x00007ffb89812000 	C:\WINDOWS\SYSTEM32\DBGHELP.DLL
0x00007ffb8e670000 - 0x00007ffb8e9eb000 	C:\WINDOWS\System32\combase.dll
0x00007ffb8e9f0000 - 0x00007ffb8eac7000 	C:\WINDOWS\System32\OLEAUT32.dll
0x00007ffb67a60000 - 0x00007ffb67a9d000 	C:\WINDOWS\SYSTEM32\dbgcore.DLL
0x00007ffb8bf70000 - 0x00007ffb8c009000 	C:\WINDOWS\System32\bcryptPrimitives.dll
0x00007ffb66f50000 - 0x00007ffb66f5f000 	c:\Users\Denis\.cursor\extensions\redhat.java-1.44.0-win32-x64\jre\21.0.8-win32-x86_64\bin\instrument.dll
0x00007ffb66dd0000 - 0x00007ffb66def000 	c:\Users\Denis\.cursor\extensions\redhat.java-1.44.0-win32-x64\jre\21.0.8-win32-x86_64\bin\java.dll
0x00007ffb8dbb0000 - 0x00007ffb8e2fd000 	C:\WINDOWS\System32\SHELL32.dll
0x00007ffb8c890000 - 0x00007ffb8c9fc000 	C:\WINDOWS\System32\wintypes.dll
0x00007ffb89ba0000 - 0x00007ffb8a3f9000 	C:\WINDOWS\SYSTEM32\windows.storage.dll
0x00007ffb8dab0000 - 0x00007ffb8dba0000 	C:\WINDOWS\System32\SHCORE.dll
0x00007ffb8da40000 - 0x00007ffb8daa2000 	C:\WINDOWS\System32\shlwapi.dll
0x00007ffb8be90000 - 0x00007ffb8beb9000 	C:\WINDOWS\SYSTEM32\profapi.dll
0x00007ffb53180000 - 0x00007ffb53198000 	c:\Users\Denis\.cursor\extensions\redhat.java-1.44.0-win32-x64\jre\21.0.8-win32-x86_64\bin\zip.dll
0x00007ffb642d0000 - 0x00007ffb642e0000 	C:\Users\Denis\.cursor\extensions\redhat.java-1.44.0-win32-x64\jre\21.0.8-win32-x86_64\bin\net.dll
0x00007ffb85b30000 - 0x00007ffb85c4f000 	C:\WINDOWS\SYSTEM32\WINHTTP.dll
0x00007ffb8b2d0000 - 0x00007ffb8b33b000 	C:\WINDOWS\system32\mswsock.dll
0x00007ffb52310000 - 0x00007ffb52326000 	C:\Users\Denis\.cursor\extensions\redhat.java-1.44.0-win32-x64\jre\21.0.8-win32-x86_64\bin\nio.dll
0x00007ffb55d20000 - 0x00007ffb55d30000 	c:\Users\Denis\.cursor\extensions\redhat.java-1.44.0-win32-x64\jre\21.0.8-win32-x86_64\bin\verify.dll
0x00007ffb27b50000 - 0x00007ffb27b95000 	C:\Users\Denis\AppData\Roaming\Cursor\User\globalStorage\redhat.java\1.44.0\config_win\org.eclipse.equinox.launcher\org.eclipse.equinox.launcher.win32.win32.x86_64_1.2.1400.v20250730-1736\eclipse_11913.dll
0x00007ffb8d640000 - 0x00007ffb8d7d8000 	C:\WINDOWS\System32\ole32.dll
0x00007ffb8b570000 - 0x00007ffb8b58b000 	C:\WINDOWS\SYSTEM32\CRYPTSP.dll
0x00007ffb8acb0000 - 0x00007ffb8aceb000 	C:\WINDOWS\system32\rsaenh.dll
0x00007ffb8b370000 - 0x00007ffb8b39b000 	C:\WINDOWS\SYSTEM32\USERENV.dll
0x00007ffb8be60000 - 0x00007ffb8be86000 	C:\WINDOWS\SYSTEM32\bcrypt.dll
0x00007ffb8b590000 - 0x00007ffb8b59c000 	C:\WINDOWS\SYSTEM32\CRYPTBASE.dll
0x00007ffb8a7d0000 - 0x00007ffb8a804000 	C:\WINDOWS\SYSTEM32\IPHLPAPI.DLL
0x00007ffb8d190000 - 0x00007ffb8d19a000 	C:\WINDOWS\System32\NSI.dll
0x00007ffb1bc00000 - 0x00007ffb1bc49000 	C:\Users\Denis\AppData\Local\Temp\jna-65917399\jna990396465869109471.dll
0x00007ffb8d1a0000 - 0x00007ffb8d1a8000 	C:\WINDOWS\System32\PSAPI.DLL
0x00007ffb85fd0000 - 0x00007ffb85fee000 	C:\WINDOWS\SYSTEM32\dhcpcsvc6.DLL
0x00007ffb85fa0000 - 0x00007ffb85fc3000 	C:\WINDOWS\SYSTEM32\dhcpcsvc.DLL
0x00007ffb53d60000 - 0x00007ffb53d6e000 	C:\Users\Denis\.cursor\extensions\redhat.java-1.44.0-win32-x64\jre\21.0.8-win32-x86_64\bin\sunmscapi.dll
0x00007ffb8ca30000 - 0x00007ffb8cba7000 	C:\WINDOWS\System32\CRYPT32.dll
0x00007ffb8b790000 - 0x00007ffb8b7c0000 	C:\WINDOWS\SYSTEM32\ncrypt.dll
0x00007ffb8b740000 - 0x00007ffb8b77f000 	C:\WINDOWS\SYSTEM32\NTASN1.dll

JVMTI agents:
c:\Users\Denis\.cursor\extensions\redhat.java-1.44.0-win32-x64\lombok\lombok-1.18.39-4050.jar path:c:\Users\Denis\.cursor\extensions\redhat.java-1.44.0-win32-x64\jre\21.0.8-win32-x86_64\bin\instrument.dll, loaded, initialized, instrumentlib options:none

dbghelp: loaded successfully - version: 4.0.5 - missing functions: none
symbol engine: initialized successfully - sym options: 0x614 - pdb path: .;c:\Users\Denis\.cursor\extensions\redhat.java-1.44.0-win32-x64\jre\21.0.8-win32-x86_64\bin;C:\WINDOWS\SYSTEM32;C:\WINDOWS\WinSxS\amd64_microsoft.windows.common-controls_6595b64144ccf1df_6.0.26100.5074_none_3e0d6f78e32fd63f;c:\Users\Denis\.cursor\extensions\redhat.java-1.44.0-win32-x64\jre\21.0.8-win32-x86_64\bin\server;C:\Users\Denis\AppData\Roaming\Cursor\User\globalStorage\redhat.java\1.44.0\config_win\org.eclipse.equinox.launcher\org.eclipse.equinox.launcher.win32.win32.x86_64_1.2.1400.v20250730-1736;C:\Users\Denis\AppData\Local\Temp\jna-65917399

VM Arguments:
jvm_args: --add-modules=ALL-SYSTEM --add-opens=java.base/java.util=ALL-UNNAMED --add-opens=java.base/java.lang=ALL-UNNAMED --add-opens=java.base/sun.nio.fs=ALL-UNNAMED -Declipse.application=org.eclipse.jdt.ls.core.id1 -Dosgi.bundles.defaultStartLevel=4 -Declipse.product=org.eclipse.jdt.ls.core.product -Djava.import.generatesMetadataFilesAtProjectRoot=false -DDetectVMInstallationsJob.disabled=true -Dfile.encoding=utf8 -XX:+UseParallelGC -XX:GCTimeRatio=4 -XX:AdaptiveSizePolicyWeight=90 -Dsun.zip.disableMemoryMapping=true -Xmx2G -Xms100m -Xlog:disable -javaagent:c:\Users\Denis\.cursor\extensions\redhat.java-1.44.0-win32-x64\lombok\lombok-1.18.39-4050.jar -XX:+HeapDumpOnOutOfMemoryError -XX:HeapDumpPath=c:\Users\Denis\AppData\Roaming\Cursor\User\workspaceStorage\eac8c8f2a15cc92b421c1f9780fee2c9\redhat.java -Daether.dependencyCollector.impl=bf 
java_command: c:\Users\Denis\.cursor\extensions\redhat.java-1.44.0-win32-x64\server\plugins\org.eclipse.equinox.launcher_1.7.0.v20250519-0528.jar -configuration c:\Users\Denis\AppData\Roaming\Cursor\User\globalStorage\redhat.java\1.44.0\config_win -data c:\Users\Denis\AppData\Roaming\Cursor\User\workspaceStorage\eac8c8f2a15cc92b421c1f9780fee2c9\redhat.java\jdt_ws --pipe=\\.\pipe\lsp-9ef28649db559cae5daea92e0a08b826-sock
java_class_path (initial): c:\Users\Denis\.cursor\extensions\redhat.java-1.44.0-win32-x64\server\plugins\org.eclipse.equinox.launcher_1.7.0.v20250519-0528.jar
Launcher Type: SUN_STANDARD

[Global flags]
    uintx AdaptiveSizePolicyWeight                 = 90                                        {product} {command line}
     intx CICompilerCount                          = 4                                         {product} {ergonomic}
    uintx GCTimeRatio                              = 4                                         {product} {command line}
     bool HeapDumpOnOutOfMemoryError               = true                                   {manageable} {command line}
    ccstr HeapDumpPath                             = c:\Users\Denis\AppData\Roaming\Cursor\User\workspaceStorage\eac8c8f2a15cc92b421c1f9780fee2c9\redhat.java         {manageable} {command line}
   size_t InitialHeapSize                          = 104857600                                 {product} {command line}
   size_t MaxHeapSize                              = 2147483648                                {product} {command line}
   size_t MaxNewSize                               = 715653120                                 {product} {ergonomic}
   size_t MinHeapDeltaBytes                        = 524288                                    {product} {ergonomic}
   size_t MinHeapSize                              = 104857600                                 {product} {command line}
   size_t NewSize                                  = 34603008                                  {product} {ergonomic}
    uintx NonNMethodCodeHeapSize                   = 5839372                                {pd product} {ergonomic}
    uintx NonProfiledCodeHeapSize                  = 122909434                              {pd product} {ergonomic}
   size_t OldSize                                  = 70254592                                  {product} {ergonomic}
    uintx ProfiledCodeHeapSize                     = 122909434                              {pd product} {ergonomic}
    uintx ReservedCodeCacheSize                    = 251658240                              {pd product} {ergonomic}
     bool SegmentedCodeCache                       = true                                      {product} {ergonomic}
   size_t SoftMaxHeapSize                          = 2147483648                             {manageable} {ergonomic}
     bool UseCompressedOops                        = true                           {product lp64_product} {ergonomic}
     bool UseLargePagesIndividualAllocation        = false                                  {pd product} {ergonomic}
     bool UseParallelGC                            = true                                      {product} {command line}

Logging:
Log output configuration:
 #0: stdout all=off uptime,level,tags foldmultilines=false
 #1: stderr all=off uptime,level,tags foldmultilines=false

Environment Variables:
JAVA_HOME=C:\Program Files\Java\jdk-21
PATH=C:\Program Files\Common Files\Oracle\Java\javapath;C:\WINDOWS\system32;C:\WINDOWS;C:\WINDOWS\System32\Wbem;C:\WINDOWS\System32\WindowsPowerShell\v1.0\;C:\WINDOWS\System32\OpenSSH\;C:\Program Files\Git\cmd;C:\ProgramData\chocolatey\bin;C:\Program Files\nodejs\;D:\Matlab\runtime\win64;D:\Matlab\bin;C:\Program Files\dotnet\;C:\apache-maven-3.9.9\bin;C:\Program Files\Git LFS;C:\Users\Denis\AppData\Local\Microsoft\WindowsApps;C:\Users\Denis\AppData\Local\Programs\Microsoft VS Code\bin;C:\Users\Denis\AppData\Roaming\npm;C:\Users\Denis\.dotnet\tools;D:\flutter\flutter\bin;C:\src\flutter\bin;C:\Users\Denis\AppData\Local\Programs\Microsoft VS Code Insiders\bin;C:\Users\Denis\AppData\Local\Pub\Cache\bin;C:\Users\Denis\AppData\Local\Pub\Cache\bin;C:\Users\Denis\AppData\Local\Programs\Python\Python38;C:\Users\Denis\AppData\Local\Programs\Python\Python38\Scripts;C:\composer;C:\Program Files\Java\jdk-21\bin;C:\Program Files\Java\jdk-17\bin;;C:\Program Files\Docker\Docker\resources\bin;C:\Users\Denis\.config\herd-lite\bin;C:\Program Files\bin\;C:\WINDOWS\system32;C:\WINDOWS;C:\WINDOWS\System32\Wbem;C:\WINDOWS\System32\WindowsPowerShell\v1.0\;C:\WINDOWS\System32\OpenSSH\;C:\Program Files\Git\cmd;C:\ProgramData\chocolatey\bin;C:\Program Files\nodejs\;C:\Program Files\Docker\Docker\resources\bin;D:\Matlab\runtime\win64;D:\Matlab\bin;C:\Program Files\dotnet\;C:\Program Files\Microsoft SQL Server\150\Tools\Binn\;C:\apache-maven-3.9.9\bin;C:\Program Files\Git LFS;C:\Users\Denis\AppData\Local\Programs\Python\Python310\Scripts\;C:\Users\Denis\AppData\Local\Programs\Python\Python310\;C:\Users\Denis\AppData\Local\Microsoft\WindowsApps;C:\Users\Denis\AppData\Local\Programs\Microsoft VS Code\bin;C:\Users\Denis\AppData\Roaming\npm;C:\Users\Denis\.dotnet\tools;D:\flutter\flutter\bin;C:\src\flutter\bin;C:\;C:\Users\Denis\AppData\Roaming\Composer\vendor\bin;C:\Users\Denis\AppData\Local\Programs\cursor\resources\app\bin
USERNAME=Denis
OS=Windows_NT
PROCESSOR_IDENTIFIER=Intel64 Family 6 Model 154 Stepping 4, GenuineIntel
TMP=C:\Users\Denis\AppData\Local\Temp
TEMP=C:\Users\Denis\AppData\Local\Temp




Periodic native trim disabled

---------------  S Y S T E M  ---------------

OS:
 Windows 11 , 64 bit Build 26100 (10.0.26100.5074)
OS uptime: 0 days 11:36 hours
Hyper-V role detected

CPU: total 12 (initial active 12) (6 cores per cpu, 2 threads per core) family 6 model 154 stepping 4 microcode 0x435, cx8, cmov, fxsr, ht, mmx, 3dnowpref, sse, sse2, sse3, ssse3, sse4.1, sse4.2, popcnt, lzcnt, tsc, tscinvbit, avx, avx2, aes, erms, clmul, bmi1, bmi2, adx, sha, fma, vzeroupper, clflush, clflushopt, clwb, hv, serialize, rdtscp, rdpid, fsrm, f16c, cet_ibt, cet_ss
Processor Information for processor 0
  Max Mhz: 1700, Current Mhz: 1700, Mhz Limit: 1700
Processor Information for processor 1
  Max Mhz: 1700, Current Mhz: 1700, Mhz Limit: 1700
Processor Information for processor 2
  Max Mhz: 1700, Current Mhz: 1700, Mhz Limit: 1700
Processor Information for processor 3
  Max Mhz: 1700, Current Mhz: 1700, Mhz Limit: 1700
Processor Information for processor 4
  Max Mhz: 1200, Current Mhz: 1200, Mhz Limit: 1200
Processor Information for processor 5
  Max Mhz: 1200, Current Mhz: 1200, Mhz Limit: 1200
Processor Information for processor 6
  Max Mhz: 1200, Current Mhz: 1200, Mhz Limit: 1200
Processor Information for processor 7
  Max Mhz: 1200, Current Mhz: 1200, Mhz Limit: 1200
Processor Information for processor 8
  Max Mhz: 1200, Current Mhz: 1200, Mhz Limit: 1200
Processor Information for processor 9
  Max Mhz: 1200, Current Mhz: 1200, Mhz Limit: 1200
Processor Information for processor 10
  Max Mhz: 1200, Current Mhz: 1200, Mhz Limit: 1200
Processor Information for processor 11
  Max Mhz: 1200, Current Mhz: 1200, Mhz Limit: 1200

Memory: 4k page, system-wide physical 16108M (1072M free)
TotalPageFile size 32592M (AvailPageFile size 47M)
current process WorkingSet (physical memory assigned to process): 1265M, peak: 1274M
current process commit charge ("private bytes"): 1212M, peak: 1219M

vm_info: OpenJDK 64-Bit Server VM (21.0.8+9-LTS) for windows-amd64 JRE (21.0.8+9-LTS), built on 2025-07-15T00:00:00Z by "admin" with MS VC++ 17.7 (VS2022)

END.
